parameter:seed-1286-time-20200518-160024-expt_id-984145-lr-0.0001-epsilon-0.05-w_reg-10.0-l2_reg-0
Test accuracy for step 250: 0.5610834956169128

Test GAP RMS for gender and step 250: 0.18274462223052979

Test GAP RMS for race and step 250: 0.06358590722084045

Test balanced accuracy for step 250: 0.45816558599472046


Test accuracy for step 500: 0.8134881258010864

Test GAP RMS for gender and step 500: 0.25297755002975464

Test GAP RMS for race and step 500: 0.05834274739027023

Test balanced accuracy for step 500: 0.7849566340446472


Test accuracy for step 750: 0.805196225643158

Test GAP RMS for gender and step 750: 0.18527811765670776

Test GAP RMS for race and step 750: 0.05783677473664284

Test balanced accuracy for step 750: 0.8118905425071716


Test accuracy for step 1000: 0.7921503782272339

Test GAP RMS for gender and step 1000: 0.1600230485200882

Test GAP RMS for race and step 1000: 0.06295543164014816

Test balanced accuracy for step 1000: 0.8196324706077576


Test accuracy for step 1250: 0.7831951379776001

Test GAP RMS for gender and step 1250: 0.16611985862255096

Test GAP RMS for race and step 1250: 0.06484828889369965

Test balanced accuracy for step 1250: 0.8183468580245972


Test accuracy for step 1500: 0.7833057045936584

Test GAP RMS for gender and step 1500: 0.16556726396083832

Test GAP RMS for race and step 1500: 0.06478895992040634

Test balanced accuracy for step 1500: 0.818882942199707


Test accuracy for step 1750: 0.7829740047454834

Test GAP RMS for gender and step 1750: 0.15778835117816925

Test GAP RMS for race and step 1750: 0.06467509269714355

Test balanced accuracy for step 1750: 0.8205158710479736


Test accuracy for step 2000: 0.7847429513931274

Test GAP RMS for gender and step 2000: 0.16668246686458588

Test GAP RMS for race and step 2000: 0.06924591213464737

Test balanced accuracy for step 2000: 0.820449709892273


Test accuracy for step 2250: 0.7894969582557678

Test GAP RMS for gender and step 2250: 0.1644807904958725

Test GAP RMS for race and step 2250: 0.07008039206266403

Test balanced accuracy for step 2250: 0.8222011923789978


Test accuracy for step 2500: 0.7991155385971069

Test GAP RMS for gender and step 2500: 0.15122917294502258

Test GAP RMS for race and step 2500: 0.05906416475772858

Test balanced accuracy for step 2500: 0.8223816156387329


Test accuracy for step 2750: 0.8206744194030762

Test GAP RMS for gender and step 2750: 0.11309625953435898

Test GAP RMS for race and step 2750: 0.042203597724437714

Test balanced accuracy for step 2750: 0.8094595670700073


Test accuracy for step 3000: 0.8054173588752747

Test GAP RMS for gender and step 3000: 0.30299922823905945

Test GAP RMS for race and step 3000: 0.007839422672986984

Test balanced accuracy for step 3000: 0.6272907257080078


Test accuracy for step 3250: 0.7783305644989014

Test GAP RMS for gender and step 3250: 0.30506959557533264

Test GAP RMS for race and step 3250: 0.0013792647514492273

Test balanced accuracy for step 3250: 0.5527540445327759


Test accuracy for step 3500: 0.813930332660675

Test GAP RMS for gender and step 3500: 0.1912502646446228

Test GAP RMS for race and step 3500: 0.018435494974255562

Test balanced accuracy for step 3500: 0.6454160809516907


Test accuracy for step 3750: 0.8395798802375793

Test GAP RMS for gender and step 3750: 0.05364234745502472

Test GAP RMS for race and step 3750: 0.027667822316288948

Test balanced accuracy for step 3750: 0.752495288848877


Test accuracy for step 4000: 0.840022087097168

Test GAP RMS for gender and step 4000: 0.08487458527088165

Test GAP RMS for race and step 4000: 0.04448496177792549

Test balanced accuracy for step 4000: 0.7762471437454224


Test accuracy for step 4250: 0.8375898003578186

Test GAP RMS for gender and step 4250: 0.12431080639362335

Test GAP RMS for race and step 4250: 0.05159405991435051

Test balanced accuracy for step 4250: 0.8007240295410156


Test accuracy for step 4500: 0.8327252864837646

Test GAP RMS for gender and step 4500: 0.154803067445755

Test GAP RMS for race and step 4500: 0.047614436596632004

Test balanced accuracy for step 4500: 0.808314323425293


Test accuracy for step 4750: 0.8294085264205933

Test GAP RMS for gender and step 4750: 0.16646616160869598

Test GAP RMS for race and step 4750: 0.052263300865888596

Test balanced accuracy for step 4750: 0.8146119713783264


Test accuracy for step 5000: 0.8289662599563599

Test GAP RMS for gender and step 5000: 0.15635737776756287

Test GAP RMS for race and step 5000: 0.050357334315776825

Test balanced accuracy for step 5000: 0.8160175681114197


Test accuracy for step 5250: 0.8297401666641235

Test GAP RMS for gender and step 5250: 0.15987703204154968

Test GAP RMS for race and step 5250: 0.04973737150430679

Test balanced accuracy for step 5250: 0.8152941465377808


Test accuracy for step 5500: 0.8312879800796509

Test GAP RMS for gender and step 5500: 0.15564532577991486

Test GAP RMS for race and step 5500: 0.047776222229003906

Test balanced accuracy for step 5500: 0.8172426223754883


Test accuracy for step 5750: 0.8284134864807129

Test GAP RMS for gender and step 5750: 0.1575179547071457

Test GAP RMS for race and step 5750: 0.051284365355968475

Test balanced accuracy for step 5750: 0.8190479278564453


Final test accuracy: 0.831066906452179

Final test GAP RMS for gender: 0.1508498191833496

Final test GAP RMS for race: 0.04746495559811592

Final test balanced accuracy: 0.8169422149658203



parameter:seed-1286-time-20200518-160024-expt_id-984145-lr-0.0001-epsilon-0.05-w_reg-2.0-l2_reg-0
Test accuracy for step 250: 0.5598673224449158

Test GAP RMS for gender and step 250: 0.18317033350467682

Test GAP RMS for race and step 250: 0.06737536191940308

Test balanced accuracy for step 250: 0.4602946639060974


Test accuracy for step 500: 0.7877280116081238

Test GAP RMS for gender and step 500: 0.28841498494148254

Test GAP RMS for race and step 500: 0.06736668944358826

Test balanced accuracy for step 500: 0.8008139729499817


Test accuracy for step 750: 0.8016583919525146

Test GAP RMS for gender and step 750: 0.21178732812404633

Test GAP RMS for race and step 750: 0.05952225998044014

Test balanced accuracy for step 750: 0.8123315572738647


Test accuracy for step 1000: 0.7997788786888123

Test GAP RMS for gender and step 1000: 0.1666526049375534

Test GAP RMS for race and step 1000: 0.06357012689113617

Test balanced accuracy for step 1000: 0.8191156387329102


Test accuracy for step 1250: 0.8019900321960449

Test GAP RMS for gender and step 1250: 0.15597914159297943

Test GAP RMS for race and step 1250: 0.06257219612598419

Test balanced accuracy for step 1250: 0.8215023875236511


Test accuracy for step 1500: 0.805196225643158

Test GAP RMS for gender and step 1500: 0.15651315450668335

Test GAP RMS for race and step 1500: 0.05994141846895218

Test balanced accuracy for step 1500: 0.8226944208145142


Test accuracy for step 1750: 0.8030956387519836

Test GAP RMS for gender and step 1750: 0.14734433591365814

Test GAP RMS for race and step 1750: 0.06218183413147926

Test balanced accuracy for step 1750: 0.8231588006019592


Test accuracy for step 2000: 0.8029850721359253

Test GAP RMS for gender and step 2000: 0.1519491821527481

Test GAP RMS for race and step 2000: 0.05899573862552643

Test balanced accuracy for step 2000: 0.8246291875839233


Test accuracy for step 2250: 0.8043117523193359

Test GAP RMS for gender and step 2250: 0.1510440558195114

Test GAP RMS for race and step 2250: 0.0611383318901062

Test balanced accuracy for step 2250: 0.8276663422584534


Test accuracy for step 2500: 0.8061912655830383

Test GAP RMS for gender and step 2500: 0.13989782333374023

Test GAP RMS for race and step 2500: 0.05875293165445328

Test balanced accuracy for step 2500: 0.8236603736877441


Test accuracy for step 2750: 0.8039801120758057

Test GAP RMS for gender and step 2750: 0.14975623786449432

Test GAP RMS for race and step 2750: 0.063685841858387

Test balanced accuracy for step 2750: 0.8262125253677368


Test accuracy for step 3000: 0.8050856590270996

Test GAP RMS for gender and step 3000: 0.14724178612232208

Test GAP RMS for race and step 3000: 0.06097874790430069

Test balanced accuracy for step 3000: 0.8257081508636475


Test accuracy for step 3250: 0.8044223189353943

Test GAP RMS for gender and step 3250: 0.14979615807533264

Test GAP RMS for race and step 3250: 0.06140245497226715

Test balanced accuracy for step 3250: 0.8266590237617493


Test accuracy for step 3500: 0.806633472442627

Test GAP RMS for gender and step 3500: 0.14614954590797424

Test GAP RMS for race and step 3500: 0.06059687212109566

Test balanced accuracy for step 3500: 0.8262676000595093


Test accuracy for step 3750: 0.8048645853996277

Test GAP RMS for gender and step 3750: 0.14830978214740753

Test GAP RMS for race and step 3750: 0.061499159783124924

Test balanced accuracy for step 3750: 0.8278771638870239


Test accuracy for step 4000: 0.8070757389068604

Test GAP RMS for gender and step 4000: 0.14906039834022522

Test GAP RMS for race and step 4000: 0.06130073219537735

Test balanced accuracy for step 4000: 0.8281031847000122


Test accuracy for step 4250: 0.805196225643158

Test GAP RMS for gender and step 4250: 0.15015211701393127

Test GAP RMS for race and step 4250: 0.06227286159992218

Test balanced accuracy for step 4250: 0.827324628829956


Test accuracy for step 4500: 0.8029850721359253

Test GAP RMS for gender and step 4500: 0.1504635065793991

Test GAP RMS for race and step 4500: 0.06235990300774574

Test balanced accuracy for step 4500: 0.8258638978004456


Test accuracy for step 4750: 0.8033167719841003

Test GAP RMS for gender and step 4750: 0.15070891380310059

Test GAP RMS for race and step 4750: 0.06499147415161133

Test balanced accuracy for step 4750: 0.8262373208999634


Test accuracy for step 5000: 0.8043117523193359

Test GAP RMS for gender and step 5000: 0.144504576921463

Test GAP RMS for race and step 5000: 0.0640920028090477

Test balanced accuracy for step 5000: 0.8248882293701172


Test accuracy for step 5250: 0.8048645853996277

Test GAP RMS for gender and step 5250: 0.1519785076379776

Test GAP RMS for race and step 5250: 0.06193416565656662

Test balanced accuracy for step 5250: 0.8255621194839478


Test accuracy for step 5500: 0.8029850721359253

Test GAP RMS for gender and step 5500: 0.14710114896297455

Test GAP RMS for race and step 5500: 0.06429199129343033

Test balanced accuracy for step 5500: 0.8246291875839233


Test accuracy for step 5750: 0.8053067922592163

Test GAP RMS for gender and step 5750: 0.14875616133213043

Test GAP RMS for race and step 5750: 0.06269092112779617

Test balanced accuracy for step 5750: 0.8260085582733154


Final test accuracy: 0.8033167719841003

Final test GAP RMS for gender: 0.1528170257806778

Final test GAP RMS for race: 0.06258560717105865

Final test balanced accuracy: 0.8242309093475342



parameter:seed-1286-time-20200518-160024-expt_id-984145-lr-0.0001-epsilon-0.05-w_reg-1.0-l2_reg-0
Test accuracy for step 250: 0.5593145489692688

Test GAP RMS for gender and step 250: 0.183846578001976

Test GAP RMS for race and step 250: 0.0681898295879364

Test balanced accuracy for step 250: 0.46008384227752686


Test accuracy for step 500: 0.7809839844703674

Test GAP RMS for gender and step 500: 0.29011356830596924

Test GAP RMS for race and step 500: 0.07117590308189392

Test balanced accuracy for step 500: 0.7992912530899048


Test accuracy for step 750: 0.801768958568573

Test GAP RMS for gender and step 750: 0.21744386851787567

Test GAP RMS for race and step 750: 0.05991857126355171

Test balanced accuracy for step 750: 0.8128675818443298


Test accuracy for step 1000: 0.8015478253364563

Test GAP RMS for gender and step 1000: 0.16672676801681519

Test GAP RMS for race and step 1000: 0.06276901811361313

Test balanced accuracy for step 1000: 0.8198212385177612


Test accuracy for step 1250: 0.8027639389038086

Test GAP RMS for gender and step 1250: 0.1581653207540512

Test GAP RMS for race and step 1250: 0.060767341405153275

Test balanced accuracy for step 1250: 0.819852888584137


Test accuracy for step 1500: 0.8068546056747437

Test GAP RMS for gender and step 1500: 0.1550760120153427

Test GAP RMS for race and step 1500: 0.06019217520952225

Test balanced accuracy for step 1500: 0.8224008083343506


Test accuracy for step 1750: 0.806412398815155

Test GAP RMS for gender and step 1750: 0.14307527244091034

Test GAP RMS for race and step 1750: 0.06226562336087227

Test balanced accuracy for step 1750: 0.8242695331573486


Test accuracy for step 2000: 0.8058595657348633

Test GAP RMS for gender and step 2000: 0.14853492379188538

Test GAP RMS for race and step 2000: 0.05868183448910713

Test balanced accuracy for step 2000: 0.8237499594688416


Test accuracy for step 2250: 0.8063018321990967

Test GAP RMS for gender and step 2250: 0.14910882711410522

Test GAP RMS for race and step 2250: 0.06081745773553848

Test balanced accuracy for step 2250: 0.8262028694152832


Test accuracy for step 2500: 0.8093974590301514

Test GAP RMS for gender and step 2500: 0.13929496705532074

Test GAP RMS for race and step 2500: 0.056309785693883896

Test balanced accuracy for step 2500: 0.8237719535827637


Test accuracy for step 2750: 0.8076285123825073

Test GAP RMS for gender and step 2750: 0.14638793468475342

Test GAP RMS for race and step 2750: 0.061676427721977234

Test balanced accuracy for step 2750: 0.826461911201477


Test accuracy for step 3000: 0.8077390789985657

Test GAP RMS for gender and step 3000: 0.14529047906398773

Test GAP RMS for race and step 3000: 0.05680355802178383

Test balanced accuracy for step 3000: 0.8251459002494812


Test accuracy for step 3250: 0.807296872138977

Test GAP RMS for gender and step 3250: 0.14599952101707458

Test GAP RMS for race and step 3250: 0.05933193862438202

Test balanced accuracy for step 3250: 0.8253167867660522


Test accuracy for step 3500: 0.809286892414093

Test GAP RMS for gender and step 3500: 0.14200949668884277

Test GAP RMS for race and step 3500: 0.06052857264876366

Test balanced accuracy for step 3500: 0.8260140419006348


Test accuracy for step 3750: 0.806965172290802

Test GAP RMS for gender and step 3750: 0.1440878063440323

Test GAP RMS for race and step 3750: 0.059294071048498154

Test balanced accuracy for step 3750: 0.8263324499130249


Test accuracy for step 4000: 0.809286892414093

Test GAP RMS for gender and step 4000: 0.142936572432518

Test GAP RMS for race and step 4000: 0.06119794398546219

Test balanced accuracy for step 4000: 0.8267858028411865


Test accuracy for step 4250: 0.807517945766449

Test GAP RMS for gender and step 4250: 0.14610344171524048

Test GAP RMS for race and step 4250: 0.06118825450539589

Test balanced accuracy for step 4250: 0.8268519043922424


Test accuracy for step 4500: 0.8063018321990967

Test GAP RMS for gender and step 4500: 0.14850226044654846

Test GAP RMS for race and step 4500: 0.06127147004008293

Test balanced accuracy for step 4500: 0.8266658782958984


Test accuracy for step 4750: 0.8059701323509216

Test GAP RMS for gender and step 4750: 0.1467844545841217

Test GAP RMS for race and step 4750: 0.06334981322288513

Test balanced accuracy for step 4750: 0.8266011476516724


Test accuracy for step 5000: 0.8058595657348633

Test GAP RMS for gender and step 5000: 0.14096850156784058

Test GAP RMS for race and step 5000: 0.06315692514181137

Test balanced accuracy for step 5000: 0.8232869505882263


Test accuracy for step 5250: 0.8086235523223877

Test GAP RMS for gender and step 5250: 0.14523082971572876

Test GAP RMS for race and step 5250: 0.060642458498477936

Test balanced accuracy for step 5250: 0.8266562223434448


Test accuracy for step 5500: 0.8063018321990967

Test GAP RMS for gender and step 5500: 0.14353621006011963

Test GAP RMS for race and step 5500: 0.0626491978764534

Test balanced accuracy for step 5500: 0.825739860534668


Test accuracy for step 5750: 0.8079602122306824

Test GAP RMS for gender and step 5750: 0.1439002901315689

Test GAP RMS for race and step 5750: 0.06155559793114662

Test balanced accuracy for step 5750: 0.8260636329650879


Final test accuracy: 0.806965172290802

Final test GAP RMS for gender: 0.14861449599266052

Final test GAP RMS for race: 0.062214698642492294

Final test balanced accuracy: 0.8263324499130249



parameter:seed-1286-time-20200518-160024-expt_id-984145-lr-0.0001-epsilon-0.05-w_reg-5.0-l2_reg-0
Test accuracy for step 250: 0.5605306625366211

Test GAP RMS for gender and step 250: 0.18320971727371216

Test GAP RMS for race and step 250: 0.06642784178256989

Test balanced accuracy for step 250: 0.4591894745826721


Test accuracy for step 500: 0.7995577454566956

Test GAP RMS for gender and step 500: 0.2762167155742645

Test GAP RMS for race and step 500: 0.05872054398059845

Test balanced accuracy for step 500: 0.7972075343132019


Test accuracy for step 750: 0.803206205368042

Test GAP RMS for gender and step 750: 0.19553042948246002

Test GAP RMS for race and step 750: 0.05933117866516113

Test balanced accuracy for step 750: 0.8128910064697266


Test accuracy for step 1000: 0.7964621186256409

Test GAP RMS for gender and step 1000: 0.16200800240039825

Test GAP RMS for race and step 1000: 0.06188146024942398

Test balanced accuracy for step 1000: 0.8181593418121338


Test accuracy for step 1250: 0.7929242849349976

Test GAP RMS for gender and step 1250: 0.1595877856016159

Test GAP RMS for race and step 1250: 0.06355036050081253

Test balanced accuracy for step 1250: 0.8198350667953491


Test accuracy for step 1500: 0.7964621186256409

Test GAP RMS for gender and step 1500: 0.15834522247314453

Test GAP RMS for race and step 1500: 0.06386074423789978

Test balanced accuracy for step 1500: 0.8224808573722839


Test accuracy for step 1750: 0.7938087582588196

Test GAP RMS for gender and step 1750: 0.15224914252758026

Test GAP RMS for race and step 1750: 0.06485135108232498

Test balanced accuracy for step 1750: 0.8227344751358032


Test accuracy for step 2000: 0.7959093451499939

Test GAP RMS for gender and step 2000: 0.16084182262420654

Test GAP RMS for race and step 2000: 0.06357003003358841

Test balanced accuracy for step 2000: 0.8248938322067261


Test accuracy for step 2250: 0.7957987785339355

Test GAP RMS for gender and step 2250: 0.15662893652915955

Test GAP RMS for race and step 2250: 0.06623955816030502

Test balanced accuracy for step 2250: 0.8255924582481384


Test accuracy for step 2500: 0.800884485244751

Test GAP RMS for gender and step 2500: 0.1504390686750412

Test GAP RMS for race and step 2500: 0.06231703981757164

Test balanced accuracy for step 2500: 0.8271000385284424


Test accuracy for step 2750: 0.7965726852416992

Test GAP RMS for gender and step 2750: 0.15962909162044525

Test GAP RMS for race and step 2750: 0.06376346945762634

Test balanced accuracy for step 2750: 0.8247146606445312


Test accuracy for step 3000: 0.79856276512146

Test GAP RMS for gender and step 3000: 0.15754149854183197

Test GAP RMS for race and step 3000: 0.06357467919588089

Test balanced accuracy for step 3000: 0.8264923095703125


Test accuracy for step 3250: 0.7983416318893433

Test GAP RMS for gender and step 3250: 0.15865647792816162

Test GAP RMS for race and step 3250: 0.06522487103939056

Test balanced accuracy for step 3250: 0.8274266719818115


Test accuracy for step 3500: 0.8011055588722229

Test GAP RMS for gender and step 3500: 0.15437500178813934

Test GAP RMS for race and step 3500: 0.06718260049819946

Test balanced accuracy for step 3500: 0.8261656761169434


Test accuracy for step 3750: 0.7993366718292236

Test GAP RMS for gender and step 3750: 0.1571033000946045

Test GAP RMS for race and step 3750: 0.06672542542219162

Test balanced accuracy for step 3750: 0.8271579146385193


Test accuracy for step 4000: 0.8002211451530457

Test GAP RMS for gender and step 4000: 0.16042575240135193

Test GAP RMS for race and step 4000: 0.06752926111221313

Test balanced accuracy for step 4000: 0.8257358074188232


Test accuracy for step 4250: 0.8011055588722229

Test GAP RMS for gender and step 4250: 0.16165587306022644

Test GAP RMS for race and step 4250: 0.0671408548951149

Test balanced accuracy for step 4250: 0.8272460699081421


Test accuracy for step 4500: 0.8001105785369873

Test GAP RMS for gender and step 4500: 0.16482943296432495

Test GAP RMS for race and step 4500: 0.06782476603984833

Test balanced accuracy for step 4500: 0.8250453472137451


Test accuracy for step 4750: 0.7998894453048706

Test GAP RMS for gender and step 4750: 0.164453387260437

Test GAP RMS for race and step 4750: 0.06864264607429504

Test balanced accuracy for step 4750: 0.8238189220428467


Test accuracy for step 5000: 0.8007739186286926

Test GAP RMS for gender and step 5000: 0.16163289546966553

Test GAP RMS for race and step 5000: 0.06792116910219193

Test balanced accuracy for step 5000: 0.8237858414649963


Test accuracy for step 5250: 0.8030956387519836

Test GAP RMS for gender and step 5250: 0.16449950635433197

Test GAP RMS for race and step 5250: 0.06427030265331268

Test balanced accuracy for step 5250: 0.8239305019378662


Test accuracy for step 5500: 0.8024322986602783

Test GAP RMS for gender and step 5500: 0.16182096302509308

Test GAP RMS for race and step 5500: 0.06646481156349182

Test balanced accuracy for step 5500: 0.8233379125595093


Test accuracy for step 5750: 0.8063018321990967

Test GAP RMS for gender and step 5750: 0.1587928682565689

Test GAP RMS for race and step 5750: 0.06401321291923523

Test balanced accuracy for step 5750: 0.8252768516540527


Final test accuracy: 0.8063018321990967

Final test GAP RMS for gender: 0.16246415674686432

Final test GAP RMS for race: 0.06252545118331909

Final test balanced accuracy: 0.8243507742881775



parameter:seed-1286-time-20200518-160024-expt_id-984145-lr-0.0001-epsilon-0.05-w_reg-8.0-l2_reg-0
Test accuracy for step 250: 0.5608623623847961

Test GAP RMS for gender and step 250: 0.18236616253852844

Test GAP RMS for race and step 250: 0.06362532824277878

Test balanced accuracy for step 250: 0.45879122614860535


Test accuracy for step 500: 0.8081812858581543

Test GAP RMS for gender and step 500: 0.2643485963344574

Test GAP RMS for race and step 500: 0.06482311338186264

Test balanced accuracy for step 500: 0.7899396419525146


Test accuracy for step 750: 0.8047540187835693

Test GAP RMS for gender and step 750: 0.18811172246932983

Test GAP RMS for race and step 750: 0.06024102494120598

Test balanced accuracy for step 750: 0.8126787543296814


Test accuracy for step 1000: 0.7948037385940552

Test GAP RMS for gender and step 1000: 0.15721777081489563

Test GAP RMS for race and step 1000: 0.06181870400905609

Test balanced accuracy for step 1000: 0.8196876049041748


Test accuracy for step 1250: 0.7861801981925964

Test GAP RMS for gender and step 1250: 0.1643889993429184

Test GAP RMS for race and step 1250: 0.06451951712369919

Test balanced accuracy for step 1250: 0.8192384243011475


Test accuracy for step 1500: 0.7883913516998291

Test GAP RMS for gender and step 1500: 0.16334958374500275

Test GAP RMS for race and step 1500: 0.06438559293746948

Test balanced accuracy for step 1500: 0.8200817108154297


Test accuracy for step 1750: 0.7877280116081238

Test GAP RMS for gender and step 1750: 0.15534502267837524

Test GAP RMS for race and step 1750: 0.06548374146223068

Test balanced accuracy for step 1750: 0.8225759863853455


Test accuracy for step 2000: 0.7877280116081238

Test GAP RMS for gender and step 2000: 0.16644755005836487

Test GAP RMS for race and step 2000: 0.06951097398996353

Test balanced accuracy for step 2000: 0.8214956521987915


Test accuracy for step 2250: 0.7898286581039429

Test GAP RMS for gender and step 2250: 0.16191603243350983

Test GAP RMS for race and step 2250: 0.0695422887802124

Test balanced accuracy for step 2250: 0.8227289915084839


Test accuracy for step 2500: 0.7959093451499939

Test GAP RMS for gender and step 2500: 0.15645219385623932

Test GAP RMS for race and step 2500: 0.06433439999818802

Test balanced accuracy for step 2500: 0.8248938322067261


Test accuracy for step 2750: 0.7944720983505249

Test GAP RMS for gender and step 2750: 0.16603994369506836

Test GAP RMS for race and step 2750: 0.06980201601982117

Test balanced accuracy for step 2750: 0.8233269453048706


Test accuracy for step 3000: 0.7995577454566956

Test GAP RMS for gender and step 3000: 0.16332729160785675

Test GAP RMS for race and step 3000: 0.0656123235821724

Test balanced accuracy for step 3000: 0.8240628242492676


Test accuracy for step 3250: 0.8059701323509216

Test GAP RMS for gender and step 3250: 0.15766757726669312

Test GAP RMS for race and step 3250: 0.06011884659528732

Test balanced accuracy for step 3250: 0.8204275369644165


Test accuracy for step 3500: 0.8223327994346619

Test GAP RMS for gender and step 3500: 0.13260702788829803

Test GAP RMS for race and step 3500: 0.044288091361522675

Test balanced accuracy for step 3500: 0.8134875297546387


Test accuracy for step 3750: 0.8370370268821716

Test GAP RMS for gender and step 3750: 0.07476542890071869

Test GAP RMS for race and step 3750: 0.04022207856178284

Test balanced accuracy for step 3750: 0.7710340619087219


Test accuracy for step 4000: 0.8155887126922607

Test GAP RMS for gender and step 4000: 0.19886526465415955

Test GAP RMS for race and step 4000: 0.01045099925249815

Test balanced accuracy for step 4000: 0.6562350392341614


Test accuracy for step 4250: 0.8229961395263672

Test GAP RMS for gender and step 4250: 0.18301871418952942

Test GAP RMS for race and step 4250: 0.053908854722976685

Test balanced accuracy for step 4250: 0.8170125484466553


Test accuracy for step 4500: 0.8210060596466064

Test GAP RMS for gender and step 4500: 0.17580752074718475

Test GAP RMS for race and step 4500: 0.055562570691108704

Test balanced accuracy for step 4500: 0.8206368684768677


Test accuracy for step 4750: 0.8216694593429565

Test GAP RMS for gender and step 4750: 0.16553924977779388

Test GAP RMS for race and step 4750: 0.05515483766794205

Test balanced accuracy for step 4750: 0.8195316791534424


Test accuracy for step 5000: 0.8238806128501892

Test GAP RMS for gender and step 5000: 0.16197651624679565

Test GAP RMS for race and step 5000: 0.057023949921131134

Test balanced accuracy for step 5000: 0.8213010430335999


Test accuracy for step 5250: 0.8212271928787231

Test GAP RMS for gender and step 5250: 0.16887208819389343

Test GAP RMS for race and step 5250: 0.052103251218795776

Test balanced accuracy for step 5250: 0.8209372758865356


Test accuracy for step 5500: 0.8228855729103088

Test GAP RMS for gender and step 5500: 0.1588900238275528

Test GAP RMS for race and step 5500: 0.054988328367471695

Test balanced accuracy for step 5500: 0.8228044509887695


Test accuracy for step 5750: 0.8212271928787231

Test GAP RMS for gender and step 5750: 0.15854722261428833

Test GAP RMS for race and step 5750: 0.05490091070532799

Test balanced accuracy for step 5750: 0.8230980634689331


Final test accuracy: 0.8214483261108398

Final test GAP RMS for gender: 0.16021955013275146

Final test GAP RMS for race: 0.05467388778924942

Final test balanced accuracy: 0.8224723935127258



parameter:seed-1286-time-20200518-160024-expt_id-984145-lr-0.0001-epsilon-0.05-w_reg-0.2-l2_reg-0
Test accuracy for step 250: 0.5594251155853271

Test GAP RMS for gender and step 250: 0.18398337066173553

Test GAP RMS for race and step 250: 0.06833392381668091

Test balanced accuracy for step 250: 0.46031123399734497


Test accuracy for step 500: 0.7770038843154907

Test GAP RMS for gender and step 500: 0.28892871737480164

Test GAP RMS for race and step 500: 0.07220812141895294

Test balanced accuracy for step 500: 0.8003661632537842


Test accuracy for step 750: 0.8018794655799866

Test GAP RMS for gender and step 750: 0.21979673206806183

Test GAP RMS for race and step 750: 0.05973975732922554

Test balanced accuracy for step 750: 0.8135579824447632


Test accuracy for step 1000: 0.8028745055198669

Test GAP RMS for gender and step 1000: 0.17086806893348694

Test GAP RMS for race and step 1000: 0.06342014670372009

Test balanced accuracy for step 1000: 0.8194628953933716


Test accuracy for step 1250: 0.8048645853996277

Test GAP RMS for gender and step 1250: 0.15780632197856903

Test GAP RMS for race and step 1250: 0.06220170482993126

Test balanced accuracy for step 1250: 0.8200058341026306


Test accuracy for step 1500: 0.8082918524742126

Test GAP RMS for gender and step 1500: 0.154756098985672

Test GAP RMS for race and step 1500: 0.05999710410833359

Test balanced accuracy for step 1500: 0.8222699165344238


Test accuracy for step 1750: 0.8096185922622681

Test GAP RMS for gender and step 1750: 0.14223913848400116

Test GAP RMS for race and step 1750: 0.05948462709784508

Test balanced accuracy for step 1750: 0.8253071308135986


Test accuracy for step 2000: 0.8081812858581543

Test GAP RMS for gender and step 2000: 0.14912760257720947

Test GAP RMS for race and step 2000: 0.05735129117965698

Test balanced accuracy for step 2000: 0.8249750137329102


Test accuracy for step 2250: 0.806633472442627

Test GAP RMS for gender and step 2250: 0.14896801114082336

Test GAP RMS for race and step 2250: 0.06009843945503235

Test balanced accuracy for step 2250: 0.8248785734176636


Test accuracy for step 2500: 0.8109452724456787

Test GAP RMS for gender and step 2500: 0.1389230191707611

Test GAP RMS for race and step 2500: 0.05626307427883148

Test balanced accuracy for step 2500: 0.8240227699279785


Test accuracy for step 2750: 0.8085129857063293

Test GAP RMS for gender and step 2750: 0.14455468952655792

Test GAP RMS for race and step 2750: 0.05646427720785141

Test balanced accuracy for step 2750: 0.8239593505859375


Test accuracy for step 3000: 0.8090657591819763

Test GAP RMS for gender and step 3000: 0.14356930553913116

Test GAP RMS for race and step 3000: 0.05539968982338905

Test balanced accuracy for step 3000: 0.8238615393638611


Test accuracy for step 3250: 0.8100607991218567

Test GAP RMS for gender and step 3250: 0.1429443657398224

Test GAP RMS for race and step 3250: 0.05885781720280647

Test balanced accuracy for step 3250: 0.8254449367523193


Test accuracy for step 3500: 0.8108347058296204

Test GAP RMS for gender and step 3500: 0.13946396112442017

Test GAP RMS for race and step 3500: 0.060776401311159134

Test balanced accuracy for step 3500: 0.8254930973052979


Test accuracy for step 3750: 0.809286892414093

Test GAP RMS for gender and step 3750: 0.14026746153831482

Test GAP RMS for race and step 3750: 0.058170199394226074

Test balanced accuracy for step 3750: 0.8260140419006348


Test accuracy for step 4000: 0.8119403123855591

Test GAP RMS for gender and step 4000: 0.13876168429851532

Test GAP RMS for race and step 4000: 0.05910114943981171

Test balanced accuracy for step 4000: 0.8266865015029907


Test accuracy for step 4250: 0.809286892414093

Test GAP RMS for gender and step 4250: 0.1434447318315506

Test GAP RMS for race and step 4250: 0.059872373938560486

Test balanced accuracy for step 4250: 0.826168417930603


Test accuracy for step 4500: 0.8076285123825073

Test GAP RMS for gender and step 4500: 0.14789344370365143

Test GAP RMS for race and step 4500: 0.06053644046187401

Test balanced accuracy for step 4500: 0.8255358934402466


Test accuracy for step 4750: 0.807517945766449

Test GAP RMS for gender and step 4750: 0.14477208256721497

Test GAP RMS for race and step 4750: 0.0614442378282547

Test balanced accuracy for step 4750: 0.825462818145752


Test accuracy for step 5000: 0.8090657591819763

Test GAP RMS for gender and step 5000: 0.1386517584323883

Test GAP RMS for race and step 5000: 0.060104869306087494

Test balanced accuracy for step 5000: 0.8238615393638611


Test accuracy for step 5250: 0.809286892414093

Test GAP RMS for gender and step 5250: 0.14325504004955292

Test GAP RMS for race and step 5250: 0.06013300269842148

Test balanced accuracy for step 5250: 0.8253966569900513


Test accuracy for step 5500: 0.808402419090271

Test GAP RMS for gender and step 5500: 0.14101262390613556

Test GAP RMS for race and step 5500: 0.06256245821714401

Test balanced accuracy for step 5500: 0.8251210451126099


Test accuracy for step 5750: 0.8093974590301514

Test GAP RMS for gender and step 5750: 0.14032767713069916

Test GAP RMS for race and step 5750: 0.060497500002384186

Test balanced accuracy for step 5750: 0.8248523473739624


Final test accuracy: 0.8093974590301514

Final test GAP RMS for gender: 0.14496614038944244

Final test GAP RMS for race: 0.06005222350358963

Final test balanced accuracy: 0.8276305198669434



parameter:seed-1286-time-20200518-160024-expt_id-984145-lr-0.0001-epsilon-0.05-w_reg-0.5-l2_reg-0
Test accuracy for step 250: 0.5594251155853271

Test GAP RMS for gender and step 250: 0.18398337066173553

Test GAP RMS for race and step 250: 0.06833392381668091

Test balanced accuracy for step 250: 0.46031123399734497


Test accuracy for step 500: 0.7793256044387817

Test GAP RMS for gender and step 500: 0.28891056776046753

Test GAP RMS for race and step 500: 0.07298244535923004

Test balanced accuracy for step 500: 0.8008195757865906


Test accuracy for step 750: 0.8018794655799866

Test GAP RMS for gender and step 750: 0.21872085332870483

Test GAP RMS for race and step 750: 0.05937669798731804

Test balanced accuracy for step 750: 0.8132493495941162


Test accuracy for step 1000: 0.8022111654281616

Test GAP RMS for gender and step 1000: 0.17228835821151733

Test GAP RMS for race and step 1000: 0.062292393296957016

Test balanced accuracy for step 1000: 0.8196420669555664


Test accuracy for step 1250: 0.803758978843689

Test GAP RMS for gender and step 1250: 0.15824715793132782

Test GAP RMS for race and step 1250: 0.06175214424729347

Test balanced accuracy for step 1250: 0.82004714012146


Test accuracy for step 1500: 0.8079602122306824

Test GAP RMS for gender and step 1500: 0.15731820464134216

Test GAP RMS for race and step 1500: 0.060395192354917526

Test balanced accuracy for step 1500: 0.82297682762146


Test accuracy for step 1750: 0.8081812858581543

Test GAP RMS for gender and step 1750: 0.14189644157886505

Test GAP RMS for race and step 1750: 0.06071290746331215

Test balanced accuracy for step 1750: 0.8248206973075867


Test accuracy for step 2000: 0.807517945766449

Test GAP RMS for gender and step 2000: 0.1492650955915451

Test GAP RMS for race and step 2000: 0.057299450039863586

Test balanced accuracy for step 2000: 0.8245368003845215


Test accuracy for step 2250: 0.806412398815155

Test GAP RMS for gender and step 2250: 0.14859263598918915

Test GAP RMS for race and step 2250: 0.05991425737738609

Test balanced accuracy for step 2250: 0.8256585597991943


Test accuracy for step 2500: 0.810171365737915

Test GAP RMS for gender and step 2500: 0.1390293687582016

Test GAP RMS for race and step 2500: 0.05581771954894066

Test balanced accuracy for step 2500: 0.8238202333450317


Test accuracy for step 2750: 0.807849645614624

Test GAP RMS for gender and step 2750: 0.14669989049434662

Test GAP RMS for race and step 2750: 0.05893692001700401

Test balanced accuracy for step 2750: 0.8244472146034241


Test accuracy for step 3000: 0.8079602122306824

Test GAP RMS for gender and step 3000: 0.14558398723602295

Test GAP RMS for race and step 3000: 0.05598264932632446

Test balanced accuracy for step 3000: 0.8240572214126587


Test accuracy for step 3250: 0.808402419090271

Test GAP RMS for gender and step 3250: 0.14419406652450562

Test GAP RMS for race and step 3250: 0.057626839727163315

Test balanced accuracy for step 3250: 0.8252754211425781


Test accuracy for step 3500: 0.8102819323539734

Test GAP RMS for gender and step 3500: 0.13994887471199036

Test GAP RMS for race and step 3500: 0.060149338096380234

Test balanced accuracy for step 3500: 0.825590968132019


Test accuracy for step 3750: 0.807849645614624

Test GAP RMS for gender and step 3750: 0.14180801808834076

Test GAP RMS for race and step 3750: 0.05831789970397949

Test balanced accuracy for step 3750: 0.825218915939331


Test accuracy for step 4000: 0.8106135725975037

Test GAP RMS for gender and step 4000: 0.14078080654144287

Test GAP RMS for race and step 4000: 0.059593550860881805

Test balanced accuracy for step 4000: 0.8265817761421204


Test accuracy for step 4250: 0.8080707788467407

Test GAP RMS for gender and step 4250: 0.1450699120759964

Test GAP RMS for race and step 4250: 0.05940040573477745

Test balanced accuracy for step 4250: 0.825982391834259


Test accuracy for step 4500: 0.807517945766449

Test GAP RMS for gender and step 4500: 0.1493496149778366

Test GAP RMS for race and step 4500: 0.06016358360648155

Test balanced accuracy for step 4500: 0.8268519043922424


Test accuracy for step 4750: 0.806633472442627

Test GAP RMS for gender and step 4750: 0.14526523649692535

Test GAP RMS for race and step 4750: 0.06327606737613678

Test balanced accuracy for step 4750: 0.825804591178894


Test accuracy for step 5000: 0.8086235523223877

Test GAP RMS for gender and step 5000: 0.13987645506858826

Test GAP RMS for race and step 5000: 0.06260767579078674

Test balanced accuracy for step 5000: 0.8248041272163391


Test accuracy for step 5250: 0.8085129857063293

Test GAP RMS for gender and step 5250: 0.14287878572940826

Test GAP RMS for race and step 5250: 0.06049259006977081

Test balanced accuracy for step 5250: 0.8251941204071045


Test accuracy for step 5500: 0.8074073791503906

Test GAP RMS for gender and step 5500: 0.14169707894325256

Test GAP RMS for race and step 5500: 0.06137719377875328

Test balanced accuracy for step 5500: 0.8249267935752869


Test accuracy for step 5750: 0.8080707788467407

Test GAP RMS for gender and step 5750: 0.1426771879196167

Test GAP RMS for race and step 5750: 0.06087178364396095

Test balanced accuracy for step 5750: 0.8244389295578003


Final test accuracy: 0.8089552521705627

Final test GAP RMS for gender: 0.14643354713916779

Final test GAP RMS for race: 0.060146018862724304

Final test balanced accuracy: 0.8278013467788696



parameter:seed-1286-time-20200518-160024-expt_id-984145-lr-0.0001-epsilon-0.05-w_reg-0.1-l2_reg-0
Test accuracy for step 250: 0.5594251155853271

Test GAP RMS for gender and step 250: 0.18398337066173553

Test GAP RMS for race and step 250: 0.06833392381668091

Test balanced accuracy for step 250: 0.46031123399734497


Test accuracy for step 500: 0.7765616178512573

Test GAP RMS for gender and step 500: 0.288622111082077

Test GAP RMS for race and step 500: 0.07153059542179108

Test balanced accuracy for step 500: 0.8003827333450317


Test accuracy for step 750: 0.8016583919525146

Test GAP RMS for gender and step 750: 0.21972358226776123

Test GAP RMS for race and step 750: 0.05998051166534424

Test balanced accuracy for step 750: 0.8134119510650635


Test accuracy for step 1000: 0.8033167719841003

Test GAP RMS for gender and step 1000: 0.17142657935619354

Test GAP RMS for race and step 1000: 0.06293089687824249

Test balanced accuracy for step 1000: 0.8197550773620605


Test accuracy for step 1250: 0.8056384921073914

Test GAP RMS for gender and step 1250: 0.15801048278808594

Test GAP RMS for race and step 1250: 0.06200079619884491

Test balanced accuracy for step 1250: 0.8203626871109009


Test accuracy for step 1500: 0.8091763257980347

Test GAP RMS for gender and step 1500: 0.15431208908557892

Test GAP RMS for race and step 1500: 0.05901920795440674

Test balanced accuracy for step 1500: 0.822854220867157


Test accuracy for step 1750: 0.80983966588974

Test GAP RMS for gender and step 1750: 0.1412428915500641

Test GAP RMS for race and step 1750: 0.05891760438680649

Test balanced accuracy for step 1750: 0.8248357772827148


Test accuracy for step 2000: 0.8081812858581543

Test GAP RMS for gender and step 2000: 0.14912760257720947

Test GAP RMS for race and step 2000: 0.05735129117965698

Test balanced accuracy for step 2000: 0.8249750137329102


Test accuracy for step 2250: 0.8074073791503906

Test GAP RMS for gender and step 2250: 0.14949923753738403

Test GAP RMS for race and step 2250: 0.06002950295805931

Test balanced accuracy for step 2250: 0.8253898620605469


Test accuracy for step 2500: 0.8111664056777954

Test GAP RMS for gender and step 2500: 0.13882125914096832

Test GAP RMS for race and step 2500: 0.05575690045952797

Test balanced accuracy for step 2500: 0.8238601684570312


Test accuracy for step 2750: 0.8090657591819763

Test GAP RMS for gender and step 2750: 0.14347735047340393

Test GAP RMS for race and step 2750: 0.057267989963293076

Test balanced accuracy for step 2750: 0.8241702318191528


Test accuracy for step 3000: 0.8097291588783264

Test GAP RMS for gender and step 3000: 0.14370404183864594

Test GAP RMS for race and step 3000: 0.05560166761279106

Test balanced accuracy for step 3000: 0.824454128742218


Test accuracy for step 3250: 0.8102819323539734

Test GAP RMS for gender and step 3250: 0.14179453253746033

Test GAP RMS for race and step 3250: 0.05876273289322853

Test balanced accuracy for step 3250: 0.8246649503707886


Test accuracy for step 3500: 0.8112769722938538

Test GAP RMS for gender and step 3500: 0.13881416618824005

Test GAP RMS for race and step 3500: 0.06107316538691521

Test balanced accuracy for step 3500: 0.8257852792739868


Test accuracy for step 3750: 0.809286892414093

Test GAP RMS for gender and step 3750: 0.13959239423274994

Test GAP RMS for race and step 3750: 0.05767107009887695

Test balanced accuracy for step 3750: 0.8253966569900513


Test accuracy for step 4000: 0.8117191791534424

Test GAP RMS for gender and step 4000: 0.13830293715000153

Test GAP RMS for race and step 4000: 0.059013061225414276

Test balanced accuracy for step 4000: 0.826077401638031


Test accuracy for step 4250: 0.8095080256462097

Test GAP RMS for gender and step 4250: 0.1443270444869995

Test GAP RMS for race and step 4250: 0.05924418196082115

Test balanced accuracy for step 4250: 0.8258514404296875


Test accuracy for step 4500: 0.8081812858581543

Test GAP RMS for gender and step 4500: 0.1477823108434677

Test GAP RMS for race and step 4500: 0.06078800559043884

Test balanced accuracy for step 4500: 0.8260554075241089


Test accuracy for step 4750: 0.808402419090271

Test GAP RMS for gender and step 4750: 0.14366933703422546

Test GAP RMS for race and step 4750: 0.05995950475335121

Test balanced accuracy for step 4750: 0.8263558149337769


Test accuracy for step 5000: 0.8095080256462097

Test GAP RMS for gender and step 5000: 0.13829876482486725

Test GAP RMS for race and step 5000: 0.05932706966996193

Test balanced accuracy for step 5000: 0.8238450288772583


Test accuracy for step 5250: 0.8105030655860901

Test GAP RMS for gender and step 5250: 0.14153894782066345

Test GAP RMS for race and step 5250: 0.059055425226688385

Test balanced accuracy for step 5250: 0.8266631364822388


Test accuracy for step 5500: 0.8093974590301514

Test GAP RMS for gender and step 5500: 0.14093555510044098

Test GAP RMS for race and step 5500: 0.06138227507472038

Test balanced accuracy for step 5500: 0.8260871171951294


Test accuracy for step 5750: 0.8109452724456787

Test GAP RMS for gender and step 5750: 0.1376841962337494

Test GAP RMS for race and step 5750: 0.05879363790154457

Test balanced accuracy for step 5750: 0.8258748054504395


Final test accuracy: 0.80983966588974

Final test GAP RMS for gender: 0.143502339720726

Final test GAP RMS for race: 0.059190936386585236

Final test balanced accuracy: 0.8274596333503723



