2020-05-25 23:16:09.256133: W tensorflow/stream_executor/platform/default/dso_loader.cc:55] Could not load dynamic library 'libnvinfer.so.6'; dlerror: libnvinfer.so.6: cannot open shared object file: No such file or directory; LD_LIBRARY_PATH: /sw/arcts/centos7/python3.6-anaconda/5.2.0/lib:/opt/slurm/lib64::
2020-05-25 23:16:09.256864: W tensorflow/stream_executor/platform/default/dso_loader.cc:55] Could not load dynamic library 'libnvinfer_plugin.so.6'; dlerror: libnvinfer_plugin.so.6: cannot open shared object file: No such file or directory; LD_LIBRARY_PATH: /sw/arcts/centos7/python3.6-anaconda/5.2.0/lib:/opt/slurm/lib64::
2020-05-25 23:16:09.256876: W tensorflow/compiler/tf2tensorrt/utils/py_utils.cc:30] Cannot dlopen some TensorRT libraries. If you would like to use Nvidia GPU with TensorRT, please make sure the missing libraries mentioned above are installed properly.
2020-05-25 23:16:52.887609: W tensorflow/stream_executor/platform/default/dso_loader.cc:55] Could not load dynamic library 'libcuda.so.1'; dlerror: libcuda.so.1: cannot open shared object file: No such file or directory; LD_LIBRARY_PATH: /sw/arcts/centos7/python3.6-anaconda/5.2.0/lib:/opt/slurm/lib64::
2020-05-25 23:16:52.887775: E tensorflow/stream_executor/cuda/cuda_driver.cc:351] failed call to cuInit: UNKNOWN ERROR (303)
2020-05-25 23:16:52.887805: I tensorflow/stream_executor/cuda/cuda_diagnostics.cc:156] kernel driver does not appear to be running on this host (gl3082.arc-ts.umich.edu): /proc/driver/nvidia/version does not exist
2020-05-25 23:16:52.888497: I tensorflow/core/platform/cpu_feature_guard.cc:142] Your CPU supports instructions that this TensorFlow binary was not compiled to use: AVX2 AVX512F FMA
2020-05-25 23:16:52.902733: I tensorflow/core/platform/profile_utils/cpu_utils.cc:94] CPU Frequency: 3000000000 Hz
2020-05-25 23:16:52.903857: I tensorflow/compiler/xla/service/service.cc:168] XLA service 0x5637d710c140 initialized for platform Host (this does not guarantee that XLA will be used). Devices:
2020-05-25 23:16:52.903879: I tensorflow/compiler/xla/service/service.cc:176]   StreamExecutor device (0): Host, Default Version
/sw/arcts/centos7/python3.6-anaconda/5.2.0/lib/python3.6/site-packages/h5py/__init__.py:36: FutureWarning: Conversion of the second argument of issubdtype from `float` to `np.floating` is deprecated. In future, it will be treated as `np.float64 == np.dtype(float).type`.
  from ._conv import register_converters as _register_converters
WARNING:tensorflow:From /home/smaity/.local/lib/python3.6/site-packages/tensorflow_core/python/ops/array_grad.py:563: _EagerTensorBase.cpu (from tensorflow.python.framework.ops) is deprecated and will be removed in a future version.
Instructions for updating:
Use tf.identity instead.
2020-05-25 23:27:23.308585: W tensorflow/python/util/util.cc:319] Sets are not currently considered sequences, but this may change in the future, so consider avoiding using them.
WARNING:tensorflow:From /home/smaity/.local/lib/python3.6/site-packages/tensorflow_core/python/ops/resource_variable_ops.py:1786: calling BaseResourceVariable.__init__ (from tensorflow.python.ops.resource_variable_ops) with constraint is deprecated and will be removed in a future version.
Instructions for updating:
If using Keras pass *_constraint arguments to layers.
Done step 0
Done step 1
Done step 2
Done step 3
Done step 4
Done step 5
Done step 6
Done step 7
Done step 8
Done step 9
Done step 10
Done step 11
Done step 12
Done step 13
Done step 14
Done step 15
Done step 16
Done step 17
Done step 18
Done step 19
Done step 20
Done step 21
Done step 22
Done step 23
Done step 24
Done step 25
Done step 26
Done step 27
Done step 28
Done step 29
Done step 30
Done step 31
Done step 32
Done step 33
Done step 34
Done step 35
Done step 36
Done step 37
Done step 38
Done step 39
Done step 40
Done step 41
Done step 42
Done step 43
Done step 44
Done step 45
Done step 46
Done step 47
Done step 48
Done step 49
Done step 50
Done step 51
Done step 52
Done step 53
Done step 54
Done step 55
Done step 56
Done step 57
Done step 58
Done step 59
Done step 60
Done step 61
Done step 62
Done step 63
Done step 64
Done step 65
Done step 66
Done step 67
Done step 68
Done step 69
Done step 70
Done step 71
Done step 72
Done step 73
Done step 74
Done step 75
Done step 76
Done step 77
Done step 78
Done step 79
Done step 80
Done step 81
Done step 82
Done step 83
Done step 84
Done step 85
Done step 86
Done step 87
Done step 88
Done step 89
Done step 90
Done step 91
Done step 92
Done step 93
Done step 94
Done step 95
Done step 96
Done step 97
Done step 98
Done step 99
Done step 100
Done step 101
Done step 102
Done step 103
Done step 104
Done step 105
Done step 106
Done step 107
Done step 108
Done step 109
Done step 110
Done step 111
Done step 112
Done step 113
Done step 114
Done step 115
Done step 116
Done step 117
Done step 118
Done step 119
Done step 120
Done step 121
Done step 122
Done step 123
Done step 124
Done step 125
Done step 126
Done step 127
Done step 128
Done step 129
Done step 130
Done step 131
Done step 132
Done step 133
Done step 134
Done step 135
Done step 136
Done step 137
Done step 138
Done step 139
Done step 140
Done step 141
Done step 142
Done step 143
Done step 144
Done step 145
Done step 146
Done step 147
Done step 148
Done step 149
Done step 150
Done step 151
Done step 152
Done step 153
Done step 154
Done step 155
Done step 156
Done step 157
Done step 158
Done step 159
Done step 160
Done step 161
Done step 162
Done step 163
Done step 164
Done step 165
Done step 166
Done step 167
Done step 168
Done step 169
Done step 170
Done step 171
Done step 172
Done step 173
Done step 174
Done step 175
Done step 176
Done step 177
Done step 178
Done step 179
Done step 180
Done step 181
Done step 182
Done step 183
Done step 184
Done step 185
Done step 186
Done step 187
Done step 188
Done step 189
Done step 190
Done step 191
Done step 192
Done step 193
Done step 194
Done step 195
Done step 196
Done step 197
Done step 198
Done step 199
Done step 200
Done step 201
Done step 202
Done step 203
Done step 204
Done step 205
Done step 206
Done step 207
Done step 208
Done step 209
Done step 210
Done step 211
Done step 212
Done step 213
Done step 214
Done step 215
Done step 216
Done step 217
Done step 218
Done step 219
Done step 220
Done step 221
Done step 222
Done step 223
Done step 224
Done step 225
Done step 226
Done step 227
Done step 228
Done step 229
Done step 230
Done step 231
Done step 232
Done step 233
Done step 234
Done step 235
Done step 236
Done step 237
Done step 238
Done step 239
Done step 240
Done step 241
Done step 242
Done step 243
Done step 244
Done step 245
Done step 246
Done step 247
Done step 248
Done step 249
Test accuracy for step 250: 0.41749998927116394

Test GAP RMS for sextuality and step 250: 0.1713143289089203

Test GAP RMS for gender-identity and step 250: 0.34178656339645386

Test GAP RMS for religion and step 250: 0.27994897961616516

Test GAP RMS for race and step 250: 0.16879990696907043

Test balanced accuracy for step 250: 0.5568370223045349


Done step 250
Done step 251
Done step 252
Done step 253
Done step 254
Done step 255
Done step 256
Done step 257
Done step 258
Done step 259
Done step 260
Done step 261
Done step 262
Done step 263
Done step 264
Done step 265
Done step 266
Done step 267
Done step 268
Done step 269
Done step 270
Done step 271
Done step 272
Done step 273
Done step 274
Done step 275
Done step 276
Done step 277
Done step 278
Done step 279
Done step 280
Done step 281
Done step 282
Done step 283
Done step 284
Done step 285
Done step 286
Done step 287
Done step 288
Done step 289
Done step 290
Done step 291
Done step 292
Done step 293
Done step 294
Done step 295
Done step 296
Done step 297
Done step 298
Done step 299
Done step 300
Done step 301
Done step 302
Done step 303
Done step 304
Done step 305
Done step 306
Done step 307
Done step 308
Done step 309
Done step 310
Done step 311
Done step 312
Done step 313
Done step 314
Done step 315
Done step 316
Done step 317
Done step 318
Done step 319
Done step 320
Done step 321
Done step 322
Done step 323
Done step 324
Done step 325
Done step 326
Done step 327
Done step 328
Done step 329
Done step 330
Done step 331
Done step 332
Done step 333
Done step 334
Done step 335
Done step 336
Done step 337
Done step 338
Done step 339
Done step 340
Done step 341
Done step 342
Done step 343
Done step 344
Done step 345
Done step 346
Done step 347
Done step 348
Done step 349
Done step 350
Done step 351
Done step 352
Done step 353
Done step 354
Done step 355
Done step 356
Done step 357
Done step 358
Done step 359
Done step 360
Done step 361
Done step 362
Done step 363
Done step 364
Done step 365
Done step 366
Done step 367
Done step 368
Done step 369
Done step 370
Done step 371
Done step 372
Done step 373
Done step 374
Done step 375
Done step 376
Done step 377
Done step 378
Done step 379
Done step 380
Done step 381
Done step 382
Done step 383
Done step 384
Done step 385
Done step 386
Done step 387
Done step 388
Done step 389
Done step 390
Done step 391
Done step 392
Done step 393
Done step 394
Done step 395
Done step 396
Done step 397
Done step 398
Done step 399
Done step 400
Done step 401
Done step 402
Done step 403
Done step 404
Done step 405
Done step 406
Done step 407
Done step 408
Done step 409
Done step 410
Done step 411
Done step 412
Done step 413
Done step 414
Done step 415
Done step 416
Done step 417
Done step 418
Done step 419
Done step 420
Done step 421
Done step 422
Done step 423
Done step 424
Done step 425
Done step 426
Done step 427
Done step 428
Done step 429
Done step 430
Done step 431
Done step 432
Done step 433
Done step 434
Done step 435
Done step 436
Done step 437
Done step 438
Done step 439
Done step 440
Done step 441
Done step 442
Done step 443
Done step 444
Done step 445
Done step 446
Done step 447
Done step 448
Done step 449
Done step 450
Done step 451
Done step 452
Done step 453
Done step 454
Done step 455
Done step 456
Done step 457
Done step 458
Done step 459
Done step 460
Done step 461
Done step 462
Done step 463
Done step 464
Done step 465
Done step 466
Done step 467
Done step 468
Done step 469
Done step 470
Done step 471
Done step 472
Done step 473
Done step 474
Done step 475
Done step 476
Done step 477
Done step 478
Done step 479
Done step 480
Done step 481
Done step 482
Done step 483
Done step 484
Done step 485
Done step 486
Done step 487
Done step 488
Done step 489
Done step 490
Done step 491
Done step 492
Done step 493
Done step 494
Done step 495
Done step 496
Done step 497
Done step 498
Done step 499
Test accuracy for step 500: 0.9424999952316284

Test GAP RMS for sextuality and step 500: 0.1695619523525238

Test GAP RMS for gender-identity and step 500: 0.11461728066205978

Test GAP RMS for religion and step 500: 0.10746467858552933

Test GAP RMS for race and step 500: 0.16653861105442047

Test balanced accuracy for step 500: 0.7038724422454834


Done step 500
Done step 501
Done step 502
Done step 503
Done step 504
Done step 505
Done step 506
Done step 507
Done step 508
Done step 509
Done step 510
Done step 511
Done step 512
Done step 513
Done step 514
Done step 515
Done step 516
Done step 517
Done step 518
Done step 519
Done step 520
Done step 521
Done step 522
Done step 523
Done step 524
Done step 525
Done step 526
Done step 527
Done step 528
Done step 529
Done step 530
Done step 531
Done step 532
Done step 533
Done step 534
Done step 535
Done step 536
Done step 537
Done step 538
Done step 539
Done step 540
Done step 541
Done step 542
Done step 543
Done step 544
Done step 545
Done step 546
Done step 547
Done step 548
Done step 549
Done step 550
Done step 551
Done step 552
Done step 553
Done step 554
Done step 555
Done step 556
Done step 557
Done step 558
Done step 559
Done step 560
Done step 561
Done step 562
Done step 563
Done step 564
Done step 565
Done step 566
Done step 567
Done step 568
Done step 569
Done step 570
Done step 571
Done step 572
Done step 573
Done step 574
Done step 575
Done step 576
Done step 577
Done step 578
Done step 579
Done step 580
Done step 581
Done step 582
Done step 583
Done step 584
Done step 585
Done step 586
Done step 587
Done step 588
Done step 589
Done step 590
Done step 591
Done step 592
Done step 593
Done step 594
Done step 595
Done step 596
Done step 597
Done step 598
Done step 599
Done step 600
Done step 601
Done step 602
Done step 603
Done step 604
Done step 605
Done step 606
Done step 607
Done step 608
Done step 609
Done step 610
Done step 611
Done step 612
Done step 613
Done step 614
Done step 615
Done step 616
Done step 617
Done step 618
Done step 619
Done step 620
Done step 621
Done step 622
Done step 623
Done step 624
Done step 625
Done step 626
Done step 627
Done step 628
Done step 629
Done step 630
Done step 631
Done step 632
Done step 633
Done step 634
Done step 635
Done step 636
Done step 637
Done step 638
Done step 639
Done step 640
Done step 641
Done step 642
Done step 643
Done step 644
Done step 645
Done step 646
Done step 647
Done step 648
Done step 649
Done step 650
Done step 651
Done step 652
Done step 653
Done step 654
Done step 655
Done step 656
Done step 657
Done step 658
Done step 659
Done step 660
Done step 661
Done step 662
Done step 663
Done step 664
Done step 665
Done step 666
Done step 667
Done step 668
Done step 669
Done step 670
Done step 671
Done step 672
Done step 673
Done step 674
Done step 675
Done step 676
Done step 677
Done step 678
Done step 679
Done step 680
Done step 681
Done step 682
Done step 683
Done step 684
Done step 685
Done step 686
Done step 687
Done step 688
Done step 689
Done step 690
Done step 691
Done step 692
Done step 693
Done step 694
Done step 695
Done step 696
Done step 697
Done step 698
Done step 699
Done step 700
Done step 701
Done step 702
Done step 703
Done step 704
Done step 705
Done step 706
Done step 707
Done step 708
Done step 709
Done step 710
Done step 711
Done step 712
Done step 713
Done step 714
Done step 715
Done step 716
Done step 717
Done step 718
Done step 719
Done step 720
Done step 721
Done step 722
Done step 723
Done step 724
Done step 725
Done step 726
Done step 727
Done step 728
Done step 729
Done step 730
Done step 731
Done step 732
Done step 733
Done step 734
Done step 735
Done step 736
Done step 737
Done step 738
Done step 739
Done step 740
Done step 741
Done step 742
Done step 743
Done step 744
Done step 745
Done step 746
Done step 747
Done step 748
Done step 749
Test accuracy for step 750: 0.9487500190734863

Test GAP RMS for sextuality and step 750: 0.1192893236875534

Test GAP RMS for gender-identity and step 750: 0.020758163183927536

Test GAP RMS for religion and step 750: 0.038069985806941986

Test GAP RMS for race and step 750: 0.11055927723646164

Test balanced accuracy for step 750: 0.7653292417526245


Done step 750
Done step 751
Done step 752
Done step 753
Done step 754
Done step 755
Done step 756
Done step 757
Done step 758
Done step 759
Done step 760
Done step 761
Done step 762
Done step 763
Done step 764
Done step 765
Done step 766
Done step 767
Done step 768
Done step 769
Done step 770
Done step 771
Done step 772
Done step 773
Done step 774
Done step 775
Done step 776
Done step 777
Done step 778
Done step 779
Done step 780
Done step 781
Done step 782
Done step 783
Done step 784
Done step 785
Done step 786
Done step 787
Done step 788
Done step 789
Done step 790
Done step 791
Done step 792
Done step 793
Done step 794
Done step 795
Done step 796
Done step 797
Done step 798
Done step 799
Done step 800
Done step 801
Done step 802
Done step 803
Done step 804
Done step 805
Done step 806
Done step 807
Done step 808
Done step 809
Done step 810
Done step 811
Done step 812
Done step 813
Done step 814
Done step 815
Done step 816
Done step 817
Done step 818
Done step 819
Done step 820
Done step 821
Done step 822
Done step 823
Done step 824
Done step 825
Done step 826
Done step 827
Done step 828
Done step 829
Done step 830
Done step 831
Done step 832
Done step 833
Done step 834
Done step 835
Done step 836
Done step 837
Done step 838
Done step 839
Done step 840
Done step 841
Done step 842
Done step 843
Done step 844
Done step 845
Done step 846
Done step 847
Done step 848
Done step 849
Done step 850
Done step 851
Done step 852
Done step 853
Done step 854
Done step 855
Done step 856
Done step 857
Done step 858
Done step 859
Done step 860
Done step 861
Done step 862
Done step 863
Done step 864
Done step 865
Done step 866
Done step 867
Done step 868
Done step 869
Done step 870
Done step 871
Done step 872
Done step 873
Done step 874
Done step 875
Done step 876
Done step 877
Done step 878
Done step 879
Done step 880
Done step 881
Done step 882
Done step 883
Done step 884
Done step 885
Done step 886
Done step 887
Done step 888
Done step 889
Done step 890
Done step 891
Done step 892
Done step 893
Done step 894
Done step 895
Done step 896
Done step 897
Done step 898
Done step 899
Done step 900
Done step 901
Done step 902
Done step 903
Done step 904
Done step 905
Done step 906
Done step 907
Done step 908
Done step 909
Done step 910
Done step 911
Done step 912
Done step 913
Done step 914
Done step 915
Done step 916
Done step 917
Done step 918
Done step 919
Done step 920
Done step 921
Done step 922
Done step 923
Done step 924
Done step 925
Done step 926
Done step 927
Done step 928
Done step 929
Done step 930
Done step 931
Done step 932
Done step 933
Done step 934
Done step 935
Done step 936
Done step 937
Done step 938
Done step 939
Done step 940
Done step 941
Done step 942
Done step 943
Done step 944
Done step 945
Done step 946
Done step 947
Done step 948
Done step 949
Done step 950
Done step 951
Done step 952
Done step 953
Done step 954
Done step 955
Done step 956
Done step 957
Done step 958
Done step 959
Done step 960
Done step 961
Done step 962
Done step 963
Done step 964
Done step 965
Done step 966
Done step 967
Done step 968
Done step 969
Done step 970
Done step 971
Done step 972
Done step 973
Done step 974
Done step 975
Done step 976
Done step 977
Done step 978
Done step 979
Done step 980
Done step 981
Done step 982
Done step 983
Done step 984
Done step 985
Done step 986
Done step 987
Done step 988
Done step 989
Done step 990
Done step 991
Done step 992
Done step 993
Done step 994
Done step 995
Done step 996
Done step 997
Done step 998
Done step 999
{'epsilon': 0.01, 'lr': 0.0001, 'wlr': 0.0001, 'w_reg': 20}
Final test accuracy: 0.9443749785423279
Final test GAP RMS for sextuality: 0.14794054627418518
Final test GAP RMS for gender-identity: 0.08115345984697342
Final test GAP RMS for religion: 0.24646151065826416
Final test GAP RMS for race: 0.10165877640247345
Final test balanced accuracy: 0.7520675659179688


