2020-05-21 16:32:38.287085: W tensorflow/stream_executor/platform/default/dso_loader.cc:55] Could not load dynamic library 'libnvinfer.so.6'; dlerror: libnvinfer.so.6: cannot open shared object file: No such file or directory; LD_LIBRARY_PATH: /sw/arcts/centos7/python3.6-anaconda/5.2.0/lib:/opt/slurm/lib64::
2020-05-21 16:32:38.288512: W tensorflow/stream_executor/platform/default/dso_loader.cc:55] Could not load dynamic library 'libnvinfer_plugin.so.6'; dlerror: libnvinfer_plugin.so.6: cannot open shared object file: No such file or directory; LD_LIBRARY_PATH: /sw/arcts/centos7/python3.6-anaconda/5.2.0/lib:/opt/slurm/lib64::
2020-05-21 16:32:38.288524: W tensorflow/compiler/tf2tensorrt/utils/py_utils.cc:30] Cannot dlopen some TensorRT libraries. If you would like to use Nvidia GPU with TensorRT, please make sure the missing libraries mentioned above are installed properly.
2020-05-21 16:32:46.024092: W tensorflow/stream_executor/platform/default/dso_loader.cc:55] Could not load dynamic library 'libcuda.so.1'; dlerror: libcuda.so.1: cannot open shared object file: No such file or directory; LD_LIBRARY_PATH: /sw/arcts/centos7/python3.6-anaconda/5.2.0/lib:/opt/slurm/lib64::
2020-05-21 16:32:46.024245: E tensorflow/stream_executor/cuda/cuda_driver.cc:351] failed call to cuInit: UNKNOWN ERROR (303)
2020-05-21 16:32:46.024265: I tensorflow/stream_executor/cuda/cuda_diagnostics.cc:156] kernel driver does not appear to be running on this host (gl3149.arc-ts.umich.edu): /proc/driver/nvidia/version does not exist
2020-05-21 16:32:46.024580: I tensorflow/core/platform/cpu_feature_guard.cc:142] Your CPU supports instructions that this TensorFlow binary was not compiled to use: AVX2 AVX512F FMA
2020-05-21 16:32:46.031323: I tensorflow/core/platform/profile_utils/cpu_utils.cc:94] CPU Frequency: 3000000000 Hz
2020-05-21 16:32:46.031411: I tensorflow/compiler/xla/service/service.cc:168] XLA service 0x55ba4c27e470 initialized for platform Host (this does not guarantee that XLA will be used). Devices:
2020-05-21 16:32:46.031421: I tensorflow/compiler/xla/service/service.cc:176]   StreamExecutor device (0): Host, Default Version
/sw/arcts/centos7/python3.6-anaconda/5.2.0/lib/python3.6/site-packages/h5py/__init__.py:36: FutureWarning: Conversion of the second argument of issubdtype from `float` to `np.floating` is deprecated. In future, it will be treated as `np.float64 == np.dtype(float).type`.
  from ._conv import register_converters as _register_converters
WARNING:tensorflow:From /home/smaity/.local/lib/python3.6/site-packages/tensorflow_core/python/ops/array_grad.py:563: _EagerTensorBase.cpu (from tensorflow.python.framework.ops) is deprecated and will be removed in a future version.
Instructions for updating:
Use tf.identity instead.
2020-05-21 16:58:47.307938: W tensorflow/python/util/util.cc:319] Sets are not currently considered sequences, but this may change in the future, so consider avoiding using them.
WARNING:tensorflow:From /home/smaity/.local/lib/python3.6/site-packages/tensorflow_core/python/ops/resource_variable_ops.py:1786: calling BaseResourceVariable.__init__ (from tensorflow.python.ops.resource_variable_ops) with constraint is deprecated and will be removed in a future version.
Instructions for updating:
If using Keras pass *_constraint arguments to layers.
Test accuracy for step 250: 0.6195688247680664

Test GAP RMS for gender and step 250: 0.12707580626010895

Test GAP RMS for race and step 250: 0.014148896560072899

Test balanced accuracy for step 250: 0.4770456552505493


Test accuracy for step 500: 0.8411276936531067

Test GAP RMS for gender and step 500: 0.2276303470134735

Test GAP RMS for race and step 500: 0.0687660425901413

Test balanced accuracy for step 500: 0.7765145301818848


Test accuracy for step 750: 0.844112753868103

Test GAP RMS for gender and step 750: 0.08867461234331131

Test GAP RMS for race and step 750: 0.05202576518058777

Test balanced accuracy for step 750: 0.7905250787734985


Test accuracy for step 1000: 0.8454394936561584

Test GAP RMS for gender and step 1000: 0.06500513851642609

Test GAP RMS for race and step 1000: 0.032689161598682404

Test balanced accuracy for step 1000: 0.7816779613494873


Test accuracy for step 1250: 0.8470978736877441

Test GAP RMS for gender and step 1250: 0.06730051338672638

Test GAP RMS for race and step 1250: 0.035621579736471176

Test balanced accuracy for step 1250: 0.781230092048645


Test accuracy for step 1500: 0.8485351204872131

Test GAP RMS for gender and step 1500: 0.06211164593696594

Test GAP RMS for race and step 1500: 0.043174076825380325

Test balanced accuracy for step 1500: 0.7869641780853271


Test accuracy for step 1750: 0.8461028337478638

Test GAP RMS for gender and step 1750: 0.07686720788478851

Test GAP RMS for race and step 1750: 0.04714913293719292

Test balanced accuracy for step 1750: 0.795080840587616


Test accuracy for step 2000: 0.8462134003639221

Test GAP RMS for gender and step 2000: 0.0768238827586174

Test GAP RMS for race and step 2000: 0.052705634385347366

Test balanced accuracy for step 2000: 0.7949995398521423


Test accuracy for step 2250: 0.8470978736877441

Test GAP RMS for gender and step 2250: 0.07595203816890717

Test GAP RMS for race and step 2250: 0.05142482742667198

Test balanced accuracy for step 2250: 0.7915709614753723


Test accuracy for step 2500: 0.8496406674385071

Test GAP RMS for gender and step 2500: 0.06392525136470795

Test GAP RMS for race and step 2500: 0.04436376690864563

Test balanced accuracy for step 2500: 0.7910900115966797


Test accuracy for step 2750: 0.8480928540229797

Test GAP RMS for gender and step 2750: 0.06725282222032547

Test GAP RMS for race and step 2750: 0.04733118787407875

Test balanced accuracy for step 2750: 0.7911478877067566


Test accuracy for step 3000: 0.846434473991394

Test GAP RMS for gender and step 3000: 0.07269056141376495

Test GAP RMS for race and step 3000: 0.04959595948457718

Test balanced accuracy for step 3000: 0.7888176441192627


Test accuracy for step 3250: 0.8485351204872131

Test GAP RMS for gender and step 3250: 0.0676887109875679

Test GAP RMS for race and step 3250: 0.049828097224235535

Test balanced accuracy for step 3250: 0.7880445122718811


Test accuracy for step 3500: 0.8490878939628601

Test GAP RMS for gender and step 3500: 0.0660257637500763

Test GAP RMS for race and step 3500: 0.04718761891126633

Test balanced accuracy for step 3500: 0.7930399179458618


Test accuracy for step 3750: 0.8488667607307434

Test GAP RMS for gender and step 3750: 0.06772412359714508

Test GAP RMS for race and step 3750: 0.05250343307852745

Test balanced accuracy for step 3750: 0.7965980768203735


Test accuracy for step 4000: 0.8484245538711548

Test GAP RMS for gender and step 4000: 0.06291158497333527

Test GAP RMS for race and step 4000: 0.0437270849943161

Test balanced accuracy for step 4000: 0.7885888814926147


Test accuracy for step 4250: 0.845550000667572

Test GAP RMS for gender and step 4250: 0.07066217064857483

Test GAP RMS for race and step 4250: 0.05490725114941597

Test balanced accuracy for step 4250: 0.7900854349136353


Test accuracy for step 4500: 0.8506357073783875

Test GAP RMS for gender and step 4500: 0.05955958366394043

Test GAP RMS for race and step 4500: 0.04123957082629204

Test balanced accuracy for step 4500: 0.7864997386932373


Test accuracy for step 4750: 0.8479822874069214

Test GAP RMS for gender and step 4750: 0.06740734726190567

Test GAP RMS for race and step 4750: 0.05754626542329788

Test balanced accuracy for step 4750: 0.7960137724876404


Test accuracy for step 5000: 0.8461028337478638

Test GAP RMS for gender and step 5000: 0.07157924771308899

Test GAP RMS for race and step 5000: 0.055657826364040375

Test balanced accuracy for step 5000: 0.7944635152816772


Test accuracy for step 5250: 0.8459922671318054

Test GAP RMS for gender and step 5250: 0.07124443352222443

Test GAP RMS for race and step 5250: 0.05946594476699829

Test balanced accuracy for step 5250: 0.7951622009277344


Test accuracy for step 5500: 0.8486456871032715

Test GAP RMS for gender and step 5500: 0.06754085421562195

Test GAP RMS for race and step 5500: 0.05102892220020294

Test balanced accuracy for step 5500: 0.7944455146789551


Test accuracy for step 5750: 0.844997227191925

Test GAP RMS for gender and step 5750: 0.07272713631391525

Test GAP RMS for race and step 5750: 0.05716528743505478

Test balanced accuracy for step 5750: 0.798209011554718


Test accuracy for step 6000: 0.8451077938079834

Test GAP RMS for gender and step 6000: 0.07404208183288574

Test GAP RMS for race and step 6000: 0.060498129576444626

Test balanced accuracy for step 6000: 0.7978190183639526


Test accuracy for step 6250: 0.846434473991394

Test GAP RMS for gender and step 6250: 0.07373479008674622

Test GAP RMS for race and step 6250: 0.059439972043037415

Test balanced accuracy for step 6250: 0.7973063588142395


Test accuracy for step 6500: 0.843228280544281

Test GAP RMS for gender and step 6500: 0.08335443586111069

Test GAP RMS for race and step 6500: 0.06232278048992157

Test balanced accuracy for step 6500: 0.8002816438674927


Test accuracy for step 6750: 0.8462134003639221

Test GAP RMS for gender and step 6750: 0.07514573633670807

Test GAP RMS for race and step 6750: 0.059423211961984634

Test balanced accuracy for step 6750: 0.799938440322876


Test accuracy for step 7000: 0.841238260269165

Test GAP RMS for gender and step 7000: 0.08345787972211838

Test GAP RMS for race and step 7000: 0.05942267179489136

Test balanced accuracy for step 7000: 0.803288459777832


Test accuracy for step 7250: 0.8438916802406311

Test GAP RMS for gender and step 7250: 0.07843214273452759

Test GAP RMS for race and step 7250: 0.055996380746364594

Test balanced accuracy for step 7250: 0.8004111051559448


Test accuracy for step 7500: 0.8430072069168091

Test GAP RMS for gender and step 7500: 0.08455032110214233

Test GAP RMS for race and step 7500: 0.050268374383449554

Test balanced accuracy for step 7500: 0.8015245795249939


Test accuracy for step 7750: 0.8438916802406311

Test GAP RMS for gender and step 7750: 0.07990025728940964

Test GAP RMS for race and step 7750: 0.05850585550069809

Test balanced accuracy for step 7750: 0.8018001914024353


{'epsilon': 0.1, 'lr': 0.0001, 'wlr': 0.0001, 'w_reg': 10.0}
Final test accuracy: 0.843559980392456
Final test GAP RMS for gender: 0.07958425581455231
Final test GAP RMS for race: 0.06310688704252243
Final test balanced accuracy: 0.801581084728241


