2020-05-21 16:32:43.748326: W tensorflow/stream_executor/platform/default/dso_loader.cc:55] Could not load dynamic library 'libnvinfer.so.6'; dlerror: libnvinfer.so.6: cannot open shared object file: No such file or directory; LD_LIBRARY_PATH: /sw/arcts/centos7/python3.6-anaconda/5.2.0/lib:/opt/slurm/lib64::
2020-05-21 16:32:43.748441: W tensorflow/stream_executor/platform/default/dso_loader.cc:55] Could not load dynamic library 'libnvinfer_plugin.so.6'; dlerror: libnvinfer_plugin.so.6: cannot open shared object file: No such file or directory; LD_LIBRARY_PATH: /sw/arcts/centos7/python3.6-anaconda/5.2.0/lib:/opt/slurm/lib64::
2020-05-21 16:32:43.748451: W tensorflow/compiler/tf2tensorrt/utils/py_utils.cc:30] Cannot dlopen some TensorRT libraries. If you would like to use Nvidia GPU with TensorRT, please make sure the missing libraries mentioned above are installed properly.
2020-05-21 16:32:50.794734: W tensorflow/stream_executor/platform/default/dso_loader.cc:55] Could not load dynamic library 'libcuda.so.1'; dlerror: libcuda.so.1: cannot open shared object file: No such file or directory; LD_LIBRARY_PATH: /sw/arcts/centos7/python3.6-anaconda/5.2.0/lib:/opt/slurm/lib64::
2020-05-21 16:32:50.794994: E tensorflow/stream_executor/cuda/cuda_driver.cc:351] failed call to cuInit: UNKNOWN ERROR (303)
2020-05-21 16:32:50.795039: I tensorflow/stream_executor/cuda/cuda_diagnostics.cc:156] kernel driver does not appear to be running on this host (gl3264.arc-ts.umich.edu): /proc/driver/nvidia/version does not exist
2020-05-21 16:32:50.795551: I tensorflow/core/platform/cpu_feature_guard.cc:142] Your CPU supports instructions that this TensorFlow binary was not compiled to use: AVX2 AVX512F FMA
2020-05-21 16:32:50.804000: I tensorflow/core/platform/profile_utils/cpu_utils.cc:94] CPU Frequency: 3000000000 Hz
2020-05-21 16:32:50.804155: I tensorflow/compiler/xla/service/service.cc:168] XLA service 0x55b27ee402d0 initialized for platform Host (this does not guarantee that XLA will be used). Devices:
2020-05-21 16:32:50.804171: I tensorflow/compiler/xla/service/service.cc:176]   StreamExecutor device (0): Host, Default Version
/sw/arcts/centos7/python3.6-anaconda/5.2.0/lib/python3.6/site-packages/h5py/__init__.py:36: FutureWarning: Conversion of the second argument of issubdtype from `float` to `np.floating` is deprecated. In future, it will be treated as `np.float64 == np.dtype(float).type`.
  from ._conv import register_converters as _register_converters
WARNING:tensorflow:From /home/smaity/.local/lib/python3.6/site-packages/tensorflow_core/python/ops/array_grad.py:563: _EagerTensorBase.cpu (from tensorflow.python.framework.ops) is deprecated and will be removed in a future version.
Instructions for updating:
Use tf.identity instead.
2020-05-21 16:59:00.533019: W tensorflow/python/util/util.cc:319] Sets are not currently considered sequences, but this may change in the future, so consider avoiding using them.
WARNING:tensorflow:From /home/smaity/.local/lib/python3.6/site-packages/tensorflow_core/python/ops/resource_variable_ops.py:1786: calling BaseResourceVariable.__init__ (from tensorflow.python.ops.resource_variable_ops) with constraint is deprecated and will be removed in a future version.
Instructions for updating:
If using Keras pass *_constraint arguments to layers.
Test accuracy for step 250: 0.6195688247680664

Test GAP RMS for gender and step 250: 0.12707580626010895

Test GAP RMS for race and step 250: 0.014148896560072899

Test balanced accuracy for step 250: 0.4770456552505493


Test accuracy for step 500: 0.8263128995895386

Test GAP RMS for gender and step 500: 0.3657359480857849

Test GAP RMS for race and step 500: 0.10725156217813492

Test balanced accuracy for step 500: 0.7766056060791016


Test accuracy for step 750: 0.8370370268821716

Test GAP RMS for gender and step 750: 0.2789073586463928

Test GAP RMS for race and step 750: 0.07416246831417084

Test balanced accuracy for step 750: 0.7883202433586121


Test accuracy for step 1000: 0.8436705470085144

Test GAP RMS for gender and step 1000: 0.24794767796993256

Test GAP RMS for race and step 1000: 0.08061131089925766

Test balanced accuracy for step 1000: 0.782207190990448


Test accuracy for step 1250: 0.8459922671318054

Test GAP RMS for gender and step 1250: 0.24452617764472961

Test GAP RMS for race and step 1250: 0.08275244385004044

Test balanced accuracy for step 1250: 0.7849756479263306


Test accuracy for step 1500: 0.8467661738395691

Test GAP RMS for gender and step 1500: 0.23498673737049103

Test GAP RMS for race and step 1500: 0.08476860821247101

Test balanced accuracy for step 1500: 0.7911975383758545


Test accuracy for step 1750: 0.8456605672836304

Test GAP RMS for gender and step 1750: 0.24274000525474548

Test GAP RMS for race and step 1750: 0.07866606116294861

Test balanced accuracy for step 1750: 0.7903128266334534


Test accuracy for step 2000: 0.8456605672836304

Test GAP RMS for gender and step 2000: 0.23885133862495422

Test GAP RMS for race and step 2000: 0.06886683404445648

Test balanced accuracy for step 2000: 0.7906215190887451


Test accuracy for step 2250: 0.8469873070716858

Test GAP RMS for gender and step 2250: 0.22739771008491516

Test GAP RMS for race and step 2250: 0.06936807185411453

Test balanced accuracy for step 2250: 0.7837808728218079


Test accuracy for step 2500: 0.8474295139312744

Test GAP RMS for gender and step 2500: 0.21536439657211304

Test GAP RMS for race and step 2500: 0.06865453720092773

Test balanced accuracy for step 2500: 0.7871598601341248


Test accuracy for step 2750: 0.8466556072235107

Test GAP RMS for gender and step 2750: 0.21974128484725952

Test GAP RMS for race and step 2750: 0.05686071142554283

Test balanced accuracy for step 2750: 0.7915874719619751


Test accuracy for step 3000: 0.8452183604240417

Test GAP RMS for gender and step 3000: 0.22480636835098267

Test GAP RMS for race and step 3000: 0.06141703948378563

Test balanced accuracy for step 3000: 0.7894033193588257


Test accuracy for step 3250: 0.8470978736877441

Test GAP RMS for gender and step 3250: 0.2206227332353592

Test GAP RMS for race and step 3250: 0.06624805182218552

Test balanced accuracy for step 3250: 0.7867864370346069


Test accuracy for step 3500: 0.8474295139312744

Test GAP RMS for gender and step 3500: 0.20010235905647278

Test GAP RMS for race and step 3500: 0.06266254186630249

Test balanced accuracy for step 3500: 0.788394570350647


Test accuracy for step 3750: 0.8458817005157471

Test GAP RMS for gender and step 3750: 0.2014145404100418

Test GAP RMS for race and step 3750: 0.06420294940471649

Test balanced accuracy for step 3750: 0.7916936278343201


Test accuracy for step 4000: 0.8470978736877441

Test GAP RMS for gender and step 4000: 0.20820903778076172

Test GAP RMS for race and step 4000: 0.06174355745315552

Test balanced accuracy for step 4000: 0.7857060432434082


Test accuracy for step 4250: 0.8461028337478638

Test GAP RMS for gender and step 4250: 0.20880982279777527

Test GAP RMS for race and step 4250: 0.05897962674498558

Test balanced accuracy for step 4250: 0.7867464423179626


Test accuracy for step 4500: 0.8505251407623291

Test GAP RMS for gender and step 4500: 0.1903693526983261

Test GAP RMS for race and step 4500: 0.054693322628736496

Test balanced accuracy for step 4500: 0.7802530527114868


Test accuracy for step 4750: 0.8463239073753357

Test GAP RMS for gender and step 4750: 0.19389916956424713

Test GAP RMS for race and step 4750: 0.05782953277230263

Test balanced accuracy for step 4750: 0.7884359359741211


Test accuracy for step 5000: 0.8476506471633911

Test GAP RMS for gender and step 5000: 0.19188913702964783

Test GAP RMS for race and step 5000: 0.059848956763744354

Test balanced accuracy for step 5000: 0.787151575088501


Test accuracy for step 5250: 0.8473189473152161

Test GAP RMS for gender and step 5250: 0.19295839965343475

Test GAP RMS for race and step 5250: 0.06078486889600754

Test balanced accuracy for step 5250: 0.7872411012649536


Test accuracy for step 5500: 0.8487561941146851

Test GAP RMS for gender and step 5500: 0.18322701752185822

Test GAP RMS for race and step 5500: 0.06372789293527603

Test balanced accuracy for step 5500: 0.7892709970474243


Test accuracy for step 5750: 0.8466556072235107

Test GAP RMS for gender and step 5750: 0.18390914797782898

Test GAP RMS for race and step 5750: 0.06500943750143051

Test balanced accuracy for step 5750: 0.7901984453201294


Test accuracy for step 6000: 0.8437811136245728

Test GAP RMS for gender and step 6000: 0.20093102753162384

Test GAP RMS for race and step 6000: 0.05959360674023628

Test balanced accuracy for step 6000: 0.7929297685623169


Test accuracy for step 6250: 0.8452183604240417

Test GAP RMS for gender and step 6250: 0.1996985673904419

Test GAP RMS for race and step 6250: 0.060396019369363785

Test balanced accuracy for step 6250: 0.7912554144859314


Test accuracy for step 6500: 0.8446655869483948

Test GAP RMS for gender and step 6500: 0.19737403094768524

Test GAP RMS for race and step 6500: 0.06430725008249283

Test balanced accuracy for step 6500: 0.7911989092826843


Test accuracy for step 6750: 0.8473189473152161

Test GAP RMS for gender and step 6750: 0.18449798226356506

Test GAP RMS for race and step 6750: 0.06508529931306839

Test balanced accuracy for step 6750: 0.7895562648773193


Test accuracy for step 7000: 0.8447760939598083

Test GAP RMS for gender and step 7000: 0.18083781003952026

Test GAP RMS for race and step 7000: 0.06056300923228264

Test balanced accuracy for step 7000: 0.7931240797042847


Test accuracy for step 7250: 0.8466556072235107

Test GAP RMS for gender and step 7250: 0.17624184489250183

Test GAP RMS for race and step 7250: 0.054725926369428635

Test balanced accuracy for step 7250: 0.7940569519996643


Test accuracy for step 7500: 0.8456605672836304

Test GAP RMS for gender and step 7500: 0.18639221787452698

Test GAP RMS for race and step 7500: 0.05778512358665466

Test balanced accuracy for step 7500: 0.7920105457305908


Test accuracy for step 7750: 0.8452183604240417

Test GAP RMS for gender and step 7750: 0.17666108906269073

Test GAP RMS for race and step 7750: 0.06237475574016571

Test balanced accuracy for step 7750: 0.7958856225013733


{'epsilon': 0.001, 'lr': 0.0001, 'wlr': 1e-06, 'w_reg': 40.0}
Final test accuracy: 0.8447760939598083
Final test GAP RMS for gender: 0.1672677993774414
Final test GAP RMS for race: 0.059462469071149826
Final test balanced accuracy: 0.7983716130256653


