2020-05-21 16:32:44.739904: W tensorflow/stream_executor/platform/default/dso_loader.cc:55] Could not load dynamic library 'libnvinfer.so.6'; dlerror: libnvinfer.so.6: cannot open shared object file: No such file or directory; LD_LIBRARY_PATH: /sw/arcts/centos7/python3.6-anaconda/5.2.0/lib:/opt/slurm/lib64::
2020-05-21 16:32:44.740636: W tensorflow/stream_executor/platform/default/dso_loader.cc:55] Could not load dynamic library 'libnvinfer_plugin.so.6'; dlerror: libnvinfer_plugin.so.6: cannot open shared object file: No such file or directory; LD_LIBRARY_PATH: /sw/arcts/centos7/python3.6-anaconda/5.2.0/lib:/opt/slurm/lib64::
2020-05-21 16:32:44.740650: W tensorflow/compiler/tf2tensorrt/utils/py_utils.cc:30] Cannot dlopen some TensorRT libraries. If you would like to use Nvidia GPU with TensorRT, please make sure the missing libraries mentioned above are installed properly.
2020-05-21 16:32:50.550944: W tensorflow/stream_executor/platform/default/dso_loader.cc:55] Could not load dynamic library 'libcuda.so.1'; dlerror: libcuda.so.1: cannot open shared object file: No such file or directory; LD_LIBRARY_PATH: /sw/arcts/centos7/python3.6-anaconda/5.2.0/lib:/opt/slurm/lib64::
2020-05-21 16:32:50.551134: E tensorflow/stream_executor/cuda/cuda_driver.cc:351] failed call to cuInit: UNKNOWN ERROR (303)
2020-05-21 16:32:50.551156: I tensorflow/stream_executor/cuda/cuda_diagnostics.cc:156] kernel driver does not appear to be running on this host (gl3167.arc-ts.umich.edu): /proc/driver/nvidia/version does not exist
2020-05-21 16:32:50.551469: I tensorflow/core/platform/cpu_feature_guard.cc:142] Your CPU supports instructions that this TensorFlow binary was not compiled to use: AVX2 AVX512F FMA
2020-05-21 16:32:50.558456: I tensorflow/core/platform/profile_utils/cpu_utils.cc:94] CPU Frequency: 3000000000 Hz
2020-05-21 16:32:50.558551: I tensorflow/compiler/xla/service/service.cc:168] XLA service 0x55eec5e62430 initialized for platform Host (this does not guarantee that XLA will be used). Devices:
2020-05-21 16:32:50.558562: I tensorflow/compiler/xla/service/service.cc:176]   StreamExecutor device (0): Host, Default Version
/sw/arcts/centos7/python3.6-anaconda/5.2.0/lib/python3.6/site-packages/h5py/__init__.py:36: FutureWarning: Conversion of the second argument of issubdtype from `float` to `np.floating` is deprecated. In future, it will be treated as `np.float64 == np.dtype(float).type`.
  from ._conv import register_converters as _register_converters
WARNING:tensorflow:From /home/smaity/.local/lib/python3.6/site-packages/tensorflow_core/python/ops/array_grad.py:563: _EagerTensorBase.cpu (from tensorflow.python.framework.ops) is deprecated and will be removed in a future version.
Instructions for updating:
Use tf.identity instead.
2020-05-21 16:59:13.725433: W tensorflow/python/util/util.cc:319] Sets are not currently considered sequences, but this may change in the future, so consider avoiding using them.
WARNING:tensorflow:From /home/smaity/.local/lib/python3.6/site-packages/tensorflow_core/python/ops/resource_variable_ops.py:1786: calling BaseResourceVariable.__init__ (from tensorflow.python.ops.resource_variable_ops) with constraint is deprecated and will be removed in a future version.
Instructions for updating:
If using Keras pass *_constraint arguments to layers.
Test accuracy for step 250: 0.6170259714126587

Test GAP RMS for gender and step 250: 0.12817449867725372

Test GAP RMS for race and step 250: 0.018871748819947243

Test balanced accuracy for step 250: 0.48184818029403687


Test accuracy for step 500: 0.8405749201774597

Test GAP RMS for gender and step 500: 0.06969000399112701

Test GAP RMS for race and step 500: 0.04155611991882324

Test balanced accuracy for step 500: 0.7784644365310669


Test accuracy for step 750: 0.8425649404525757

Test GAP RMS for gender and step 750: 0.06372751295566559

Test GAP RMS for race and step 750: 0.02613658457994461

Test balanced accuracy for step 750: 0.7722164392471313


Test accuracy for step 1000: 0.8434494137763977

Test GAP RMS for gender and step 1000: 0.06806930154561996

Test GAP RMS for race and step 1000: 0.017077799886465073

Test balanced accuracy for step 1000: 0.7613794803619385


Test accuracy for step 1250: 0.8466556072235107

Test GAP RMS for gender and step 1250: 0.07774793356657028

Test GAP RMS for race and step 1250: 0.01625862345099449

Test balanced accuracy for step 1250: 0.7604106664657593


Test accuracy for step 1500: 0.8483139872550964

Test GAP RMS for gender and step 1500: 0.0725865587592125

Test GAP RMS for race and step 1500: 0.014867143705487251

Test balanced accuracy for step 1500: 0.7639756798744202


Test accuracy for step 1750: 0.8493090271949768

Test GAP RMS for gender and step 1750: 0.06926435232162476

Test GAP RMS for race and step 1750: 0.020222783088684082

Test balanced accuracy for step 1750: 0.7587680220603943


Test accuracy for step 2000: 0.8506357073783875

Test GAP RMS for gender and step 2000: 0.07017093151807785

Test GAP RMS for race and step 2000: 0.022436151280999184

Test balanced accuracy for step 2000: 0.7579467296600342


Test accuracy for step 2250: 0.8501935005187988

Test GAP RMS for gender and step 2250: 0.07127629965543747

Test GAP RMS for race and step 2250: 0.019670551642775536

Test balanced accuracy for step 2250: 0.7534873485565186


Test accuracy for step 2500: 0.8508568406105042

Test GAP RMS for gender and step 2500: 0.06686756014823914

Test GAP RMS for race and step 2500: 0.018521271646022797

Test balanced accuracy for step 2500: 0.7574754357337952


Test accuracy for step 2750: 0.8505251407623291

Test GAP RMS for gender and step 2750: 0.07221999764442444

Test GAP RMS for race and step 2750: 0.02220568060874939

Test balanced accuracy for step 2750: 0.7544782161712646


Test accuracy for step 3000: 0.8514096140861511

Test GAP RMS for gender and step 3000: 0.06846363097429276

Test GAP RMS for race and step 3000: 0.02121100202202797

Test balanced accuracy for step 3000: 0.7522843480110168


Test accuracy for step 3250: 0.8510779142379761

Test GAP RMS for gender and step 3250: 0.06739836931228638

Test GAP RMS for race and step 3250: 0.015297764912247658

Test balanced accuracy for step 3250: 0.7458915710449219


Test accuracy for step 3500: 0.8515201807022095

Test GAP RMS for gender and step 3500: 0.07090681046247482

Test GAP RMS for race and step 3500: 0.021664323285222054

Test balanced accuracy for step 3500: 0.7491161823272705


Test accuracy for step 3750: 0.8516307473182678

Test GAP RMS for gender and step 3750: 0.07155008614063263

Test GAP RMS for race and step 3750: 0.01898691989481449

Test balanced accuracy for step 3750: 0.7521216869354248


Test accuracy for step 4000: 0.8521835207939148

Test GAP RMS for gender and step 4000: 0.07136203348636627

Test GAP RMS for race and step 4000: 0.012777269817888737

Test balanced accuracy for step 4000: 0.747856616973877


Test accuracy for step 4250: 0.8473189473152161

Test GAP RMS for gender and step 4250: 0.07365192472934723

Test GAP RMS for race and step 4250: 0.014164941385388374

Test balanced accuracy for step 4250: 0.733993649482727


Test accuracy for step 4500: 0.8477612137794495

Test GAP RMS for gender and step 4500: 0.06859391182661057

Test GAP RMS for race and step 4500: 0.013414731249213219

Test balanced accuracy for step 4500: 0.7352117896080017


Test accuracy for step 4750: 0.8505251407623291

Test GAP RMS for gender and step 4750: 0.08221502602100372

Test GAP RMS for race and step 4750: 0.012389601208269596

Test balanced accuracy for step 4750: 0.7453720569610596


Test accuracy for step 5000: 0.8477612137794495

Test GAP RMS for gender and step 5000: 0.07266722619533539

Test GAP RMS for race and step 5000: 0.010616634041070938

Test balanced accuracy for step 5000: 0.7335140705108643


Test accuracy for step 5250: 0.8506357073783875

Test GAP RMS for gender and step 5250: 0.06641595810651779

Test GAP RMS for race and step 5250: 0.020408891141414642

Test balanced accuracy for step 5250: 0.7446733713150024


Test accuracy for step 5500: 0.8489773273468018

Test GAP RMS for gender and step 5500: 0.07398296147584915

Test GAP RMS for race and step 5500: 0.015561743639409542

Test balanced accuracy for step 5500: 0.7391020059585571


Test accuracy for step 5750: 0.8498618006706238

Test GAP RMS for gender and step 5750: 0.07694875448942184

Test GAP RMS for race and step 5750: 0.017924917861819267

Test balanced accuracy for step 5750: 0.741538405418396


Test accuracy for step 6000: 0.8498618006706238

Test GAP RMS for gender and step 6000: 0.07547884434461594

Test GAP RMS for race and step 6000: 0.022246940061450005

Test balanced accuracy for step 6000: 0.7433904409408569


Test accuracy for step 6250: 0.8489773273468018

Test GAP RMS for gender and step 6250: 0.07930204272270203

Test GAP RMS for race and step 6250: 0.015867019072175026

Test balanced accuracy for step 6250: 0.7380216121673584


Test accuracy for step 6500: 0.8495301008224487

Test GAP RMS for gender and step 6500: 0.07694513350725174

Test GAP RMS for race and step 6500: 0.01753736101090908

Test balanced accuracy for step 6500: 0.7393128275871277


Test accuracy for step 6750: 0.8488667607307434

Test GAP RMS for gender and step 6750: 0.07515380531549454

Test GAP RMS for race and step 6750: 0.01976029761135578

Test balanced accuracy for step 6750: 0.739646315574646


Test accuracy for step 7000: 0.8491984605789185

Test GAP RMS for gender and step 7000: 0.07434260845184326

Test GAP RMS for race and step 7000: 0.015376019291579723

Test balanced accuracy for step 7000: 0.7392480373382568


Test accuracy for step 7250: 0.8485351204872131

Test GAP RMS for gender and step 7250: 0.07533678412437439

Test GAP RMS for race and step 7250: 0.017746374011039734

Test balanced accuracy for step 7250: 0.7338709831237793


Test accuracy for step 7500: 0.8485351204872131

Test GAP RMS for gender and step 7500: 0.0774453654885292

Test GAP RMS for race and step 7500: 0.012336811050772667

Test balanced accuracy for step 7500: 0.7361860275268555


Test accuracy for step 7750: 0.8490878939628601

Test GAP RMS for gender and step 7750: 0.07207690924406052

Test GAP RMS for race and step 7750: 0.017851941287517548

Test balanced accuracy for step 7750: 0.7390207052230835


{'epsilon': 0.001, 'lr': 0.0001, 'wlr': 0.001, 'w_reg': 60.0}
Final test accuracy: 0.8483139872550964
Final test GAP RMS for gender: 0.07331813126802444
Final test GAP RMS for race: 0.015608925372362137
Final test balanced accuracy: 0.735731303691864


