2020-05-21 16:32:43.114021: W tensorflow/stream_executor/platform/default/dso_loader.cc:55] Could not load dynamic library 'libnvinfer.so.6'; dlerror: libnvinfer.so.6: cannot open shared object file: No such file or directory; LD_LIBRARY_PATH: /sw/arcts/centos7/python3.6-anaconda/5.2.0/lib:/opt/slurm/lib64::
2020-05-21 16:32:43.114119: W tensorflow/stream_executor/platform/default/dso_loader.cc:55] Could not load dynamic library 'libnvinfer_plugin.so.6'; dlerror: libnvinfer_plugin.so.6: cannot open shared object file: No such file or directory; LD_LIBRARY_PATH: /sw/arcts/centos7/python3.6-anaconda/5.2.0/lib:/opt/slurm/lib64::
2020-05-21 16:32:43.114129: W tensorflow/compiler/tf2tensorrt/utils/py_utils.cc:30] Cannot dlopen some TensorRT libraries. If you would like to use Nvidia GPU with TensorRT, please make sure the missing libraries mentioned above are installed properly.
2020-05-21 16:32:52.985913: W tensorflow/stream_executor/platform/default/dso_loader.cc:55] Could not load dynamic library 'libcuda.so.1'; dlerror: libcuda.so.1: cannot open shared object file: No such file or directory; LD_LIBRARY_PATH: /sw/arcts/centos7/python3.6-anaconda/5.2.0/lib:/opt/slurm/lib64::
2020-05-21 16:32:52.986671: E tensorflow/stream_executor/cuda/cuda_driver.cc:351] failed call to cuInit: UNKNOWN ERROR (303)
2020-05-21 16:32:52.986695: I tensorflow/stream_executor/cuda/cuda_diagnostics.cc:156] kernel driver does not appear to be running on this host (gl3108.arc-ts.umich.edu): /proc/driver/nvidia/version does not exist
2020-05-21 16:32:52.987049: I tensorflow/core/platform/cpu_feature_guard.cc:142] Your CPU supports instructions that this TensorFlow binary was not compiled to use: AVX2 AVX512F FMA
2020-05-21 16:32:52.994099: I tensorflow/core/platform/profile_utils/cpu_utils.cc:94] CPU Frequency: 3000000000 Hz
2020-05-21 16:32:52.994206: I tensorflow/compiler/xla/service/service.cc:168] XLA service 0x5569e1eef620 initialized for platform Host (this does not guarantee that XLA will be used). Devices:
2020-05-21 16:32:52.994216: I tensorflow/compiler/xla/service/service.cc:176]   StreamExecutor device (0): Host, Default Version
/sw/arcts/centos7/python3.6-anaconda/5.2.0/lib/python3.6/site-packages/h5py/__init__.py:36: FutureWarning: Conversion of the second argument of issubdtype from `float` to `np.floating` is deprecated. In future, it will be treated as `np.float64 == np.dtype(float).type`.
  from ._conv import register_converters as _register_converters
WARNING:tensorflow:From /home/smaity/.local/lib/python3.6/site-packages/tensorflow_core/python/ops/array_grad.py:563: _EagerTensorBase.cpu (from tensorflow.python.framework.ops) is deprecated and will be removed in a future version.
Instructions for updating:
Use tf.identity instead.
2020-05-21 16:59:07.174500: W tensorflow/python/util/util.cc:319] Sets are not currently considered sequences, but this may change in the future, so consider avoiding using them.
WARNING:tensorflow:From /home/smaity/.local/lib/python3.6/site-packages/tensorflow_core/python/ops/resource_variable_ops.py:1786: calling BaseResourceVariable.__init__ (from tensorflow.python.ops.resource_variable_ops) with constraint is deprecated and will be removed in a future version.
Instructions for updating:
If using Keras pass *_constraint arguments to layers.
Test accuracy for step 250: 0.6191266179084778

Test GAP RMS for gender and step 250: 0.1283588856458664

Test GAP RMS for race and step 250: 0.014272822067141533

Test balanced accuracy for step 250: 0.47860559821128845


Test accuracy for step 500: 0.7982310652732849

Test GAP RMS for gender and step 500: 0.28840547800064087

Test GAP RMS for race and step 500: 0.07830004394054413

Test balanced accuracy for step 500: 0.8069806098937988


Test accuracy for step 750: 0.8109452724456787

Test GAP RMS for gender and step 750: 0.13552704453468323

Test GAP RMS for race and step 750: 0.05903689190745354

Test balanced accuracy for step 750: 0.8180034756660461


Test accuracy for step 1000: 0.8242122530937195

Test GAP RMS for gender and step 1000: 0.07896695286035538

Test GAP RMS for race and step 1000: 0.05233294889330864

Test balanced accuracy for step 1000: 0.8134944438934326


Test accuracy for step 1250: 0.8194582462310791

Test GAP RMS for gender and step 1250: 0.07023799419403076

Test GAP RMS for race and step 1250: 0.050976984202861786

Test balanced accuracy for step 1250: 0.8109712600708008


Test accuracy for step 1500: 0.8137092590332031

Test GAP RMS for gender and step 1500: 0.07328923046588898

Test GAP RMS for race and step 1500: 0.05186229199171066

Test balanced accuracy for step 1500: 0.8099515438079834


Test accuracy for step 1750: 0.8119403123855591

Test GAP RMS for gender and step 1750: 0.07161182165145874

Test GAP RMS for race and step 1750: 0.04999138042330742

Test balanced accuracy for step 1750: 0.8129501938819885


Test accuracy for step 2000: 0.8118297457695007

Test GAP RMS for gender and step 2000: 0.07162930816411972

Test GAP RMS for race and step 2000: 0.05486462265253067

Test balanced accuracy for step 2000: 0.811025083065033


Test accuracy for step 2250: 0.8169154524803162

Test GAP RMS for gender and step 2250: 0.06665780395269394

Test GAP RMS for race and step 2250: 0.05166980251669884

Test balanced accuracy for step 2250: 0.808519721031189


Test accuracy for step 2500: 0.8112769722938538

Test GAP RMS for gender and step 2500: 0.07282719761133194

Test GAP RMS for race and step 2500: 0.048311058431863785

Test balanced accuracy for step 2500: 0.8101968765258789


Test accuracy for step 2750: 0.8077390789985657

Test GAP RMS for gender and step 2750: 0.07322311401367188

Test GAP RMS for race and step 2750: 0.05198104307055473

Test balanced accuracy for step 2750: 0.8134160041809082


Test accuracy for step 3000: 0.8135986924171448

Test GAP RMS for gender and step 3000: 0.06687586009502411

Test GAP RMS for race and step 3000: 0.04993045702576637

Test balanced accuracy for step 3000: 0.8134284019470215


Test accuracy for step 3250: 0.8151465058326721

Test GAP RMS for gender and step 3250: 0.06980524957180023

Test GAP RMS for race and step 3250: 0.047076206654310226

Test balanced accuracy for step 3250: 0.8104379773139954


Test accuracy for step 3500: 0.8112769722938538

Test GAP RMS for gender and step 3500: 0.07950504124164581

Test GAP RMS for race and step 3500: 0.046744078397750854

Test balanced accuracy for step 3500: 0.8097338676452637


Test accuracy for step 3750: 0.810171365737915

Test GAP RMS for gender and step 3750: 0.0767471045255661

Test GAP RMS for race and step 3750: 0.04777354747056961

Test balanced accuracy for step 3750: 0.8100838661193848


Test accuracy for step 4000: 0.8171365261077881

Test GAP RMS for gender and step 4000: 0.07343821227550507

Test GAP RMS for race and step 4000: 0.043264783918857574

Test balanced accuracy for step 4000: 0.8078941106796265


Test accuracy for step 4250: 0.8150359392166138

Test GAP RMS for gender and step 4250: 0.07211384922266006

Test GAP RMS for race and step 4250: 0.048435285687446594

Test balanced accuracy for step 4250: 0.8068151473999023


Test accuracy for step 4500: 0.8199005126953125

Test GAP RMS for gender and step 4500: 0.08052341639995575

Test GAP RMS for race and step 4500: 0.037816934287548065

Test balanced accuracy for step 4500: 0.8037006855010986


Test accuracy for step 4750: 0.807849645614624

Test GAP RMS for gender and step 4750: 0.0745413675904274

Test GAP RMS for race and step 4750: 0.046944208443164825

Test balanced accuracy for step 4750: 0.807624101638794


Test accuracy for step 5000: 0.813930332660675

Test GAP RMS for gender and step 5000: 0.07819107174873352

Test GAP RMS for race and step 5000: 0.04711007699370384

Test balanced accuracy for step 5000: 0.8073195219039917


Test accuracy for step 5250: 0.8160309791564941

Test GAP RMS for gender and step 5250: 0.07705526798963547

Test GAP RMS for race and step 5250: 0.04354967921972275

Test balanced accuracy for step 5250: 0.8053116798400879


Test accuracy for step 5500: 0.8155887126922607

Test GAP RMS for gender and step 5500: 0.07983437925577164

Test GAP RMS for race and step 5500: 0.04483935236930847

Test balanced accuracy for step 5500: 0.8062542676925659


Test accuracy for step 5750: 0.808734118938446

Test GAP RMS for gender and step 5750: 0.07699355483055115

Test GAP RMS for race and step 5750: 0.04528556764125824

Test balanced accuracy for step 5750: 0.8072823286056519


Test accuracy for step 6000: 0.8093974590301514

Test GAP RMS for gender and step 6000: 0.07560112327337265

Test GAP RMS for race and step 6000: 0.041399743407964706

Test balanced accuracy for step 6000: 0.8089552521705627


Test accuracy for step 6250: 0.8126036524772644

Test GAP RMS for gender and step 6250: 0.07312380522489548

Test GAP RMS for race and step 6250: 0.040104761719703674

Test balanced accuracy for step 6250: 0.8110733032226562


Test accuracy for step 6500: 0.8113874793052673

Test GAP RMS for gender and step 6500: 0.07259615510702133

Test GAP RMS for race and step 6500: 0.03989548236131668

Test balanced accuracy for step 6500: 0.8102698922157288


Test accuracy for step 6750: 0.813930332660675

Test GAP RMS for gender and step 6750: 0.08221248537302017

Test GAP RMS for race and step 6750: 0.04304300993680954

Test balanced accuracy for step 6750: 0.8043869733810425


Test accuracy for step 7000: 0.8102819323539734

Test GAP RMS for gender and step 7000: 0.07780987024307251

Test GAP RMS for race and step 7000: 0.039036497473716736

Test balanced accuracy for step 7000: 0.8078417778015137


Test accuracy for step 7250: 0.8141514658927917

Test GAP RMS for gender and step 7250: 0.07714555412530899

Test GAP RMS for race and step 7250: 0.042897000908851624

Test balanced accuracy for step 7250: 0.8085459470748901


Test accuracy for step 7500: 0.8137092590332031

Test GAP RMS for gender and step 7500: 0.06842446327209473

Test GAP RMS for race and step 7500: 0.03337565436959267

Test balanced accuracy for step 7500: 0.8091798424720764


Test accuracy for step 7750: 0.8131564259529114

Test GAP RMS for gender and step 7750: 0.07786576449871063

Test GAP RMS for race and step 7750: 0.0420130230486393

Test balanced accuracy for step 7750: 0.8072712421417236


{'epsilon': 0.0001, 'lr': 0.0001, 'wlr': 0.0001, 'w_reg': 40.0}
Final test accuracy: 0.8081812858581543
Final test GAP RMS for gender: 0.07915105670690536
Final test GAP RMS for race: 0.03963783383369446
Final test balanced accuracy: 0.8052194118499756


