2020-05-21 16:32:43.964315: W tensorflow/stream_executor/platform/default/dso_loader.cc:55] Could not load dynamic library 'libnvinfer.so.6'; dlerror: libnvinfer.so.6: cannot open shared object file: No such file or directory; LD_LIBRARY_PATH: /sw/arcts/centos7/python3.6-anaconda/5.2.0/lib:/opt/slurm/lib64::
2020-05-21 16:32:43.965108: W tensorflow/stream_executor/platform/default/dso_loader.cc:55] Could not load dynamic library 'libnvinfer_plugin.so.6'; dlerror: libnvinfer_plugin.so.6: cannot open shared object file: No such file or directory; LD_LIBRARY_PATH: /sw/arcts/centos7/python3.6-anaconda/5.2.0/lib:/opt/slurm/lib64::
2020-05-21 16:32:43.965119: W tensorflow/compiler/tf2tensorrt/utils/py_utils.cc:30] Cannot dlopen some TensorRT libraries. If you would like to use Nvidia GPU with TensorRT, please make sure the missing libraries mentioned above are installed properly.
2020-05-21 16:32:53.806789: W tensorflow/stream_executor/platform/default/dso_loader.cc:55] Could not load dynamic library 'libcuda.so.1'; dlerror: libcuda.so.1: cannot open shared object file: No such file or directory; LD_LIBRARY_PATH: /sw/arcts/centos7/python3.6-anaconda/5.2.0/lib:/opt/slurm/lib64::
2020-05-21 16:32:53.807011: E tensorflow/stream_executor/cuda/cuda_driver.cc:351] failed call to cuInit: UNKNOWN ERROR (303)
2020-05-21 16:32:53.807037: I tensorflow/stream_executor/cuda/cuda_diagnostics.cc:156] kernel driver does not appear to be running on this host (gl3099.arc-ts.umich.edu): /proc/driver/nvidia/version does not exist
2020-05-21 16:32:53.807382: I tensorflow/core/platform/cpu_feature_guard.cc:142] Your CPU supports instructions that this TensorFlow binary was not compiled to use: AVX2 AVX512F FMA
2020-05-21 16:32:53.813805: I tensorflow/core/platform/profile_utils/cpu_utils.cc:94] CPU Frequency: 3000000000 Hz
2020-05-21 16:32:53.813894: I tensorflow/compiler/xla/service/service.cc:168] XLA service 0x55a4997f06f0 initialized for platform Host (this does not guarantee that XLA will be used). Devices:
2020-05-21 16:32:53.813904: I tensorflow/compiler/xla/service/service.cc:176]   StreamExecutor device (0): Host, Default Version
/sw/arcts/centos7/python3.6-anaconda/5.2.0/lib/python3.6/site-packages/h5py/__init__.py:36: FutureWarning: Conversion of the second argument of issubdtype from `float` to `np.floating` is deprecated. In future, it will be treated as `np.float64 == np.dtype(float).type`.
  from ._conv import register_converters as _register_converters
WARNING:tensorflow:From /home/smaity/.local/lib/python3.6/site-packages/tensorflow_core/python/ops/array_grad.py:563: _EagerTensorBase.cpu (from tensorflow.python.framework.ops) is deprecated and will be removed in a future version.
Instructions for updating:
Use tf.identity instead.
2020-05-21 16:59:52.061388: W tensorflow/python/util/util.cc:319] Sets are not currently considered sequences, but this may change in the future, so consider avoiding using them.
WARNING:tensorflow:From /home/smaity/.local/lib/python3.6/site-packages/tensorflow_core/python/ops/resource_variable_ops.py:1786: calling BaseResourceVariable.__init__ (from tensorflow.python.ops.resource_variable_ops) with constraint is deprecated and will be removed in a future version.
Instructions for updating:
If using Keras pass *_constraint arguments to layers.
Test accuracy for step 250: 0.618573784828186

Test GAP RMS for gender and step 250: 0.1275523453950882

Test GAP RMS for race and step 250: 0.01615792326629162

Test balanced accuracy for step 250: 0.4791664779186249


Test accuracy for step 500: 0.8096185922622681

Test GAP RMS for gender and step 500: 0.3011425733566284

Test GAP RMS for race and step 500: 0.07812750339508057

Test balanced accuracy for step 500: 0.7995321750640869


Test accuracy for step 750: 0.8281923532485962

Test GAP RMS for gender and step 750: 0.1265062689781189

Test GAP RMS for race and step 750: 0.05321893468499184

Test balanced accuracy for step 750: 0.8082523345947266


Test accuracy for step 1000: 0.8368158936500549

Test GAP RMS for gender and step 1000: 0.07424145191907883

Test GAP RMS for race and step 1000: 0.05294690653681755

Test balanced accuracy for step 1000: 0.8034539222717285


Test accuracy for step 1250: 0.8360419869422913

Test GAP RMS for gender and step 1250: 0.06963152438402176

Test GAP RMS for race and step 1250: 0.05173608660697937

Test balanced accuracy for step 1250: 0.8060294389724731


Test accuracy for step 1500: 0.8355997800827026

Test GAP RMS for gender and step 1500: 0.06981468945741653

Test GAP RMS for race and step 1500: 0.05330238118767738

Test balanced accuracy for step 1500: 0.8085154294967651


Test accuracy for step 1750: 0.836263120174408

Test GAP RMS for gender and step 1750: 0.07244142889976501

Test GAP RMS for race and step 1750: 0.05275999382138252

Test balanced accuracy for step 1750: 0.8077189326286316


Test accuracy for step 2000: 0.8353786468505859

Test GAP RMS for gender and step 2000: 0.07724220305681229

Test GAP RMS for race and step 2000: 0.05424468219280243

Test balanced accuracy for step 2000: 0.8077520132064819


Test accuracy for step 2250: 0.835710346698761

Test GAP RMS for gender and step 2250: 0.07757493108510971

Test GAP RMS for race and step 2250: 0.05120615288615227

Test balanced accuracy for step 2250: 0.8019518256187439


Test accuracy for step 2500: 0.835710346698761

Test GAP RMS for gender and step 2500: 0.07063214480876923

Test GAP RMS for race and step 2500: 0.04896187037229538

Test balanced accuracy for step 2500: 0.8033409118652344


Test accuracy for step 2750: 0.8361525535583496

Test GAP RMS for gender and step 2750: 0.0736115574836731

Test GAP RMS for race and step 2750: 0.04790180176496506

Test balanced accuracy for step 2750: 0.8056395053863525


Test accuracy for step 3000: 0.8364842534065247

Test GAP RMS for gender and step 3000: 0.07595866173505783

Test GAP RMS for race and step 3000: 0.04555320739746094

Test balanced accuracy for step 3000: 0.8041608333587646


Test accuracy for step 3250: 0.837700366973877

Test GAP RMS for gender and step 3250: 0.07608577609062195

Test GAP RMS for race and step 3250: 0.046493228524923325

Test balanced accuracy for step 3250: 0.7998709678649902


Test accuracy for step 3500: 0.8349364399909973

Test GAP RMS for gender and step 3500: 0.07422880828380585

Test GAP RMS for race and step 3500: 0.055799756199121475

Test balanced accuracy for step 3500: 0.8034470081329346


Test accuracy for step 3750: 0.8346047401428223

Test GAP RMS for gender and step 3750: 0.07482530921697617

Test GAP RMS for race and step 3750: 0.05235078185796738

Test balanced accuracy for step 3750: 0.8023018836975098


Test accuracy for step 4000: 0.8386954069137573

Test GAP RMS for gender and step 4000: 0.08182378113269806

Test GAP RMS for race and step 4000: 0.046093691140413284

Test balanced accuracy for step 4000: 0.801608681678772


Test accuracy for step 4250: 0.838363766670227

Test GAP RMS for gender and step 4250: 0.08140192925930023

Test GAP RMS for race and step 4250: 0.04469330608844757

Test balanced accuracy for step 4250: 0.8003091812133789


Test accuracy for step 4500: 0.841791033744812

Test GAP RMS for gender and step 4500: 0.08234017342329025

Test GAP RMS for race and step 4500: 0.04037579894065857

Test balanced accuracy for step 4500: 0.797943115234375


Test accuracy for step 4750: 0.8358209133148193

Test GAP RMS for gender and step 4750: 0.0830734521150589

Test GAP RMS for race and step 4750: 0.05492893233895302

Test balanced accuracy for step 4750: 0.8032596111297607


Test accuracy for step 5000: 0.83714759349823

Test GAP RMS for gender and step 5000: 0.0868709534406662

Test GAP RMS for race and step 5000: 0.0447586365044117

Test balanced accuracy for step 5000: 0.8016666173934937


Test accuracy for step 5250: 0.8368158936500549

Test GAP RMS for gender and step 5250: 0.08522296696901321

Test GAP RMS for race and step 5250: 0.04531024768948555

Test balanced accuracy for step 5250: 0.8003671169281006


Test accuracy for step 5500: 0.8379215002059937

Test GAP RMS for gender and step 5500: 0.08443191647529602

Test GAP RMS for race and step 5500: 0.04656225070357323

Test balanced accuracy for step 5500: 0.8003257513046265


Test accuracy for step 5750: 0.8331674933433533

Test GAP RMS for gender and step 5750: 0.09038209170103073

Test GAP RMS for race and step 5750: 0.042973145842552185

Test balanced accuracy for step 5750: 0.8032045364379883


Test accuracy for step 6000: 0.8315091133117676

Test GAP RMS for gender and step 6000: 0.0873691737651825

Test GAP RMS for race and step 6000: 0.044943854212760925

Test balanced accuracy for step 6000: 0.8051958084106445


Test accuracy for step 6250: 0.8318408131599426

Test GAP RMS for gender and step 6250: 0.08360868692398071

Test GAP RMS for race and step 6250: 0.03914950042963028

Test balanced accuracy for step 6250: 0.8032541275024414


Test accuracy for step 6500: 0.8312879800796509

Test GAP RMS for gender and step 6500: 0.08824718743562698

Test GAP RMS for race and step 6500: 0.04121103137731552

Test balanced accuracy for step 6500: 0.8038150072097778


Test accuracy for step 6750: 0.8326147198677063

Test GAP RMS for gender and step 6750: 0.09146454930305481

Test GAP RMS for race and step 6750: 0.046508073806762695

Test balanced accuracy for step 6750: 0.8020676374435425


Test accuracy for step 7000: 0.8288556933403015

Test GAP RMS for gender and step 7000: 0.08903763443231583

Test GAP RMS for race and step 7000: 0.04164297506213188

Test balanced accuracy for step 7000: 0.8039059638977051


Test accuracy for step 7250: 0.8294085264205933

Test GAP RMS for gender and step 7250: 0.0883401557803154

Test GAP RMS for race and step 7250: 0.04366886988282204

Test balanced accuracy for step 7250: 0.801956057548523


Test accuracy for step 7500: 0.8288556933403015

Test GAP RMS for gender and step 7500: 0.085466668009758

Test GAP RMS for race and step 7500: 0.04198678955435753

Test balanced accuracy for step 7500: 0.8020539283752441


Test accuracy for step 7750: 0.8274184465408325

Test GAP RMS for gender and step 7750: 0.08690102398395538

Test GAP RMS for race and step 7750: 0.04301607608795166

Test balanced accuracy for step 7750: 0.8017218112945557


{'epsilon': 0.001, 'lr': 0.0001, 'wlr': 0.0001, 'w_reg': 30.0}
Final test accuracy: 0.8254284262657166
Final test GAP RMS for gender: 0.09032022953033447
Final test GAP RMS for race: 0.038091037422418594
Final test balanced accuracy: 0.8014875650405884


