2020-05-21 16:32:41.570695: W tensorflow/stream_executor/platform/default/dso_loader.cc:55] Could not load dynamic library 'libnvinfer.so.6'; dlerror: libnvinfer.so.6: cannot open shared object file: No such file or directory; LD_LIBRARY_PATH: /sw/arcts/centos7/python3.6-anaconda/5.2.0/lib:/opt/slurm/lib64::
2020-05-21 16:32:41.571776: W tensorflow/stream_executor/platform/default/dso_loader.cc:55] Could not load dynamic library 'libnvinfer_plugin.so.6'; dlerror: libnvinfer_plugin.so.6: cannot open shared object file: No such file or directory; LD_LIBRARY_PATH: /sw/arcts/centos7/python3.6-anaconda/5.2.0/lib:/opt/slurm/lib64::
2020-05-21 16:32:41.571790: W tensorflow/compiler/tf2tensorrt/utils/py_utils.cc:30] Cannot dlopen some TensorRT libraries. If you would like to use Nvidia GPU with TensorRT, please make sure the missing libraries mentioned above are installed properly.
2020-05-21 16:32:47.616553: W tensorflow/stream_executor/platform/default/dso_loader.cc:55] Could not load dynamic library 'libcuda.so.1'; dlerror: libcuda.so.1: cannot open shared object file: No such file or directory; LD_LIBRARY_PATH: /sw/arcts/centos7/python3.6-anaconda/5.2.0/lib:/opt/slurm/lib64::
2020-05-21 16:32:47.618073: E tensorflow/stream_executor/cuda/cuda_driver.cc:351] failed call to cuInit: UNKNOWN ERROR (303)
2020-05-21 16:32:47.618097: I tensorflow/stream_executor/cuda/cuda_diagnostics.cc:156] kernel driver does not appear to be running on this host (gl3157.arc-ts.umich.edu): /proc/driver/nvidia/version does not exist
2020-05-21 16:32:47.618430: I tensorflow/core/platform/cpu_feature_guard.cc:142] Your CPU supports instructions that this TensorFlow binary was not compiled to use: AVX2 AVX512F FMA
2020-05-21 16:32:47.624963: I tensorflow/core/platform/profile_utils/cpu_utils.cc:94] CPU Frequency: 3000000000 Hz
2020-05-21 16:32:47.625056: I tensorflow/compiler/xla/service/service.cc:168] XLA service 0x561c427d9430 initialized for platform Host (this does not guarantee that XLA will be used). Devices:
2020-05-21 16:32:47.625066: I tensorflow/compiler/xla/service/service.cc:176]   StreamExecutor device (0): Host, Default Version
/sw/arcts/centos7/python3.6-anaconda/5.2.0/lib/python3.6/site-packages/h5py/__init__.py:36: FutureWarning: Conversion of the second argument of issubdtype from `float` to `np.floating` is deprecated. In future, it will be treated as `np.float64 == np.dtype(float).type`.
  from ._conv import register_converters as _register_converters
WARNING:tensorflow:From /home/smaity/.local/lib/python3.6/site-packages/tensorflow_core/python/ops/array_grad.py:563: _EagerTensorBase.cpu (from tensorflow.python.framework.ops) is deprecated and will be removed in a future version.
Instructions for updating:
Use tf.identity instead.
2020-05-21 16:59:25.677288: W tensorflow/python/util/util.cc:319] Sets are not currently considered sequences, but this may change in the future, so consider avoiding using them.
WARNING:tensorflow:From /home/smaity/.local/lib/python3.6/site-packages/tensorflow_core/python/ops/resource_variable_ops.py:1786: calling BaseResourceVariable.__init__ (from tensorflow.python.ops.resource_variable_ops) with constraint is deprecated and will be removed in a future version.
Instructions for updating:
If using Keras pass *_constraint arguments to layers.
Test accuracy for step 250: 0.6172471046447754

Test GAP RMS for gender and step 250: 0.12812075018882751

Test GAP RMS for race and step 250: 0.018507419154047966

Test balanced accuracy for step 250: 0.4823029041290283


Test accuracy for step 500: 0.7919292449951172

Test GAP RMS for gender and step 500: 0.2575359642505646

Test GAP RMS for race and step 500: 0.08568653464317322

Test balanced accuracy for step 500: 0.810071587562561


Test accuracy for step 750: 0.8004422187805176

Test GAP RMS for gender and step 750: 0.16824203729629517

Test GAP RMS for race and step 750: 0.06855907291173935

Test balanced accuracy for step 750: 0.8229493498802185


Test accuracy for step 1000: 0.8103924989700317

Test GAP RMS for gender and step 1000: 0.1398983746767044

Test GAP RMS for race and step 1000: 0.056826718151569366

Test balanced accuracy for step 1000: 0.8224228620529175


Test accuracy for step 1250: 0.8117191791534424

Test GAP RMS for gender and step 1250: 0.12042941153049469

Test GAP RMS for race and step 1250: 0.05735338106751442

Test balanced accuracy for step 1250: 0.8251513838768005


Test accuracy for step 1500: 0.809286892414093

Test GAP RMS for gender and step 1500: 0.10953237861394882

Test GAP RMS for race and step 1500: 0.05501677095890045

Test balanced accuracy for step 1500: 0.8223098516464233


Test accuracy for step 1750: 0.807296872138977

Test GAP RMS for gender and step 1750: 0.11148370057344437

Test GAP RMS for race and step 1750: 0.05669863149523735

Test balanced accuracy for step 1750: 0.8231559991836548


Test accuracy for step 2000: 0.8096185922622681

Test GAP RMS for gender and step 2000: 0.10491035878658295

Test GAP RMS for race and step 2000: 0.05836562439799309

Test balanced accuracy for step 2000: 0.8217572569847107


Test accuracy for step 2250: 0.812493085861206

Test GAP RMS for gender and step 2250: 0.09527578949928284

Test GAP RMS for race and step 2250: 0.059500373899936676

Test balanced accuracy for step 2250: 0.8188716173171997


Test accuracy for step 2500: 0.810724139213562

Test GAP RMS for gender and step 2500: 0.08464393764734268

Test GAP RMS for race and step 2500: 0.0562235489487648

Test balanced accuracy for step 2500: 0.8186291456222534


Test accuracy for step 2750: 0.8047540187835693

Test GAP RMS for gender and step 2750: 0.08944402635097504

Test GAP RMS for race and step 2750: 0.05566607415676117

Test balanced accuracy for step 2750: 0.8202414512634277


Test accuracy for step 3000: 0.810724139213562

Test GAP RMS for gender and step 3000: 0.08912166208028793

Test GAP RMS for race and step 3000: 0.053083039820194244

Test balanced accuracy for step 3000: 0.8189377784729004


Test accuracy for step 3250: 0.812161386013031

Test GAP RMS for gender and step 3250: 0.08313154429197311

Test GAP RMS for race and step 3250: 0.05320682376623154

Test balanced accuracy for step 3250: 0.8172634840011597


Test accuracy for step 3500: 0.8100607991218567

Test GAP RMS for gender and step 3500: 0.08113241195678711

Test GAP RMS for race and step 3500: 0.05350968614220619

Test balanced accuracy for step 3500: 0.8172649145126343


Test accuracy for step 3750: 0.8122719526290894

Test GAP RMS for gender and step 3750: 0.0780743658542633

Test GAP RMS for race and step 3750: 0.049928415566682816

Test balanced accuracy for step 3750: 0.8181082010269165


Test accuracy for step 4000: 0.8166943192481995

Test GAP RMS for gender and step 4000: 0.07924507558345795

Test GAP RMS for race and step 4000: 0.04930557310581207

Test balanced accuracy for step 4000: 0.8153190016746521


Test accuracy for step 4250: 0.8152570724487305

Test GAP RMS for gender and step 4250: 0.0795690044760704

Test GAP RMS for race and step 4250: 0.04841214418411255

Test balanced accuracy for step 4250: 0.8160672783851624


Test accuracy for step 4500: 0.8196793794631958

Test GAP RMS for gender and step 4500: 0.08008059859275818

Test GAP RMS for race and step 4500: 0.051185183227062225

Test balanced accuracy for step 4500: 0.8118890523910522


Test accuracy for step 4750: 0.8122719526290894

Test GAP RMS for gender and step 4750: 0.07615366578102112

Test GAP RMS for race and step 4750: 0.04743350297212601

Test balanced accuracy for step 4750: 0.8170278072357178


Test accuracy for step 5000: 0.8162520527839661

Test GAP RMS for gender and step 5000: 0.0783013179898262

Test GAP RMS for race and step 5000: 0.04758656769990921

Test balanced accuracy for step 5000: 0.8148725032806396


Test accuracy for step 5250: 0.8176893591880798

Test GAP RMS for gender and step 5250: 0.078315369784832

Test GAP RMS for race and step 5250: 0.04453965649008751

Test balanced accuracy for step 5250: 0.8148959279060364


Test accuracy for step 5500: 0.8171365261077881

Test GAP RMS for gender and step 5500: 0.07574746012687683

Test GAP RMS for race and step 5500: 0.04136846959590912

Test balanced accuracy for step 5500: 0.8149937391281128


Test accuracy for step 5750: 0.8112769722938538

Test GAP RMS for gender and step 5750: 0.07563642412424088

Test GAP RMS for race and step 5750: 0.051667384803295135

Test balanced accuracy for step 5750: 0.8159074783325195


Test accuracy for step 6000: 0.8132669925689697

Test GAP RMS for gender and step 6000: 0.07799581438302994

Test GAP RMS for race and step 6000: 0.04875124245882034

Test balanced accuracy for step 6000: 0.8176851272583008


Test accuracy for step 6250: 0.813045859336853

Test GAP RMS for gender and step 6250: 0.08086735010147095

Test GAP RMS for race and step 6250: 0.04826857149600983

Test balanced accuracy for step 6250: 0.8175390362739563


Test accuracy for step 6500: 0.8128247857093811

Test GAP RMS for gender and step 6500: 0.08153297752141953

Test GAP RMS for race and step 6500: 0.042462363839149475

Test balanced accuracy for step 6500: 0.8163126111030579


Test accuracy for step 6750: 0.8161414861679077

Test GAP RMS for gender and step 6750: 0.08157248049974442

Test GAP RMS for race and step 6750: 0.044923704117536545

Test balanced accuracy for step 6750: 0.8086258769035339


Test accuracy for step 7000: 0.813930332660675

Test GAP RMS for gender and step 7000: 0.07642334699630737

Test GAP RMS for race and step 7000: 0.04526381567120552

Test balanced accuracy for step 7000: 0.8168886303901672


Test accuracy for step 7250: 0.8174682259559631

Test GAP RMS for gender and step 7250: 0.07668338716030121

Test GAP RMS for race and step 7250: 0.04150642082095146

Test balanced accuracy for step 7250: 0.8176823854446411


Test accuracy for step 7500: 0.8164731860160828

Test GAP RMS for gender and step 7500: 0.07919429242610931

Test GAP RMS for race and step 7500: 0.04095710813999176

Test balanced accuracy for step 7500: 0.8164076805114746


Test accuracy for step 7750: 0.8156992793083191

Test GAP RMS for gender and step 7750: 0.07671637833118439

Test GAP RMS for race and step 7750: 0.04458356276154518

Test balanced accuracy for step 7750: 0.8141986727714539


{'epsilon': 1e-05, 'lr': 0.0001, 'wlr': 0.0001, 'w_reg': 20.0}
Final test accuracy: 0.8132669925689697
Final test GAP RMS for gender: 0.07549253106117249
Final test GAP RMS for race: 0.04720807820558548
Final test balanced accuracy: 0.8155243396759033


