2020-05-21 16:32:43.964317: W tensorflow/stream_executor/platform/default/dso_loader.cc:55] Could not load dynamic library 'libnvinfer.so.6'; dlerror: libnvinfer.so.6: cannot open shared object file: No such file or directory; LD_LIBRARY_PATH: /sw/arcts/centos7/python3.6-anaconda/5.2.0/lib:/opt/slurm/lib64::
2020-05-21 16:32:43.965104: W tensorflow/stream_executor/platform/default/dso_loader.cc:55] Could not load dynamic library 'libnvinfer_plugin.so.6'; dlerror: libnvinfer_plugin.so.6: cannot open shared object file: No such file or directory; LD_LIBRARY_PATH: /sw/arcts/centos7/python3.6-anaconda/5.2.0/lib:/opt/slurm/lib64::
2020-05-21 16:32:43.965118: W tensorflow/compiler/tf2tensorrt/utils/py_utils.cc:30] Cannot dlopen some TensorRT libraries. If you would like to use Nvidia GPU with TensorRT, please make sure the missing libraries mentioned above are installed properly.
2020-05-21 16:32:53.798268: W tensorflow/stream_executor/platform/default/dso_loader.cc:55] Could not load dynamic library 'libcuda.so.1'; dlerror: libcuda.so.1: cannot open shared object file: No such file or directory; LD_LIBRARY_PATH: /sw/arcts/centos7/python3.6-anaconda/5.2.0/lib:/opt/slurm/lib64::
2020-05-21 16:32:53.798621: E tensorflow/stream_executor/cuda/cuda_driver.cc:351] failed call to cuInit: UNKNOWN ERROR (303)
2020-05-21 16:32:53.798648: I tensorflow/stream_executor/cuda/cuda_diagnostics.cc:156] kernel driver does not appear to be running on this host (gl3099.arc-ts.umich.edu): /proc/driver/nvidia/version does not exist
2020-05-21 16:32:53.798997: I tensorflow/core/platform/cpu_feature_guard.cc:142] Your CPU supports instructions that this TensorFlow binary was not compiled to use: AVX2 AVX512F FMA
2020-05-21 16:32:53.805513: I tensorflow/core/platform/profile_utils/cpu_utils.cc:94] CPU Frequency: 3000000000 Hz
2020-05-21 16:32:53.805615: I tensorflow/compiler/xla/service/service.cc:168] XLA service 0x55f9c07817b0 initialized for platform Host (this does not guarantee that XLA will be used). Devices:
2020-05-21 16:32:53.805626: I tensorflow/compiler/xla/service/service.cc:176]   StreamExecutor device (0): Host, Default Version
/sw/arcts/centos7/python3.6-anaconda/5.2.0/lib/python3.6/site-packages/h5py/__init__.py:36: FutureWarning: Conversion of the second argument of issubdtype from `float` to `np.floating` is deprecated. In future, it will be treated as `np.float64 == np.dtype(float).type`.
  from ._conv import register_converters as _register_converters
WARNING:tensorflow:From /home/smaity/.local/lib/python3.6/site-packages/tensorflow_core/python/ops/array_grad.py:563: _EagerTensorBase.cpu (from tensorflow.python.framework.ops) is deprecated and will be removed in a future version.
Instructions for updating:
Use tf.identity instead.
2020-05-21 16:59:13.458535: W tensorflow/python/util/util.cc:319] Sets are not currently considered sequences, but this may change in the future, so consider avoiding using them.
WARNING:tensorflow:From /home/smaity/.local/lib/python3.6/site-packages/tensorflow_core/python/ops/resource_variable_ops.py:1786: calling BaseResourceVariable.__init__ (from tensorflow.python.ops.resource_variable_ops) with constraint is deprecated and will be removed in a future version.
Instructions for updating:
If using Keras pass *_constraint arguments to layers.
Test accuracy for step 250: 0.6166943311691284

Test GAP RMS for gender and step 250: 0.12814408540725708

Test GAP RMS for race and step 250: 0.016897743567824364

Test balanced accuracy for step 250: 0.4839441776275635


Test accuracy for step 500: 0.8427860736846924

Test GAP RMS for gender and step 500: 0.10985060036182404

Test GAP RMS for race and step 500: 0.03306950628757477

Test balanced accuracy for step 500: 0.7445811033248901


Test accuracy for step 750: 0.8456605672836304

Test GAP RMS for gender and step 750: 0.02761199325323105

Test GAP RMS for race and step 750: 0.029867837205529213

Test balanced accuracy for step 750: 0.7250267267227173


Test accuracy for step 1000: 0.8457711338996887

Test GAP RMS for gender and step 1000: 0.03261800855398178

Test GAP RMS for race and step 1000: 0.038151953369379044

Test balanced accuracy for step 1000: 0.730501651763916


Test accuracy for step 1250: 0.8493090271949768

Test GAP RMS for gender and step 1250: 0.05673498287796974

Test GAP RMS for race and step 1250: 0.02022615820169449

Test balanced accuracy for step 1250: 0.7510509490966797


Test accuracy for step 1500: 0.8499723672866821

Test GAP RMS for gender and step 1500: 0.06585537642240524

Test GAP RMS for race and step 1500: 0.038917168974876404

Test balanced accuracy for step 1500: 0.7752577066421509


Test accuracy for step 1750: 0.8482034206390381

Test GAP RMS for gender and step 1750: 0.06798475980758667

Test GAP RMS for race and step 1750: 0.04573879390954971

Test balanced accuracy for step 1750: 0.7833495736122131


Test accuracy for step 2000: 0.8493090271949768

Test GAP RMS for gender and step 2000: 0.07508248835802078

Test GAP RMS for race and step 2000: 0.05280248075723648

Test balanced accuracy for step 2000: 0.7871667146682739


Test accuracy for step 2250: 0.8483139872550964

Test GAP RMS for gender and step 2250: 0.0730014368891716

Test GAP RMS for race and step 2250: 0.054674699902534485

Test balanced accuracy for step 2250: 0.7942264080047607


Test accuracy for step 2500: 0.8499723672866821

Test GAP RMS for gender and step 2500: 0.06892955303192139

Test GAP RMS for race and step 2500: 0.0420098602771759

Test balanced accuracy for step 2500: 0.7888396978378296


Test accuracy for step 2750: 0.8514096140861511

Test GAP RMS for gender and step 2750: 0.06270691007375717

Test GAP RMS for race and step 2750: 0.03687480092048645

Test balanced accuracy for step 2750: 0.7837698459625244


Test accuracy for step 3000: 0.8517413139343262

Test GAP RMS for gender and step 3000: 0.07012077420949936

Test GAP RMS for race and step 3000: 0.04538236930966377

Test balanced accuracy for step 3000: 0.7884647846221924


Test accuracy for step 3250: 0.8506357073783875

Test GAP RMS for gender and step 3250: 0.06535006314516068

Test GAP RMS for race and step 3250: 0.037616509944200516

Test balanced accuracy for step 3250: 0.7812521457672119


Test accuracy for step 3500: 0.8518518805503845

Test GAP RMS for gender and step 3500: 0.059597477316856384

Test GAP RMS for race and step 3500: 0.03664151579141617

Test balanced accuracy for step 3500: 0.779123067855835


Test accuracy for step 3750: 0.8522940874099731

Test GAP RMS for gender and step 3750: 0.056954678148031235

Test GAP RMS for race and step 3750: 0.0344221405684948

Test balanced accuracy for step 3750: 0.7797238826751709


Test accuracy for step 4000: 0.8522940874099731

Test GAP RMS for gender and step 4000: 0.05874207988381386

Test GAP RMS for race and step 4000: 0.04358643665909767

Test balanced accuracy for step 4000: 0.7834280729293823


Test accuracy for step 4250: 0.8526257872581482

Test GAP RMS for gender and step 4250: 0.06259530037641525

Test GAP RMS for race and step 4250: 0.03908950835466385

Test balanced accuracy for step 4250: 0.7717629671096802


Test accuracy for step 4500: 0.8505251407623291

Test GAP RMS for gender and step 4500: 0.0595671571791172

Test GAP RMS for race and step 4500: 0.04343044385313988

Test balanced accuracy for step 4500: 0.7805617451667786


Test accuracy for step 4750: 0.8521835207939148

Test GAP RMS for gender and step 4750: 0.053287073969841

Test GAP RMS for race and step 4750: 0.0394248329102993

Test balanced accuracy for step 4750: 0.7788791656494141


Test accuracy for step 5000: 0.8522940874099731

Test GAP RMS for gender and step 5000: 0.06303420662879944

Test GAP RMS for race and step 5000: 0.05146098881959915

Test balanced accuracy for step 5000: 0.7846627831459045


Test accuracy for step 5250: 0.841238260269165

Test GAP RMS for gender and step 5250: 0.086521677672863

Test GAP RMS for race and step 5250: 0.051190804690122604

Test balanced accuracy for step 5250: 0.803288459777832


Test accuracy for step 5500: 0.844997227191925

Test GAP RMS for gender and step 5500: 0.07732060551643372

Test GAP RMS for race and step 5500: 0.046446774154901505

Test balanced accuracy for step 5500: 0.7994437217712402


Test accuracy for step 5750: 0.8299612998962402

Test GAP RMS for gender and step 5750: 0.08640997111797333

Test GAP RMS for race and step 5750: 0.055138252675533295

Test balanced accuracy for step 5750: 0.8155945539474487


Test accuracy for step 6000: 0.8320618867874146

Test GAP RMS for gender and step 6000: 0.09276353567838669

Test GAP RMS for race and step 6000: 0.05382923036813736

Test balanced accuracy for step 6000: 0.8123519420623779


Test accuracy for step 6250: 0.8231067061424255

Test GAP RMS for gender and step 6250: 0.10233419388532639

Test GAP RMS for race and step 6250: 0.05215274915099144

Test balanced accuracy for step 6250: 0.8181660175323486


Test accuracy for step 6500: 0.8149253726005554

Test GAP RMS for gender and step 6500: 0.11324428766965866

Test GAP RMS for race and step 6500: 0.059477776288986206

Test balanced accuracy for step 6500: 0.8206327557563782


Test accuracy for step 6750: 0.8223327994346619

Test GAP RMS for gender and step 6750: 0.1014695093035698

Test GAP RMS for race and step 6750: 0.05325592681765556

Test balanced accuracy for step 6750: 0.8173460960388184


Test accuracy for step 7000: 0.8100607991218567

Test GAP RMS for gender and step 7000: 0.11652202904224396

Test GAP RMS for race and step 7000: 0.061198700219392776

Test balanced accuracy for step 7000: 0.8215863704681396


Test accuracy for step 7250: 0.8127142190933228

Test GAP RMS for gender and step 7250: 0.11909589916467667

Test GAP RMS for race and step 7250: 0.06052365154027939

Test balanced accuracy for step 7250: 0.8219501972198486


Test accuracy for step 7500: 0.806633472442627

Test GAP RMS for gender and step 7500: 0.129766583442688

Test GAP RMS for race and step 7500: 0.06476348638534546

Test balanced accuracy for step 7500: 0.8234895467758179


Test accuracy for step 7750: 0.8120508790016174

Test GAP RMS for gender and step 7750: 0.11717293411493301

Test GAP RMS for race and step 7750: 0.059408999979496

Test balanced accuracy for step 7750: 0.8225923776626587


{'epsilon': 0.01, 'lr': 0.0001, 'wlr': 0.001, 'w_reg': 30.0}
Final test accuracy: 0.8177998661994934
Final test GAP RMS for gender: 0.11268697679042816
Final test GAP RMS for race: 0.05864798277616501
Final test balanced accuracy: 0.8229947090148926


