2020-05-21 16:32:43.112079: W tensorflow/stream_executor/platform/default/dso_loader.cc:55] Could not load dynamic library 'libnvinfer.so.6'; dlerror: libnvinfer.so.6: cannot open shared object file: No such file or directory; LD_LIBRARY_PATH: /sw/arcts/centos7/python3.6-anaconda/5.2.0/lib:/opt/slurm/lib64::
2020-05-21 16:32:43.112180: W tensorflow/stream_executor/platform/default/dso_loader.cc:55] Could not load dynamic library 'libnvinfer_plugin.so.6'; dlerror: libnvinfer_plugin.so.6: cannot open shared object file: No such file or directory; LD_LIBRARY_PATH: /sw/arcts/centos7/python3.6-anaconda/5.2.0/lib:/opt/slurm/lib64::
2020-05-21 16:32:43.112198: W tensorflow/compiler/tf2tensorrt/utils/py_utils.cc:30] Cannot dlopen some TensorRT libraries. If you would like to use Nvidia GPU with TensorRT, please make sure the missing libraries mentioned above are installed properly.
2020-05-21 16:32:52.985093: W tensorflow/stream_executor/platform/default/dso_loader.cc:55] Could not load dynamic library 'libcuda.so.1'; dlerror: libcuda.so.1: cannot open shared object file: No such file or directory; LD_LIBRARY_PATH: /sw/arcts/centos7/python3.6-anaconda/5.2.0/lib:/opt/slurm/lib64::
2020-05-21 16:32:52.985369: E tensorflow/stream_executor/cuda/cuda_driver.cc:351] failed call to cuInit: UNKNOWN ERROR (303)
2020-05-21 16:32:52.985404: I tensorflow/stream_executor/cuda/cuda_diagnostics.cc:156] kernel driver does not appear to be running on this host (gl3108.arc-ts.umich.edu): /proc/driver/nvidia/version does not exist
2020-05-21 16:32:52.985833: I tensorflow/core/platform/cpu_feature_guard.cc:142] Your CPU supports instructions that this TensorFlow binary was not compiled to use: AVX2 AVX512F FMA
2020-05-21 16:32:52.993086: I tensorflow/core/platform/profile_utils/cpu_utils.cc:94] CPU Frequency: 3000000000 Hz
2020-05-21 16:32:52.993203: I tensorflow/compiler/xla/service/service.cc:168] XLA service 0x55ae5721ea10 initialized for platform Host (this does not guarantee that XLA will be used). Devices:
2020-05-21 16:32:52.993214: I tensorflow/compiler/xla/service/service.cc:176]   StreamExecutor device (0): Host, Default Version
/sw/arcts/centos7/python3.6-anaconda/5.2.0/lib/python3.6/site-packages/h5py/__init__.py:36: FutureWarning: Conversion of the second argument of issubdtype from `float` to `np.floating` is deprecated. In future, it will be treated as `np.float64 == np.dtype(float).type`.
  from ._conv import register_converters as _register_converters
WARNING:tensorflow:From /home/smaity/.local/lib/python3.6/site-packages/tensorflow_core/python/ops/array_grad.py:563: _EagerTensorBase.cpu (from tensorflow.python.framework.ops) is deprecated and will be removed in a future version.
Instructions for updating:
Use tf.identity instead.
2020-05-21 16:59:02.387022: W tensorflow/python/util/util.cc:319] Sets are not currently considered sequences, but this may change in the future, so consider avoiding using them.
WARNING:tensorflow:From /home/smaity/.local/lib/python3.6/site-packages/tensorflow_core/python/ops/resource_variable_ops.py:1786: calling BaseResourceVariable.__init__ (from tensorflow.python.ops.resource_variable_ops) with constraint is deprecated and will be removed in a future version.
Instructions for updating:
If using Keras pass *_constraint arguments to layers.
Test accuracy for step 250: 0.6173576712608337

Test GAP RMS for gender and step 250: 0.12754544615745544

Test GAP RMS for race and step 250: 0.01647360622882843

Test balanced accuracy for step 250: 0.48361068964004517


Test accuracy for step 500: 0.8372581601142883

Test GAP RMS for gender and step 500: 0.11954344809055328

Test GAP RMS for race and step 500: 0.03159583732485771

Test balanced accuracy for step 500: 0.6964792609214783


Test accuracy for step 750: 0.8210060596466064

Test GAP RMS for gender and step 750: 0.007776695769280195

Test GAP RMS for race and step 750: 0.009422852657735348

Test balanced accuracy for step 750: 0.6480839252471924


Test accuracy for step 1000: 0.8458817005157471

Test GAP RMS for gender and step 1000: 0.04379093274474144

Test GAP RMS for race and step 1000: 0.027727575972676277

Test balanced accuracy for step 1000: 0.7375199794769287


Test accuracy for step 1250: 0.8482034206390381

Test GAP RMS for gender and step 1250: 0.07022908329963684

Test GAP RMS for race and step 1250: 0.04330015555024147

Test balanced accuracy for step 1250: 0.777484655380249


Test accuracy for step 1500: 0.8472083806991577

Test GAP RMS for gender and step 1500: 0.07961447536945343

Test GAP RMS for race and step 1500: 0.0567316859960556

Test balanced accuracy for step 1500: 0.7907179594039917


Test accuracy for step 1750: 0.8452183604240417

Test GAP RMS for gender and step 1750: 0.07493208348751068

Test GAP RMS for race and step 1750: 0.04958491772413254

Test balanced accuracy for step 1750: 0.7975834012031555


Test accuracy for step 2000: 0.8440021872520447

Test GAP RMS for gender and step 2000: 0.08817689120769501

Test GAP RMS for race and step 2000: 0.049068525433540344

Test balanced accuracy for step 2000: 0.8017188906669617


Test accuracy for step 2250: 0.8301824331283569

Test GAP RMS for gender and step 2250: 0.09798943251371384

Test GAP RMS for race and step 2250: 0.05008259043097496

Test balanced accuracy for step 2250: 0.810492992401123


Test accuracy for step 2500: 0.840353786945343

Test GAP RMS for gender and step 2500: 0.08597798645496368

Test GAP RMS for race and step 2500: 0.05498441308736801

Test balanced accuracy for step 2500: 0.8020868301391602


Test accuracy for step 2750: 0.8447760939598083

Test GAP RMS for gender and step 2750: 0.07449700683355331

Test GAP RMS for race and step 2750: 0.03969741612672806

Test balanced accuracy for step 2750: 0.8006867170333862


Test accuracy for step 3000: 0.8401326537132263

Test GAP RMS for gender and step 3000: 0.09890319406986237

Test GAP RMS for race and step 3000: 0.044902507215738297

Test balanced accuracy for step 3000: 0.8051819801330566


Test accuracy for step 3250: 0.8406854867935181

Test GAP RMS for gender and step 3250: 0.09880751371383667

Test GAP RMS for race and step 3250: 0.04836351424455643

Test balanced accuracy for step 3250: 0.8072448968887329


Test accuracy for step 3500: 0.8484245538711548

Test GAP RMS for gender and step 3500: 0.07800018042325974

Test GAP RMS for race and step 3500: 0.04816845804452896

Test balanced accuracy for step 3500: 0.7966145873069763


Test accuracy for step 3750: 0.8461028337478638

Test GAP RMS for gender and step 3750: 0.0696629211306572

Test GAP RMS for race and step 3750: 0.04877641052007675

Test balanced accuracy for step 3750: 0.7978589534759521


Test accuracy for step 4000: 0.8396904468536377

Test GAP RMS for gender and step 4000: 0.08902517706155777

Test GAP RMS for race and step 4000: 0.05112757161259651

Test balanced accuracy for step 4000: 0.8044267892837524


Test accuracy for step 4250: 0.8457711338996887

Test GAP RMS for gender and step 4250: 0.07700948417186737

Test GAP RMS for race and step 4250: 0.04847804084420204

Test balanced accuracy for step 4250: 0.7976398468017578


Test accuracy for step 4500: 0.8486456871032715

Test GAP RMS for gender and step 4500: 0.07795752584934235

Test GAP RMS for race and step 4500: 0.04569847136735916

Test balanced accuracy for step 4500: 0.797995388507843


Test accuracy for step 4750: 0.8350470066070557

Test GAP RMS for gender and step 4750: 0.0870850682258606

Test GAP RMS for race and step 4750: 0.05130469799041748

Test balanced accuracy for step 4750: 0.8066068887710571


Test accuracy for step 5000: 0.8454394936561584

Test GAP RMS for gender and step 5000: 0.06672297418117523

Test GAP RMS for race and step 5000: 0.03944183886051178

Test balanced accuracy for step 5000: 0.795259952545166


Test accuracy for step 5250: 0.835710346698761

Test GAP RMS for gender and step 5250: 0.0855780839920044

Test GAP RMS for race and step 5250: 0.044120851904153824

Test balanced accuracy for step 5250: 0.8030322790145874


Test accuracy for step 5500: 0.8137092590332031

Test GAP RMS for gender and step 5500: 0.10725365579128265

Test GAP RMS for race and step 5500: 0.05098536238074303

Test balanced accuracy for step 5500: 0.8206011056900024


Test accuracy for step 5750: 0.7862907648086548

Test GAP RMS for gender and step 5750: 0.11447498202323914

Test GAP RMS for race and step 5750: 0.057804640382528305

Test balanced accuracy for step 5750: 0.8166876435279846


Test accuracy for step 6000: 0.7861801981925964

Test GAP RMS for gender and step 6000: 0.12077946215867996

Test GAP RMS for race and step 6000: 0.06358397752046585

Test balanced accuracy for step 6000: 0.8192384243011475


Test accuracy for step 6250: 0.7787728309631348

Test GAP RMS for gender and step 6250: 0.1313469409942627

Test GAP RMS for race and step 6250: 0.06187398359179497

Test balanced accuracy for step 6250: 0.8165057897567749


Test accuracy for step 6500: 0.7716970443725586

Test GAP RMS for gender and step 6500: 0.14820413291454315

Test GAP RMS for race and step 6500: 0.06986985355615616

Test balanced accuracy for step 6500: 0.8152270317077637


Test accuracy for step 6750: 0.7887230515480042

Test GAP RMS for gender and step 6750: 0.12516261637210846

Test GAP RMS for race and step 6750: 0.06296104192733765

Test balanced accuracy for step 6750: 0.8176770210266113


Test accuracy for step 7000: 0.7218352556228638

Test GAP RMS for gender and step 7000: 0.16474010050296783

Test GAP RMS for race and step 7000: 0.07101386040449142

Test balanced accuracy for step 7000: 0.7967961430549622


Test accuracy for step 7250: 0.741072416305542

Test GAP RMS for gender and step 7250: 0.16689558327198029

Test GAP RMS for race and step 7250: 0.06541060656309128

Test balanced accuracy for step 7250: 0.8059544563293457


Test accuracy for step 7500: 0.7966832518577576

Test GAP RMS for gender and step 7500: 0.15176934003829956

Test GAP RMS for race and step 7500: 0.062135305255651474

Test balanced accuracy for step 7500: 0.8221639394760132


Test accuracy for step 7750: 0.8112769722938538

Test GAP RMS for gender and step 7750: 0.12613724172115326

Test GAP RMS for race and step 7750: 0.06009257584810257

Test balanced accuracy for step 7750: 0.8213094472885132


{'epsilon': 0.01, 'lr': 0.0001, 'wlr': 0.001, 'w_reg': 40.0}
Final test accuracy: 0.8224433660507202
Final test GAP RMS for gender: 0.10859569162130356
Final test GAP RMS for race: 0.05576344579458237
Final test balanced accuracy: 0.8157213926315308


