2020-05-21 16:32:41.570699: W tensorflow/stream_executor/platform/default/dso_loader.cc:55] Could not load dynamic library 'libnvinfer.so.6'; dlerror: libnvinfer.so.6: cannot open shared object file: No such file or directory; LD_LIBRARY_PATH: /sw/arcts/centos7/python3.6-anaconda/5.2.0/lib:/opt/slurm/lib64::
2020-05-21 16:32:41.571791: W tensorflow/stream_executor/platform/default/dso_loader.cc:55] Could not load dynamic library 'libnvinfer_plugin.so.6'; dlerror: libnvinfer_plugin.so.6: cannot open shared object file: No such file or directory; LD_LIBRARY_PATH: /sw/arcts/centos7/python3.6-anaconda/5.2.0/lib:/opt/slurm/lib64::
2020-05-21 16:32:41.571804: W tensorflow/compiler/tf2tensorrt/utils/py_utils.cc:30] Cannot dlopen some TensorRT libraries. If you would like to use Nvidia GPU with TensorRT, please make sure the missing libraries mentioned above are installed properly.
2020-05-21 16:32:47.618020: W tensorflow/stream_executor/platform/default/dso_loader.cc:55] Could not load dynamic library 'libcuda.so.1'; dlerror: libcuda.so.1: cannot open shared object file: No such file or directory; LD_LIBRARY_PATH: /sw/arcts/centos7/python3.6-anaconda/5.2.0/lib:/opt/slurm/lib64::
2020-05-21 16:32:47.619723: E tensorflow/stream_executor/cuda/cuda_driver.cc:351] failed call to cuInit: UNKNOWN ERROR (303)
2020-05-21 16:32:47.619745: I tensorflow/stream_executor/cuda/cuda_diagnostics.cc:156] kernel driver does not appear to be running on this host (gl3157.arc-ts.umich.edu): /proc/driver/nvidia/version does not exist
2020-05-21 16:32:47.620058: I tensorflow/core/platform/cpu_feature_guard.cc:142] Your CPU supports instructions that this TensorFlow binary was not compiled to use: AVX2 AVX512F FMA
2020-05-21 16:32:47.626626: I tensorflow/core/platform/profile_utils/cpu_utils.cc:94] CPU Frequency: 3000000000 Hz
2020-05-21 16:32:47.626721: I tensorflow/compiler/xla/service/service.cc:168] XLA service 0x5652855f2b10 initialized for platform Host (this does not guarantee that XLA will be used). Devices:
2020-05-21 16:32:47.626731: I tensorflow/compiler/xla/service/service.cc:176]   StreamExecutor device (0): Host, Default Version
/sw/arcts/centos7/python3.6-anaconda/5.2.0/lib/python3.6/site-packages/h5py/__init__.py:36: FutureWarning: Conversion of the second argument of issubdtype from `float` to `np.floating` is deprecated. In future, it will be treated as `np.float64 == np.dtype(float).type`.
  from ._conv import register_converters as _register_converters
WARNING:tensorflow:From /home/smaity/.local/lib/python3.6/site-packages/tensorflow_core/python/ops/array_grad.py:563: _EagerTensorBase.cpu (from tensorflow.python.framework.ops) is deprecated and will be removed in a future version.
Instructions for updating:
Use tf.identity instead.
2020-05-21 16:59:13.616261: W tensorflow/python/util/util.cc:319] Sets are not currently considered sequences, but this may change in the future, so consider avoiding using them.
WARNING:tensorflow:From /home/smaity/.local/lib/python3.6/site-packages/tensorflow_core/python/ops/resource_variable_ops.py:1786: calling BaseResourceVariable.__init__ (from tensorflow.python.ops.resource_variable_ops) with constraint is deprecated and will be removed in a future version.
Instructions for updating:
If using Keras pass *_constraint arguments to layers.
Test accuracy for step 250: 0.6177998781204224

Test GAP RMS for gender and step 250: 0.1278344988822937

Test GAP RMS for race and step 250: 0.014386331662535667

Test balanced accuracy for step 250: 0.47201859951019287


Test accuracy for step 500: 0.8315091133117676

Test GAP RMS for gender and step 500: 0.26769593358039856

Test GAP RMS for race and step 500: 0.04824594408273697

Test balanced accuracy for step 500: 0.6932987570762634


Test accuracy for step 750: 0.8369264602661133

Test GAP RMS for gender and step 750: 0.13779011368751526

Test GAP RMS for race and step 750: 0.030905330553650856

Test balanced accuracy for step 750: 0.6940993666648865


Test accuracy for step 1000: 0.8267551064491272

Test GAP RMS for gender and step 1000: 0.0507110059261322

Test GAP RMS for race and step 1000: 0.008596457540988922

Test balanced accuracy for step 1000: 0.663611650466919


Test accuracy for step 1250: 0.8296296000480652

Test GAP RMS for gender and step 1250: 0.03308120369911194

Test GAP RMS for race and step 1250: 0.006618049461394548

Test balanced accuracy for step 1250: 0.6698321104049683


Test accuracy for step 1500: 0.8340519666671753

Test GAP RMS for gender and step 1500: 0.03149174526333809

Test GAP RMS for race and step 1500: 0.007893973961472511

Test balanced accuracy for step 1500: 0.681550920009613


Test accuracy for step 1750: 0.8354892134666443

Test GAP RMS for gender and step 1750: 0.03565855324268341

Test GAP RMS for race and step 1750: 0.010151417925953865

Test balanced accuracy for step 1750: 0.6871306300163269


Test accuracy for step 2000: 0.83714759349823

Test GAP RMS for gender and step 2000: 0.038890693336725235

Test GAP RMS for race and step 2000: 0.011040783487260342

Test balanced accuracy for step 2000: 0.692702054977417


Test accuracy for step 2250: 0.837479293346405

Test GAP RMS for gender and step 2250: 0.033857181668281555

Test GAP RMS for race and step 2250: 0.009770066477358341

Test balanced accuracy for step 2250: 0.6919950842857361


Test accuracy for step 2500: 0.8410171270370483

Test GAP RMS for gender and step 2500: 0.01830125041306019

Test GAP RMS for race and step 2500: 0.012445496395230293

Test balanced accuracy for step 2500: 0.7031296491622925


Test accuracy for step 2750: 0.8440021872520447

Test GAP RMS for gender and step 2750: 0.024811657145619392

Test GAP RMS for race and step 2750: 0.017975647002458572

Test balanced accuracy for step 2750: 0.716677188873291


Test accuracy for step 3000: 0.8428966403007507

Test GAP RMS for gender and step 3000: 0.024817436933517456

Test GAP RMS for race and step 3000: 0.017845554277300835

Test balanced accuracy for step 3000: 0.7142490148544312


Test accuracy for step 3250: 0.8446655869483948

Test GAP RMS for gender and step 3250: 0.023559322580695152

Test GAP RMS for race and step 3250: 0.017033208161592484

Test balanced accuracy for step 3250: 0.7166523337364197


Test accuracy for step 3500: 0.846434473991394

Test GAP RMS for gender and step 3500: 0.02792135812342167

Test GAP RMS for race and step 3500: 0.022352440282702446

Test balanced accuracy for step 3500: 0.7244575619697571


Test accuracy for step 3750: 0.8491984605789185

Test GAP RMS for gender and step 3750: 0.0291601475328207

Test GAP RMS for race and step 3750: 0.02364790439605713

Test balanced accuracy for step 3750: 0.7319940328598022


Test accuracy for step 4000: 0.8472083806991577

Test GAP RMS for gender and step 4000: 0.02579646371304989

Test GAP RMS for race and step 4000: 0.020273450762033463

Test balanced accuracy for step 4000: 0.7254317998886108


Test accuracy for step 4250: 0.8486456871032715

Test GAP RMS for gender and step 4250: 0.027464836835861206

Test GAP RMS for race and step 4250: 0.024040065705776215

Test balanced accuracy for step 4250: 0.729931116104126


Test accuracy for step 4500: 0.8473189473152161

Test GAP RMS for gender and step 4500: 0.026054225862026215

Test GAP RMS for race and step 4500: 0.01826082542538643

Test balanced accuracy for step 4500: 0.7244244813919067


Test accuracy for step 4750: 0.8503040075302124

Test GAP RMS for gender and step 4750: 0.031121551990509033

Test GAP RMS for race and step 4750: 0.025501228868961334

Test balanced accuracy for step 4750: 0.7384350299835205


Test accuracy for step 5000: 0.8489773273468018

Test GAP RMS for gender and step 5000: 0.028689557686448097

Test GAP RMS for race and step 5000: 0.020633241161704063

Test balanced accuracy for step 5000: 0.7333914041519165


Test accuracy for step 5250: 0.8488667607307434

Test GAP RMS for gender and step 5250: 0.030172789469361305

Test GAP RMS for race and step 5250: 0.0187920443713665

Test balanced accuracy for step 5250: 0.7322379350662231


Test accuracy for step 5500: 0.8489773273468018

Test GAP RMS for gender and step 5500: 0.030252933502197266

Test GAP RMS for race and step 5500: 0.023468729108572006

Test balanced accuracy for step 5500: 0.73308265209198


Test accuracy for step 5750: 0.8504145741462708

Test GAP RMS for gender and step 5750: 0.0356743298470974

Test GAP RMS for race and step 5750: 0.03181413933634758

Test balanced accuracy for step 5750: 0.7398971319198608


Test accuracy for step 6000: 0.8506357073783875

Test GAP RMS for gender and step 6000: 0.03379316255450249

Test GAP RMS for race and step 6000: 0.02716143988072872

Test balanced accuracy for step 6000: 0.7408149242401123


Test accuracy for step 6250: 0.8512990474700928

Test GAP RMS for gender and step 6250: 0.0312130656093359

Test GAP RMS for race and step 6250: 0.02464235946536064

Test balanced accuracy for step 6250: 0.7401726841926575


Test accuracy for step 6500: 0.8508568406105042

Test GAP RMS for gender and step 6500: 0.032186560332775116

Test GAP RMS for race and step 6500: 0.02339295670390129

Test balanced accuracy for step 6500: 0.740960955619812


Test accuracy for step 6750: 0.8504145741462708

Test GAP RMS for gender and step 6750: 0.03041137009859085

Test GAP RMS for race and step 6750: 0.023616714403033257

Test balanced accuracy for step 6750: 0.7363472580909729


Test accuracy for step 7000: 0.8511884808540344

Test GAP RMS for gender and step 7000: 0.032342489808797836

Test GAP RMS for race and step 7000: 0.02464585192501545

Test balanced accuracy for step 7000: 0.7402540445327759


Test accuracy for step 7250: 0.8498618006706238

Test GAP RMS for gender and step 7250: 0.03651582822203636

Test GAP RMS for race and step 7250: 0.01905764266848564

Test balanced accuracy for step 7250: 0.7365994453430176


Test accuracy for step 7500: 0.8496406674385071

Test GAP RMS for gender and step 7500: 0.031010175123810768

Test GAP RMS for race and step 7500: 0.019025810062885284

Test balanced accuracy for step 7500: 0.7350643277168274


Test accuracy for step 7750: 0.8499723672866821

Test GAP RMS for gender and step 7750: 0.03105354867875576

Test GAP RMS for race and step 7750: 0.027185963466763496

Test balanced accuracy for step 7750: 0.7375985383987427


{'epsilon': 0.1, 'lr': 0.0001, 'wlr': 1e-05, 'w_reg': 20.0}
Final test accuracy: 0.8503040075302124
Final test GAP RMS for gender: 0.0369177870452404
Final test GAP RMS for race: 0.01839977689087391
Final test balanced accuracy: 0.7395154237747192


