2020-05-21 16:32:43.114375: W tensorflow/stream_executor/platform/default/dso_loader.cc:55] Could not load dynamic library 'libnvinfer.so.6'; dlerror: libnvinfer.so.6: cannot open shared object file: No such file or directory; LD_LIBRARY_PATH: /sw/arcts/centos7/python3.6-anaconda/5.2.0/lib:/opt/slurm/lib64::
2020-05-21 16:32:43.114479: W tensorflow/stream_executor/platform/default/dso_loader.cc:55] Could not load dynamic library 'libnvinfer_plugin.so.6'; dlerror: libnvinfer_plugin.so.6: cannot open shared object file: No such file or directory; LD_LIBRARY_PATH: /sw/arcts/centos7/python3.6-anaconda/5.2.0/lib:/opt/slurm/lib64::
2020-05-21 16:32:43.114490: W tensorflow/compiler/tf2tensorrt/utils/py_utils.cc:30] Cannot dlopen some TensorRT libraries. If you would like to use Nvidia GPU with TensorRT, please make sure the missing libraries mentioned above are installed properly.
2020-05-21 16:32:52.989197: W tensorflow/stream_executor/platform/default/dso_loader.cc:55] Could not load dynamic library 'libcuda.so.1'; dlerror: libcuda.so.1: cannot open shared object file: No such file or directory; LD_LIBRARY_PATH: /sw/arcts/centos7/python3.6-anaconda/5.2.0/lib:/opt/slurm/lib64::
2020-05-21 16:32:52.989458: E tensorflow/stream_executor/cuda/cuda_driver.cc:351] failed call to cuInit: UNKNOWN ERROR (303)
2020-05-21 16:32:52.989486: I tensorflow/stream_executor/cuda/cuda_diagnostics.cc:156] kernel driver does not appear to be running on this host (gl3108.arc-ts.umich.edu): /proc/driver/nvidia/version does not exist
2020-05-21 16:32:52.989883: I tensorflow/core/platform/cpu_feature_guard.cc:142] Your CPU supports instructions that this TensorFlow binary was not compiled to use: AVX2 AVX512F FMA
2020-05-21 16:32:52.996964: I tensorflow/core/platform/profile_utils/cpu_utils.cc:94] CPU Frequency: 3000000000 Hz
2020-05-21 16:32:52.997052: I tensorflow/compiler/xla/service/service.cc:168] XLA service 0x55a004319990 initialized for platform Host (this does not guarantee that XLA will be used). Devices:
2020-05-21 16:32:52.997062: I tensorflow/compiler/xla/service/service.cc:176]   StreamExecutor device (0): Host, Default Version
/sw/arcts/centos7/python3.6-anaconda/5.2.0/lib/python3.6/site-packages/h5py/__init__.py:36: FutureWarning: Conversion of the second argument of issubdtype from `float` to `np.floating` is deprecated. In future, it will be treated as `np.float64 == np.dtype(float).type`.
  from ._conv import register_converters as _register_converters
WARNING:tensorflow:From /home/smaity/.local/lib/python3.6/site-packages/tensorflow_core/python/ops/array_grad.py:563: _EagerTensorBase.cpu (from tensorflow.python.framework.ops) is deprecated and will be removed in a future version.
Instructions for updating:
Use tf.identity instead.
2020-05-21 16:58:50.727965: W tensorflow/python/util/util.cc:319] Sets are not currently considered sequences, but this may change in the future, so consider avoiding using them.
WARNING:tensorflow:From /home/smaity/.local/lib/python3.6/site-packages/tensorflow_core/python/ops/resource_variable_ops.py:1786: calling BaseResourceVariable.__init__ (from tensorflow.python.ops.resource_variable_ops) with constraint is deprecated and will be removed in a future version.
Instructions for updating:
If using Keras pass *_constraint arguments to layers.
Test accuracy for step 250: 0.5925925970077515

Test GAP RMS for gender and step 250: 0.14613854885101318

Test GAP RMS for race and step 250: 0.028499344363808632

Test balanced accuracy for step 250: 0.4762025475502014


Test accuracy for step 500: 0.24311774969100952

Test GAP RMS for gender and step 500: 0.0

Test GAP RMS for race and step 500: 0.0

Test balanced accuracy for step 500: 0.5


Test accuracy for step 750: 0.7040354013442993

Test GAP RMS for gender and step 750: 0.09479184448719025

Test GAP RMS for race and step 750: 0.06263412535190582

Test balanced accuracy for step 750: 0.7807159423828125


Test accuracy for step 1000: 0.8105030655860901

Test GAP RMS for gender and step 1000: 0.07327546924352646

Test GAP RMS for race and step 1000: 0.05663628131151199

Test balanced accuracy for step 1000: 0.8089139461517334


Test accuracy for step 1250: 0.7938087582588196

Test GAP RMS for gender and step 1250: 0.09498456120491028

Test GAP RMS for race and step 1250: 0.05555519834160805

Test balanced accuracy for step 1250: 0.8174868822097778


Test accuracy for step 1500: 0.79856276512146

Test GAP RMS for gender and step 1500: 0.07120678573846817

Test GAP RMS for race and step 1500: 0.04903756082057953

Test balanced accuracy for step 1500: 0.8126016855239868


Test accuracy for step 1750: 0.8056384921073914

Test GAP RMS for gender and step 1750: 0.06974837183952332

Test GAP RMS for race and step 1750: 0.04711177200078964

Test balanced accuracy for step 1750: 0.8121826648712158


Test accuracy for step 2000: 0.807296872138977

Test GAP RMS for gender and step 2000: 0.07074341177940369

Test GAP RMS for race and step 2000: 0.04440903291106224

Test balanced accuracy for step 2000: 0.8084936141967773


Test accuracy for step 2250: 0.80983966588974

Test GAP RMS for gender and step 2250: 0.0705326721072197

Test GAP RMS for race and step 2250: 0.04743075370788574

Test balanced accuracy for step 2250: 0.8123341798782349


Test accuracy for step 2500: 0.7993366718292236

Test GAP RMS for gender and step 2500: 0.06558999419212341

Test GAP RMS for race and step 2500: 0.04613563045859337

Test balanced accuracy for step 2500: 0.8075566291809082


Test accuracy for step 2750: 0.806412398815155

Test GAP RMS for gender and step 2750: 0.06442106515169144

Test GAP RMS for race and step 2750: 0.045380234718322754

Test balanced accuracy for step 2750: 0.8103787899017334


Test accuracy for step 3000: 0.8100607991218567

Test GAP RMS for gender and step 3000: 0.07122217863798141

Test GAP RMS for race and step 3000: 0.05101132392883301

Test balanced accuracy for step 3000: 0.8129433393478394


Test accuracy for step 3250: 0.808734118938446

Test GAP RMS for gender and step 3250: 0.07175280153751373

Test GAP RMS for race and step 3250: 0.050945576280355453

Test balanced accuracy for step 3250: 0.812375545501709


Test accuracy for step 3500: 0.8071863055229187

Test GAP RMS for gender and step 3500: 0.07462664693593979

Test GAP RMS for race and step 3500: 0.04182809218764305

Test balanced accuracy for step 3500: 0.8071858882904053


Test accuracy for step 3750: 0.80232173204422

Test GAP RMS for gender and step 3750: 0.07146485149860382

Test GAP RMS for race and step 3750: 0.046855583786964417

Test balanced accuracy for step 3750: 0.809374213218689


Test accuracy for step 4000: 0.8006633520126343

Test GAP RMS for gender and step 4000: 0.06519444286823273

Test GAP RMS for race and step 4000: 0.05106711760163307

Test balanced accuracy for step 4000: 0.8122915625572205


Test accuracy for step 4250: 0.8080707788467407

Test GAP RMS for gender and step 4250: 0.07290725409984589

Test GAP RMS for race and step 4250: 0.04949092119932175

Test balanced accuracy for step 4250: 0.8127090930938721


Test accuracy for step 4500: 0.8155887126922607

Test GAP RMS for gender and step 4500: 0.09055739641189575

Test GAP RMS for race and step 4500: 0.029033636674284935

Test balanced accuracy for step 4500: 0.7952960729598999


Test accuracy for step 4750: 0.8034272789955139

Test GAP RMS for gender and step 4750: 0.06951911002397537

Test GAP RMS for race and step 4750: 0.04809461906552315

Test balanced accuracy for step 4750: 0.8076351881027222


Test accuracy for step 5000: 0.8091763257980347

Test GAP RMS for gender and step 5000: 0.0722336620092392

Test GAP RMS for race and step 5000: 0.046936068683862686

Test balanced accuracy for step 5000: 0.80911785364151


Test accuracy for step 5250: 0.7809839844703674

Test GAP RMS for gender and step 5250: 0.06793026626110077

Test GAP RMS for race and step 5250: 0.04516008868813515

Test balanced accuracy for step 5250: 0.811947226524353


Test accuracy for step 5500: 0.809286892414093

Test GAP RMS for gender and step 5500: 0.07136756181716919

Test GAP RMS for race and step 5500: 0.044769540429115295

Test balanced accuracy for step 5500: 0.8135124444961548


Test accuracy for step 5750: 0.8035378456115723

Test GAP RMS for gender and step 5750: 0.06656065583229065

Test GAP RMS for race and step 5750: 0.04832415282726288

Test balanced accuracy for step 5750: 0.8081712126731873


Test accuracy for step 6000: 0.8102819323539734

Test GAP RMS for gender and step 6000: 0.07573418319225311

Test GAP RMS for race and step 6000: 0.047095924615859985

Test balanced accuracy for step 6000: 0.8098481893539429


Test accuracy for step 6250: 0.7761194109916687

Test GAP RMS for gender and step 6250: 0.06464094668626785

Test GAP RMS for race and step 6250: 0.044080693274736404

Test balanced accuracy for step 6250: 0.8104314208030701


Test accuracy for step 6500: 0.8068546056747437

Test GAP RMS for gender and step 6500: 0.07172495871782303

Test GAP RMS for race and step 6500: 0.047476936131715775

Test balanced accuracy for step 6500: 0.8154555559158325


Test accuracy for step 6750: 0.813045859336853

Test GAP RMS for gender and step 6750: 0.0807461142539978

Test GAP RMS for race and step 6750: 0.04088438302278519

Test balanced accuracy for step 6750: 0.8047287464141846


Test accuracy for step 7000: 0.8022111654281616

Test GAP RMS for gender and step 7000: 0.06639005243778229

Test GAP RMS for race and step 7000: 0.0489594042301178

Test balanced accuracy for step 7000: 0.8134684562683105


Test accuracy for step 7250: 0.8114980459213257

Test GAP RMS for gender and step 7250: 0.07135092467069626

Test GAP RMS for race and step 7250: 0.045308053493499756

Test balanced accuracy for step 7250: 0.8109602928161621


Test accuracy for step 7500: 0.7966832518577576

Test GAP RMS for gender and step 7500: 0.06746447831392288

Test GAP RMS for race and step 7500: 0.046778950840234756

Test balanced accuracy for step 7500: 0.8141381740570068


Test accuracy for step 7750: 0.7904919981956482

Test GAP RMS for gender and step 7750: 0.07504310458898544

Test GAP RMS for race and step 7750: 0.04606463760137558

Test balanced accuracy for step 7750: 0.8128263354301453


{'epsilon': 1e-05, 'lr': 0.0001, 'wlr': 0.001, 'w_reg': 40.0}
Final test accuracy: 0.808402419090271
Final test GAP RMS for gender: 0.07247573882341385
Final test GAP RMS for race: 0.041467905044555664
Final test balanced accuracy: 0.8053654432296753


