2020-05-21 16:32:42.219390: W tensorflow/stream_executor/platform/default/dso_loader.cc:55] Could not load dynamic library 'libnvinfer.so.6'; dlerror: libnvinfer.so.6: cannot open shared object file: No such file or directory; LD_LIBRARY_PATH: /sw/arcts/centos7/python3.6-anaconda/5.2.0/lib:/opt/slurm/lib64::
2020-05-21 16:32:42.220008: W tensorflow/stream_executor/platform/default/dso_loader.cc:55] Could not load dynamic library 'libnvinfer_plugin.so.6'; dlerror: libnvinfer_plugin.so.6: cannot open shared object file: No such file or directory; LD_LIBRARY_PATH: /sw/arcts/centos7/python3.6-anaconda/5.2.0/lib:/opt/slurm/lib64::
2020-05-21 16:32:42.220021: W tensorflow/compiler/tf2tensorrt/utils/py_utils.cc:30] Cannot dlopen some TensorRT libraries. If you would like to use Nvidia GPU with TensorRT, please make sure the missing libraries mentioned above are installed properly.
2020-05-21 16:32:48.357180: W tensorflow/stream_executor/platform/default/dso_loader.cc:55] Could not load dynamic library 'libcuda.so.1'; dlerror: libcuda.so.1: cannot open shared object file: No such file or directory; LD_LIBRARY_PATH: /sw/arcts/centos7/python3.6-anaconda/5.2.0/lib:/opt/slurm/lib64::
2020-05-21 16:32:48.358026: E tensorflow/stream_executor/cuda/cuda_driver.cc:351] failed call to cuInit: UNKNOWN ERROR (303)
2020-05-21 16:32:48.358053: I tensorflow/stream_executor/cuda/cuda_diagnostics.cc:156] kernel driver does not appear to be running on this host (gl3254.arc-ts.umich.edu): /proc/driver/nvidia/version does not exist
2020-05-21 16:32:48.374151: I tensorflow/core/platform/cpu_feature_guard.cc:142] Your CPU supports instructions that this TensorFlow binary was not compiled to use: AVX2 AVX512F FMA
2020-05-21 16:32:48.407171: I tensorflow/core/platform/profile_utils/cpu_utils.cc:94] CPU Frequency: 3000000000 Hz
2020-05-21 16:32:48.407290: I tensorflow/compiler/xla/service/service.cc:168] XLA service 0x55a36303a730 initialized for platform Host (this does not guarantee that XLA will be used). Devices:
2020-05-21 16:32:48.407303: I tensorflow/compiler/xla/service/service.cc:176]   StreamExecutor device (0): Host, Default Version
/sw/arcts/centos7/python3.6-anaconda/5.2.0/lib/python3.6/site-packages/h5py/__init__.py:36: FutureWarning: Conversion of the second argument of issubdtype from `float` to `np.floating` is deprecated. In future, it will be treated as `np.float64 == np.dtype(float).type`.
  from ._conv import register_converters as _register_converters
WARNING:tensorflow:From /home/smaity/.local/lib/python3.6/site-packages/tensorflow_core/python/ops/array_grad.py:563: _EagerTensorBase.cpu (from tensorflow.python.framework.ops) is deprecated and will be removed in a future version.
Instructions for updating:
Use tf.identity instead.
2020-05-21 16:59:33.694289: W tensorflow/python/util/util.cc:319] Sets are not currently considered sequences, but this may change in the future, so consider avoiding using them.
WARNING:tensorflow:From /home/smaity/.local/lib/python3.6/site-packages/tensorflow_core/python/ops/resource_variable_ops.py:1786: calling BaseResourceVariable.__init__ (from tensorflow.python.ops.resource_variable_ops) with constraint is deprecated and will be removed in a future version.
Instructions for updating:
If using Keras pass *_constraint arguments to layers.
Test accuracy for step 250: 0.616804838180542

Test GAP RMS for gender and step 250: 0.12783856689929962

Test GAP RMS for race and step 250: 0.016911158338189125

Test balanced accuracy for step 250: 0.48370853066444397


Test accuracy for step 500: 0.8022111654281616

Test GAP RMS for gender and step 500: 0.25471460819244385

Test GAP RMS for race and step 500: 0.07495404779911041

Test balanced accuracy for step 500: 0.8105359077453613


Test accuracy for step 750: 0.807849645614624

Test GAP RMS for gender and step 750: 0.18690675497055054

Test GAP RMS for race and step 750: 0.06508553773164749

Test balanced accuracy for step 750: 0.8208973407745361


Test accuracy for step 1000: 0.813930332660675

Test GAP RMS for gender and step 1000: 0.179124116897583

Test GAP RMS for race and step 1000: 0.0562000647187233

Test balanced accuracy for step 1000: 0.8204385042190552


Test accuracy for step 1250: 0.8148148059844971

Test GAP RMS for gender and step 1250: 0.1674736589193344

Test GAP RMS for race and step 1250: 0.059188228100538254

Test balanced accuracy for step 1250: 0.8236465454101562


Test accuracy for step 1500: 0.8110558390617371

Test GAP RMS for gender and step 1500: 0.16171148419380188

Test GAP RMS for race and step 1500: 0.06023658066987991

Test balanced accuracy for step 1500: 0.8259478807449341


Test accuracy for step 1750: 0.8103924989700317

Test GAP RMS for gender and step 1750: 0.16755716502666473

Test GAP RMS for race and step 1750: 0.06315464526414871

Test balanced accuracy for step 1750: 0.8275160789489746


Test accuracy for step 2000: 0.8091763257980347

Test GAP RMS for gender and step 2000: 0.1656763255596161

Test GAP RMS for race and step 2000: 0.06519398093223572

Test balanced accuracy for step 2000: 0.8279474377632141


Test accuracy for step 2250: 0.8141514658927917

Test GAP RMS for gender and step 2250: 0.16042713820934296

Test GAP RMS for race and step 2250: 0.06292998045682907

Test balanced accuracy for step 2250: 0.8281472325325012


Test accuracy for step 2500: 0.8145936727523804

Test GAP RMS for gender and step 2500: 0.150821715593338

Test GAP RMS for race and step 2500: 0.057749852538108826

Test balanced accuracy for step 2500: 0.8281307220458984


Test accuracy for step 2750: 0.8068546056747437

Test GAP RMS for gender and step 2750: 0.15886986255645752

Test GAP RMS for race and step 2750: 0.06422740966081619

Test balanced accuracy for step 2750: 0.8279571533203125


Test accuracy for step 3000: 0.8114980459213257

Test GAP RMS for gender and step 3000: 0.16266882419586182

Test GAP RMS for race and step 3000: 0.06769824773073196

Test balanced accuracy for step 3000: 0.8284007906913757


Test accuracy for step 3250: 0.812493085861206

Test GAP RMS for gender and step 3250: 0.15694363415241241

Test GAP RMS for race and step 3250: 0.06469909846782684

Test balanced accuracy for step 3250: 0.8282864093780518


Test accuracy for step 3500: 0.8108347058296204

Test GAP RMS for gender and step 3500: 0.14994053542613983

Test GAP RMS for race and step 3500: 0.06352098286151886

Test balanced accuracy for step 3500: 0.8271908760070801


Test accuracy for step 3750: 0.8113874793052673

Test GAP RMS for gender and step 3750: 0.1470041573047638

Test GAP RMS for race and step 3750: 0.06453783065080643

Test balanced accuracy for step 3750: 0.8289451599121094


Test accuracy for step 4000: 0.8175787925720215

Test GAP RMS for gender and step 4000: 0.15247902274131775

Test GAP RMS for race and step 4000: 0.06271836906671524

Test balanced accuracy for step 4000: 0.8287135362625122


Test accuracy for step 4250: 0.8122719526290894

Test GAP RMS for gender and step 4250: 0.1567097157239914

Test GAP RMS for race and step 4250: 0.06547592580318451

Test balanced accuracy for step 4250: 0.828449010848999


Test accuracy for step 4500: 0.8200110793113708

Test GAP RMS for gender and step 4500: 0.14221160113811493

Test GAP RMS for race and step 4500: 0.06376666575670242

Test balanced accuracy for step 4500: 0.8290855884552002


Test accuracy for step 4750: 0.8108347058296204

Test GAP RMS for gender and step 4750: 0.14266733825206757

Test GAP RMS for race and step 4750: 0.06495188176631927

Test balanced accuracy for step 4750: 0.8284255862236023


Test accuracy for step 5000: 0.8164731860160828

Test GAP RMS for gender and step 5000: 0.14560768008232117

Test GAP RMS for race and step 5000: 0.06770362704992294

Test balanced accuracy for step 5000: 0.8296809792518616


Test accuracy for step 5250: 0.8140408992767334

Test GAP RMS for gender and step 5250: 0.14448975026607513

Test GAP RMS for race and step 5250: 0.06481051445007324

Test balanced accuracy for step 5250: 0.8291546106338501


Test accuracy for step 5500: 0.8163626194000244

Test GAP RMS for gender and step 5500: 0.13297335803508759

Test GAP RMS for race and step 5500: 0.05987109616398811

Test balanced accuracy for step 5500: 0.8294535875320435


Test accuracy for step 5750: 0.8133775591850281

Test GAP RMS for gender and step 5750: 0.1280166208744049

Test GAP RMS for race and step 5750: 0.06412778794765472

Test balanced accuracy for step 5750: 0.8291794061660767


Test accuracy for step 6000: 0.8118297457695007

Test GAP RMS for gender and step 6000: 0.13531598448753357

Test GAP RMS for race and step 6000: 0.06421006470918655

Test balanced accuracy for step 6000: 0.8292372822761536


Test accuracy for step 6250: 0.811608612537384

Test GAP RMS for gender and step 6250: 0.14029435813426971

Test GAP RMS for race and step 6250: 0.06146998330950737

Test balanced accuracy for step 6250: 0.8280107975006104


Test accuracy for step 6500: 0.812161386013031

Test GAP RMS for gender and step 6500: 0.13420985639095306

Test GAP RMS for race and step 6500: 0.0630367249250412

Test balanced accuracy for step 6500: 0.8279129266738892


Test accuracy for step 6750: 0.8204532861709595

Test GAP RMS for gender and step 6750: 0.11541613191366196

Test GAP RMS for race and step 6750: 0.060753390192985535

Test balanced accuracy for step 6750: 0.8286060094833374


Test accuracy for step 7000: 0.8173576593399048

Test GAP RMS for gender and step 7000: 0.11976175010204315

Test GAP RMS for race and step 7000: 0.06034046411514282

Test balanced accuracy for step 7000: 0.8301109075546265


Test accuracy for step 7250: 0.8195688128471375

Test GAP RMS for gender and step 7250: 0.12199027091264725

Test GAP RMS for race and step 7250: 0.056818075478076935

Test balanced accuracy for step 7250: 0.8289477825164795


Test accuracy for step 7500: 0.8193476796150208

Test GAP RMS for gender and step 7500: 0.12668219208717346

Test GAP RMS for race and step 7500: 0.057749852538108826

Test balanced accuracy for step 7500: 0.8294191360473633


Test accuracy for step 7750: 0.8199005126953125

Test GAP RMS for gender and step 7750: 0.1122758761048317

Test GAP RMS for race and step 7750: 0.058684300631284714

Test balanced accuracy for step 7750: 0.8285495638847351


{'epsilon': 1e-05, 'lr': 0.0001, 'wlr': 1e-05, 'w_reg': 10.0}
Final test accuracy: 0.8164731860160828
Final test GAP RMS for gender: 0.10948679596185684
Final test GAP RMS for race: 0.060077667236328125
Final test balanced accuracy: 0.8262854814529419


