2020-05-21 16:32:42.219408: W tensorflow/stream_executor/platform/default/dso_loader.cc:55] Could not load dynamic library 'libnvinfer.so.6'; dlerror: libnvinfer.so.6: cannot open shared object file: No such file or directory; LD_LIBRARY_PATH: /sw/arcts/centos7/python3.6-anaconda/5.2.0/lib:/opt/slurm/lib64::
2020-05-21 16:32:42.220029: W tensorflow/stream_executor/platform/default/dso_loader.cc:55] Could not load dynamic library 'libnvinfer_plugin.so.6'; dlerror: libnvinfer_plugin.so.6: cannot open shared object file: No such file or directory; LD_LIBRARY_PATH: /sw/arcts/centos7/python3.6-anaconda/5.2.0/lib:/opt/slurm/lib64::
2020-05-21 16:32:42.220041: W tensorflow/compiler/tf2tensorrt/utils/py_utils.cc:30] Cannot dlopen some TensorRT libraries. If you would like to use Nvidia GPU with TensorRT, please make sure the missing libraries mentioned above are installed properly.
2020-05-21 16:32:48.354124: W tensorflow/stream_executor/platform/default/dso_loader.cc:55] Could not load dynamic library 'libcuda.so.1'; dlerror: libcuda.so.1: cannot open shared object file: No such file or directory; LD_LIBRARY_PATH: /sw/arcts/centos7/python3.6-anaconda/5.2.0/lib:/opt/slurm/lib64::
2020-05-21 16:32:48.356066: E tensorflow/stream_executor/cuda/cuda_driver.cc:351] failed call to cuInit: UNKNOWN ERROR (303)
2020-05-21 16:32:48.357955: I tensorflow/stream_executor/cuda/cuda_diagnostics.cc:156] kernel driver does not appear to be running on this host (gl3254.arc-ts.umich.edu): /proc/driver/nvidia/version does not exist
2020-05-21 16:32:48.374157: I tensorflow/core/platform/cpu_feature_guard.cc:142] Your CPU supports instructions that this TensorFlow binary was not compiled to use: AVX2 AVX512F FMA
2020-05-21 16:32:48.407170: I tensorflow/core/platform/profile_utils/cpu_utils.cc:94] CPU Frequency: 3000000000 Hz
2020-05-21 16:32:48.407310: I tensorflow/compiler/xla/service/service.cc:168] XLA service 0x55852a4229f0 initialized for platform Host (this does not guarantee that XLA will be used). Devices:
2020-05-21 16:32:48.407322: I tensorflow/compiler/xla/service/service.cc:176]   StreamExecutor device (0): Host, Default Version
/sw/arcts/centos7/python3.6-anaconda/5.2.0/lib/python3.6/site-packages/h5py/__init__.py:36: FutureWarning: Conversion of the second argument of issubdtype from `float` to `np.floating` is deprecated. In future, it will be treated as `np.float64 == np.dtype(float).type`.
  from ._conv import register_converters as _register_converters
WARNING:tensorflow:From /home/smaity/.local/lib/python3.6/site-packages/tensorflow_core/python/ops/array_grad.py:563: _EagerTensorBase.cpu (from tensorflow.python.framework.ops) is deprecated and will be removed in a future version.
Instructions for updating:
Use tf.identity instead.
2020-05-21 16:59:24.240395: W tensorflow/python/util/util.cc:319] Sets are not currently considered sequences, but this may change in the future, so consider avoiding using them.
WARNING:tensorflow:From /home/smaity/.local/lib/python3.6/site-packages/tensorflow_core/python/ops/resource_variable_ops.py:1786: calling BaseResourceVariable.__init__ (from tensorflow.python.ops.resource_variable_ops) with constraint is deprecated and will be removed in a future version.
Instructions for updating:
If using Keras pass *_constraint arguments to layers.
Test accuracy for step 250: 0.6174682378768921

Test GAP RMS for gender and step 250: 0.12748213112354279

Test GAP RMS for race and step 250: 0.016838563606142998

Test balanced accuracy for step 250: 0.48352938890457153


Test accuracy for step 500: 0.8067440390586853

Test GAP RMS for gender and step 500: 0.25747382640838623

Test GAP RMS for race and step 500: 0.0730818659067154

Test balanced accuracy for step 500: 0.8090544939041138


Test accuracy for step 750: 0.8132669925689697

Test GAP RMS for gender and step 750: 0.1933295875787735

Test GAP RMS for race and step 750: 0.06242169812321663

Test balanced accuracy for step 750: 0.8198459148406982


Test accuracy for step 1000: 0.8205638527870178

Test GAP RMS for gender and step 1000: 0.18541137874126434

Test GAP RMS for race and step 1000: 0.0553925447165966

Test balanced accuracy for step 1000: 0.8188012838363647


Test accuracy for step 1250: 0.8212271928787231

Test GAP RMS for gender and step 1250: 0.17324262857437134

Test GAP RMS for race and step 1250: 0.05461370199918747

Test balanced accuracy for step 1250: 0.8226350545883179


Test accuracy for step 1500: 0.8180209994316101

Test GAP RMS for gender and step 1500: 0.157997265458107

Test GAP RMS for race and step 1500: 0.05589407682418823

Test balanced accuracy for step 1500: 0.824992835521698


Test accuracy for step 1750: 0.8185737729072571

Test GAP RMS for gender and step 1750: 0.16242609918117523

Test GAP RMS for race and step 1750: 0.05631925165653229

Test balanced accuracy for step 1750: 0.8278274536132812


Test accuracy for step 2000: 0.8164731860160828

Test GAP RMS for gender and step 2000: 0.15890492498874664

Test GAP RMS for race and step 2000: 0.05862472206354141

Test balanced accuracy for step 2000: 0.8261311054229736


Test accuracy for step 2250: 0.8215588927268982

Test GAP RMS for gender and step 2250: 0.15727831423282623

Test GAP RMS for race and step 2250: 0.054508406668901443

Test balanced accuracy for step 2250: 0.8251692056655884


Test accuracy for step 2500: 0.8217799663543701

Test GAP RMS for gender and step 2500: 0.13910861313343048

Test GAP RMS for race and step 2500: 0.053832124918699265

Test balanced accuracy for step 2500: 0.8256239891052246


Test accuracy for step 2750: 0.8180209994316101

Test GAP RMS for gender and step 2750: 0.14841268956661224

Test GAP RMS for race and step 2750: 0.05690972879528999

Test balanced accuracy for step 2750: 0.8297774195671082


Test accuracy for step 3000: 0.8212271928787231

Test GAP RMS for gender and step 3000: 0.15228182077407837

Test GAP RMS for race and step 3000: 0.05453155189752579

Test balanced accuracy for step 3000: 0.8278825879096985


Test accuracy for step 3250: 0.8208954930305481

Test GAP RMS for gender and step 3250: 0.14385032653808594

Test GAP RMS for race and step 3250: 0.055483270436525345

Test balanced accuracy for step 3250: 0.8268917798995972


Test accuracy for step 3500: 0.8202321529388428

Test GAP RMS for gender and step 3500: 0.13578346371650696

Test GAP RMS for race and step 3500: 0.058737631887197495

Test balanced accuracy for step 3500: 0.8272252678871155


Test accuracy for step 3750: 0.8191266059875488

Test GAP RMS for gender and step 3750: 0.13559891283512115

Test GAP RMS for race and step 3750: 0.05891980603337288

Test balanced accuracy for step 3750: 0.8275753259658813


Test accuracy for step 4000: 0.8257600665092468

Test GAP RMS for gender and step 4000: 0.13338105380535126

Test GAP RMS for race and step 4000: 0.05731252208352089

Test balanced accuracy for step 4000: 0.8264011144638062


Test accuracy for step 4250: 0.8235489130020142

Test GAP RMS for gender and step 4250: 0.1339232176542282

Test GAP RMS for race and step 4250: 0.06045064330101013

Test balanced accuracy for step 4250: 0.8278729319572449


Test accuracy for step 4500: 0.8290768265724182

Test GAP RMS for gender and step 4500: 0.11882010847330093

Test GAP RMS for race and step 4500: 0.05935625359416008

Test balanced accuracy for step 4500: 0.8248879909515381


Test accuracy for step 4750: 0.8216694593429565

Test GAP RMS for gender and step 4750: 0.12190297991037369

Test GAP RMS for race and step 4750: 0.05758276581764221

Test balanced accuracy for step 4750: 0.8291007876396179


Test accuracy for step 5000: 0.8260917663574219

Test GAP RMS for gender and step 5000: 0.11975164711475372

Test GAP RMS for race and step 5000: 0.05807134136557579

Test balanced accuracy for step 5000: 0.8275462985038757


Test accuracy for step 5250: 0.8242122530937195

Test GAP RMS for gender and step 5250: 0.1182430163025856

Test GAP RMS for race and step 5250: 0.057559121400117874

Test balanced accuracy for step 5250: 0.8259960412979126


Test accuracy for step 5500: 0.8254284262657166

Test GAP RMS for gender and step 5500: 0.10973332077264786

Test GAP RMS for race and step 5500: 0.0572444312274456

Test balanced accuracy for step 5500: 0.8258733749389648


Test accuracy for step 5750: 0.8214483261108398

Test GAP RMS for gender and step 5750: 0.10610596090555191

Test GAP RMS for race and step 5750: 0.05674854665994644

Test balanced accuracy for step 5750: 0.826022207736969


Test accuracy for step 6000: 0.8203427195549011

Test GAP RMS for gender and step 6000: 0.11343594640493393

Test GAP RMS for race and step 6000: 0.05792442336678505

Test balanced accuracy for step 6000: 0.8260635733604431


Test accuracy for step 6250: 0.8201215863227844

Test GAP RMS for gender and step 6250: 0.11762328445911407

Test GAP RMS for race and step 6250: 0.058371830731630325

Test balanced accuracy for step 6250: 0.8260718584060669


Test accuracy for step 6500: 0.8210060596466064

Test GAP RMS for gender and step 6500: 0.1132999062538147

Test GAP RMS for race and step 6500: 0.058052580803632736

Test balanced accuracy for step 6500: 0.8266561031341553


Test accuracy for step 6750: 0.8247650861740112

Test GAP RMS for gender and step 6750: 0.0964876040816307

Test GAP RMS for race and step 6750: 0.056293733417987823

Test balanced accuracy for step 6750: 0.82219398021698


Test accuracy for step 7000: 0.8231067061424255

Test GAP RMS for gender and step 7000: 0.09987170994281769

Test GAP RMS for race and step 7000: 0.05389150604605675

Test balanced accuracy for step 7000: 0.8246482610702515


Test accuracy for step 7250: 0.8256495594978333

Test GAP RMS for gender and step 7250: 0.10161452740430832

Test GAP RMS for race and step 7250: 0.04865933582186699

Test balanced accuracy for step 7250: 0.8243216872215271


Test accuracy for step 7500: 0.8255389928817749

Test GAP RMS for gender and step 7500: 0.10674654692411423

Test GAP RMS for race and step 7500: 0.04861796274781227

Test balanced accuracy for step 7500: 0.8247116804122925


Test accuracy for step 7750: 0.8226644396781921

Test GAP RMS for gender and step 7750: 0.09716114401817322

Test GAP RMS for race and step 7750: 0.05227334797382355

Test balanced accuracy for step 7750: 0.8220410346984863


{'epsilon': 0.001, 'lr': 0.0001, 'wlr': 1e-05, 'w_reg': 10.0}
Final test accuracy: 0.8207849860191345
Final test GAP RMS for gender: 0.09571826457977295
Final test GAP RMS for race: 0.05178806185722351
Final test balanced accuracy: 0.8224971890449524


