2020-05-21 16:32:42.062656: W tensorflow/stream_executor/platform/default/dso_loader.cc:55] Could not load dynamic library 'libnvinfer.so.6'; dlerror: libnvinfer.so.6: cannot open shared object file: No such file or directory; LD_LIBRARY_PATH: /sw/arcts/centos7/python3.6-anaconda/5.2.0/lib:/opt/slurm/lib64::
2020-05-21 16:32:42.079746: W tensorflow/stream_executor/platform/default/dso_loader.cc:55] Could not load dynamic library 'libnvinfer_plugin.so.6'; dlerror: libnvinfer_plugin.so.6: cannot open shared object file: No such file or directory; LD_LIBRARY_PATH: /sw/arcts/centos7/python3.6-anaconda/5.2.0/lib:/opt/slurm/lib64::
2020-05-21 16:32:42.079762: W tensorflow/compiler/tf2tensorrt/utils/py_utils.cc:30] Cannot dlopen some TensorRT libraries. If you would like to use Nvidia GPU with TensorRT, please make sure the missing libraries mentioned above are installed properly.
2020-05-21 16:32:50.823938: W tensorflow/stream_executor/platform/default/dso_loader.cc:55] Could not load dynamic library 'libcuda.so.1'; dlerror: libcuda.so.1: cannot open shared object file: No such file or directory; LD_LIBRARY_PATH: /sw/arcts/centos7/python3.6-anaconda/5.2.0/lib:/opt/slurm/lib64::
2020-05-21 16:32:50.824083: E tensorflow/stream_executor/cuda/cuda_driver.cc:351] failed call to cuInit: UNKNOWN ERROR (303)
2020-05-21 16:32:50.824103: I tensorflow/stream_executor/cuda/cuda_diagnostics.cc:156] kernel driver does not appear to be running on this host (gl3264.arc-ts.umich.edu): /proc/driver/nvidia/version does not exist
2020-05-21 16:32:50.824442: I tensorflow/core/platform/cpu_feature_guard.cc:142] Your CPU supports instructions that this TensorFlow binary was not compiled to use: AVX2 AVX512F FMA
2020-05-21 16:32:50.831374: I tensorflow/core/platform/profile_utils/cpu_utils.cc:94] CPU Frequency: 3000000000 Hz
2020-05-21 16:32:50.831468: I tensorflow/compiler/xla/service/service.cc:168] XLA service 0x560cc681f910 initialized for platform Host (this does not guarantee that XLA will be used). Devices:
2020-05-21 16:32:50.831478: I tensorflow/compiler/xla/service/service.cc:176]   StreamExecutor device (0): Host, Default Version
/sw/arcts/centos7/python3.6-anaconda/5.2.0/lib/python3.6/site-packages/h5py/__init__.py:36: FutureWarning: Conversion of the second argument of issubdtype from `float` to `np.floating` is deprecated. In future, it will be treated as `np.float64 == np.dtype(float).type`.
  from ._conv import register_converters as _register_converters
WARNING:tensorflow:From /home/smaity/.local/lib/python3.6/site-packages/tensorflow_core/python/ops/array_grad.py:563: _EagerTensorBase.cpu (from tensorflow.python.framework.ops) is deprecated and will be removed in a future version.
Instructions for updating:
Use tf.identity instead.
2020-05-21 16:58:55.671793: W tensorflow/python/util/util.cc:319] Sets are not currently considered sequences, but this may change in the future, so consider avoiding using them.
WARNING:tensorflow:From /home/smaity/.local/lib/python3.6/site-packages/tensorflow_core/python/ops/resource_variable_ops.py:1786: calling BaseResourceVariable.__init__ (from tensorflow.python.ops.resource_variable_ops) with constraint is deprecated and will be removed in a future version.
Instructions for updating:
If using Keras pass *_constraint arguments to layers.
Test accuracy for step 250: 0.6193476915359497

Test GAP RMS for gender and step 250: 0.12716609239578247

Test GAP RMS for race and step 250: 0.013213124126195908

Test balanced accuracy for step 250: 0.47659093141555786


Test accuracy for step 500: 0.8347153067588806

Test GAP RMS for gender and step 500: 0.340534508228302

Test GAP RMS for race and step 500: 0.08166637271642685

Test balanced accuracy for step 500: 0.7637897729873657


Test accuracy for step 750: 0.8446655869483948

Test GAP RMS for gender and step 750: 0.23302647471427917

Test GAP RMS for race and step 750: 0.06619488447904587

Test balanced accuracy for step 750: 0.7722150087356567


Test accuracy for step 1000: 0.8472083806991577

Test GAP RMS for gender and step 1000: 0.18023546040058136

Test GAP RMS for race and step 1000: 0.05151314660906792

Test balanced accuracy for step 1000: 0.7609301805496216


Test accuracy for step 1250: 0.8486456871032715

Test GAP RMS for gender and step 1250: 0.15965679287910461

Test GAP RMS for race and step 1250: 0.05365798994898796

Test balanced accuracy for step 1250: 0.7629600763320923


Test accuracy for step 1500: 0.8505251407623291

Test GAP RMS for gender and step 1500: 0.13239389657974243

Test GAP RMS for race and step 1500: 0.05220986157655716

Test balanced accuracy for step 1500: 0.7699122428894043


Test accuracy for step 1750: 0.8515201807022095

Test GAP RMS for gender and step 1750: 0.12153597921133041

Test GAP RMS for race and step 1750: 0.05829036608338356

Test balanced accuracy for step 1750: 0.770415186882019


Test accuracy for step 2000: 0.8518518805503845

Test GAP RMS for gender and step 2000: 0.11349405348300934

Test GAP RMS for race and step 2000: 0.053311415016651154

Test balanced accuracy for step 2000: 0.7686278820037842


Test accuracy for step 2250: 0.8512990474700928

Test GAP RMS for gender and step 2250: 0.09594913572072983

Test GAP RMS for race and step 2250: 0.0449572429060936

Test balanced accuracy for step 2250: 0.7596195936203003


Test accuracy for step 2500: 0.8518518805503845

Test GAP RMS for gender and step 2500: 0.07504037767648697

Test GAP RMS for race and step 2500: 0.03196791931986809

Test balanced accuracy for step 2500: 0.7587500810623169


Test accuracy for step 2750: 0.8528468608856201

Test GAP RMS for gender and step 2750: 0.06639162451028824

Test GAP RMS for race and step 2750: 0.032867539674043655

Test balanced accuracy for step 2750: 0.7614138126373291


Test accuracy for step 3000: 0.8517413139343262

Test GAP RMS for gender and step 3000: 0.06474801898002625

Test GAP RMS for race and step 3000: 0.03192614018917084

Test balanced accuracy for step 3000: 0.7555902004241943


Test accuracy for step 3250: 0.8510779142379761

Test GAP RMS for gender and step 3250: 0.05322360619902611

Test GAP RMS for race and step 3250: 0.02448609657585621

Test balanced accuracy for step 3250: 0.7468175888061523


Test accuracy for step 3500: 0.8515201807022095

Test GAP RMS for gender and step 3500: 0.04807610809803009

Test GAP RMS for race and step 3500: 0.02292799763381481

Test balanced accuracy for step 3500: 0.7480357885360718


Test accuracy for step 3750: 0.8519623875617981

Test GAP RMS for gender and step 3750: 0.038161274045705795

Test GAP RMS for race and step 3750: 0.0291360504925251

Test balanced accuracy for step 3750: 0.748482346534729


Test accuracy for step 4000: 0.8505251407623291

Test GAP RMS for gender and step 4000: 0.03468439728021622

Test GAP RMS for race and step 4000: 0.023252321407198906

Test balanced accuracy for step 4000: 0.7384267449378967


Test accuracy for step 4250: 0.8486456871032715

Test GAP RMS for gender and step 4250: 0.028915906324982643

Test GAP RMS for race and step 4250: 0.02433394081890583

Test balanced accuracy for step 4250: 0.7303941249847412


Test accuracy for step 4500: 0.8458817005157471

Test GAP RMS for gender and step 4500: 0.025763416662812233

Test GAP RMS for race and step 4500: 0.012301681563258171

Test balanced accuracy for step 4500: 0.7220859527587891


Test accuracy for step 4750: 0.8486456871032715

Test GAP RMS for gender and step 4750: 0.03000146709382534

Test GAP RMS for race and step 4750: 0.018707145005464554

Test balanced accuracy for step 4750: 0.7307028770446777


Test accuracy for step 5000: 0.8474295139312744

Test GAP RMS for gender and step 5000: 0.031613562256097794

Test GAP RMS for race and step 5000: 0.014451979659497738

Test balanced accuracy for step 5000: 0.7248061895370483


Test accuracy for step 5250: 0.8456605672836304

Test GAP RMS for gender and step 5250: 0.032322730869054794

Test GAP RMS for race and step 5250: 0.01158580556511879

Test balanced accuracy for step 5250: 0.7196247577667236


Test accuracy for step 5500: 0.8448866605758667

Test GAP RMS for gender and step 5500: 0.035252608358860016

Test GAP RMS for race and step 5500: 0.009883525781333447

Test balanced accuracy for step 5500: 0.7171071171760559


Test accuracy for step 5750: 0.846434473991394

Test GAP RMS for gender and step 5750: 0.04090455174446106

Test GAP RMS for race and step 5750: 0.012788700871169567

Test balanced accuracy for step 5750: 0.7202903628349304


Test accuracy for step 6000: 0.844997227191925

Test GAP RMS for gender and step 6000: 0.042257532477378845

Test GAP RMS for race and step 6000: 0.010298298671841621

Test balanced accuracy for step 6000: 0.7165627479553223


Test accuracy for step 6250: 0.8442233204841614

Test GAP RMS for gender and step 6250: 0.037400923669338226

Test GAP RMS for race and step 6250: 0.0071159969083964825

Test balanced accuracy for step 6250: 0.7114213109016418


Test accuracy for step 6500: 0.8444444537162781

Test GAP RMS for gender and step 6500: 0.03629382699728012

Test GAP RMS for race and step 6500: 0.007826480083167553

Test balanced accuracy for step 6500: 0.7120303511619568


Test accuracy for step 6750: 0.8440021872520447

Test GAP RMS for gender and step 6750: 0.040340978652238846

Test GAP RMS for race and step 6750: 0.012641352601349354

Test balanced accuracy for step 6750: 0.7083427309989929


Test accuracy for step 7000: 0.8443338871002197

Test GAP RMS for gender and step 7000: 0.03707459941506386

Test GAP RMS for race and step 7000: 0.010394008830189705

Test balanced accuracy for step 7000: 0.710105299949646


Test accuracy for step 7250: 0.8421227335929871

Test GAP RMS for gender and step 7250: 0.04044317826628685

Test GAP RMS for race and step 7250: 0.01905330829322338

Test balanced accuracy for step 7250: 0.7023165822029114


Test accuracy for step 7500: 0.8419016003608704

Test GAP RMS for gender and step 7500: 0.03549143299460411

Test GAP RMS for race and step 7500: 0.013740978203713894

Test balanced accuracy for step 7500: 0.7012444734573364


Test accuracy for step 7750: 0.8427860736846924

Test GAP RMS for gender and step 7750: 0.03606332466006279

Test GAP RMS for race and step 7750: 0.01706913486123085

Test balanced accuracy for step 7750: 0.7036808729171753


{'epsilon': 0.01, 'lr': 0.0001, 'wlr': 5e-06, 'w_reg': 40.0}
Final test accuracy: 0.8411276936531067
Final test GAP RMS for gender: 0.03939459100365639
Final test GAP RMS for race: 0.014458011835813522
Final test balanced accuracy: 0.6987267732620239


