2020-05-21 16:32:41.570699: W tensorflow/stream_executor/platform/default/dso_loader.cc:55] Could not load dynamic library 'libnvinfer.so.6'; dlerror: libnvinfer.so.6: cannot open shared object file: No such file or directory; LD_LIBRARY_PATH: /sw/arcts/centos7/python3.6-anaconda/5.2.0/lib:/opt/slurm/lib64::
2020-05-21 16:32:41.571785: W tensorflow/stream_executor/platform/default/dso_loader.cc:55] Could not load dynamic library 'libnvinfer_plugin.so.6'; dlerror: libnvinfer_plugin.so.6: cannot open shared object file: No such file or directory; LD_LIBRARY_PATH: /sw/arcts/centos7/python3.6-anaconda/5.2.0/lib:/opt/slurm/lib64::
2020-05-21 16:32:41.571800: W tensorflow/compiler/tf2tensorrt/utils/py_utils.cc:30] Cannot dlopen some TensorRT libraries. If you would like to use Nvidia GPU with TensorRT, please make sure the missing libraries mentioned above are installed properly.
2020-05-21 16:32:47.609062: W tensorflow/stream_executor/platform/default/dso_loader.cc:55] Could not load dynamic library 'libcuda.so.1'; dlerror: libcuda.so.1: cannot open shared object file: No such file or directory; LD_LIBRARY_PATH: /sw/arcts/centos7/python3.6-anaconda/5.2.0/lib:/opt/slurm/lib64::
2020-05-21 16:32:47.610100: E tensorflow/stream_executor/cuda/cuda_driver.cc:351] failed call to cuInit: UNKNOWN ERROR (303)
2020-05-21 16:32:47.610129: I tensorflow/stream_executor/cuda/cuda_diagnostics.cc:156] kernel driver does not appear to be running on this host (gl3157.arc-ts.umich.edu): /proc/driver/nvidia/version does not exist
2020-05-21 16:32:47.610530: I tensorflow/core/platform/cpu_feature_guard.cc:142] Your CPU supports instructions that this TensorFlow binary was not compiled to use: AVX2 AVX512F FMA
2020-05-21 16:32:47.617562: I tensorflow/core/platform/profile_utils/cpu_utils.cc:94] CPU Frequency: 3000000000 Hz
2020-05-21 16:32:47.617667: I tensorflow/compiler/xla/service/service.cc:168] XLA service 0x55aee12daf40 initialized for platform Host (this does not guarantee that XLA will be used). Devices:
2020-05-21 16:32:47.617677: I tensorflow/compiler/xla/service/service.cc:176]   StreamExecutor device (0): Host, Default Version
/sw/arcts/centos7/python3.6-anaconda/5.2.0/lib/python3.6/site-packages/h5py/__init__.py:36: FutureWarning: Conversion of the second argument of issubdtype from `float` to `np.floating` is deprecated. In future, it will be treated as `np.float64 == np.dtype(float).type`.
  from ._conv import register_converters as _register_converters
WARNING:tensorflow:From /home/smaity/.local/lib/python3.6/site-packages/tensorflow_core/python/ops/array_grad.py:563: _EagerTensorBase.cpu (from tensorflow.python.framework.ops) is deprecated and will be removed in a future version.
Instructions for updating:
Use tf.identity instead.
2020-05-21 16:59:09.685314: W tensorflow/python/util/util.cc:319] Sets are not currently considered sequences, but this may change in the future, so consider avoiding using them.
WARNING:tensorflow:From /home/smaity/.local/lib/python3.6/site-packages/tensorflow_core/python/ops/resource_variable_ops.py:1786: calling BaseResourceVariable.__init__ (from tensorflow.python.ops.resource_variable_ops) with constraint is deprecated and will be removed in a future version.
Instructions for updating:
If using Keras pass *_constraint arguments to layers.
Test accuracy for step 250: 0.6181315779685974

Test GAP RMS for gender and step 250: 0.12689939141273499

Test GAP RMS for race and step 250: 0.01573372632265091

Test balanced accuracy for step 250: 0.47918304800987244


Test accuracy for step 500: 0.8253178596496582

Test GAP RMS for gender and step 500: 0.30704084038734436

Test GAP RMS for race and step 500: 0.08896009624004364

Test balanced accuracy for step 500: 0.7919996976852417


Test accuracy for step 750: 0.8367053866386414

Test GAP RMS for gender and step 750: 0.1898830384016037

Test GAP RMS for race and step 750: 0.06727827340364456

Test balanced accuracy for step 750: 0.8032265305519104


Test accuracy for step 1000: 0.8458817005157471

Test GAP RMS for gender and step 1000: 0.1440006047487259

Test GAP RMS for race and step 1000: 0.07436643540859222

Test balanced accuracy for step 1000: 0.7981759309768677


Test accuracy for step 1250: 0.8458817005157471

Test GAP RMS for gender and step 1250: 0.12853392958641052

Test GAP RMS for race and step 1250: 0.06357772648334503

Test balanced accuracy for step 1250: 0.7966325283050537


Test accuracy for step 1500: 0.8458817005157471

Test GAP RMS for gender and step 1500: 0.1074942871928215

Test GAP RMS for race and step 1500: 0.05775812640786171

Test balanced accuracy for step 1500: 0.8001823425292969


Test accuracy for step 1750: 0.845550000667572

Test GAP RMS for gender and step 1750: 0.10345767438411713

Test GAP RMS for race and step 1750: 0.0580390989780426

Test balanced accuracy for step 1750: 0.7967220544815063


Test accuracy for step 2000: 0.8468767404556274

Test GAP RMS for gender and step 2000: 0.09466957300901413

Test GAP RMS for race and step 2000: 0.04822726920247078

Test balanced accuracy for step 2000: 0.7952834367752075


Test accuracy for step 2250: 0.8507462739944458

Test GAP RMS for gender and step 2250: 0.0776808112859726

Test GAP RMS for race and step 2250: 0.051848314702510834

Test balanced accuracy for step 2250: 0.7901226282119751


Test accuracy for step 2500: 0.8507462739944458

Test GAP RMS for gender and step 2500: 0.07292670756578445

Test GAP RMS for race and step 2500: 0.047427739948034286

Test balanced accuracy for step 2500: 0.7891966104507446


Test accuracy for step 2750: 0.8495301008224487

Test GAP RMS for gender and step 2750: 0.07193434238433838

Test GAP RMS for race and step 2750: 0.045250482857227325

Test balanced accuracy for step 2750: 0.7894735336303711


Test accuracy for step 3000: 0.8510779142379761

Test GAP RMS for gender and step 3000: 0.06714334338903427

Test GAP RMS for race and step 3000: 0.04301391914486885

Test balanced accuracy for step 3000: 0.7852485179901123


Test accuracy for step 3250: 0.8531785607337952

Test GAP RMS for gender and step 3250: 0.05919262766838074

Test GAP RMS for race and step 3250: 0.04075861722230911

Test balanced accuracy for step 3250: 0.781079888343811


Test accuracy for step 3500: 0.8524046540260315

Test GAP RMS for gender and step 3500: 0.05850009620189667

Test GAP RMS for race and step 3500: 0.03722701221704483

Test balanced accuracy for step 3500: 0.7811859846115112


Test accuracy for step 3750: 0.8525152206420898

Test GAP RMS for gender and step 3750: 0.054565977305173874

Test GAP RMS for race and step 3750: 0.03498431667685509

Test balanced accuracy for step 3750: 0.7807959914207458


Test accuracy for step 4000: 0.8535102009773254

Test GAP RMS for gender and step 4000: 0.04928632080554962

Test GAP RMS for race and step 4000: 0.03777207434177399

Test balanced accuracy for step 4000: 0.7757427096366882


Test accuracy for step 4250: 0.8530679941177368

Test GAP RMS for gender and step 4250: 0.04502808302640915

Test GAP RMS for race and step 4250: 0.03235608711838722

Test balanced accuracy for step 4250: 0.7698943018913269


Test accuracy for step 4500: 0.8531785607337952

Test GAP RMS for gender and step 4500: 0.04104193300008774

Test GAP RMS for race and step 4500: 0.032422926276922226

Test balanced accuracy for step 4500: 0.7650284767150879


Test accuracy for step 4750: 0.8520729541778564

Test GAP RMS for gender and step 4750: 0.04580799117684364

Test GAP RMS for race and step 4750: 0.031771738082170486

Test balanced accuracy for step 4750: 0.7713977694511414


Test accuracy for step 5000: 0.8524046540260315

Test GAP RMS for gender and step 5000: 0.04268888384103775

Test GAP RMS for race and step 5000: 0.0355432853102684

Test balanced accuracy for step 5000: 0.7676039934158325


Test accuracy for step 5250: 0.8531785607337952

Test GAP RMS for gender and step 5250: 0.04189193248748779

Test GAP RMS for race and step 5250: 0.03408363088965416

Test balanced accuracy for step 5250: 0.7674978971481323


Test accuracy for step 5500: 0.8529574275016785

Test GAP RMS for gender and step 5500: 0.04221729189157486

Test GAP RMS for race and step 5500: 0.029304180294275284

Test balanced accuracy for step 5500: 0.7664257884025574


Test accuracy for step 5750: 0.8524046540260315

Test GAP RMS for gender and step 5750: 0.043932460248470306

Test GAP RMS for race and step 5750: 0.027705200016498566

Test balanced accuracy for step 5750: 0.7680670022964478


Test accuracy for step 6000: 0.8529574275016785

Test GAP RMS for gender and step 6000: 0.04354328662157059

Test GAP RMS for race and step 6000: 0.039834294468164444

Test balanced accuracy for step 6000: 0.7699756622314453


Test accuracy for step 6250: 0.8527362942695618

Test GAP RMS for gender and step 6250: 0.041754480451345444

Test GAP RMS for race and step 6250: 0.03953762724995613

Test balanced accuracy for step 6250: 0.7667427062988281


Test accuracy for step 6500: 0.8517413139343262

Test GAP RMS for gender and step 6500: 0.04304255545139313

Test GAP RMS for race and step 6500: 0.035156384110450745

Test balanced accuracy for step 6500: 0.7670114636421204


Test accuracy for step 6750: 0.8515201807022095

Test GAP RMS for gender and step 6750: 0.04088547080755234

Test GAP RMS for race and step 6750: 0.024634234607219696

Test balanced accuracy for step 6750: 0.7620807886123657


Test accuracy for step 7000: 0.8516307473182678

Test GAP RMS for gender and step 7000: 0.04023616015911102

Test GAP RMS for race and step 7000: 0.0332755483686924

Test balanced accuracy for step 7000: 0.7632342576980591


Test accuracy for step 7250: 0.8515201807022095

Test GAP RMS for gender and step 7250: 0.03935207054018974

Test GAP RMS for race and step 7250: 0.035088375210762024

Test balanced accuracy for step 7250: 0.759456992149353


Test accuracy for step 7500: 0.8525152206420898

Test GAP RMS for gender and step 7500: 0.038520023226737976

Test GAP RMS for race and step 7500: 0.02990020252764225

Test balanced accuracy for step 7500: 0.7593426704406738


Test accuracy for step 7750: 0.8506357073783875

Test GAP RMS for gender and step 7750: 0.039764925837516785

Test GAP RMS for race and step 7750: 0.03005477413535118

Test balanced accuracy for step 7750: 0.7608791589736938


{'epsilon': 0.01, 'lr': 0.0001, 'wlr': 1e-05, 'w_reg': 20.0}
Final test accuracy: 0.8508568406105042
Final test GAP RMS for gender: 0.04009578004479408
Final test GAP RMS for race: 0.029720792546868324
Final test balanced accuracy: 0.7596361637115479


