2020-05-21 16:32:39.271914: W tensorflow/stream_executor/platform/default/dso_loader.cc:55] Could not load dynamic library 'libnvinfer.so.6'; dlerror: libnvinfer.so.6: cannot open shared object file: No such file or directory; LD_LIBRARY_PATH: /sw/arcts/centos7/python3.6-anaconda/5.2.0/lib:/opt/slurm/lib64::
2020-05-21 16:32:39.272470: W tensorflow/stream_executor/platform/default/dso_loader.cc:55] Could not load dynamic library 'libnvinfer_plugin.so.6'; dlerror: libnvinfer_plugin.so.6: cannot open shared object file: No such file or directory; LD_LIBRARY_PATH: /sw/arcts/centos7/python3.6-anaconda/5.2.0/lib:/opt/slurm/lib64::
2020-05-21 16:32:39.272481: W tensorflow/compiler/tf2tensorrt/utils/py_utils.cc:30] Cannot dlopen some TensorRT libraries. If you would like to use Nvidia GPU with TensorRT, please make sure the missing libraries mentioned above are installed properly.
2020-05-21 16:32:46.021886: W tensorflow/stream_executor/platform/default/dso_loader.cc:55] Could not load dynamic library 'libcuda.so.1'; dlerror: libcuda.so.1: cannot open shared object file: No such file or directory; LD_LIBRARY_PATH: /sw/arcts/centos7/python3.6-anaconda/5.2.0/lib:/opt/slurm/lib64::
2020-05-21 16:32:46.022058: E tensorflow/stream_executor/cuda/cuda_driver.cc:351] failed call to cuInit: UNKNOWN ERROR (303)
2020-05-21 16:32:46.022088: I tensorflow/stream_executor/cuda/cuda_diagnostics.cc:156] kernel driver does not appear to be running on this host (gl3149.arc-ts.umich.edu): /proc/driver/nvidia/version does not exist
2020-05-21 16:32:46.022588: I tensorflow/core/platform/cpu_feature_guard.cc:142] Your CPU supports instructions that this TensorFlow binary was not compiled to use: AVX2 AVX512F FMA
2020-05-21 16:32:46.029570: I tensorflow/core/platform/profile_utils/cpu_utils.cc:94] CPU Frequency: 3000000000 Hz
2020-05-21 16:32:46.029665: I tensorflow/compiler/xla/service/service.cc:168] XLA service 0x5606afe39f40 initialized for platform Host (this does not guarantee that XLA will be used). Devices:
2020-05-21 16:32:46.029675: I tensorflow/compiler/xla/service/service.cc:176]   StreamExecutor device (0): Host, Default Version
/sw/arcts/centos7/python3.6-anaconda/5.2.0/lib/python3.6/site-packages/h5py/__init__.py:36: FutureWarning: Conversion of the second argument of issubdtype from `float` to `np.floating` is deprecated. In future, it will be treated as `np.float64 == np.dtype(float).type`.
  from ._conv import register_converters as _register_converters
WARNING:tensorflow:From /home/smaity/.local/lib/python3.6/site-packages/tensorflow_core/python/ops/array_grad.py:563: _EagerTensorBase.cpu (from tensorflow.python.framework.ops) is deprecated and will be removed in a future version.
Instructions for updating:
Use tf.identity instead.
2020-05-21 16:59:05.104170: W tensorflow/python/util/util.cc:319] Sets are not currently considered sequences, but this may change in the future, so consider avoiding using them.
WARNING:tensorflow:From /home/smaity/.local/lib/python3.6/site-packages/tensorflow_core/python/ops/resource_variable_ops.py:1786: calling BaseResourceVariable.__init__ (from tensorflow.python.ops.resource_variable_ops) with constraint is deprecated and will be removed in a future version.
Instructions for updating:
If using Keras pass *_constraint arguments to layers.
Test accuracy for step 250: 0.616804838180542

Test GAP RMS for gender and step 250: 0.1280750036239624

Test GAP RMS for race and step 250: 0.016617458313703537

Test balanced accuracy for step 250: 0.48386287689208984


Test accuracy for step 500: 0.7959093451499939

Test GAP RMS for gender and step 500: 0.24064664542675018

Test GAP RMS for race and step 500: 0.07431798428297043

Test balanced accuracy for step 500: 0.8120835423469543


Test accuracy for step 750: 0.8034272789955139

Test GAP RMS for gender and step 750: 0.15349611639976501

Test GAP RMS for race and step 750: 0.06531115621328354

Test balanced accuracy for step 750: 0.8238409161567688


Test accuracy for step 1000: 0.8127142190933228

Test GAP RMS for gender and step 1000: 0.1315232664346695

Test GAP RMS for race and step 1000: 0.05402326583862305

Test balanced accuracy for step 1000: 0.8227218985557556


Test accuracy for step 1250: 0.8128247857093811

Test GAP RMS for gender and step 1250: 0.11992622911930084

Test GAP RMS for race and step 1250: 0.05547042563557625

Test balanced accuracy for step 1250: 0.8243383169174194


Test accuracy for step 1500: 0.811608612537384

Test GAP RMS for gender and step 1500: 0.11059241741895676

Test GAP RMS for race and step 1500: 0.05508088320493698

Test balanced accuracy for step 1500: 0.8233805894851685


Test accuracy for step 1750: 0.810724139213562

Test GAP RMS for gender and step 1750: 0.11706937849521637

Test GAP RMS for race and step 1750: 0.052805397659540176

Test balanced accuracy for step 1750: 0.8252657651901245


Test accuracy for step 2000: 0.80983966588974

Test GAP RMS for gender and step 2000: 0.11318963766098022

Test GAP RMS for race and step 2000: 0.05573500692844391

Test balanced accuracy for step 2000: 0.8229837417602539


Test accuracy for step 2250: 0.8154781460762024

Test GAP RMS for gender and step 2250: 0.10352078825235367

Test GAP RMS for race and step 2250: 0.05693682283163071

Test balanced accuracy for step 2250: 0.8230043649673462


Test accuracy for step 2500: 0.8135986924171448

Test GAP RMS for gender and step 2500: 0.09512057155370712

Test GAP RMS for race and step 2500: 0.056617505848407745

Test balanced accuracy for step 2500: 0.8212997317314148


Test accuracy for step 2750: 0.8080707788467407

Test GAP RMS for gender and step 2750: 0.10591710358858109

Test GAP RMS for race and step 2750: 0.05474952980875969

Test balanced accuracy for step 2750: 0.8258280158042908


Test accuracy for step 3000: 0.8140408992767334

Test GAP RMS for gender and step 3000: 0.10531462728977203

Test GAP RMS for race and step 3000: 0.05563214793801308

Test balanced accuracy for step 3000: 0.8248330354690552


Test accuracy for step 3250: 0.8149253726005554

Test GAP RMS for gender and step 3250: 0.0970882847905159

Test GAP RMS for race and step 3250: 0.05700908228754997

Test balanced accuracy for step 3250: 0.8227934837341309


Test accuracy for step 3500: 0.8127142190933228

Test GAP RMS for gender and step 3500: 0.09477770328521729

Test GAP RMS for race and step 3500: 0.05498511716723442

Test balanced accuracy for step 3500: 0.8222588896751404


Test accuracy for step 3750: 0.8120508790016174

Test GAP RMS for gender and step 3750: 0.0929023027420044

Test GAP RMS for race and step 3750: 0.05435466021299362

Test balanced accuracy for step 3750: 0.8205859661102295


Test accuracy for step 4000: 0.8205638527870178

Test GAP RMS for gender and step 4000: 0.08898293226957321

Test GAP RMS for race and step 4000: 0.05593881011009216

Test balanced accuracy for step 4000: 0.8211163878440857


Test accuracy for step 4250: 0.8171365261077881

Test GAP RMS for gender and step 4250: 0.09276404976844788

Test GAP RMS for race and step 4250: 0.0541243739426136

Test balanced accuracy for step 4250: 0.8211674094200134


Test accuracy for step 4500: 0.8224433660507202

Test GAP RMS for gender and step 4500: 0.08538390696048737

Test GAP RMS for race and step 4500: 0.05196569859981537

Test balanced accuracy for step 4500: 0.8183451890945435


Test accuracy for step 4750: 0.8144831657409668

Test GAP RMS for gender and step 4750: 0.08659292012453079

Test GAP RMS for race and step 4750: 0.05212528631091118

Test balanced accuracy for step 4750: 0.8214209675788879


Test accuracy for step 5000: 0.8202321529388428

Test GAP RMS for gender and step 5000: 0.08556067943572998

Test GAP RMS for race and step 5000: 0.05278686434030533

Test balanced accuracy for step 5000: 0.8215146660804749


Test accuracy for step 5250: 0.8201215863227844

Test GAP RMS for gender and step 5250: 0.0876646563410759

Test GAP RMS for race and step 5250: 0.05305410921573639

Test balanced accuracy for step 5250: 0.8205155730247498


Test accuracy for step 5500: 0.8192371726036072

Test GAP RMS for gender and step 5500: 0.08487049490213394

Test GAP RMS for race and step 5500: 0.048168379813432693

Test balanced accuracy for step 5500: 0.8200856447219849


Test accuracy for step 5750: 0.8159204125404358

Test GAP RMS for gender and step 5750: 0.08302933722734451

Test GAP RMS for race and step 5750: 0.05248456075787544

Test balanced accuracy for step 5750: 0.8220617771148682


Test accuracy for step 6000: 0.8156992793083191

Test GAP RMS for gender and step 6000: 0.08946559578180313

Test GAP RMS for race and step 6000: 0.04823740944266319

Test balanced accuracy for step 6000: 0.8229960799217224


Test accuracy for step 6250: 0.8140408992767334

Test GAP RMS for gender and step 6250: 0.09431467205286026

Test GAP RMS for race and step 6250: 0.05371638014912605

Test balanced accuracy for step 6250: 0.8209744691848755


Test accuracy for step 6500: 0.8138197660446167

Test GAP RMS for gender and step 6500: 0.09299267083406448

Test GAP RMS for race and step 6500: 0.05110124871134758

Test balanced accuracy for step 6500: 0.8208284378051758


Test accuracy for step 6750: 0.8200110793113708

Test GAP RMS for gender and step 6750: 0.084143728017807

Test GAP RMS for race and step 6750: 0.04951176047325134

Test balanced accuracy for step 6750: 0.816120982170105


Test accuracy for step 7000: 0.8180209994316101

Test GAP RMS for gender and step 7000: 0.08364750444889069

Test GAP RMS for race and step 7000: 0.050027791410684586

Test balanced accuracy for step 7000: 0.8217517137527466


Test accuracy for step 7250: 0.8192371726036072

Test GAP RMS for gender and step 7250: 0.0874863788485527

Test GAP RMS for race and step 7250: 0.05216338858008385

Test balanced accuracy for step 7250: 0.8208573460578918


Test accuracy for step 7500: 0.8175787925720215

Test GAP RMS for gender and step 7500: 0.09320534020662308

Test GAP RMS for race and step 7500: 0.048771023750305176

Test balanced accuracy for step 7500: 0.8194531202316284


Test accuracy for step 7750: 0.8190160393714905

Test GAP RMS for gender and step 7750: 0.08471173793077469

Test GAP RMS for race and step 7750: 0.04891536757349968

Test balanced accuracy for step 7750: 0.8199396133422852


{'epsilon': 0.0001, 'lr': 0.0001, 'wlr': 0.0001, 'w_reg': 10.0}
Final test accuracy: 0.8160309791564941
Final test GAP RMS for gender: 0.08438842743635178
Final test GAP RMS for race: 0.05172724649310112
Final test balanced accuracy: 0.8204370737075806


