2020-05-21 16:32:42.062619: W tensorflow/stream_executor/platform/default/dso_loader.cc:55] Could not load dynamic library 'libnvinfer.so.6'; dlerror: libnvinfer.so.6: cannot open shared object file: No such file or directory; LD_LIBRARY_PATH: /sw/arcts/centos7/python3.6-anaconda/5.2.0/lib:/opt/slurm/lib64::
2020-05-21 16:32:42.079743: W tensorflow/stream_executor/platform/default/dso_loader.cc:55] Could not load dynamic library 'libnvinfer_plugin.so.6'; dlerror: libnvinfer_plugin.so.6: cannot open shared object file: No such file or directory; LD_LIBRARY_PATH: /sw/arcts/centos7/python3.6-anaconda/5.2.0/lib:/opt/slurm/lib64::
2020-05-21 16:32:42.079757: W tensorflow/compiler/tf2tensorrt/utils/py_utils.cc:30] Cannot dlopen some TensorRT libraries. If you would like to use Nvidia GPU with TensorRT, please make sure the missing libraries mentioned above are installed properly.
2020-05-21 16:32:50.794735: W tensorflow/stream_executor/platform/default/dso_loader.cc:55] Could not load dynamic library 'libcuda.so.1'; dlerror: libcuda.so.1: cannot open shared object file: No such file or directory; LD_LIBRARY_PATH: /sw/arcts/centos7/python3.6-anaconda/5.2.0/lib:/opt/slurm/lib64::
2020-05-21 16:32:50.795062: E tensorflow/stream_executor/cuda/cuda_driver.cc:351] failed call to cuInit: UNKNOWN ERROR (303)
2020-05-21 16:32:50.795097: I tensorflow/stream_executor/cuda/cuda_diagnostics.cc:156] kernel driver does not appear to be running on this host (gl3264.arc-ts.umich.edu): /proc/driver/nvidia/version does not exist
2020-05-21 16:32:50.795562: I tensorflow/core/platform/cpu_feature_guard.cc:142] Your CPU supports instructions that this TensorFlow binary was not compiled to use: AVX2 AVX512F FMA
2020-05-21 16:32:50.804000: I tensorflow/core/platform/profile_utils/cpu_utils.cc:94] CPU Frequency: 3000000000 Hz
2020-05-21 16:32:50.804154: I tensorflow/compiler/xla/service/service.cc:168] XLA service 0x5626ff916cb0 initialized for platform Host (this does not guarantee that XLA will be used). Devices:
2020-05-21 16:32:50.804171: I tensorflow/compiler/xla/service/service.cc:176]   StreamExecutor device (0): Host, Default Version
/sw/arcts/centos7/python3.6-anaconda/5.2.0/lib/python3.6/site-packages/h5py/__init__.py:36: FutureWarning: Conversion of the second argument of issubdtype from `float` to `np.floating` is deprecated. In future, it will be treated as `np.float64 == np.dtype(float).type`.
  from ._conv import register_converters as _register_converters
WARNING:tensorflow:From /home/smaity/.local/lib/python3.6/site-packages/tensorflow_core/python/ops/array_grad.py:563: _EagerTensorBase.cpu (from tensorflow.python.framework.ops) is deprecated and will be removed in a future version.
Instructions for updating:
Use tf.identity instead.
2020-05-21 16:58:56.898707: W tensorflow/python/util/util.cc:319] Sets are not currently considered sequences, but this may change in the future, so consider avoiding using them.
WARNING:tensorflow:From /home/smaity/.local/lib/python3.6/site-packages/tensorflow_core/python/ops/resource_variable_ops.py:1786: calling BaseResourceVariable.__init__ (from tensorflow.python.ops.resource_variable_ops) with constraint is deprecated and will be removed in a future version.
Instructions for updating:
If using Keras pass *_constraint arguments to layers.
Test accuracy for step 250: 0.6192371249198914

Test GAP RMS for gender and step 250: 0.127428337931633

Test GAP RMS for race and step 250: 0.013485445640981197

Test balanced accuracy for step 250: 0.47620922327041626


Test accuracy for step 500: 0.8344941735267639

Test GAP RMS for gender and step 500: 0.33513715863227844

Test GAP RMS for race and step 500: 0.0851908028125763

Test balanced accuracy for step 500: 0.763489305973053


Test accuracy for step 750: 0.8434494137763977

Test GAP RMS for gender and step 750: 0.2506544291973114

Test GAP RMS for race and step 750: 0.07306243479251862

Test balanced accuracy for step 750: 0.7758874893188477


Test accuracy for step 1000: 0.8466556072235107

Test GAP RMS for gender and step 1000: 0.20644405484199524

Test GAP RMS for race and step 1000: 0.050918374210596085

Test balanced accuracy for step 1000: 0.7628801465034485


Test accuracy for step 1250: 0.8472083806991577

Test GAP RMS for gender and step 1250: 0.19911359250545502

Test GAP RMS for race and step 1250: 0.0468723438680172

Test balanced accuracy for step 1250: 0.7623192667961121


Test accuracy for step 1500: 0.8486456871032715

Test GAP RMS for gender and step 1500: 0.1915249526500702

Test GAP RMS for race and step 1500: 0.054457079619169235

Test balanced accuracy for step 1500: 0.7615709900856018


Test accuracy for step 1750: 0.8488667607307434

Test GAP RMS for gender and step 1750: 0.1885014921426773

Test GAP RMS for race and step 1750: 0.05326339229941368

Test balanced accuracy for step 1750: 0.7597106099128723


Test accuracy for step 2000: 0.8489773273468018

Test GAP RMS for gender and step 2000: 0.18212634325027466

Test GAP RMS for race and step 2000: 0.049347829073667526

Test balanced accuracy for step 2000: 0.7545360326766968


Test accuracy for step 2250: 0.8489773273468018

Test GAP RMS for gender and step 2250: 0.16386976838111877

Test GAP RMS for race and step 2250: 0.03216441348195076

Test balanced accuracy for step 2250: 0.7438865900039673


Test accuracy for step 2500: 0.8479822874069214

Test GAP RMS for gender and step 2500: 0.15699414908885956

Test GAP RMS for race and step 2500: 0.02691066451370716

Test balanced accuracy for step 2500: 0.7395250797271729


Test accuracy for step 2750: 0.8490878939628601

Test GAP RMS for gender and step 2750: 0.15503528714179993

Test GAP RMS for race and step 2750: 0.02842826209962368

Test balanced accuracy for step 2750: 0.7425705194473267


Test accuracy for step 3000: 0.8480928540229797

Test GAP RMS for gender and step 3000: 0.1562231481075287

Test GAP RMS for race and step 3000: 0.029165390878915787

Test balanced accuracy for step 3000: 0.7345048189163208


Test accuracy for step 3250: 0.8463239073753357

Test GAP RMS for gender and step 3250: 0.14254434406757355

Test GAP RMS for race and step 3250: 0.026484306901693344

Test balanced accuracy for step 3250: 0.7259279489517212


Test accuracy for step 3500: 0.8456605672836304

Test GAP RMS for gender and step 3500: 0.13830463588237762

Test GAP RMS for race and step 3500: 0.02721543423831463

Test balanced accuracy for step 3500: 0.7228659391403198


Test accuracy for step 3750: 0.8446655869483948

Test GAP RMS for gender and step 3750: 0.12785163521766663

Test GAP RMS for race and step 3750: 0.032878629863262177

Test balanced accuracy for step 3750: 0.7200478315353394


Test accuracy for step 4000: 0.8381426334381104

Test GAP RMS for gender and step 4000: 0.12893018126487732

Test GAP RMS for race and step 4000: 0.01799708604812622

Test balanced accuracy for step 4000: 0.6975265741348267


Test accuracy for step 4250: 0.8378109335899353

Test GAP RMS for gender and step 4250: 0.1226811408996582

Test GAP RMS for race and step 4250: 0.01858479157090187

Test balanced accuracy for step 4250: 0.6959183812141418


Test accuracy for step 4500: 0.8341625332832336

Test GAP RMS for gender and step 4500: 0.09900811314582825

Test GAP RMS for race and step 4500: 0.004851351957768202

Test balanced accuracy for step 4500: 0.6799262166023254


Test accuracy for step 4750: 0.8373687267303467

Test GAP RMS for gender and step 4750: 0.10459601879119873

Test GAP RMS for race and step 4750: 0.006674342323094606

Test balanced accuracy for step 4750: 0.6896069049835205


Test accuracy for step 5000: 0.8334991931915283

Test GAP RMS for gender and step 5000: 0.1038714125752449

Test GAP RMS for race and step 5000: 0.006038786843419075

Test balanced accuracy for step 5000: 0.6773272752761841


Test accuracy for step 5250: 0.8300718665122986

Test GAP RMS for gender and step 5250: 0.10159696638584137

Test GAP RMS for race and step 5250: 0.0034167722333222628

Test balanced accuracy for step 5250: 0.6678091287612915


Test accuracy for step 5500: 0.8285240530967712

Test GAP RMS for gender and step 5500: 0.08733778446912766

Test GAP RMS for race and step 5500: 0.007421061862260103

Test balanced accuracy for step 5500: 0.663082480430603


Test accuracy for step 5750: 0.8265339732170105

Test GAP RMS for gender and step 5750: 0.0803857073187828

Test GAP RMS for race and step 5750: 0.0118710370734334

Test balanced accuracy for step 5750: 0.6579092741012573


Test accuracy for step 6000: 0.8276395797729492

Test GAP RMS for gender and step 6000: 0.08297841250896454

Test GAP RMS for race and step 6000: 0.013401530683040619

Test balanced accuracy for step 6000: 0.6597200632095337


Test accuracy for step 6250: 0.8217799663543701

Test GAP RMS for gender and step 6250: 0.08344991505146027

Test GAP RMS for race and step 6250: 0.008046876639127731

Test balanced accuracy for step 6250: 0.6433475613594055


Test accuracy for step 6500: 0.8204532861709595

Test GAP RMS for gender and step 6500: 0.07418078184127808

Test GAP RMS for race and step 6500: 0.015662815421819687

Test balanced accuracy for step 6500: 0.6407734155654907


Test accuracy for step 6750: 0.8161414861679077

Test GAP RMS for gender and step 6750: 0.05142885446548462

Test GAP RMS for race and step 6750: 0.02128906361758709

Test balanced accuracy for step 6750: 0.6286645531654358


Test accuracy for step 7000: 0.8180209994316101

Test GAP RMS for gender and step 7000: 0.057261548936367035

Test GAP RMS for race and step 7000: 0.00478881411254406

Test balanced accuracy for step 7000: 0.6343820691108704


Test accuracy for step 7250: 0.8099502325057983

Test GAP RMS for gender and step 7250: 0.037250157445669174

Test GAP RMS for race and step 7250: 0.007353148888796568

Test balanced accuracy for step 7250: 0.6134620904922485


Test accuracy for step 7500: 0.8090657591819763

Test GAP RMS for gender and step 7500: 0.04010998085141182

Test GAP RMS for race and step 7500: 0.010355121456086636

Test balanced accuracy for step 7500: 0.6108713746070862


Test accuracy for step 7750: 0.8132669925689697

Test GAP RMS for gender and step 7750: 0.04078279808163643

Test GAP RMS for race and step 7750: 0.012712866067886353

Test balanced accuracy for step 7750: 0.6213637590408325


{'epsilon': 0.1, 'lr': 0.0001, 'wlr': 1e-06, 'w_reg': 40.0}
Final test accuracy: 0.806965172290802
Final test GAP RMS for gender: 0.03366066515445709
Final test GAP RMS for race: 0.005682576913386583
Final test balanced accuracy: 0.6057794690132141


