2020-05-21 16:32:43.964313: W tensorflow/stream_executor/platform/default/dso_loader.cc:55] Could not load dynamic library 'libnvinfer.so.6'; dlerror: libnvinfer.so.6: cannot open shared object file: No such file or directory; LD_LIBRARY_PATH: /sw/arcts/centos7/python3.6-anaconda/5.2.0/lib:/opt/slurm/lib64::
2020-05-21 16:32:43.965105: W tensorflow/stream_executor/platform/default/dso_loader.cc:55] Could not load dynamic library 'libnvinfer_plugin.so.6'; dlerror: libnvinfer_plugin.so.6: cannot open shared object file: No such file or directory; LD_LIBRARY_PATH: /sw/arcts/centos7/python3.6-anaconda/5.2.0/lib:/opt/slurm/lib64::
2020-05-21 16:32:43.965116: W tensorflow/compiler/tf2tensorrt/utils/py_utils.cc:30] Cannot dlopen some TensorRT libraries. If you would like to use Nvidia GPU with TensorRT, please make sure the missing libraries mentioned above are installed properly.
2020-05-21 16:32:53.799452: W tensorflow/stream_executor/platform/default/dso_loader.cc:55] Could not load dynamic library 'libcuda.so.1'; dlerror: libcuda.so.1: cannot open shared object file: No such file or directory; LD_LIBRARY_PATH: /sw/arcts/centos7/python3.6-anaconda/5.2.0/lib:/opt/slurm/lib64::
2020-05-21 16:32:53.799623: E tensorflow/stream_executor/cuda/cuda_driver.cc:351] failed call to cuInit: UNKNOWN ERROR (303)
2020-05-21 16:32:53.799651: I tensorflow/stream_executor/cuda/cuda_diagnostics.cc:156] kernel driver does not appear to be running on this host (gl3099.arc-ts.umich.edu): /proc/driver/nvidia/version does not exist
2020-05-21 16:32:53.799974: I tensorflow/core/platform/cpu_feature_guard.cc:142] Your CPU supports instructions that this TensorFlow binary was not compiled to use: AVX2 AVX512F FMA
2020-05-21 16:32:53.806388: I tensorflow/core/platform/profile_utils/cpu_utils.cc:94] CPU Frequency: 3000000000 Hz
2020-05-21 16:32:53.806483: I tensorflow/compiler/xla/service/service.cc:168] XLA service 0x55d271cc8730 initialized for platform Host (this does not guarantee that XLA will be used). Devices:
2020-05-21 16:32:53.806493: I tensorflow/compiler/xla/service/service.cc:176]   StreamExecutor device (0): Host, Default Version
/sw/arcts/centos7/python3.6-anaconda/5.2.0/lib/python3.6/site-packages/h5py/__init__.py:36: FutureWarning: Conversion of the second argument of issubdtype from `float` to `np.floating` is deprecated. In future, it will be treated as `np.float64 == np.dtype(float).type`.
  from ._conv import register_converters as _register_converters
WARNING:tensorflow:From /home/smaity/.local/lib/python3.6/site-packages/tensorflow_core/python/ops/array_grad.py:563: _EagerTensorBase.cpu (from tensorflow.python.framework.ops) is deprecated and will be removed in a future version.
Instructions for updating:
Use tf.identity instead.
2020-05-21 16:59:26.608546: W tensorflow/python/util/util.cc:319] Sets are not currently considered sequences, but this may change in the future, so consider avoiding using them.
WARNING:tensorflow:From /home/smaity/.local/lib/python3.6/site-packages/tensorflow_core/python/ops/resource_variable_ops.py:1786: calling BaseResourceVariable.__init__ (from tensorflow.python.ops.resource_variable_ops) with constraint is deprecated and will be removed in a future version.
Instructions for updating:
If using Keras pass *_constraint arguments to layers.
Test accuracy for step 250: 0.5931453704833984

Test GAP RMS for gender and step 250: 0.1458062082529068

Test GAP RMS for race and step 250: 0.028783662244677544

Test balanced accuracy for step 250: 0.4767220616340637


Test accuracy for step 500: 0.25461581349372864

Test GAP RMS for gender and step 500: 0.00428816070780158

Test GAP RMS for race and step 500: 0.0037213435862213373

Test balanced accuracy for step 500: 0.5074413418769836


Test accuracy for step 750: 0.7887230515480042

Test GAP RMS for gender and step 750: 0.1248011365532875

Test GAP RMS for race and step 750: 0.05475059896707535

Test balanced accuracy for step 750: 0.8176770210266113


Test accuracy for step 1000: 0.8048645853996277

Test GAP RMS for gender and step 1000: 0.09413262456655502

Test GAP RMS for race and step 1000: 0.04781760647892952

Test balanced accuracy for step 1000: 0.8178450465202332


Test accuracy for step 1250: 0.8110558390617371

Test GAP RMS for gender and step 1250: 0.07088854908943176

Test GAP RMS for race and step 1250: 0.045037947595119476

Test balanced accuracy for step 1250: 0.8128288984298706


Test accuracy for step 1500: 0.8027639389038086

Test GAP RMS for gender and step 1500: 0.0802573412656784

Test GAP RMS for race and step 1500: 0.04231201857328415

Test balanced accuracy for step 1500: 0.8141422867774963


Test accuracy for step 1750: 0.7930348515510559

Test GAP RMS for gender and step 1750: 0.09132494032382965

Test GAP RMS for race and step 1750: 0.0483412928879261

Test balanced accuracy for step 1750: 0.8188276886940002


Test accuracy for step 2000: 0.8036484122276306

Test GAP RMS for gender and step 2000: 0.07840970903635025

Test GAP RMS for race and step 2000: 0.04751778393983841

Test balanced accuracy for step 2000: 0.8151895999908447


Test accuracy for step 2250: 0.801768958568573

Test GAP RMS for gender and step 2250: 0.08080602437257767

Test GAP RMS for race and step 2250: 0.04845068231225014

Test balanced accuracy for step 2250: 0.8158000707626343


Test accuracy for step 2500: 0.8081812858581543

Test GAP RMS for gender and step 2500: 0.07525195181369781

Test GAP RMS for race and step 2500: 0.04839979484677315

Test balanced accuracy for step 2500: 0.8141711950302124


Test accuracy for step 2750: 0.8050856590270996

Test GAP RMS for gender and step 2750: 0.07666542381048203

Test GAP RMS for race and step 2750: 0.05277446657419205

Test balanced accuracy for step 2750: 0.814595639705658


Test accuracy for step 3000: 0.7778883576393127

Test GAP RMS for gender and step 3000: 0.0913456380367279

Test GAP RMS for race and step 3000: 0.05335928127169609

Test balanced accuracy for step 3000: 0.8182365894317627


Test accuracy for step 3250: 0.8048645853996277

Test GAP RMS for gender and step 3250: 0.07639812678098679

Test GAP RMS for race and step 3250: 0.05110853165388107

Test balanced accuracy for step 3250: 0.81383216381073


Test accuracy for step 3500: 0.80608069896698

Test GAP RMS for gender and step 3500: 0.0730585977435112

Test GAP RMS for race and step 3500: 0.05031641945242882

Test balanced accuracy for step 3500: 0.8112400770187378


Test accuracy for step 3750: 0.8144831657409668

Test GAP RMS for gender and step 3750: 0.08126279711723328

Test GAP RMS for race and step 3750: 0.049803104251623154

Test balanced accuracy for step 3750: 0.819105863571167


Test accuracy for step 4000: 0.8135986924171448

Test GAP RMS for gender and step 4000: 0.07536642253398895

Test GAP RMS for race and step 4000: 0.048469532281160355

Test balanced accuracy for step 4000: 0.8126566410064697


Test accuracy for step 4250: 0.8156992793083191

Test GAP RMS for gender and step 4250: 0.07299762219190598

Test GAP RMS for race and step 4250: 0.0446661114692688

Test balanced accuracy for step 4250: 0.8111118078231812


Test accuracy for step 4500: 0.8168048858642578

Test GAP RMS for gender and step 4500: 0.07732637971639633

Test GAP RMS for race and step 4500: 0.04413300380110741

Test balanced accuracy for step 4500: 0.8101444244384766


Test accuracy for step 4750: 0.8111664056777954

Test GAP RMS for gender and step 4750: 0.07343872636556625

Test GAP RMS for race and step 4750: 0.04600168764591217

Test balanced accuracy for step 4750: 0.8116672039031982


Test accuracy for step 5000: 0.8129353523254395

Test GAP RMS for gender and step 5000: 0.07764172554016113

Test GAP RMS for race and step 5000: 0.04642844945192337

Test balanced accuracy for step 5000: 0.8111380338668823


Test accuracy for step 5250: 0.8103924989700317

Test GAP RMS for gender and step 5250: 0.0719255656003952

Test GAP RMS for race and step 5250: 0.047112543135881424

Test balanced accuracy for step 5250: 0.8117733597755432


Test accuracy for step 5500: 0.8143725991249084

Test GAP RMS for gender and step 5500: 0.07593626528978348

Test GAP RMS for race and step 5500: 0.04613363370299339

Test balanced accuracy for step 5500: 0.8140939474105835


Test accuracy for step 5750: 0.8138197660446167

Test GAP RMS for gender and step 5750: 0.0759744644165039

Test GAP RMS for race and step 5750: 0.04845816269516945

Test balanced accuracy for step 5750: 0.8098702430725098


Test accuracy for step 6000: 0.8118297457695007

Test GAP RMS for gender and step 6000: 0.07553306221961975

Test GAP RMS for race and step 6000: 0.04525507241487503

Test balanced accuracy for step 6000: 0.8113337755203247


Test accuracy for step 6250: 0.8080707788467407

Test GAP RMS for gender and step 6250: 0.0793541893362999

Test GAP RMS for race and step 6250: 0.05073549970984459

Test balanced accuracy for step 6250: 0.8162589073181152


Test accuracy for step 6500: 0.8133775591850281

Test GAP RMS for gender and step 6500: 0.07663582265377045

Test GAP RMS for race and step 6500: 0.045280810445547104

Test balanced accuracy for step 6500: 0.8134366273880005


Test accuracy for step 6750: 0.812161386013031

Test GAP RMS for gender and step 6750: 0.07673114538192749

Test GAP RMS for race and step 6750: 0.04300659894943237

Test balanced accuracy for step 6750: 0.8113985061645508


Test accuracy for step 7000: 0.8117191791534424

Test GAP RMS for gender and step 7000: 0.07749694585800171

Test GAP RMS for race and step 7000: 0.04624130576848984

Test balanced accuracy for step 7000: 0.8124954700469971


Test accuracy for step 7250: 0.8079602122306824

Test GAP RMS for gender and step 7250: 0.07921642065048218

Test GAP RMS for race and step 7250: 0.05189476162195206

Test balanced accuracy for step 7250: 0.8189640045166016


Test accuracy for step 7500: 0.8149253726005554

Test GAP RMS for gender and step 7500: 0.07662414759397507

Test GAP RMS for race and step 7500: 0.038352224975824356

Test balanced accuracy for step 7500: 0.8144590854644775


Test accuracy for step 7750: 0.8091763257980347

Test GAP RMS for gender and step 7750: 0.07629071921110153

Test GAP RMS for race and step 7750: 0.044872794300317764

Test balanced accuracy for step 7750: 0.8149828314781189


{'epsilon': 1e-05, 'lr': 0.0001, 'wlr': 0.001, 'w_reg': 30.0}
Final test accuracy: 0.8106135725975037
Final test GAP RMS for gender: 0.07433939725160599
Final test GAP RMS for race: 0.04489917680621147
Final test balanced accuracy: 0.8123824596405029


