2020-05-21 16:32:45.144114: W tensorflow/stream_executor/platform/default/dso_loader.cc:55] Could not load dynamic library 'libnvinfer.so.6'; dlerror: libnvinfer.so.6: cannot open shared object file: No such file or directory; LD_LIBRARY_PATH: /sw/arcts/centos7/python3.6-anaconda/5.2.0/lib:/opt/slurm/lib64::
2020-05-21 16:32:45.144596: W tensorflow/stream_executor/platform/default/dso_loader.cc:55] Could not load dynamic library 'libnvinfer_plugin.so.6'; dlerror: libnvinfer_plugin.so.6: cannot open shared object file: No such file or directory; LD_LIBRARY_PATH: /sw/arcts/centos7/python3.6-anaconda/5.2.0/lib:/opt/slurm/lib64::
2020-05-21 16:32:45.144610: W tensorflow/compiler/tf2tensorrt/utils/py_utils.cc:30] Cannot dlopen some TensorRT libraries. If you would like to use Nvidia GPU with TensorRT, please make sure the missing libraries mentioned above are installed properly.
2020-05-21 16:32:52.097432: W tensorflow/stream_executor/platform/default/dso_loader.cc:55] Could not load dynamic library 'libcuda.so.1'; dlerror: libcuda.so.1: cannot open shared object file: No such file or directory; LD_LIBRARY_PATH: /sw/arcts/centos7/python3.6-anaconda/5.2.0/lib:/opt/slurm/lib64::
2020-05-21 16:32:52.097721: E tensorflow/stream_executor/cuda/cuda_driver.cc:351] failed call to cuInit: UNKNOWN ERROR (303)
2020-05-21 16:32:52.097747: I tensorflow/stream_executor/cuda/cuda_diagnostics.cc:156] kernel driver does not appear to be running on this host (gl3166.arc-ts.umich.edu): /proc/driver/nvidia/version does not exist
2020-05-21 16:32:52.098152: I tensorflow/core/platform/cpu_feature_guard.cc:142] Your CPU supports instructions that this TensorFlow binary was not compiled to use: AVX2 AVX512F FMA
2020-05-21 16:32:52.105386: I tensorflow/core/platform/profile_utils/cpu_utils.cc:94] CPU Frequency: 3000000000 Hz
2020-05-21 16:32:52.105485: I tensorflow/compiler/xla/service/service.cc:168] XLA service 0x55c471158550 initialized for platform Host (this does not guarantee that XLA will be used). Devices:
2020-05-21 16:32:52.105495: I tensorflow/compiler/xla/service/service.cc:176]   StreamExecutor device (0): Host, Default Version
/sw/arcts/centos7/python3.6-anaconda/5.2.0/lib/python3.6/site-packages/h5py/__init__.py:36: FutureWarning: Conversion of the second argument of issubdtype from `float` to `np.floating` is deprecated. In future, it will be treated as `np.float64 == np.dtype(float).type`.
  from ._conv import register_converters as _register_converters
WARNING:tensorflow:From /home/smaity/.local/lib/python3.6/site-packages/tensorflow_core/python/ops/array_grad.py:563: _EagerTensorBase.cpu (from tensorflow.python.framework.ops) is deprecated and will be removed in a future version.
Instructions for updating:
Use tf.identity instead.
2020-05-21 16:59:23.454828: W tensorflow/python/util/util.cc:319] Sets are not currently considered sequences, but this may change in the future, so consider avoiding using them.
WARNING:tensorflow:From /home/smaity/.local/lib/python3.6/site-packages/tensorflow_core/python/ops/resource_variable_ops.py:1786: calling BaseResourceVariable.__init__ (from tensorflow.python.ops.resource_variable_ops) with constraint is deprecated and will be removed in a future version.
Instructions for updating:
If using Keras pass *_constraint arguments to layers.
Test accuracy for step 250: 0.6194582581520081

Test GAP RMS for gender and step 250: 0.12712040543556213

Test GAP RMS for race and step 250: 0.014294201508164406

Test balanced accuracy for step 250: 0.4768182933330536


Test accuracy for step 500: 0.8242122530937195

Test GAP RMS for gender and step 500: 0.38326454162597656

Test GAP RMS for race and step 500: 0.09926038980484009

Test balanced accuracy for step 500: 0.7775330543518066


Test accuracy for step 750: 0.8361525535583496

Test GAP RMS for gender and step 750: 0.3018062114715576

Test GAP RMS for race and step 750: 0.08101949840784073

Test balanced accuracy for step 750: 0.7849578261375427


Test accuracy for step 1000: 0.8434494137763977

Test GAP RMS for gender and step 1000: 0.26172614097595215

Test GAP RMS for race and step 1000: 0.08337292820215225

Test balanced accuracy for step 1000: 0.7815980911254883


Test accuracy for step 1250: 0.8451077938079834

Test GAP RMS for gender and step 1250: 0.24556034803390503

Test GAP RMS for race and step 1250: 0.08615711331367493

Test balanced accuracy for step 1250: 0.7854717969894409


Test accuracy for step 1500: 0.8443338871002197

Test GAP RMS for gender and step 1500: 0.23726333677768707

Test GAP RMS for race and step 1500: 0.08676432073116302

Test balanced accuracy for step 1500: 0.7900537252426147


Test accuracy for step 1750: 0.8427860736846924

Test GAP RMS for gender and step 1750: 0.24346299469470978

Test GAP RMS for race and step 1750: 0.08122298866510391

Test balanced accuracy for step 1750: 0.7910376787185669


Test accuracy for step 2000: 0.843559980392456

Test GAP RMS for gender and step 2000: 0.22878028452396393

Test GAP RMS for race and step 2000: 0.06753885746002197

Test balanced accuracy for step 2000: 0.7915489673614502


Test accuracy for step 2250: 0.8467661738395691

Test GAP RMS for gender and step 2250: 0.21470127999782562

Test GAP RMS for race and step 2250: 0.07348466664552689

Test balanced accuracy for step 2250: 0.7884193658828735


Test accuracy for step 2500: 0.8486456871032715

Test GAP RMS for gender and step 2500: 0.1781734824180603

Test GAP RMS for race and step 2500: 0.0687737911939621

Test balanced accuracy for step 2500: 0.7910500764846802


Test accuracy for step 2750: 0.8469873070716858

Test GAP RMS for gender and step 2750: 0.1807209551334381

Test GAP RMS for race and step 2750: 0.0620681568980217

Test balanced accuracy for step 2750: 0.7933499813079834


Test accuracy for step 3000: 0.8468767404556274

Test GAP RMS for gender and step 3000: 0.17534589767456055

Test GAP RMS for race and step 3000: 0.05819215252995491

Test balanced accuracy for step 3000: 0.7911162376403809


Test accuracy for step 3250: 0.8494195938110352

Test GAP RMS for gender and step 3250: 0.15643872320652008

Test GAP RMS for race and step 3250: 0.06251002103090286

Test balanced accuracy for step 3250: 0.7890918254852295


Test accuracy for step 3500: 0.8491984605789185

Test GAP RMS for gender and step 3500: 0.1487298309803009

Test GAP RMS for race and step 3500: 0.06007087230682373

Test balanced accuracy for step 3500: 0.7904891967773438


Test accuracy for step 3750: 0.8501935005187988

Test GAP RMS for gender and step 3750: 0.14020390808582306

Test GAP RMS for race and step 3750: 0.06849608570337296

Test balanced accuracy for step 3750: 0.7925355434417725


Test accuracy for step 4000: 0.8524046540260315

Test GAP RMS for gender and step 4000: 0.13346818089485168

Test GAP RMS for race and step 4000: 0.06270560622215271

Test balanced accuracy for step 4000: 0.7882856726646423


Test accuracy for step 4250: 0.8510779142379761

Test GAP RMS for gender and step 4250: 0.13222594559192657

Test GAP RMS for race and step 4250: 0.05991001054644585

Test balanced accuracy for step 4250: 0.785865843296051


Test accuracy for step 4500: 0.8532891273498535

Test GAP RMS for gender and step 4500: 0.10186852514743805

Test GAP RMS for race and step 4500: 0.053181830793619156

Test balanced accuracy for step 4500: 0.7786834239959717


Test accuracy for step 4750: 0.8516307473182678

Test GAP RMS for gender and step 4750: 0.10778720676898956

Test GAP RMS for race and step 4750: 0.06100504845380783

Test balanced accuracy for step 4750: 0.7868483662605286


Test accuracy for step 5000: 0.8512990474700928

Test GAP RMS for gender and step 5000: 0.09656208008527756

Test GAP RMS for race and step 5000: 0.05824326351284981

Test balanced accuracy for step 5000: 0.7809186577796936


Test accuracy for step 5250: 0.8520729541778564

Test GAP RMS for gender and step 5250: 0.0944923460483551

Test GAP RMS for race and step 5250: 0.053134411573410034

Test balanced accuracy for step 5250: 0.7808125019073486


Test accuracy for step 5500: 0.8516307473182678

Test GAP RMS for gender and step 5500: 0.08669012784957886

Test GAP RMS for race and step 5500: 0.04998207837343216

Test balanced accuracy for step 5500: 0.780366063117981


Test accuracy for step 5750: 0.8514096140861511

Test GAP RMS for gender and step 5750: 0.08007657527923584

Test GAP RMS for race and step 5750: 0.04899933189153671

Test balanced accuracy for step 5750: 0.7836154699325562


Test accuracy for step 6000: 0.8500829339027405

Test GAP RMS for gender and step 6000: 0.08028343319892883

Test GAP RMS for race and step 6000: 0.05225207284092903

Test balanced accuracy for step 6000: 0.7824304103851318


Test accuracy for step 6250: 0.8507462739944458

Test GAP RMS for gender and step 6250: 0.07624723017215729

Test GAP RMS for race and step 6250: 0.04834093526005745

Test balanced accuracy for step 6250: 0.7811708450317383


Test accuracy for step 6500: 0.8495301008224487

Test GAP RMS for gender and step 6500: 0.07346950471401215

Test GAP RMS for race and step 6500: 0.049033962190151215

Test balanced accuracy for step 6500: 0.7805217504501343


Test accuracy for step 6750: 0.8503040075302124

Test GAP RMS for gender and step 6750: 0.05849028751254082

Test GAP RMS for race and step 6750: 0.0422772616147995

Test balanced accuracy for step 6750: 0.7733160257339478


Test accuracy for step 7000: 0.8510779142379761

Test GAP RMS for gender and step 7000: 0.05933450162410736

Test GAP RMS for race and step 7000: 0.04629180207848549

Test balanced accuracy for step 7000: 0.7775314450263977


Test accuracy for step 7250: 0.8510779142379761

Test GAP RMS for gender and step 7250: 0.05280306935310364

Test GAP RMS for race and step 7250: 0.044617921113967896

Test balanced accuracy for step 7250: 0.7766053676605225


Test accuracy for step 7500: 0.8501935005187988

Test GAP RMS for gender and step 7500: 0.053799789398908615

Test GAP RMS for race and step 7500: 0.04782557114958763

Test balanced accuracy for step 7500: 0.7729343175888062


Test accuracy for step 7750: 0.8510779142379761

Test GAP RMS for gender and step 7750: 0.05195257067680359

Test GAP RMS for race and step 7750: 0.0401449128985405

Test balanced accuracy for step 7750: 0.7804639339447021


{'epsilon': 0.001, 'lr': 0.0001, 'wlr': 5e-06, 'w_reg': 50.0}
Final test accuracy: 0.8515201807022095
Final test GAP RMS for gender: 0.05570772662758827
Final test GAP RMS for race: 0.04500436410307884
Final test balanced accuracy: 0.7819907665252686


