2020-05-21 16:32:43.111768: W tensorflow/stream_executor/platform/default/dso_loader.cc:55] Could not load dynamic library 'libnvinfer.so.6'; dlerror: libnvinfer.so.6: cannot open shared object file: No such file or directory; LD_LIBRARY_PATH: /sw/arcts/centos7/python3.6-anaconda/5.2.0/lib:/opt/slurm/lib64::
2020-05-21 16:32:43.112091: W tensorflow/stream_executor/platform/default/dso_loader.cc:55] Could not load dynamic library 'libnvinfer_plugin.so.6'; dlerror: libnvinfer_plugin.so.6: cannot open shared object file: No such file or directory; LD_LIBRARY_PATH: /sw/arcts/centos7/python3.6-anaconda/5.2.0/lib:/opt/slurm/lib64::
2020-05-21 16:32:43.112104: W tensorflow/compiler/tf2tensorrt/utils/py_utils.cc:30] Cannot dlopen some TensorRT libraries. If you would like to use Nvidia GPU with TensorRT, please make sure the missing libraries mentioned above are installed properly.
2020-05-21 16:32:52.995558: W tensorflow/stream_executor/platform/default/dso_loader.cc:55] Could not load dynamic library 'libcuda.so.1'; dlerror: libcuda.so.1: cannot open shared object file: No such file or directory; LD_LIBRARY_PATH: /sw/arcts/centos7/python3.6-anaconda/5.2.0/lib:/opt/slurm/lib64::
2020-05-21 16:32:52.995773: E tensorflow/stream_executor/cuda/cuda_driver.cc:351] failed call to cuInit: UNKNOWN ERROR (303)
2020-05-21 16:32:52.995794: I tensorflow/stream_executor/cuda/cuda_diagnostics.cc:156] kernel driver does not appear to be running on this host (gl3108.arc-ts.umich.edu): /proc/driver/nvidia/version does not exist
2020-05-21 16:32:52.996125: I tensorflow/core/platform/cpu_feature_guard.cc:142] Your CPU supports instructions that this TensorFlow binary was not compiled to use: AVX2 AVX512F FMA
2020-05-21 16:32:53.003015: I tensorflow/core/platform/profile_utils/cpu_utils.cc:94] CPU Frequency: 3000000000 Hz
2020-05-21 16:32:53.003104: I tensorflow/compiler/xla/service/service.cc:168] XLA service 0x5647d63cfbc0 initialized for platform Host (this does not guarantee that XLA will be used). Devices:
2020-05-21 16:32:53.003114: I tensorflow/compiler/xla/service/service.cc:176]   StreamExecutor device (0): Host, Default Version
/sw/arcts/centos7/python3.6-anaconda/5.2.0/lib/python3.6/site-packages/h5py/__init__.py:36: FutureWarning: Conversion of the second argument of issubdtype from `float` to `np.floating` is deprecated. In future, it will be treated as `np.float64 == np.dtype(float).type`.
  from ._conv import register_converters as _register_converters
WARNING:tensorflow:From /home/smaity/.local/lib/python3.6/site-packages/tensorflow_core/python/ops/array_grad.py:563: _EagerTensorBase.cpu (from tensorflow.python.framework.ops) is deprecated and will be removed in a future version.
Instructions for updating:
Use tf.identity instead.
2020-05-21 16:59:00.576959: W tensorflow/python/util/util.cc:319] Sets are not currently considered sequences, but this may change in the future, so consider avoiding using them.
WARNING:tensorflow:From /home/smaity/.local/lib/python3.6/site-packages/tensorflow_core/python/ops/resource_variable_ops.py:1786: calling BaseResourceVariable.__init__ (from tensorflow.python.ops.resource_variable_ops) with constraint is deprecated and will be removed in a future version.
Instructions for updating:
If using Keras pass *_constraint arguments to layers.
Test accuracy for step 250: 0.6194582581520081

Test GAP RMS for gender and step 250: 0.12842831015586853

Test GAP RMS for race and step 250: 0.015196235850453377

Test balanced accuracy for step 250: 0.4785160422325134


Test accuracy for step 500: 0.8196793794631958

Test GAP RMS for gender and step 500: 0.3666088581085205

Test GAP RMS for race and step 500: 0.08262338489294052

Test balanced accuracy for step 500: 0.7854967713356018


Test accuracy for step 750: 0.8294085264205933

Test GAP RMS for gender and step 750: 0.27518588304519653

Test GAP RMS for race and step 750: 0.07899079471826553

Test balanced accuracy for step 750: 0.7953193783760071


Test accuracy for step 1000: 0.8424543738365173

Test GAP RMS for gender and step 1000: 0.23836830258369446

Test GAP RMS for race and step 1000: 0.08604598045349121

Test balanced accuracy for step 1000: 0.7951401472091675


Test accuracy for step 1250: 0.8443338871002197

Test GAP RMS for gender and step 1250: 0.2242581993341446

Test GAP RMS for race and step 1250: 0.08166413754224777

Test balanced accuracy for step 1250: 0.7976164817810059


Test accuracy for step 1500: 0.842343807220459

Test GAP RMS for gender and step 1500: 0.21786561608314514

Test GAP RMS for race and step 1500: 0.06528951227664948

Test balanced accuracy for step 1500: 0.798308253288269


Test accuracy for step 1750: 0.8434494137763977

Test GAP RMS for gender and step 1750: 0.22259369492530823

Test GAP RMS for race and step 1750: 0.06557487696409225

Test balanced accuracy for step 1750: 0.7999646663665771


Test accuracy for step 2000: 0.8425649404525757

Test GAP RMS for gender and step 2000: 0.220401793718338

Test GAP RMS for race and step 2000: 0.06696466356515884

Test balanced accuracy for step 2000: 0.800152063369751


Test accuracy for step 2250: 0.8440021872520447

Test GAP RMS for gender and step 2250: 0.2214895784854889

Test GAP RMS for race and step 2250: 0.06397346407175064

Test balanced accuracy for step 2250: 0.7936931848526001


Test accuracy for step 2500: 0.8445550203323364

Test GAP RMS for gender and step 2500: 0.19196316599845886

Test GAP RMS for race and step 2500: 0.07229619473218918

Test balanced accuracy for step 2500: 0.7960647344589233


Test accuracy for step 2750: 0.8414593935012817

Test GAP RMS for gender and step 2750: 0.2144714891910553

Test GAP RMS for race and step 2750: 0.07006776332855225

Test balanced accuracy for step 2750: 0.8006564378738403


Test accuracy for step 3000: 0.8410171270370483

Test GAP RMS for gender and step 3000: 0.2174370437860489

Test GAP RMS for race and step 3000: 0.0653686374425888

Test balanced accuracy for step 3000: 0.8009816408157349


Test accuracy for step 3250: 0.8438916802406311

Test GAP RMS for gender and step 3250: 0.2033996880054474

Test GAP RMS for race and step 3250: 0.06779281049966812

Test balanced accuracy for step 3250: 0.7980960607528687


Test accuracy for step 3500: 0.8446655869483948

Test GAP RMS for gender and step 3500: 0.1907741129398346

Test GAP RMS for race and step 3500: 0.06602302193641663

Test balanced accuracy for step 3500: 0.7993789911270142


Test accuracy for step 3750: 0.8414593935012817

Test GAP RMS for gender and step 3750: 0.2069605141878128

Test GAP RMS for race and step 3750: 0.06963515281677246

Test balanced accuracy for step 3750: 0.8038976192474365


Test accuracy for step 4000: 0.8433388471603394

Test GAP RMS for gender and step 4000: 0.20398679375648499

Test GAP RMS for race and step 4000: 0.0682179182767868

Test balanced accuracy for step 4000: 0.7998915910720825


Test accuracy for step 4250: 0.8401326537132263

Test GAP RMS for gender and step 4250: 0.21493887901306152

Test GAP RMS for race and step 4250: 0.06546518206596375

Test balanced accuracy for step 4250: 0.8011690974235535


Test accuracy for step 4500: 0.8462134003639221

Test GAP RMS for gender and step 4500: 0.18769779801368713

Test GAP RMS for race and step 4500: 0.06348489224910736

Test balanced accuracy for step 4500: 0.7956169247627258


Test accuracy for step 4750: 0.8406854867935181

Test GAP RMS for gender and step 4750: 0.2012868970632553

Test GAP RMS for race and step 4750: 0.07140331715345383

Test balanced accuracy for step 4750: 0.804158091545105


Test accuracy for step 5000: 0.841238260269165

Test GAP RMS for gender and step 5000: 0.20021934807300568

Test GAP RMS for race and step 5000: 0.06638732552528381

Test balanced accuracy for step 5000: 0.8022081255912781


Test accuracy for step 5250: 0.8401326537132263

Test GAP RMS for gender and step 5250: 0.20733560621738434

Test GAP RMS for race and step 5250: 0.06678858399391174

Test balanced accuracy for step 5250: 0.8030211925506592


Test accuracy for step 5500: 0.840022087097168

Test GAP RMS for gender and step 5500: 0.19931049644947052

Test GAP RMS for race and step 5500: 0.0685664638876915

Test balanced accuracy for step 5500: 0.8037198781967163


Test accuracy for step 5750: 0.8404643535614014

Test GAP RMS for gender and step 5750: 0.1966032087802887

Test GAP RMS for race and step 5750: 0.0722476914525032

Test balanced accuracy for step 5750: 0.8084878921508789


Test accuracy for step 6000: 0.838916540145874

Test GAP RMS for gender and step 6000: 0.21053244173526764

Test GAP RMS for race and step 6000: 0.06927306950092316

Test balanced accuracy for step 6000: 0.8131759166717529


Test accuracy for step 6250: 0.8381426334381104

Test GAP RMS for gender and step 6250: 0.2111857682466507

Test GAP RMS for race and step 6250: 0.06430333107709885

Test balanced accuracy for step 6250: 0.812201738357544


Test accuracy for step 6500: 0.8359314799308777

Test GAP RMS for gender and step 6500: 0.21543361246585846

Test GAP RMS for race and step 6500: 0.06357046961784363

Test balanced accuracy for step 6500: 0.8112040162086487


Test accuracy for step 6750: 0.8390271067619324

Test GAP RMS for gender and step 6750: 0.2006562501192093

Test GAP RMS for race and step 6750: 0.06583241373300552

Test balanced accuracy for step 6750: 0.8084644675254822


Test accuracy for step 7000: 0.8382532000541687

Test GAP RMS for gender and step 7000: 0.20854294300079346

Test GAP RMS for race and step 7000: 0.06265467405319214

Test balanced accuracy for step 7000: 0.8138181567192078


Test accuracy for step 7250: 0.8375898003578186

Test GAP RMS for gender and step 7250: 0.20689097046852112

Test GAP RMS for race and step 7250: 0.0606338270008564

Test balanced accuracy for step 7250: 0.8141516447067261


Test accuracy for step 7500: 0.8363736867904663

Test GAP RMS for gender and step 7500: 0.21813464164733887

Test GAP RMS for race and step 7500: 0.0627540796995163

Test balanced accuracy for step 7500: 0.8142743110656738


Test accuracy for step 7750: 0.8340519666671753

Test GAP RMS for gender and step 7750: 0.20761534571647644

Test GAP RMS for race and step 7750: 0.061560388654470444

Test balanced accuracy for step 7750: 0.8152099847793579


{'epsilon': 0.0001, 'lr': 0.0001, 'wlr': 1e-06, 'w_reg': 30.0}
Final test accuracy: 0.8349364399909973
Final test GAP RMS for gender: 0.20482096076011658
Final test GAP RMS for race: 0.061486903578042984
Final test balanced accuracy: 0.816565990447998


