2020-05-21 16:32:44.874800: W tensorflow/stream_executor/platform/default/dso_loader.cc:55] Could not load dynamic library 'libnvinfer.so.6'; dlerror: libnvinfer.so.6: cannot open shared object file: No such file or directory; LD_LIBRARY_PATH: /sw/arcts/centos7/python3.6-anaconda/5.2.0/lib:/opt/slurm/lib64::
2020-05-21 16:32:44.875513: W tensorflow/stream_executor/platform/default/dso_loader.cc:55] Could not load dynamic library 'libnvinfer_plugin.so.6'; dlerror: libnvinfer_plugin.so.6: cannot open shared object file: No such file or directory; LD_LIBRARY_PATH: /sw/arcts/centos7/python3.6-anaconda/5.2.0/lib:/opt/slurm/lib64::
2020-05-21 16:32:44.875524: W tensorflow/compiler/tf2tensorrt/utils/py_utils.cc:30] Cannot dlopen some TensorRT libraries. If you would like to use Nvidia GPU with TensorRT, please make sure the missing libraries mentioned above are installed properly.
2020-05-21 16:32:50.700972: W tensorflow/stream_executor/platform/default/dso_loader.cc:55] Could not load dynamic library 'libcuda.so.1'; dlerror: libcuda.so.1: cannot open shared object file: No such file or directory; LD_LIBRARY_PATH: /sw/arcts/centos7/python3.6-anaconda/5.2.0/lib:/opt/slurm/lib64::
2020-05-21 16:32:50.701199: E tensorflow/stream_executor/cuda/cuda_driver.cc:351] failed call to cuInit: UNKNOWN ERROR (303)
2020-05-21 16:32:50.701226: I tensorflow/stream_executor/cuda/cuda_diagnostics.cc:156] kernel driver does not appear to be running on this host (gl3168.arc-ts.umich.edu): /proc/driver/nvidia/version does not exist
2020-05-21 16:32:50.701617: I tensorflow/core/platform/cpu_feature_guard.cc:142] Your CPU supports instructions that this TensorFlow binary was not compiled to use: AVX2 AVX512F FMA
2020-05-21 16:32:50.709153: I tensorflow/core/platform/profile_utils/cpu_utils.cc:94] CPU Frequency: 3000000000 Hz
2020-05-21 16:32:50.709244: I tensorflow/compiler/xla/service/service.cc:168] XLA service 0x5564a75791a0 initialized for platform Host (this does not guarantee that XLA will be used). Devices:
2020-05-21 16:32:50.709253: I tensorflow/compiler/xla/service/service.cc:176]   StreamExecutor device (0): Host, Default Version
/sw/arcts/centos7/python3.6-anaconda/5.2.0/lib/python3.6/site-packages/h5py/__init__.py:36: FutureWarning: Conversion of the second argument of issubdtype from `float` to `np.floating` is deprecated. In future, it will be treated as `np.float64 == np.dtype(float).type`.
  from ._conv import register_converters as _register_converters
WARNING:tensorflow:From /home/smaity/.local/lib/python3.6/site-packages/tensorflow_core/python/ops/array_grad.py:563: _EagerTensorBase.cpu (from tensorflow.python.framework.ops) is deprecated and will be removed in a future version.
Instructions for updating:
Use tf.identity instead.
2020-05-21 16:58:58.984266: W tensorflow/python/util/util.cc:319] Sets are not currently considered sequences, but this may change in the future, so consider avoiding using them.
WARNING:tensorflow:From /home/smaity/.local/lib/python3.6/site-packages/tensorflow_core/python/ops/resource_variable_ops.py:1786: calling BaseResourceVariable.__init__ (from tensorflow.python.ops.resource_variable_ops) with constraint is deprecated and will be removed in a future version.
Instructions for updating:
If using Keras pass *_constraint arguments to layers.
Test accuracy for step 250: 0.6195688247680664

Test GAP RMS for gender and step 250: 0.12707580626010895

Test GAP RMS for race and step 250: 0.014148896560072899

Test balanced accuracy for step 250: 0.4770456552505493


Test accuracy for step 500: 0.8307352066040039

Test GAP RMS for gender and step 500: 0.3689822256565094

Test GAP RMS for race and step 500: 0.09158508479595184

Test balanced accuracy for step 500: 0.7730447053909302


Test accuracy for step 750: 0.840353786945343

Test GAP RMS for gender and step 750: 0.27971094846725464

Test GAP RMS for race and step 750: 0.07944909483194351

Test balanced accuracy for step 750: 0.7803248167037964


Test accuracy for step 1000: 0.8470978736877441

Test GAP RMS for gender and step 1000: 0.23888570070266724

Test GAP RMS for race and step 1000: 0.07573100179433823

Test balanced accuracy for step 1000: 0.7762912511825562


Test accuracy for step 1250: 0.8482034206390381

Test GAP RMS for gender and step 1250: 0.2048622965812683

Test GAP RMS for race and step 1250: 0.06726348400115967

Test balanced accuracy for step 1250: 0.7765585780143738


Test accuracy for step 1500: 0.8484245538711548

Test GAP RMS for gender and step 1500: 0.1802356094121933

Test GAP RMS for race and step 1500: 0.061262331902980804

Test balanced accuracy for step 1500: 0.7770133018493652


Test accuracy for step 1750: 0.8494195938110352

Test GAP RMS for gender and step 1750: 0.16120098531246185

Test GAP RMS for race and step 1750: 0.05976094678044319

Test balanced accuracy for step 1750: 0.7782880067825317


Test accuracy for step 2000: 0.8501935005187988

Test GAP RMS for gender and step 2000: 0.13607008755207062

Test GAP RMS for race and step 2000: 0.05076069012284279

Test balanced accuracy for step 2000: 0.7764841318130493


Test accuracy for step 2250: 0.8504145741462708

Test GAP RMS for gender and step 2250: 0.1193852648139

Test GAP RMS for race and step 2250: 0.04521757736802101

Test balanced accuracy for step 2250: 0.7712283134460449


Test accuracy for step 2500: 0.8517413139343262

Test GAP RMS for gender and step 2500: 0.09982854127883911

Test GAP RMS for race and step 2500: 0.03668530285358429

Test balanced accuracy for step 2500: 0.7717959880828857


Test accuracy for step 2750: 0.8521835207939148

Test GAP RMS for gender and step 2750: 0.09314657747745514

Test GAP RMS for race and step 2750: 0.04121222719550133

Test balanced accuracy for step 2750: 0.7737859487533569


Test accuracy for step 3000: 0.8524046540260315

Test GAP RMS for gender and step 3000: 0.08770939707756042

Test GAP RMS for race and step 3000: 0.04011573642492294

Test balanced accuracy for step 3000: 0.7717711925506592


Test accuracy for step 3250: 0.8535102009773254

Test GAP RMS for gender and step 3250: 0.0710933580994606

Test GAP RMS for race and step 3250: 0.037307966500520706

Test balanced accuracy for step 3250: 0.7687973976135254


Test accuracy for step 3500: 0.8535102009773254

Test GAP RMS for gender and step 3500: 0.06437841802835464

Test GAP RMS for race and step 3500: 0.03956231847405434

Test balanced accuracy for step 3500: 0.7743536233901978


Test accuracy for step 3750: 0.8537313342094421

Test GAP RMS for gender and step 3750: 0.057608041912317276

Test GAP RMS for race and step 3750: 0.04210267588496208

Test balanced accuracy for step 3750: 0.7758888006210327


Test accuracy for step 4000: 0.8536207675933838

Test GAP RMS for gender and step 4000: 0.04986060410737991

Test GAP RMS for race and step 4000: 0.03803343325853348

Test balanced accuracy for step 4000: 0.7674813270568848


Test accuracy for step 4250: 0.8545052409172058

Test GAP RMS for gender and step 4250: 0.04901032894849777

Test GAP RMS for race and step 4250: 0.034562572836875916

Test balanced accuracy for step 4250: 0.7663679122924805


Test accuracy for step 4500: 0.8550580143928528

Test GAP RMS for gender and step 4500: 0.042631424963474274

Test GAP RMS for race and step 4500: 0.03235805034637451

Test balanced accuracy for step 4500: 0.7644179463386536


Test accuracy for step 4750: 0.8527362942695618

Test GAP RMS for gender and step 4750: 0.04827474430203438

Test GAP RMS for race and step 4750: 0.036417946219444275

Test balanced accuracy for step 4750: 0.769829511642456


Test accuracy for step 5000: 0.8538419008255005

Test GAP RMS for gender and step 5000: 0.04196195304393768

Test GAP RMS for race and step 5000: 0.03251656889915466

Test balanced accuracy for step 5000: 0.7670100927352905


Test accuracy for step 5250: 0.8533996939659119

Test GAP RMS for gender and step 5250: 0.04244544357061386

Test GAP RMS for race and step 5250: 0.03592962771654129

Test balanced accuracy for step 5250: 0.7665635347366333


Test accuracy for step 5500: 0.8528468608856201

Test GAP RMS for gender and step 5500: 0.04154728353023529

Test GAP RMS for race and step 5500: 0.036047693341970444

Test balanced accuracy for step 5500: 0.7665070295333862


Test accuracy for step 5750: 0.8521835207939148

Test GAP RMS for gender and step 5750: 0.043892860412597656

Test GAP RMS for race and step 5750: 0.03352907672524452

Test balanced accuracy for step 5750: 0.7697730660438538


Test accuracy for step 6000: 0.8520729541778564

Test GAP RMS for gender and step 6000: 0.04353063181042671

Test GAP RMS for race and step 6000: 0.047931138426065445

Test balanced accuracy for step 6000: 0.7698543071746826


Test accuracy for step 6250: 0.8516307473182678

Test GAP RMS for gender and step 6250: 0.04246823489665985

Test GAP RMS for race and step 6250: 0.04641280323266983

Test balanced accuracy for step 6250: 0.767092764377594


Test accuracy for step 6500: 0.8505251407623291

Test GAP RMS for gender and step 6500: 0.045117735862731934

Test GAP RMS for race and step 6500: 0.03849298879504204

Test balanced accuracy for step 6500: 0.7679058313369751


Test accuracy for step 6750: 0.8508568406105042

Test GAP RMS for gender and step 6750: 0.04135984182357788

Test GAP RMS for race and step 6750: 0.03727773576974869

Test balanced accuracy for step 6750: 0.762877345085144


Test accuracy for step 7000: 0.8514096140861511

Test GAP RMS for gender and step 7000: 0.04228006303310394

Test GAP RMS for race and step 7000: 0.038201745599508286

Test balanced accuracy for step 7000: 0.7664836645126343


Test accuracy for step 7250: 0.8504145741462708

Test GAP RMS for gender and step 7250: 0.041650865226984024

Test GAP RMS for race and step 7250: 0.03820633143186569

Test balanced accuracy for step 7250: 0.7630482316017151


Test accuracy for step 7500: 0.8507462739944458

Test GAP RMS for gender and step 7500: 0.04156742990016937

Test GAP RMS for race and step 7500: 0.0406302846968174

Test balanced accuracy for step 7500: 0.7612608671188354


Test accuracy for step 7750: 0.8503040075302124

Test GAP RMS for gender and step 7750: 0.0461544431746006

Test GAP RMS for race and step 7750: 0.03746362403035164

Test balanced accuracy for step 7750: 0.7659076452255249


{'epsilon': 0.001, 'lr': 0.0001, 'wlr': 1e-05, 'w_reg': 60.0}
Final test accuracy: 0.8508568406105042
Final test GAP RMS for gender: 0.04908483847975731
Final test GAP RMS for race: 0.04153914749622345
Final test balanced accuracy: 0.7665815353393555


