2020-05-21 16:32:43.113821: W tensorflow/stream_executor/platform/default/dso_loader.cc:55] Could not load dynamic library 'libnvinfer.so.6'; dlerror: libnvinfer.so.6: cannot open shared object file: No such file or directory; LD_LIBRARY_PATH: /sw/arcts/centos7/python3.6-anaconda/5.2.0/lib:/opt/slurm/lib64::
2020-05-21 16:32:43.113919: W tensorflow/stream_executor/platform/default/dso_loader.cc:55] Could not load dynamic library 'libnvinfer_plugin.so.6'; dlerror: libnvinfer_plugin.so.6: cannot open shared object file: No such file or directory; LD_LIBRARY_PATH: /sw/arcts/centos7/python3.6-anaconda/5.2.0/lib:/opt/slurm/lib64::
2020-05-21 16:32:43.113928: W tensorflow/compiler/tf2tensorrt/utils/py_utils.cc:30] Cannot dlopen some TensorRT libraries. If you would like to use Nvidia GPU with TensorRT, please make sure the missing libraries mentioned above are installed properly.
2020-05-21 16:32:52.976609: W tensorflow/stream_executor/platform/default/dso_loader.cc:55] Could not load dynamic library 'libcuda.so.1'; dlerror: libcuda.so.1: cannot open shared object file: No such file or directory; LD_LIBRARY_PATH: /sw/arcts/centos7/python3.6-anaconda/5.2.0/lib:/opt/slurm/lib64::
2020-05-21 16:32:52.977137: E tensorflow/stream_executor/cuda/cuda_driver.cc:351] failed call to cuInit: UNKNOWN ERROR (303)
2020-05-21 16:32:52.977174: I tensorflow/stream_executor/cuda/cuda_diagnostics.cc:156] kernel driver does not appear to be running on this host (gl3108.arc-ts.umich.edu): /proc/driver/nvidia/version does not exist
2020-05-21 16:32:52.977666: I tensorflow/core/platform/cpu_feature_guard.cc:142] Your CPU supports instructions that this TensorFlow binary was not compiled to use: AVX2 AVX512F FMA
2020-05-21 16:32:52.985883: I tensorflow/core/platform/profile_utils/cpu_utils.cc:94] CPU Frequency: 3000000000 Hz
2020-05-21 16:32:52.985986: I tensorflow/compiler/xla/service/service.cc:168] XLA service 0x5637172a8ba0 initialized for platform Host (this does not guarantee that XLA will be used). Devices:
2020-05-21 16:32:52.985996: I tensorflow/compiler/xla/service/service.cc:176]   StreamExecutor device (0): Host, Default Version
/sw/arcts/centos7/python3.6-anaconda/5.2.0/lib/python3.6/site-packages/h5py/__init__.py:36: FutureWarning: Conversion of the second argument of issubdtype from `float` to `np.floating` is deprecated. In future, it will be treated as `np.float64 == np.dtype(float).type`.
  from ._conv import register_converters as _register_converters
WARNING:tensorflow:From /home/smaity/.local/lib/python3.6/site-packages/tensorflow_core/python/ops/array_grad.py:563: _EagerTensorBase.cpu (from tensorflow.python.framework.ops) is deprecated and will be removed in a future version.
Instructions for updating:
Use tf.identity instead.
2020-05-21 16:58:47.162967: W tensorflow/python/util/util.cc:319] Sets are not currently considered sequences, but this may change in the future, so consider avoiding using them.
WARNING:tensorflow:From /home/smaity/.local/lib/python3.6/site-packages/tensorflow_core/python/ops/resource_variable_ops.py:1786: calling BaseResourceVariable.__init__ (from tensorflow.python.ops.resource_variable_ops) with constraint is deprecated and will be removed in a future version.
Instructions for updating:
If using Keras pass *_constraint arguments to layers.
Test accuracy for step 250: 0.6195688247680664

Test GAP RMS for gender and step 250: 0.1278454214334488

Test GAP RMS for race and step 250: 0.015936242416501045

Test balanced accuracy for step 250: 0.4782804250717163


Test accuracy for step 500: 0.8396904468536377

Test GAP RMS for gender and step 500: 0.22163118422031403

Test GAP RMS for race and step 500: 0.051279131323099136

Test balanced accuracy for step 500: 0.7372885942459106


Test accuracy for step 750: 0.8431177735328674

Test GAP RMS for gender and step 750: 0.02293611504137516

Test GAP RMS for race and step 750: 0.0169836413115263

Test balanced accuracy for step 750: 0.7167102098464966


Test accuracy for step 1000: 0.8295190930366516

Test GAP RMS for gender and step 1000: 0.021140307188034058

Test GAP RMS for race and step 1000: 0.009435753338038921

Test balanced accuracy for step 1000: 0.6709938049316406


Test accuracy for step 1250: 0.8259811997413635

Test GAP RMS for gender and step 1250: 0.017233150079846382

Test GAP RMS for race and step 1250: 0.013288822025060654

Test balanced accuracy for step 1250: 0.6555377244949341


Test accuracy for step 1500: 0.8208954930305481

Test GAP RMS for gender and step 1500: 0.018827451393008232

Test GAP RMS for race and step 1500: 0.008015517145395279

Test balanced accuracy for step 1500: 0.6427632570266724


Test accuracy for step 1750: 0.808734118938446

Test GAP RMS for gender and step 1750: 0.0209807176142931

Test GAP RMS for race and step 1750: 0.02061050944030285

Test balanced accuracy for step 1750: 0.613430380821228


Test accuracy for step 2000: 0.8011055588722229

Test GAP RMS for gender and step 2000: 0.013840672560036182

Test GAP RMS for race and step 2000: 0.021174371242523193

Test balanced accuracy for step 2000: 0.5952720046043396


Test accuracy for step 2250: 0.7770038843154907

Test GAP RMS for gender and step 2250: 0.033247049897909164

Test GAP RMS for race and step 2250: 0.0019188291626051068

Test balanced accuracy for step 2250: 0.5424628257751465


Test accuracy for step 2500: 0.8281923532485962

Test GAP RMS for gender and step 2500: 0.024950984865427017

Test GAP RMS for race and step 2500: 0.0050194463692605495

Test balanced accuracy for step 2500: 0.6644067764282227


Test accuracy for step 2750: 0.838363766670227

Test GAP RMS for gender and step 2750: 0.01846625842154026

Test GAP RMS for race and step 2750: 0.009624041616916656

Test balanced accuracy for step 2750: 0.6950488090515137


Test accuracy for step 3000: 0.8452183604240417

Test GAP RMS for gender and step 3000: 0.03659537062048912

Test GAP RMS for race and step 3000: 0.02224615029990673

Test balanced accuracy for step 3000: 0.7221107482910156


Test accuracy for step 3250: 0.8485351204872131

Test GAP RMS for gender and step 3250: 0.038420144468545914

Test GAP RMS for race and step 3250: 0.029590023681521416

Test balanced accuracy for step 3250: 0.7326362133026123


Test accuracy for step 3500: 0.8491984605789185

Test GAP RMS for gender and step 3500: 0.04096052423119545

Test GAP RMS for race and step 3500: 0.03959725424647331

Test balanced accuracy for step 3500: 0.7486628293991089


Test accuracy for step 3750: 0.8500829339027405

Test GAP RMS for gender and step 3750: 0.043504033237695694

Test GAP RMS for race and step 3750: 0.033957354724407196

Test balanced accuracy for step 3750: 0.7583532333374023


Test accuracy for step 4000: 0.8507462739944458

Test GAP RMS for gender and step 4000: 0.0443723164498806

Test GAP RMS for race and step 4000: 0.03442264348268509

Test balanced accuracy for step 4000: 0.7632673382759094


Test accuracy for step 4250: 0.8512990474700928

Test GAP RMS for gender and step 4250: 0.0525967963039875

Test GAP RMS for race and step 4250: 0.04017255827784538

Test balanced accuracy for step 4250: 0.7691887617111206


Test accuracy for step 4500: 0.8506357073783875

Test GAP RMS for gender and step 4500: 0.04522891715168953

Test GAP RMS for race and step 4500: 0.02968272566795349

Test balanced accuracy for step 4500: 0.7618051767349243


Test accuracy for step 4750: 0.8495301008224487

Test GAP RMS for gender and step 4750: 0.04975161701440811

Test GAP RMS for race and step 4750: 0.03128334507346153

Test balanced accuracy for step 4750: 0.77033531665802


Test accuracy for step 5000: 0.8500829339027405

Test GAP RMS for gender and step 5000: 0.052564769983291626

Test GAP RMS for race and step 5000: 0.03459988906979561

Test balanced accuracy for step 5000: 0.7700831294059753


Test accuracy for step 5250: 0.8494195938110352

Test GAP RMS for gender and step 5250: 0.05025654286146164

Test GAP RMS for race and step 5250: 0.03377046436071396

Test balanced accuracy for step 5250: 0.767792820930481


Test accuracy for step 5500: 0.8508568406105042

Test GAP RMS for gender and step 5500: 0.05274146422743797

Test GAP RMS for race and step 5500: 0.03707617521286011

Test balanced accuracy for step 5500: 0.7715204358100891


Test accuracy for step 5750: 0.8499723672866821

Test GAP RMS for gender and step 5750: 0.05666244775056839

Test GAP RMS for race and step 5750: 0.03620881959795952

Test balanced accuracy for step 5750: 0.7798879146575928


Test accuracy for step 6000: 0.8512990474700928

Test GAP RMS for gender and step 6000: 0.05812803655862808

Test GAP RMS for race and step 6000: 0.05020172521471977

Test balanced accuracy for step 6000: 0.7849315404891968


Test accuracy for step 6250: 0.8500829339027405

Test GAP RMS for gender and step 6250: 0.06373699754476547

Test GAP RMS for race and step 6250: 0.04690835624933243

Test balanced accuracy for step 6250: 0.7822760343551636


Test accuracy for step 6500: 0.8486456871032715

Test GAP RMS for gender and step 6500: 0.0750841349363327

Test GAP RMS for race and step 6500: 0.057821646332740784

Test balanced accuracy for step 6500: 0.7935194969177246


Test accuracy for step 6750: 0.8508568406105042

Test GAP RMS for gender and step 6750: 0.06359084695577621

Test GAP RMS for race and step 6750: 0.048819608986377716

Test balanced accuracy for step 6750: 0.788189172744751


Test accuracy for step 7000: 0.8501935005187988

Test GAP RMS for gender and step 7000: 0.06651712954044342

Test GAP RMS for race and step 7000: 0.056517455726861954

Test balanced accuracy for step 7000: 0.7942333221435547


Test accuracy for step 7250: 0.8499723672866821

Test GAP RMS for gender and step 7250: 0.06553520262241364

Test GAP RMS for race and step 7250: 0.05394112691283226

Test balanced accuracy for step 7250: 0.795630693435669


Test accuracy for step 7500: 0.845550000667572

Test GAP RMS for gender and step 7500: 0.08237376809120178

Test GAP RMS for race and step 7500: 0.05016540363430977

Test balanced accuracy for step 7500: 0.7953330278396606


Test accuracy for step 7750: 0.8498618006706238

Test GAP RMS for gender and step 7750: 0.07093275338411331

Test GAP RMS for race and step 7750: 0.04946276172995567

Test balanced accuracy for step 7750: 0.7949402332305908


{'epsilon': 0.01, 'lr': 0.0001, 'wlr': 0.0001, 'w_reg': 40.0}
Final test accuracy: 0.8483139872550964
Final test GAP RMS for gender: 0.07109634578227997
Final test GAP RMS for race: 0.05813215300440788
Final test balanced accuracy: 0.7990109920501709


