2020-05-21 16:32:43.785800: W tensorflow/stream_executor/platform/default/dso_loader.cc:55] Could not load dynamic library 'libnvinfer.so.6'; dlerror: libnvinfer.so.6: cannot open shared object file: No such file or directory; LD_LIBRARY_PATH: /sw/arcts/centos7/python3.6-anaconda/5.2.0/lib:/opt/slurm/lib64::
2020-05-21 16:32:43.785911: W tensorflow/stream_executor/platform/default/dso_loader.cc:55] Could not load dynamic library 'libnvinfer_plugin.so.6'; dlerror: libnvinfer_plugin.so.6: cannot open shared object file: No such file or directory; LD_LIBRARY_PATH: /sw/arcts/centos7/python3.6-anaconda/5.2.0/lib:/opt/slurm/lib64::
2020-05-21 16:32:43.785921: W tensorflow/compiler/tf2tensorrt/utils/py_utils.cc:30] Cannot dlopen some TensorRT libraries. If you would like to use Nvidia GPU with TensorRT, please make sure the missing libraries mentioned above are installed properly.
2020-05-21 16:32:50.815498: W tensorflow/stream_executor/platform/default/dso_loader.cc:55] Could not load dynamic library 'libcuda.so.1'; dlerror: libcuda.so.1: cannot open shared object file: No such file or directory; LD_LIBRARY_PATH: /sw/arcts/centos7/python3.6-anaconda/5.2.0/lib:/opt/slurm/lib64::
2020-05-21 16:32:50.815703: E tensorflow/stream_executor/cuda/cuda_driver.cc:351] failed call to cuInit: UNKNOWN ERROR (303)
2020-05-21 16:32:50.815724: I tensorflow/stream_executor/cuda/cuda_diagnostics.cc:156] kernel driver does not appear to be running on this host (gl3264.arc-ts.umich.edu): /proc/driver/nvidia/version does not exist
2020-05-21 16:32:50.816059: I tensorflow/core/platform/cpu_feature_guard.cc:142] Your CPU supports instructions that this TensorFlow binary was not compiled to use: AVX2 AVX512F FMA
2020-05-21 16:32:50.822919: I tensorflow/core/platform/profile_utils/cpu_utils.cc:94] CPU Frequency: 3000000000 Hz
2020-05-21 16:32:50.823007: I tensorflow/compiler/xla/service/service.cc:168] XLA service 0x563467183ce0 initialized for platform Host (this does not guarantee that XLA will be used). Devices:
2020-05-21 16:32:50.823016: I tensorflow/compiler/xla/service/service.cc:176]   StreamExecutor device (0): Host, Default Version
/sw/arcts/centos7/python3.6-anaconda/5.2.0/lib/python3.6/site-packages/h5py/__init__.py:36: FutureWarning: Conversion of the second argument of issubdtype from `float` to `np.floating` is deprecated. In future, it will be treated as `np.float64 == np.dtype(float).type`.
  from ._conv import register_converters as _register_converters
WARNING:tensorflow:From /home/smaity/.local/lib/python3.6/site-packages/tensorflow_core/python/ops/array_grad.py:563: _EagerTensorBase.cpu (from tensorflow.python.framework.ops) is deprecated and will be removed in a future version.
Instructions for updating:
Use tf.identity instead.
2020-05-21 16:58:57.133747: W tensorflow/python/util/util.cc:319] Sets are not currently considered sequences, but this may change in the future, so consider avoiding using them.
WARNING:tensorflow:From /home/smaity/.local/lib/python3.6/site-packages/tensorflow_core/python/ops/resource_variable_ops.py:1786: calling BaseResourceVariable.__init__ (from tensorflow.python.ops.resource_variable_ops) with constraint is deprecated and will be removed in a future version.
Instructions for updating:
If using Keras pass *_constraint arguments to layers.
Test accuracy for step 250: 0.6161414980888367

Test GAP RMS for gender and step 250: 0.13039401173591614

Test GAP RMS for race and step 250: 0.013517117127776146

Test balanced accuracy for step 250: 0.4676819145679474


Test accuracy for step 500: 0.7568822503089905

Test GAP RMS for gender and step 500: 0.0

Test GAP RMS for race and step 500: 0.0

Test balanced accuracy for step 500: 0.5


Test accuracy for step 750: 0.7615256905555725

Test GAP RMS for gender and step 750: 0.008338687010109425

Test GAP RMS for race and step 750: 0.007792977150529623

Test balanced accuracy for step 750: 0.5097041130065918


Test accuracy for step 1000: 0.7701492309570312

Test GAP RMS for gender and step 1000: 0.011501969769597054

Test GAP RMS for race and step 1000: 0.0028411573730409145

Test balanced accuracy for step 1000: 0.5275938510894775


Test accuracy for step 1250: 0.766058623790741

Test GAP RMS for gender and step 1250: 0.022797100245952606

Test GAP RMS for race and step 1250: 0.0006369590992107987

Test balanced accuracy for step 1250: 0.5191808938980103


Test accuracy for step 1500: 0.7645107507705688

Test GAP RMS for gender and step 1500: 0.022844510152935982

Test GAP RMS for race and step 1500: 0.0017276370199397206

Test balanced accuracy for step 1500: 0.5159976482391357


Test accuracy for step 1750: 0.768933117389679

Test GAP RMS for gender and step 1750: 0.02084740437567234

Test GAP RMS for race and step 1750: 0.010567864403128624

Test balanced accuracy for step 1750: 0.5250926613807678


Test accuracy for step 2000: 0.7839690446853638

Test GAP RMS for gender and step 2000: 0.017419181764125824

Test GAP RMS for race and step 2000: 0.008727622218430042

Test balanced accuracy for step 2000: 0.5567874908447266


Test accuracy for step 2250: 0.7899391651153564

Test GAP RMS for gender and step 2250: 0.03955783694982529

Test GAP RMS for race and step 2250: 0.010421548038721085

Test balanced accuracy for step 2250: 0.5698375105857849


Test accuracy for step 2500: 0.7941403985023499

Test GAP RMS for gender and step 2500: 0.04985771328210831

Test GAP RMS for race and step 2500: 0.006202013697475195

Test balanced accuracy for step 2500: 0.579095184803009


Test accuracy for step 2750: 0.7919292449951172

Test GAP RMS for gender and step 2750: 0.06110016629099846

Test GAP RMS for race and step 2750: 0.009489237330853939

Test balanced accuracy for step 2750: 0.5740846395492554


Test accuracy for step 3000: 0.7945826649665833

Test GAP RMS for gender and step 3000: 0.07592625170946121

Test GAP RMS for race and step 3000: 0.003319895127788186

Test balanced accuracy for step 3000: 0.580467700958252


Test accuracy for step 3250: 0.7922609448432922

Test GAP RMS for gender and step 3250: 0.08382787555456161

Test GAP RMS for race and step 3250: 0.0031130139250308275

Test balanced accuracy for step 3250: 0.5756927728652954


Test accuracy for step 3500: 0.7972360253334045

Test GAP RMS for gender and step 3500: 0.08887825161218643

Test GAP RMS for race and step 3500: 0.0021438226103782654

Test balanced accuracy for step 3500: 0.5865421295166016


Test accuracy for step 3750: 0.7944720983505249

Test GAP RMS for gender and step 3750: 0.09864524751901627

Test GAP RMS for race and step 3750: 0.0029355566948652267

Test balanced accuracy for step 3750: 0.5807033777236938


Test accuracy for step 4000: 0.7893863916397095

Test GAP RMS for gender and step 4000: 0.09395311772823334

Test GAP RMS for race and step 4000: 0.007059313822537661

Test balanced accuracy for step 4000: 0.5696266889572144


Test accuracy for step 4250: 0.7873963713645935

Test GAP RMS for gender and step 4250: 0.09401149302721024

Test GAP RMS for race and step 4250: 0.00448534544557333

Test balanced accuracy for step 4250: 0.5650709271430969


Test accuracy for step 4500: 0.7823106646537781

Test GAP RMS for gender and step 4500: 0.09343209862709045

Test GAP RMS for race and step 4500: 0.005736469756811857

Test balanced accuracy for step 4500: 0.5544573068618774


Test accuracy for step 4750: 0.7808734178543091

Test GAP RMS for gender and step 4750: 0.09534276276826859

Test GAP RMS for race and step 4750: 0.0019131641602143645

Test balanced accuracy for step 4750: 0.5516557097434998


Test accuracy for step 5000: 0.7837479114532471

Test GAP RMS for gender and step 5000: 0.08855090290307999

Test GAP RMS for race and step 5000: 0.0014044515555724502

Test balanced accuracy for step 5000: 0.5574131608009338


Test accuracy for step 5250: 0.7820895314216614

Test GAP RMS for gender and step 5250: 0.07778461277484894

Test GAP RMS for race and step 5250: 0.004442066419869661

Test balanced accuracy for step 5250: 0.5532308220863342


Test accuracy for step 5500: 0.777667224407196

Test GAP RMS for gender and step 5500: 0.07754494249820709

Test GAP RMS for race and step 5500: 0.018853645771741867

Test balanced accuracy for step 5500: 0.5439814329147339


Test accuracy for step 5750: 0.7772249579429626

Test GAP RMS for gender and step 5750: 0.10399540513753891

Test GAP RMS for race and step 5750: 0.015403824858367443

Test balanced accuracy for step 5750: 0.5435349345207214


Test accuracy for step 6000: 0.7760088443756104

Test GAP RMS for gender and step 6000: 0.08839117735624313

Test GAP RMS for race and step 6000: 0.005050138104707003

Test balanced accuracy for step 6000: 0.5405707955360413


Test accuracy for step 6250: 0.7716970443725586

Test GAP RMS for gender and step 6250: 0.07995946705341339

Test GAP RMS for race and step 6250: 0.0038706071209162474

Test balanced accuracy for step 6250: 0.5315487384796143


Test accuracy for step 6500: 0.7716970443725586

Test GAP RMS for gender and step 6500: 0.1004360094666481

Test GAP RMS for race and step 6500: 0.014965122565627098

Test balanced accuracy for step 6500: 0.5317031145095825


Test accuracy for step 6750: 0.7662796974182129

Test GAP RMS for gender and step 6750: 0.07826907932758331

Test GAP RMS for race and step 6750: 0.014180180616676807

Test balanced accuracy for step 6750: 0.5200986862182617


Test accuracy for step 7000: 0.7752349376678467

Test GAP RMS for gender and step 7000: 0.080597423017025

Test GAP RMS for race and step 7000: 0.003727450268343091

Test balanced accuracy for step 7000: 0.538979172706604


Test accuracy for step 7250: 0.7697070240974426

Test GAP RMS for gender and step 7250: 0.10497061163187027

Test GAP RMS for race and step 7250: 0.01401515956968069

Test balanced accuracy for step 7250: 0.5274559855461121


Test accuracy for step 7500: 0.7671641707420349

Test GAP RMS for gender and step 7500: 0.09089979529380798

Test GAP RMS for race and step 7500: 0.019017821177840233

Test balanced accuracy for step 7500: 0.5219177007675171


Test accuracy for step 7750: 0.7639579772949219

Test GAP RMS for gender and step 7750: 0.07424530386924744

Test GAP RMS for race and step 7750: 0.014996172860264778

Test balanced accuracy for step 7750: 0.5148607492446899


{'epsilon': 0.1, 'lr': 0.0001, 'wlr': 0.0001, 'w_reg': 50.0}
Final test accuracy: 0.7628524303436279
Final test GAP RMS for gender: 0.06720425188541412
Final test GAP RMS for race: 0.014349682256579399
Final test balanced accuracy: 0.5127413272857666


