2020-05-21 16:32:43.112707: W tensorflow/stream_executor/platform/default/dso_loader.cc:55] Could not load dynamic library 'libnvinfer.so.6'; dlerror: libnvinfer.so.6: cannot open shared object file: No such file or directory; LD_LIBRARY_PATH: /sw/arcts/centos7/python3.6-anaconda/5.2.0/lib:/opt/slurm/lib64::
2020-05-21 16:32:43.112803: W tensorflow/stream_executor/platform/default/dso_loader.cc:55] Could not load dynamic library 'libnvinfer_plugin.so.6'; dlerror: libnvinfer_plugin.so.6: cannot open shared object file: No such file or directory; LD_LIBRARY_PATH: /sw/arcts/centos7/python3.6-anaconda/5.2.0/lib:/opt/slurm/lib64::
2020-05-21 16:32:43.112813: W tensorflow/compiler/tf2tensorrt/utils/py_utils.cc:30] Cannot dlopen some TensorRT libraries. If you would like to use Nvidia GPU with TensorRT, please make sure the missing libraries mentioned above are installed properly.
2020-05-21 16:32:52.986053: W tensorflow/stream_executor/platform/default/dso_loader.cc:55] Could not load dynamic library 'libcuda.so.1'; dlerror: libcuda.so.1: cannot open shared object file: No such file or directory; LD_LIBRARY_PATH: /sw/arcts/centos7/python3.6-anaconda/5.2.0/lib:/opt/slurm/lib64::
2020-05-21 16:32:52.986703: E tensorflow/stream_executor/cuda/cuda_driver.cc:351] failed call to cuInit: UNKNOWN ERROR (303)
2020-05-21 16:32:52.986725: I tensorflow/stream_executor/cuda/cuda_diagnostics.cc:156] kernel driver does not appear to be running on this host (gl3108.arc-ts.umich.edu): /proc/driver/nvidia/version does not exist
2020-05-21 16:32:52.987075: I tensorflow/core/platform/cpu_feature_guard.cc:142] Your CPU supports instructions that this TensorFlow binary was not compiled to use: AVX2 AVX512F FMA
2020-05-21 16:32:52.994116: I tensorflow/core/platform/profile_utils/cpu_utils.cc:94] CPU Frequency: 3000000000 Hz
2020-05-21 16:32:52.994215: I tensorflow/compiler/xla/service/service.cc:168] XLA service 0x555cf92fd720 initialized for platform Host (this does not guarantee that XLA will be used). Devices:
2020-05-21 16:32:52.994226: I tensorflow/compiler/xla/service/service.cc:176]   StreamExecutor device (0): Host, Default Version
/sw/arcts/centos7/python3.6-anaconda/5.2.0/lib/python3.6/site-packages/h5py/__init__.py:36: FutureWarning: Conversion of the second argument of issubdtype from `float` to `np.floating` is deprecated. In future, it will be treated as `np.float64 == np.dtype(float).type`.
  from ._conv import register_converters as _register_converters
WARNING:tensorflow:From /home/smaity/.local/lib/python3.6/site-packages/tensorflow_core/python/ops/array_grad.py:563: _EagerTensorBase.cpu (from tensorflow.python.framework.ops) is deprecated and will be removed in a future version.
Instructions for updating:
Use tf.identity instead.
2020-05-21 16:58:57.638720: W tensorflow/python/util/util.cc:319] Sets are not currently considered sequences, but this may change in the future, so consider avoiding using them.
WARNING:tensorflow:From /home/smaity/.local/lib/python3.6/site-packages/tensorflow_core/python/ops/resource_variable_ops.py:1786: calling BaseResourceVariable.__init__ (from tensorflow.python.ops.resource_variable_ops) with constraint is deprecated and will be removed in a future version.
Instructions for updating:
If using Keras pass *_constraint arguments to layers.
Test accuracy for step 250: 0.616252064704895

Test GAP RMS for gender and step 250: 0.13013531267642975

Test GAP RMS for race and step 250: 0.013636864721775055

Test balanced accuracy for step 250: 0.46775496006011963


Test accuracy for step 500: 0.7568822503089905

Test GAP RMS for gender and step 500: 0.0

Test GAP RMS for race and step 500: 0.0

Test balanced accuracy for step 500: 0.5


Test accuracy for step 750: 0.7798783779144287

Test GAP RMS for gender and step 750: 0.0010892741847783327

Test GAP RMS for race and step 750: 0.009683718904852867

Test balanced accuracy for step 750: 0.5477572679519653


Test accuracy for step 1000: 0.7792150378227234

Test GAP RMS for gender and step 1000: 0.011968935839831829

Test GAP RMS for race and step 1000: 0.012159055098891258

Test balanced accuracy for step 1000: 0.5462386608123779


Test accuracy for step 1250: 0.7677169442176819

Test GAP RMS for gender and step 1250: 0.022373976185917854

Test GAP RMS for race and step 1250: 0.0009213440353050828

Test balanced accuracy for step 1250: 0.5225915312767029


Test accuracy for step 1500: 0.7724709510803223

Test GAP RMS for gender and step 1500: 0.01664341613650322

Test GAP RMS for race and step 1500: 0.014580889604985714

Test balanced accuracy for step 1500: 0.5323687195777893


Test accuracy for step 1750: 0.7990049719810486

Test GAP RMS for gender and step 1750: 0.003608383471146226

Test GAP RMS for race and step 1750: 0.0031851634848862886

Test balanced accuracy for step 1750: 0.5903344750404358


Test accuracy for step 2000: 0.8186843395233154

Test GAP RMS for gender and step 2000: 0.005852537229657173

Test GAP RMS for race and step 2000: 0.016820479184389114

Test balanced accuracy for step 2000: 0.6399134993553162


Test accuracy for step 2250: 0.8211166262626648

Test GAP RMS for gender and step 2250: 0.024258235469460487

Test GAP RMS for race and step 2250: 0.00585155887529254

Test balanced accuracy for step 2250: 0.6450701355934143


Test accuracy for step 2500: 0.831951379776001

Test GAP RMS for gender and step 2500: 0.012716373428702354

Test GAP RMS for race and step 2500: 0.005808736197650433

Test balanced accuracy for step 2500: 0.6744526624679565


Test accuracy for step 2750: 0.8336097002029419

Test GAP RMS for gender and step 2750: 0.013729963451623917

Test GAP RMS for race and step 2750: 0.008441074751317501

Test balanced accuracy for step 2750: 0.6809501051902771


Test accuracy for step 3000: 0.8388059735298157

Test GAP RMS for gender and step 3000: 0.015862759202718735

Test GAP RMS for race and step 3000: 0.018838917836546898

Test balanced accuracy for step 3000: 0.6954953074455261


Test accuracy for step 3250: 0.8364842534065247

Test GAP RMS for gender and step 3250: 0.013577338308095932

Test GAP RMS for race and step 3250: 0.02071201056241989

Test balanced accuracy for step 3250: 0.6879422664642334


Test accuracy for step 3500: 0.8395798802375793

Test GAP RMS for gender and step 3500: 0.017025355249643326

Test GAP RMS for race and step 3500: 0.021663492545485497

Test balanced accuracy for step 3500: 0.6981673240661621


Test accuracy for step 3750: 0.8402432203292847

Test GAP RMS for gender and step 3750: 0.017586439847946167

Test GAP RMS for race and step 3750: 0.02523045241832733

Test balanced accuracy for step 3750: 0.6986055374145508


Test accuracy for step 4000: 0.8375898003578186

Test GAP RMS for gender and step 4000: 0.016646133735775948

Test GAP RMS for race and step 4000: 0.02347586862742901

Test balanced accuracy for step 4000: 0.6906790733337402


Test accuracy for step 4250: 0.8363736867904663

Test GAP RMS for gender and step 4250: 0.018581975251436234

Test GAP RMS for race and step 4250: 0.016898145899176598

Test balanced accuracy for step 4250: 0.6877148747444153


Test accuracy for step 4500: 0.8359314799308777

Test GAP RMS for gender and step 4500: 0.01698053628206253

Test GAP RMS for race and step 4500: 0.024287082254886627

Test balanced accuracy for step 4500: 0.6857249736785889


Test accuracy for step 4750: 0.8386954069137573

Test GAP RMS for gender and step 4750: 0.02498537488281727

Test GAP RMS for race and step 4750: 0.023456024006009102

Test balanced accuracy for step 4750: 0.6931071281433105


Test accuracy for step 5000: 0.8396904468536377

Test GAP RMS for gender and step 5000: 0.02080078236758709

Test GAP RMS for race and step 5000: 0.017582224681973457

Test balanced accuracy for step 5000: 0.6963882446289062


Test accuracy for step 5250: 0.838584840297699

Test GAP RMS for gender and step 5250: 0.02233196049928665

Test GAP RMS for race and step 5250: 0.03350211679935455

Test balanced accuracy for step 5250: 0.6934971213340759


Test accuracy for step 5500: 0.836263120174408

Test GAP RMS for gender and step 5500: 0.017372123897075653

Test GAP RMS for race and step 5500: 0.025409571826457977

Test balanced accuracy for step 5500: 0.6871788501739502


Test accuracy for step 5750: 0.8406854867935181

Test GAP RMS for gender and step 5750: 0.02829675003886223

Test GAP RMS for race and step 5750: 0.01770894043147564

Test balanced accuracy for step 5750: 0.7022931575775146


Test accuracy for step 6000: 0.8396904468536377

Test GAP RMS for gender and step 6000: 0.022193707525730133

Test GAP RMS for race and step 6000: 0.021782493218779564

Test balanced accuracy for step 6000: 0.6994750499725342


Test accuracy for step 6250: 0.8372581601142883

Test GAP RMS for gender and step 6250: 0.019356396049261093

Test GAP RMS for race and step 6250: 0.024905776605010033

Test balanced accuracy for step 6250: 0.6896882653236389


Test accuracy for step 6500: 0.837700366973877

Test GAP RMS for gender and step 6500: 0.02493119053542614

Test GAP RMS for race and step 6500: 0.030491240322589874

Test balanced accuracy for step 6500: 0.6941475868225098


Test accuracy for step 6750: 0.8354892134666443

Test GAP RMS for gender and step 6750: 0.016092786565423012

Test GAP RMS for race and step 6750: 0.0215467382222414

Test balanced accuracy for step 6750: 0.683272123336792


Test accuracy for step 7000: 0.8399115800857544

Test GAP RMS for gender and step 7000: 0.020805733278393745

Test GAP RMS for race and step 7000: 0.018837951123714447

Test balanced accuracy for step 7000: 0.6979234218597412


Test accuracy for step 7250: 0.8386954069137573

Test GAP RMS for gender and step 7250: 0.033220283687114716

Test GAP RMS for race and step 7250: 0.022174693644046783

Test balanced accuracy for step 7250: 0.696811318397522


Test accuracy for step 7500: 0.8339414000511169

Test GAP RMS for gender and step 7500: 0.032485008239746094

Test GAP RMS for race and step 7500: 0.023764653131365776

Test balanced accuracy for step 7500: 0.679471492767334


Test accuracy for step 7750: 0.8308457732200623

Test GAP RMS for gender and step 7750: 0.014141608029603958

Test GAP RMS for race and step 7750: 0.01340244896709919

Test balanced accuracy for step 7750: 0.6723332405090332


{'epsilon': 0.1, 'lr': 0.0001, 'wlr': 0.0001, 'w_reg': 40.0}
Final test accuracy: 0.8308457732200623
Final test GAP RMS for gender: 0.03432067856192589
Final test GAP RMS for race: 0.01564892940223217
Final test balanced accuracy: 0.6712528467178345


