2020-05-21 16:32:41.571349: W tensorflow/stream_executor/platform/default/dso_loader.cc:55] Could not load dynamic library 'libnvinfer.so.6'; dlerror: libnvinfer.so.6: cannot open shared object file: No such file or directory; LD_LIBRARY_PATH: /sw/arcts/centos7/python3.6-anaconda/5.2.0/lib:/opt/slurm/lib64::
2020-05-21 16:32:41.571752: W tensorflow/stream_executor/platform/default/dso_loader.cc:55] Could not load dynamic library 'libnvinfer_plugin.so.6'; dlerror: libnvinfer_plugin.so.6: cannot open shared object file: No such file or directory; LD_LIBRARY_PATH: /sw/arcts/centos7/python3.6-anaconda/5.2.0/lib:/opt/slurm/lib64::
2020-05-21 16:32:41.571764: W tensorflow/compiler/tf2tensorrt/utils/py_utils.cc:30] Cannot dlopen some TensorRT libraries. If you would like to use Nvidia GPU with TensorRT, please make sure the missing libraries mentioned above are installed properly.
2020-05-21 16:32:47.595489: W tensorflow/stream_executor/platform/default/dso_loader.cc:55] Could not load dynamic library 'libcuda.so.1'; dlerror: libcuda.so.1: cannot open shared object file: No such file or directory; LD_LIBRARY_PATH: /sw/arcts/centos7/python3.6-anaconda/5.2.0/lib:/opt/slurm/lib64::
2020-05-21 16:32:47.595716: E tensorflow/stream_executor/cuda/cuda_driver.cc:351] failed call to cuInit: UNKNOWN ERROR (303)
2020-05-21 16:32:47.595750: I tensorflow/stream_executor/cuda/cuda_diagnostics.cc:156] kernel driver does not appear to be running on this host (gl3157.arc-ts.umich.edu): /proc/driver/nvidia/version does not exist
2020-05-21 16:32:47.596176: I tensorflow/core/platform/cpu_feature_guard.cc:142] Your CPU supports instructions that this TensorFlow binary was not compiled to use: AVX2 AVX512F FMA
2020-05-21 16:32:47.604269: I tensorflow/core/platform/profile_utils/cpu_utils.cc:94] CPU Frequency: 3000000000 Hz
2020-05-21 16:32:47.604371: I tensorflow/compiler/xla/service/service.cc:168] XLA service 0x5580e8316a30 initialized for platform Host (this does not guarantee that XLA will be used). Devices:
2020-05-21 16:32:47.604383: I tensorflow/compiler/xla/service/service.cc:176]   StreamExecutor device (0): Host, Default Version
/sw/arcts/centos7/python3.6-anaconda/5.2.0/lib/python3.6/site-packages/h5py/__init__.py:36: FutureWarning: Conversion of the second argument of issubdtype from `float` to `np.floating` is deprecated. In future, it will be treated as `np.float64 == np.dtype(float).type`.
  from ._conv import register_converters as _register_converters
WARNING:tensorflow:From /home/smaity/.local/lib/python3.6/site-packages/tensorflow_core/python/ops/array_grad.py:563: _EagerTensorBase.cpu (from tensorflow.python.framework.ops) is deprecated and will be removed in a future version.
Instructions for updating:
Use tf.identity instead.
2020-05-21 17:02:40.792692: W tensorflow/python/util/util.cc:319] Sets are not currently considered sequences, but this may change in the future, so consider avoiding using them.
WARNING:tensorflow:From /home/smaity/.local/lib/python3.6/site-packages/tensorflow_core/python/ops/resource_variable_ops.py:1786: calling BaseResourceVariable.__init__ (from tensorflow.python.ops.resource_variable_ops) with constraint is deprecated and will be removed in a future version.
Instructions for updating:
If using Keras pass *_constraint arguments to layers.
Test accuracy for step 250: 0.6180210113525391

Test GAP RMS for gender and step 250: 0.1275671124458313

Test GAP RMS for race and step 250: 0.016714055091142654

Test balanced accuracy for step 250: 0.4809620976448059


Test accuracy for step 500: 0.8067440390586853

Test GAP RMS for gender and step 500: 0.26106253266334534

Test GAP RMS for race and step 500: 0.07209381461143494

Test balanced accuracy for step 500: 0.807974100112915


Test accuracy for step 750: 0.8170259594917297

Test GAP RMS for gender and step 750: 0.13683660328388214

Test GAP RMS for race and step 750: 0.05452932417392731

Test balanced accuracy for step 750: 0.8149207830429077


Test accuracy for step 1000: 0.8304035663604736

Test GAP RMS for gender and step 1000: 0.08826565742492676

Test GAP RMS for race and step 1000: 0.044524431228637695

Test balanced accuracy for step 1000: 0.8118737936019897


Test accuracy for step 1250: 0.8290768265724182

Test GAP RMS for gender and step 1250: 0.07941378653049469

Test GAP RMS for race and step 1250: 0.053254030644893646

Test balanced accuracy for step 1250: 0.8126951456069946


Test accuracy for step 1500: 0.8278607130050659

Test GAP RMS for gender and step 1500: 0.07719297707080841

Test GAP RMS for race and step 1500: 0.05309635028243065

Test balanced accuracy for step 1500: 0.8151328563690186


Test accuracy for step 1750: 0.8263128995895386

Test GAP RMS for gender and step 1750: 0.08371077477931976

Test GAP RMS for race and step 1750: 0.04995536059141159

Test balanced accuracy for step 1750: 0.8185862898826599


Test accuracy for step 2000: 0.8250967264175415

Test GAP RMS for gender and step 2000: 0.08063560724258423

Test GAP RMS for race and step 2000: 0.049180496484041214

Test balanced accuracy for step 2000: 0.8170111775398254


Test accuracy for step 2250: 0.8302929997444153

Test GAP RMS for gender and step 2250: 0.0755462646484375

Test GAP RMS for race and step 2250: 0.05153390392661095

Test balanced accuracy for step 2250: 0.8133441209793091


Test accuracy for step 2500: 0.8244333863258362

Test GAP RMS for gender and step 2500: 0.08051099628210068

Test GAP RMS for race and step 2500: 0.04809533432126045

Test balanced accuracy for step 2500: 0.8117884397506714


Test accuracy for step 2750: 0.8194582462310791

Test GAP RMS for gender and step 2750: 0.08145720511674881

Test GAP RMS for race and step 2750: 0.05073411017656326

Test balanced accuracy for step 2750: 0.8156014680862427


Test accuracy for step 3000: 0.8252072930335999

Test GAP RMS for gender and step 3000: 0.07839073985815048

Test GAP RMS for race and step 3000: 0.05039963498711586

Test balanced accuracy for step 3000: 0.8175472617149353


Test accuracy for step 3250: 0.8260917663574219

Test GAP RMS for gender and step 3250: 0.0781676396727562

Test GAP RMS for race and step 3250: 0.050255876034498215

Test balanced accuracy for step 3250: 0.8124209046363831


Test accuracy for step 3500: 0.8205638527870178

Test GAP RMS for gender and step 3500: 0.08136950433254242

Test GAP RMS for race and step 3500: 0.0482642762362957

Test balanced accuracy for step 3500: 0.8106212615966797


Test accuracy for step 3750: 0.8206744194030762

Test GAP RMS for gender and step 3750: 0.07929553836584091

Test GAP RMS for race and step 3750: 0.04730302840471268

Test balanced accuracy for step 3750: 0.8133180737495422


Test accuracy for step 4000: 0.8266445398330688

Test GAP RMS for gender and step 4000: 0.08069973438978195

Test GAP RMS for race and step 4000: 0.05014818534255028

Test balanced accuracy for step 4000: 0.8101623058319092


Test accuracy for step 4250: 0.8253178596496582

Test GAP RMS for gender and step 4250: 0.07937515527009964

Test GAP RMS for race and step 4250: 0.052927568554878235

Test balanced accuracy for step 4250: 0.8122183084487915


Test accuracy for step 4500: 0.8291873931884766

Test GAP RMS for gender and step 4500: 0.08120305091142654

Test GAP RMS for race and step 4500: 0.04766678065061569

Test balanced accuracy for step 4500: 0.8064401745796204


Test accuracy for step 4750: 0.8186843395233154

Test GAP RMS for gender and step 4750: 0.07881228625774384

Test GAP RMS for race and step 4750: 0.05057264119386673

Test balanced accuracy for step 4750: 0.8121577501296997


Test accuracy for step 5000: 0.8226644396781921

Test GAP RMS for gender and step 5000: 0.08064310252666473

Test GAP RMS for race and step 5000: 0.05150001496076584

Test balanced accuracy for step 5000: 0.8123176097869873


Test accuracy for step 5250: 0.8243228197097778

Test GAP RMS for gender and step 5250: 0.0813043862581253

Test GAP RMS for race and step 5250: 0.04624301195144653

Test balanced accuracy for step 5250: 0.8097089529037476


Test accuracy for step 5500: 0.8246545195579529

Test GAP RMS for gender and step 5500: 0.08060619235038757

Test GAP RMS for race and step 5500: 0.04965183883905411

Test balanced accuracy for step 5500: 0.8100823760032654


Test accuracy for step 5750: 0.8194582462310791

Test GAP RMS for gender and step 5750: 0.07681187987327576

Test GAP RMS for race and step 5750: 0.05077222362160683

Test balanced accuracy for step 5750: 0.8128233551979065


Test accuracy for step 6000: 0.8196793794631958

Test GAP RMS for gender and step 6000: 0.07875408232212067

Test GAP RMS for race and step 6000: 0.051114022731781006

Test balanced accuracy for step 6000: 0.8138954639434814


Test accuracy for step 6250: 0.8222222328186035

Test GAP RMS for gender and step 6250: 0.07951956242322922

Test GAP RMS for race and step 6250: 0.05463992804288864

Test balanced accuracy for step 6250: 0.8151122331619263


Test accuracy for step 6500: 0.8195688128471375

Test GAP RMS for gender and step 6500: 0.0778341218829155

Test GAP RMS for race and step 6500: 0.04977696016430855

Test balanced accuracy for step 6500: 0.8124333620071411


Test accuracy for step 6750: 0.8221116662025452

Test GAP RMS for gender and step 6750: 0.08514322340488434

Test GAP RMS for race and step 6750: 0.04969262331724167

Test balanced accuracy for step 6750: 0.8070135116577148


Test accuracy for step 7000: 0.8203427195549011

Test GAP RMS for gender and step 7000: 0.07832831144332886

Test GAP RMS for race and step 7000: 0.04871222749352455

Test balanced accuracy for step 7000: 0.8130989670753479


Test accuracy for step 7250: 0.8238806128501892

Test GAP RMS for gender and step 7250: 0.08037856221199036

Test GAP RMS for race and step 7250: 0.048536140471696854

Test balanced accuracy for step 7250: 0.813892662525177


Test accuracy for step 7500: 0.8238806128501892

Test GAP RMS for gender and step 7500: 0.07764620333909988

Test GAP RMS for race and step 7500: 0.04480614885687828

Test balanced accuracy for step 7500: 0.8137383460998535


Test accuracy for step 7750: 0.8204532861709595

Test GAP RMS for gender and step 7750: 0.081513911485672

Test GAP RMS for race and step 7750: 0.04801708459854126

Test balanced accuracy for step 7750: 0.8103938102722168


{'epsilon': 0.001, 'lr': 0.0001, 'wlr': 0.0001, 'w_reg': 20.0}
Final test accuracy: 0.8187949061393738
Final test GAP RMS for gender: 0.08140084892511368
Final test GAP RMS for race: 0.0484631173312664
Final test balanced accuracy: 0.8108417391777039


