2020-05-21 16:32:43.964718: W tensorflow/stream_executor/platform/default/dso_loader.cc:55] Could not load dynamic library 'libnvinfer.so.6'; dlerror: libnvinfer.so.6: cannot open shared object file: No such file or directory; LD_LIBRARY_PATH: /sw/arcts/centos7/python3.6-anaconda/5.2.0/lib:/opt/slurm/lib64::
2020-05-21 16:32:43.965142: W tensorflow/stream_executor/platform/default/dso_loader.cc:55] Could not load dynamic library 'libnvinfer_plugin.so.6'; dlerror: libnvinfer_plugin.so.6: cannot open shared object file: No such file or directory; LD_LIBRARY_PATH: /sw/arcts/centos7/python3.6-anaconda/5.2.0/lib:/opt/slurm/lib64::
2020-05-21 16:32:43.965159: W tensorflow/compiler/tf2tensorrt/utils/py_utils.cc:30] Cannot dlopen some TensorRT libraries. If you would like to use Nvidia GPU with TensorRT, please make sure the missing libraries mentioned above are installed properly.
2020-05-21 16:32:53.809596: W tensorflow/stream_executor/platform/default/dso_loader.cc:55] Could not load dynamic library 'libcuda.so.1'; dlerror: libcuda.so.1: cannot open shared object file: No such file or directory; LD_LIBRARY_PATH: /sw/arcts/centos7/python3.6-anaconda/5.2.0/lib:/opt/slurm/lib64::
2020-05-21 16:32:53.809890: E tensorflow/stream_executor/cuda/cuda_driver.cc:351] failed call to cuInit: UNKNOWN ERROR (303)
2020-05-21 16:32:53.809912: I tensorflow/stream_executor/cuda/cuda_diagnostics.cc:156] kernel driver does not appear to be running on this host (gl3099.arc-ts.umich.edu): /proc/driver/nvidia/version does not exist
2020-05-21 16:32:53.810254: I tensorflow/core/platform/cpu_feature_guard.cc:142] Your CPU supports instructions that this TensorFlow binary was not compiled to use: AVX2 AVX512F FMA
2020-05-21 16:32:53.816682: I tensorflow/core/platform/profile_utils/cpu_utils.cc:94] CPU Frequency: 3000000000 Hz
2020-05-21 16:32:53.816779: I tensorflow/compiler/xla/service/service.cc:168] XLA service 0x5557c31cb0d0 initialized for platform Host (this does not guarantee that XLA will be used). Devices:
2020-05-21 16:32:53.816789: I tensorflow/compiler/xla/service/service.cc:176]   StreamExecutor device (0): Host, Default Version
/sw/arcts/centos7/python3.6-anaconda/5.2.0/lib/python3.6/site-packages/h5py/__init__.py:36: FutureWarning: Conversion of the second argument of issubdtype from `float` to `np.floating` is deprecated. In future, it will be treated as `np.float64 == np.dtype(float).type`.
  from ._conv import register_converters as _register_converters
WARNING:tensorflow:From /home/smaity/.local/lib/python3.6/site-packages/tensorflow_core/python/ops/array_grad.py:563: _EagerTensorBase.cpu (from tensorflow.python.framework.ops) is deprecated and will be removed in a future version.
Instructions for updating:
Use tf.identity instead.
2020-05-21 16:59:48.511035: W tensorflow/python/util/util.cc:319] Sets are not currently considered sequences, but this may change in the future, so consider avoiding using them.
WARNING:tensorflow:From /home/smaity/.local/lib/python3.6/site-packages/tensorflow_core/python/ops/resource_variable_ops.py:1786: calling BaseResourceVariable.__init__ (from tensorflow.python.ops.resource_variable_ops) with constraint is deprecated and will be removed in a future version.
Instructions for updating:
If using Keras pass *_constraint arguments to layers.
Test accuracy for step 250: 0.616804838180542

Test GAP RMS for gender and step 250: 0.12923236191272736

Test GAP RMS for race and step 250: 0.013898316770792007

Test balanced accuracy for step 250: 0.4692004919052124


Test accuracy for step 500: 0.7932559251785278

Test GAP RMS for gender and step 500: 0.10729492455720901

Test GAP RMS for race and step 500: 0.02551785111427307

Test balanced accuracy for step 500: 0.5819064378738403


Test accuracy for step 750: 0.8015478253364563

Test GAP RMS for gender and step 750: 0.06974732875823975

Test GAP RMS for race and step 750: 0.019913846626877785

Test balanced accuracy for step 750: 0.5966445207595825


Test accuracy for step 1000: 0.7973465919494629

Test GAP RMS for gender and step 1000: 0.02851932868361473

Test GAP RMS for race and step 1000: 0.016011985018849373

Test balanced accuracy for step 1000: 0.5855347514152527


Test accuracy for step 1250: 0.796241044998169

Test GAP RMS for gender and step 1250: 0.009883181191980839

Test GAP RMS for race and step 1250: 0.010701615363359451

Test balanced accuracy for step 1250: 0.5824892520904541


Test accuracy for step 1500: 0.7950248718261719

Test GAP RMS for gender and step 1500: 0.005334431305527687

Test GAP RMS for race and step 1500: 0.010287134908139706

Test balanced accuracy for step 1500: 0.5798338055610657


Test accuracy for step 1750: 0.796241044998169

Test GAP RMS for gender and step 1750: 0.011286651715636253

Test GAP RMS for race and step 1750: 0.009671101346611977

Test balanced accuracy for step 1750: 0.5820262432098389


Test accuracy for step 2000: 0.7982310652732849

Test GAP RMS for gender and step 2000: 0.010997025296092033

Test GAP RMS for race and step 2000: 0.012927780859172344

Test balanced accuracy for step 2000: 0.5864276885986328


Test accuracy for step 2250: 0.7983416318893433

Test GAP RMS for gender and step 2250: 0.0047174557112157345

Test GAP RMS for race and step 2250: 0.01437301840633154

Test balanced accuracy for step 2250: 0.5871181488037109


Test accuracy for step 2500: 0.8030956387519836

Test GAP RMS for gender and step 2500: 0.019027745351195335

Test GAP RMS for race and step 2500: 0.027544867247343063

Test balanced accuracy for step 2500: 0.5993647575378418


Test accuracy for step 2750: 0.8106135725975037

Test GAP RMS for gender and step 2750: 0.021790245547890663

Test GAP RMS for race and step 2750: 0.024909157305955887

Test balanced accuracy for step 2750: 0.6182218194007874


Test accuracy for step 3000: 0.813045859336853

Test GAP RMS for gender and step 3000: 0.01821289025247097

Test GAP RMS for race and step 3000: 0.022283799946308136

Test balanced accuracy for step 3000: 0.6236870884895325


Test accuracy for step 3250: 0.8181315660476685

Test GAP RMS for gender and step 3250: 0.013813694007694721

Test GAP RMS for race and step 3250: 0.008017727173864841

Test balanced accuracy for step 3250: 0.6358441710472107


Test accuracy for step 3500: 0.8232172727584839

Test GAP RMS for gender and step 3500: 0.02004830352962017

Test GAP RMS for race and step 3500: 0.008087366819381714

Test balanced accuracy for step 3500: 0.6492359042167664


Test accuracy for step 3750: 0.8254284262657166

Test GAP RMS for gender and step 3750: 0.006181126460433006

Test GAP RMS for race and step 3750: 0.01660563051700592

Test balanced accuracy for step 3750: 0.6553268432617188


Test accuracy for step 4000: 0.8245439529418945

Test GAP RMS for gender and step 4000: 0.007659805938601494

Test GAP RMS for race and step 4000: 0.013178249821066856

Test balanced accuracy for step 4000: 0.6528904438018799


Test accuracy for step 4250: 0.8271973729133606

Test GAP RMS for gender and step 4250: 0.008442724123597145

Test GAP RMS for race and step 4250: 0.013371864333748817

Test balanced accuracy for step 4250: 0.6597365736961365


Test accuracy for step 4500: 0.8266445398330688

Test GAP RMS for gender and step 4500: 0.010211779735982418

Test GAP RMS for race and step 4500: 0.005032011773437262

Test balanced accuracy for step 4500: 0.6584453582763672


Test accuracy for step 4750: 0.8338308334350586

Test GAP RMS for gender and step 4750: 0.011118716560304165

Test GAP RMS for race and step 4750: 0.013602367602288723

Test balanced accuracy for step 4750: 0.6773920059204102


Test accuracy for step 5000: 0.8317302465438843

Test GAP RMS for gender and step 5000: 0.011876553297042847

Test GAP RMS for race and step 5000: 0.01705997809767723

Test balanced accuracy for step 5000: 0.6710654497146606


Test accuracy for step 5250: 0.8315091133117676

Test GAP RMS for gender and step 5250: 0.007884016260504723

Test GAP RMS for race and step 5250: 0.019803306087851524

Test balanced accuracy for step 5250: 0.669684648513794


Test accuracy for step 5500: 0.8327252864837646

Test GAP RMS for gender and step 5500: 0.009277810342609882

Test GAP RMS for race and step 5500: 0.017165694385766983

Test balanced accuracy for step 5500: 0.6732661724090576


Test accuracy for step 5750: 0.835710346698761

Test GAP RMS for gender and step 5750: 0.010913473553955555

Test GAP RMS for race and step 5750: 0.013472512364387512

Test balanced accuracy for step 5750: 0.6818747520446777


Test accuracy for step 6000: 0.8346047401428223

Test GAP RMS for gender and step 6000: 0.01059779617935419

Test GAP RMS for race and step 6000: 0.012299315072596073

Test balanced accuracy for step 6000: 0.6800640225410461


Test accuracy for step 6250: 0.8323935866355896

Test GAP RMS for gender and step 6250: 0.01017801184207201

Test GAP RMS for race and step 6250: 0.01809142529964447

Test balanced accuracy for step 6250: 0.6727383732795715


Test accuracy for step 6500: 0.8334991931915283

Test GAP RMS for gender and step 6500: 0.012166330590844154

Test GAP RMS for race and step 6500: 0.01622549444437027

Test balanced accuracy for step 6500: 0.6757838129997253


Test accuracy for step 6750: 0.8305140733718872

Test GAP RMS for gender and step 6750: 0.010134698823094368

Test GAP RMS for race and step 6750: 0.02250835672020912

Test balanced accuracy for step 6750: 0.6676382422447205


Test accuracy for step 7000: 0.8339414000511169

Test GAP RMS for gender and step 7000: 0.012393628247082233

Test GAP RMS for race and step 7000: 0.024731462821364403

Test balanced accuracy for step 7000: 0.6756129264831543


Test accuracy for step 7250: 0.8277501463890076

Test GAP RMS for gender and step 7250: 0.01076981145888567

Test GAP RMS for race and step 7250: 0.017460841685533524

Test balanced accuracy for step 7250: 0.6597930788993835


Test accuracy for step 7500: 0.8250967264175415

Test GAP RMS for gender and step 7500: 0.008079871535301208

Test GAP RMS for race and step 7500: 0.009935669600963593

Test balanced accuracy for step 7500: 0.652946949005127


Test accuracy for step 7750: 0.8275290131568909

Test GAP RMS for gender and step 7750: 0.006539992988109589

Test GAP RMS for race and step 7750: 0.017201069742441177

Test balanced accuracy for step 7750: 0.6596469879150391


{'epsilon': 0.1, 'lr': 0.0001, 'wlr': 1e-05, 'w_reg': 30.0}
Final test accuracy: 0.8254284262657166
Final test GAP RMS for gender: 0.018241962417960167
Final test GAP RMS for race: 0.008536187931895256
Final test balanced accuracy: 0.6536291241645813


