2020-05-21 16:32:43.847490: W tensorflow/stream_executor/platform/default/dso_loader.cc:55] Could not load dynamic library 'libnvinfer.so.6'; dlerror: libnvinfer.so.6: cannot open shared object file: No such file or directory; LD_LIBRARY_PATH: /sw/arcts/centos7/python3.6-anaconda/5.2.0/lib:/opt/slurm/lib64::
2020-05-21 16:32:43.848058: W tensorflow/stream_executor/platform/default/dso_loader.cc:55] Could not load dynamic library 'libnvinfer_plugin.so.6'; dlerror: libnvinfer_plugin.so.6: cannot open shared object file: No such file or directory; LD_LIBRARY_PATH: /sw/arcts/centos7/python3.6-anaconda/5.2.0/lib:/opt/slurm/lib64::
2020-05-21 16:32:43.848069: W tensorflow/compiler/tf2tensorrt/utils/py_utils.cc:30] Cannot dlopen some TensorRT libraries. If you would like to use Nvidia GPU with TensorRT, please make sure the missing libraries mentioned above are installed properly.
2020-05-21 16:32:48.764098: W tensorflow/stream_executor/platform/default/dso_loader.cc:55] Could not load dynamic library 'libcuda.so.1'; dlerror: libcuda.so.1: cannot open shared object file: No such file or directory; LD_LIBRARY_PATH: /sw/arcts/centos7/python3.6-anaconda/5.2.0/lib:/opt/slurm/lib64::
2020-05-21 16:32:48.764265: E tensorflow/stream_executor/cuda/cuda_driver.cc:351] failed call to cuInit: UNKNOWN ERROR (303)
2020-05-21 16:32:48.764293: I tensorflow/stream_executor/cuda/cuda_diagnostics.cc:156] kernel driver does not appear to be running on this host (gl3104.arc-ts.umich.edu): /proc/driver/nvidia/version does not exist
2020-05-21 16:32:48.764682: I tensorflow/core/platform/cpu_feature_guard.cc:142] Your CPU supports instructions that this TensorFlow binary was not compiled to use: AVX2 AVX512F FMA
2020-05-21 16:32:48.771465: I tensorflow/core/platform/profile_utils/cpu_utils.cc:94] CPU Frequency: 3000000000 Hz
2020-05-21 16:32:48.771558: I tensorflow/compiler/xla/service/service.cc:168] XLA service 0x5648533fe210 initialized for platform Host (this does not guarantee that XLA will be used). Devices:
2020-05-21 16:32:48.771568: I tensorflow/compiler/xla/service/service.cc:176]   StreamExecutor device (0): Host, Default Version
/sw/arcts/centos7/python3.6-anaconda/5.2.0/lib/python3.6/site-packages/h5py/__init__.py:36: FutureWarning: Conversion of the second argument of issubdtype from `float` to `np.floating` is deprecated. In future, it will be treated as `np.float64 == np.dtype(float).type`.
  from ._conv import register_converters as _register_converters
WARNING:tensorflow:From /home/smaity/.local/lib/python3.6/site-packages/tensorflow_core/python/ops/array_grad.py:563: _EagerTensorBase.cpu (from tensorflow.python.framework.ops) is deprecated and will be removed in a future version.
Instructions for updating:
Use tf.identity instead.
2020-05-21 16:59:15.928740: W tensorflow/python/util/util.cc:319] Sets are not currently considered sequences, but this may change in the future, so consider avoiding using them.
WARNING:tensorflow:From /home/smaity/.local/lib/python3.6/site-packages/tensorflow_core/python/ops/resource_variable_ops.py:1786: calling BaseResourceVariable.__init__ (from tensorflow.python.ops.resource_variable_ops) with constraint is deprecated and will be removed in a future version.
Instructions for updating:
If using Keras pass *_constraint arguments to layers.
Test accuracy for step 250: 0.6191266179084778

Test GAP RMS for gender and step 250: 0.12737080454826355

Test GAP RMS for race and step 250: 0.013214298523962498

Test balanced accuracy for step 250: 0.47582748532295227


Test accuracy for step 500: 0.8288556933403015

Test GAP RMS for gender and step 500: 0.3799247145652771

Test GAP RMS for race and step 500: 0.09347112476825714

Test balanced accuracy for step 500: 0.7671728730201721


Test accuracy for step 750: 0.8350470066070557

Test GAP RMS for gender and step 750: 0.3193402588367462

Test GAP RMS for race and step 750: 0.08837960660457611

Test balanced accuracy for step 750: 0.7812950015068054


Test accuracy for step 1000: 0.8422333002090454

Test GAP RMS for gender and step 1000: 0.2830236852169037

Test GAP RMS for race and step 1000: 0.08984632790088654

Test balanced accuracy for step 1000: 0.7790969610214233


Test accuracy for step 1250: 0.844997227191925

Test GAP RMS for gender and step 1250: 0.27351510524749756

Test GAP RMS for race and step 1250: 0.08794102817773819

Test balanced accuracy for step 1250: 0.7816945314407349


Test accuracy for step 1500: 0.8457711338996887

Test GAP RMS for gender and step 1500: 0.2609662413597107

Test GAP RMS for race and step 1500: 0.0911402478814125

Test balanced accuracy for step 1500: 0.7868360280990601


Test accuracy for step 1750: 0.844997227191925

Test GAP RMS for gender and step 1750: 0.26605871319770813

Test GAP RMS for race and step 1750: 0.08354736864566803

Test balanced accuracy for step 1750: 0.7870965003967285


Test accuracy for step 2000: 0.8452183604240417

Test GAP RMS for gender and step 2000: 0.26667556166648865

Test GAP RMS for race and step 2000: 0.08234638720750809

Test balanced accuracy for step 2000: 0.7866251468658447


Test accuracy for step 2250: 0.8462134003639221

Test GAP RMS for gender and step 2250: 0.26256391406059265

Test GAP RMS for race and step 2250: 0.0749584436416626

Test balanced accuracy for step 2250: 0.7823436260223389


Test accuracy for step 2500: 0.8469873070716858

Test GAP RMS for gender and step 2500: 0.2548217475414276

Test GAP RMS for race and step 2500: 0.07155103981494904

Test balanced accuracy for step 2500: 0.7847069501876831


Test accuracy for step 2750: 0.843228280544281

Test GAP RMS for gender and step 2750: 0.2717439532279968

Test GAP RMS for race and step 2750: 0.0703963115811348

Test balanced accuracy for step 2750: 0.7859278917312622


Test accuracy for step 3000: 0.8431177735328674

Test GAP RMS for gender and step 3000: 0.27724599838256836

Test GAP RMS for race and step 3000: 0.06968310475349426

Test balanced accuracy for step 3000: 0.7887873649597168


Test accuracy for step 3250: 0.8451077938079834

Test GAP RMS for gender and step 3250: 0.268781453371048

Test GAP RMS for race and step 3250: 0.06716296821832657

Test balanced accuracy for step 3250: 0.7891759872436523


Test accuracy for step 3500: 0.8457711338996887

Test GAP RMS for gender and step 3500: 0.2599751651287079

Test GAP RMS for race and step 3500: 0.06968966871500015

Test balanced accuracy for step 3500: 0.789151132106781


Test accuracy for step 3750: 0.8416804671287537

Test GAP RMS for gender and step 3750: 0.27004706859588623

Test GAP RMS for race and step 3750: 0.06351533532142639

Test balanced accuracy for step 3750: 0.7927768230438232


Test accuracy for step 4000: 0.8419016003608704

Test GAP RMS for gender and step 4000: 0.2791024148464203

Test GAP RMS for race and step 4000: 0.06362341344356537

Test balanced accuracy for step 4000: 0.7910707592964172


Test accuracy for step 4250: 0.8405749201774597

Test GAP RMS for gender and step 4250: 0.2799510657787323

Test GAP RMS for race and step 4250: 0.061252109706401825

Test balanced accuracy for step 4250: 0.7901943325996399


Test accuracy for step 4500: 0.8443338871002197

Test GAP RMS for gender and step 4500: 0.2601090669631958

Test GAP RMS for race and step 4500: 0.05651921406388283

Test balanced accuracy for step 4500: 0.7843431234359741


Test accuracy for step 4750: 0.8407959938049316

Test GAP RMS for gender and step 4750: 0.2707330882549286

Test GAP RMS for race and step 4750: 0.0640123188495636

Test balanced accuracy for step 4750: 0.7914208173751831


Test accuracy for step 5000: 0.8405749201774597

Test GAP RMS for gender and step 5000: 0.2759876251220703

Test GAP RMS for race and step 5000: 0.06452180445194244

Test balanced accuracy for step 5000: 0.7914290428161621


Test accuracy for step 5250: 0.8402432203292847

Test GAP RMS for gender and step 5250: 0.2778830826282501

Test GAP RMS for race and step 5250: 0.06656700372695923

Test balanced accuracy for step 5250: 0.7935250997543335


Test accuracy for step 5500: 0.8414593935012817

Test GAP RMS for gender and step 5500: 0.2587290108203888

Test GAP RMS for race and step 5500: 0.0640893280506134

Test balanced accuracy for step 5500: 0.793865442276001


Test accuracy for step 5750: 0.8413488268852234

Test GAP RMS for gender and step 5750: 0.25862348079681396

Test GAP RMS for race and step 5750: 0.06283161789178848

Test balanced accuracy for step 5750: 0.7971879243850708


Test accuracy for step 6000: 0.83714759349823

Test GAP RMS for gender and step 6000: 0.2704867422580719

Test GAP RMS for race and step 6000: 0.06829993426799774

Test balanced accuracy for step 6000: 0.8004318475723267


Test accuracy for step 6250: 0.8378109335899353

Test GAP RMS for gender and step 6250: 0.2690102458000183

Test GAP RMS for race and step 6250: 0.06990081071853638

Test balanced accuracy for step 6250: 0.7985549569129944


Test accuracy for step 6500: 0.838032066822052

Test GAP RMS for gender and step 6500: 0.26820799708366394

Test GAP RMS for race and step 6500: 0.06801263242959976

Test balanced accuracy for step 6500: 0.7987010478973389


Test accuracy for step 6750: 0.8399115800857544

Test GAP RMS for gender and step 6750: 0.2598397135734558

Test GAP RMS for race and step 6750: 0.06631408631801605

Test balanced accuracy for step 6750: 0.7973188161849976


Test accuracy for step 7000: 0.8375898003578186

Test GAP RMS for gender and step 7000: 0.262509286403656

Test GAP RMS for race and step 7000: 0.07098215818405151

Test balanced accuracy for step 7000: 0.8033478260040283


Test accuracy for step 7250: 0.8373687267303467

Test GAP RMS for gender and step 7250: 0.26190564036369324

Test GAP RMS for race and step 7250: 0.0653846263885498

Test balanced accuracy for step 7250: 0.8018126487731934


Test accuracy for step 7500: 0.834825873374939

Test GAP RMS for gender and step 7500: 0.2812158763408661

Test GAP RMS for race and step 7500: 0.06342256814241409

Test balanced accuracy for step 7500: 0.8052260875701904


Test accuracy for step 7750: 0.8336097002029419

Test GAP RMS for gender and step 7750: 0.26503169536590576

Test GAP RMS for race and step 7750: 0.06510280817747116

Test balanced accuracy for step 7750: 0.8053487539291382


{'epsilon': 1e-05, 'lr': 0.0001, 'wlr': 1e-06, 'w_reg': 60.0}
Final test accuracy: 0.8352680802345276
Final test GAP RMS for gender: 0.2615075409412384
Final test GAP RMS for race: 0.06567668169736862
Final test balanced accuracy: 0.8044378757476807


