2020-05-21 16:32:43.964388: W tensorflow/stream_executor/platform/default/dso_loader.cc:55] Could not load dynamic library 'libnvinfer.so.6'; dlerror: libnvinfer.so.6: cannot open shared object file: No such file or directory; LD_LIBRARY_PATH: /sw/arcts/centos7/python3.6-anaconda/5.2.0/lib:/opt/slurm/lib64::
2020-05-21 16:32:43.965140: W tensorflow/stream_executor/platform/default/dso_loader.cc:55] Could not load dynamic library 'libnvinfer_plugin.so.6'; dlerror: libnvinfer_plugin.so.6: cannot open shared object file: No such file or directory; LD_LIBRARY_PATH: /sw/arcts/centos7/python3.6-anaconda/5.2.0/lib:/opt/slurm/lib64::
2020-05-21 16:32:43.965161: W tensorflow/compiler/tf2tensorrt/utils/py_utils.cc:30] Cannot dlopen some TensorRT libraries. If you would like to use Nvidia GPU with TensorRT, please make sure the missing libraries mentioned above are installed properly.
2020-05-21 16:32:53.794571: W tensorflow/stream_executor/platform/default/dso_loader.cc:55] Could not load dynamic library 'libcuda.so.1'; dlerror: libcuda.so.1: cannot open shared object file: No such file or directory; LD_LIBRARY_PATH: /sw/arcts/centos7/python3.6-anaconda/5.2.0/lib:/opt/slurm/lib64::
2020-05-21 16:32:53.794831: E tensorflow/stream_executor/cuda/cuda_driver.cc:351] failed call to cuInit: UNKNOWN ERROR (303)
2020-05-21 16:32:53.794855: I tensorflow/stream_executor/cuda/cuda_diagnostics.cc:156] kernel driver does not appear to be running on this host (gl3099.arc-ts.umich.edu): /proc/driver/nvidia/version does not exist
2020-05-21 16:32:53.795184: I tensorflow/core/platform/cpu_feature_guard.cc:142] Your CPU supports instructions that this TensorFlow binary was not compiled to use: AVX2 AVX512F FMA
2020-05-21 16:32:53.801645: I tensorflow/core/platform/profile_utils/cpu_utils.cc:94] CPU Frequency: 3000000000 Hz
2020-05-21 16:32:53.801737: I tensorflow/compiler/xla/service/service.cc:168] XLA service 0x563a1b928520 initialized for platform Host (this does not guarantee that XLA will be used). Devices:
2020-05-21 16:32:53.801748: I tensorflow/compiler/xla/service/service.cc:176]   StreamExecutor device (0): Host, Default Version
/sw/arcts/centos7/python3.6-anaconda/5.2.0/lib/python3.6/site-packages/h5py/__init__.py:36: FutureWarning: Conversion of the second argument of issubdtype from `float` to `np.floating` is deprecated. In future, it will be treated as `np.float64 == np.dtype(float).type`.
  from ._conv import register_converters as _register_converters
WARNING:tensorflow:From /home/smaity/.local/lib/python3.6/site-packages/tensorflow_core/python/ops/array_grad.py:563: _EagerTensorBase.cpu (from tensorflow.python.framework.ops) is deprecated and will be removed in a future version.
Instructions for updating:
Use tf.identity instead.
2020-05-21 16:59:34.422192: W tensorflow/python/util/util.cc:319] Sets are not currently considered sequences, but this may change in the future, so consider avoiding using them.
WARNING:tensorflow:From /home/smaity/.local/lib/python3.6/site-packages/tensorflow_core/python/ops/resource_variable_ops.py:1786: calling BaseResourceVariable.__init__ (from tensorflow.python.ops.resource_variable_ops) with constraint is deprecated and will be removed in a future version.
Instructions for updating:
If using Keras pass *_constraint arguments to layers.
Test accuracy for step 250: 0.6190160512924194

Test GAP RMS for gender and step 250: 0.1281978338956833

Test GAP RMS for race and step 250: 0.014810617081820965

Test balanced accuracy for step 250: 0.47884124517440796


Test accuracy for step 500: 0.8257600665092468

Test GAP RMS for gender and step 500: 0.33070725202560425

Test GAP RMS for race and step 500: 0.08376520127058029

Test balanced accuracy for step 500: 0.788433313369751


Test accuracy for step 750: 0.837479293346405

Test GAP RMS for gender and step 750: 0.22668536007404327

Test GAP RMS for race and step 750: 0.07618577778339386

Test balanced accuracy for step 750: 0.7994162440299988


Test accuracy for step 1000: 0.8457711338996887

Test GAP RMS for gender and step 1000: 0.18538960814476013

Test GAP RMS for race and step 1000: 0.08402721583843231

Test balanced accuracy for step 1000: 0.7945530414581299


Test accuracy for step 1250: 0.8472083806991577

Test GAP RMS for gender and step 1250: 0.17014072835445404

Test GAP RMS for race and step 1250: 0.07884024828672409

Test balanced accuracy for step 1250: 0.7934961318969727


Test accuracy for step 1500: 0.8470978736877441

Test GAP RMS for gender and step 1500: 0.15722008049488068

Test GAP RMS for race and step 1500: 0.0792519599199295

Test balanced accuracy for step 1500: 0.7937317490577698


Test accuracy for step 1750: 0.8472083806991577

Test GAP RMS for gender and step 1750: 0.15979167819023132

Test GAP RMS for race and step 1750: 0.07088035345077515

Test balanced accuracy for step 1750: 0.7927243709564209


Test accuracy for step 2000: 0.8465450406074524

Test GAP RMS for gender and step 2000: 0.16182328760623932

Test GAP RMS for race and step 2000: 0.07858557999134064

Test balanced accuracy for step 2000: 0.7885819673538208


Test accuracy for step 2250: 0.8497512340545654

Test GAP RMS for gender and step 2250: 0.15881989896297455

Test GAP RMS for race and step 2250: 0.06333467364311218

Test balanced accuracy for step 2250: 0.7823656797409058


Test accuracy for step 2500: 0.8509674072265625

Test GAP RMS for gender and step 2500: 0.13970331847667694

Test GAP RMS for race and step 2500: 0.06380181759595871

Test balanced accuracy for step 2500: 0.782243013381958


Test accuracy for step 2750: 0.8512990474700928

Test GAP RMS for gender and step 2750: 0.1403675377368927

Test GAP RMS for race and step 2750: 0.0657431036233902

Test balanced accuracy for step 2750: 0.7864749431610107


Test accuracy for step 3000: 0.8518518805503845

Test GAP RMS for gender and step 3000: 0.1433274745941162

Test GAP RMS for race and step 3000: 0.05896303802728653

Test balanced accuracy for step 3000: 0.779123067855835


Test accuracy for step 3250: 0.8520729541778564

Test GAP RMS for gender and step 3250: 0.133528932929039

Test GAP RMS for race and step 3250: 0.051322706043720245

Test balanced accuracy for step 3250: 0.7738672494888306


Test accuracy for step 3500: 0.8519623875617981

Test GAP RMS for gender and step 3500: 0.11148464679718018

Test GAP RMS for race and step 3500: 0.048736657947301865

Test balanced accuracy for step 3500: 0.771479070186615


Test accuracy for step 3750: 0.8530679941177368

Test GAP RMS for gender and step 3750: 0.10658920556306839

Test GAP RMS for race and step 3750: 0.053988516330718994

Test balanced accuracy for step 3750: 0.7748332023620605


Test accuracy for step 4000: 0.8520729541778564

Test GAP RMS for gender and step 4000: 0.12141701579093933

Test GAP RMS for race and step 4000: 0.03891730681061745

Test balanced accuracy for step 4000: 0.7613656520843506


Test accuracy for step 4250: 0.8512990474700928

Test GAP RMS for gender and step 4250: 0.11840171366930008

Test GAP RMS for race and step 4250: 0.04001106321811676

Test balanced accuracy for step 4250: 0.7613173723220825


Test accuracy for step 4500: 0.8525152206420898

Test GAP RMS for gender and step 4500: 0.09857720136642456

Test GAP RMS for race and step 4500: 0.038216352462768555

Test balanced accuracy for step 4500: 0.7513169050216675


Test accuracy for step 4750: 0.8537313342094421

Test GAP RMS for gender and step 4750: 0.09447810798883438

Test GAP RMS for race and step 4750: 0.03570341318845749

Test balanced accuracy for step 4750: 0.7604547142982483


Test accuracy for step 5000: 0.8524046540260315

Test GAP RMS for gender and step 5000: 0.09969200938940048

Test GAP RMS for race and step 5000: 0.0365842804312706

Test balanced accuracy for step 5000: 0.7517069578170776


Test accuracy for step 5250: 0.8506357073783875

Test GAP RMS for gender and step 5250: 0.10137082636356354

Test GAP RMS for race and step 5250: 0.03606995567679405

Test balanced accuracy for step 5250: 0.7471428513526917


Test accuracy for step 5500: 0.8499723672866821

Test GAP RMS for gender and step 5500: 0.08936569094657898

Test GAP RMS for race and step 5500: 0.02970975637435913

Test balanced accuracy for step 5500: 0.7437721490859985


Test accuracy for step 5750: 0.8507462739944458

Test GAP RMS for gender and step 5750: 0.07500721514225006

Test GAP RMS for race and step 5750: 0.03230365365743637

Test balanced accuracy for step 5750: 0.7458268404006958


Test accuracy for step 6000: 0.8514096140861511

Test GAP RMS for gender and step 6000: 0.08636181801557541

Test GAP RMS for race and step 6000: 0.037052806466817856

Test balanced accuracy for step 6000: 0.7482714653015137


Test accuracy for step 6250: 0.8498618006706238

Test GAP RMS for gender and step 6250: 0.09276614338159561

Test GAP RMS for race and step 6250: 0.031043406575918198

Test balanced accuracy for step 6250: 0.7413840293884277


Test accuracy for step 6500: 0.8490878939628601

Test GAP RMS for gender and step 6500: 0.08478323370218277

Test GAP RMS for race and step 6500: 0.025723012164235115

Test balanced accuracy for step 6500: 0.7385576963424683


Test accuracy for step 6750: 0.8488667607307434

Test GAP RMS for gender and step 6750: 0.06747563183307648

Test GAP RMS for race and step 6750: 0.023898135870695114

Test balanced accuracy for step 6750: 0.7316206097602844


Test accuracy for step 7000: 0.8507462739944458

Test GAP RMS for gender and step 7000: 0.0732298344373703

Test GAP RMS for race and step 7000: 0.023175576701760292

Test balanced accuracy for step 7000: 0.7374924421310425


Test accuracy for step 7250: 0.8474295139312744

Test GAP RMS for gender and step 7250: 0.06742255389690399

Test GAP RMS for race and step 7250: 0.016125522553920746

Test balanced accuracy for step 7250: 0.7268126010894775


Test accuracy for step 7500: 0.8480928540229797

Test GAP RMS for gender and step 7500: 0.08231896162033081

Test GAP RMS for race and step 7500: 0.014113035053014755

Test balanced accuracy for step 7500: 0.7274051904678345


Test accuracy for step 7750: 0.8484245538711548

Test GAP RMS for gender and step 7750: 0.06934644281864166

Test GAP RMS for race and step 7750: 0.02308480441570282

Test balanced accuracy for step 7750: 0.729322075843811


{'epsilon': 0.1, 'lr': 0.0001, 'wlr': 1e-06, 'w_reg': 20.0}
Final test accuracy: 0.8474295139312744
Final test GAP RMS for gender: 0.06474494934082031
Final test GAP RMS for race: 0.023237131536006927
Final test balanced accuracy: 0.7257322072982788


