2020-05-21 16:32:39.224043: W tensorflow/stream_executor/platform/default/dso_loader.cc:55] Could not load dynamic library 'libnvinfer.so.6'; dlerror: libnvinfer.so.6: cannot open shared object file: No such file or directory; LD_LIBRARY_PATH: /sw/arcts/centos7/python3.6-anaconda/5.2.0/lib:/opt/slurm/lib64::
2020-05-21 16:32:39.224532: W tensorflow/stream_executor/platform/default/dso_loader.cc:55] Could not load dynamic library 'libnvinfer_plugin.so.6'; dlerror: libnvinfer_plugin.so.6: cannot open shared object file: No such file or directory; LD_LIBRARY_PATH: /sw/arcts/centos7/python3.6-anaconda/5.2.0/lib:/opt/slurm/lib64::
2020-05-21 16:32:39.224542: W tensorflow/compiler/tf2tensorrt/utils/py_utils.cc:30] Cannot dlopen some TensorRT libraries. If you would like to use Nvidia GPU with TensorRT, please make sure the missing libraries mentioned above are installed properly.
2020-05-21 16:32:46.024632: W tensorflow/stream_executor/platform/default/dso_loader.cc:55] Could not load dynamic library 'libcuda.so.1'; dlerror: libcuda.so.1: cannot open shared object file: No such file or directory; LD_LIBRARY_PATH: /sw/arcts/centos7/python3.6-anaconda/5.2.0/lib:/opt/slurm/lib64::
2020-05-21 16:32:46.024790: E tensorflow/stream_executor/cuda/cuda_driver.cc:351] failed call to cuInit: UNKNOWN ERROR (303)
2020-05-21 16:32:46.025342: I tensorflow/stream_executor/cuda/cuda_diagnostics.cc:156] kernel driver does not appear to be running on this host (gl3149.arc-ts.umich.edu): /proc/driver/nvidia/version does not exist
2020-05-21 16:32:46.025656: I tensorflow/core/platform/cpu_feature_guard.cc:142] Your CPU supports instructions that this TensorFlow binary was not compiled to use: AVX2 AVX512F FMA
2020-05-21 16:32:46.032470: I tensorflow/core/platform/profile_utils/cpu_utils.cc:94] CPU Frequency: 3000000000 Hz
2020-05-21 16:32:46.032553: I tensorflow/compiler/xla/service/service.cc:168] XLA service 0x561ba2c07240 initialized for platform Host (this does not guarantee that XLA will be used). Devices:
2020-05-21 16:32:46.032563: I tensorflow/compiler/xla/service/service.cc:176]   StreamExecutor device (0): Host, Default Version
/sw/arcts/centos7/python3.6-anaconda/5.2.0/lib/python3.6/site-packages/h5py/__init__.py:36: FutureWarning: Conversion of the second argument of issubdtype from `float` to `np.floating` is deprecated. In future, it will be treated as `np.float64 == np.dtype(float).type`.
  from ._conv import register_converters as _register_converters
WARNING:tensorflow:From /home/smaity/.local/lib/python3.6/site-packages/tensorflow_core/python/ops/array_grad.py:563: _EagerTensorBase.cpu (from tensorflow.python.framework.ops) is deprecated and will be removed in a future version.
Instructions for updating:
Use tf.identity instead.
2020-05-21 16:59:11.282380: W tensorflow/python/util/util.cc:319] Sets are not currently considered sequences, but this may change in the future, so consider avoiding using them.
WARNING:tensorflow:From /home/smaity/.local/lib/python3.6/site-packages/tensorflow_core/python/ops/resource_variable_ops.py:1786: calling BaseResourceVariable.__init__ (from tensorflow.python.ops.resource_variable_ops) with constraint is deprecated and will be removed in a future version.
Instructions for updating:
If using Keras pass *_constraint arguments to layers.
Test accuracy for step 250: 0.617136538028717

Test GAP RMS for gender and step 250: 0.12810871005058289

Test GAP RMS for race and step 250: 0.0175144262611866

Test balanced accuracy for step 250: 0.48377329111099243


Test accuracy for step 500: 0.8007739186286926

Test GAP RMS for gender and step 500: 0.23899221420288086

Test GAP RMS for race and step 500: 0.07521653175354004

Test balanced accuracy for step 500: 0.8105125427246094


Test accuracy for step 750: 0.807296872138977

Test GAP RMS for gender and step 750: 0.15667788684368134

Test GAP RMS for race and step 750: 0.060156844556331635

Test balanced accuracy for step 750: 0.8214582204818726


Test accuracy for step 1000: 0.8171365261077881

Test GAP RMS for gender and step 1000: 0.12672542035579681

Test GAP RMS for race and step 1000: 0.053778838366270065

Test balanced accuracy for step 1000: 0.8213217258453369


Test accuracy for step 1250: 0.8168048858642578

Test GAP RMS for gender and step 1250: 0.11618419736623764

Test GAP RMS for race and step 1250: 0.060390304774045944

Test balanced accuracy for step 1250: 0.8212569952011108


Test accuracy for step 1500: 0.815367579460144

Test GAP RMS for gender and step 1500: 0.10705063492059708

Test GAP RMS for race and step 1500: 0.05876253917813301

Test balanced accuracy for step 1500: 0.8221596479415894


Test accuracy for step 1750: 0.8143725991249084

Test GAP RMS for gender and step 1750: 0.11352040618658066

Test GAP RMS for race and step 1750: 0.05602457374334335

Test balanced accuracy for step 1750: 0.822891354560852


Test accuracy for step 2000: 0.8151465058326721

Test GAP RMS for gender and step 2000: 0.10847469419240952

Test GAP RMS for race and step 2000: 0.05870085954666138

Test balanced accuracy for step 2000: 0.8235569596290588


Test accuracy for step 2250: 0.8181315660476685

Test GAP RMS for gender and step 2250: 0.10044951736927032

Test GAP RMS for race and step 2250: 0.058940671384334564

Test balanced accuracy for step 2250: 0.820435643196106


Test accuracy for step 2500: 0.8171365261077881

Test GAP RMS for gender and step 2500: 0.09369407594203949

Test GAP RMS for race and step 2500: 0.05138213187456131

Test balanced accuracy for step 2500: 0.8207044005393982


Test accuracy for step 2750: 0.8108347058296204

Test GAP RMS for gender and step 2750: 0.10498329252004623

Test GAP RMS for race and step 2750: 0.054895829409360886

Test balanced accuracy for step 2750: 0.8227150440216064


Test accuracy for step 3000: 0.8168048858642578

Test GAP RMS for gender and step 3000: 0.1008383184671402

Test GAP RMS for race and step 3000: 0.058176830410957336

Test balanced accuracy for step 3000: 0.82326340675354


Test accuracy for step 3250: 0.8181315660476685

Test GAP RMS for gender and step 3250: 0.09493055939674377

Test GAP RMS for race and step 3250: 0.059660300612449646

Test balanced accuracy for step 3250: 0.821670413017273


Test accuracy for step 3500: 0.8159204125404358

Test GAP RMS for gender and step 3500: 0.0923672541975975

Test GAP RMS for race and step 3500: 0.05419108644127846

Test balanced accuracy for step 3500: 0.8209813833236694


Test accuracy for step 3750: 0.8158098459243774

Test GAP RMS for gender and step 3750: 0.09158511459827423

Test GAP RMS for race and step 3750: 0.05497853830456734

Test balanced accuracy for step 3750: 0.8207540512084961


Test accuracy for step 4000: 0.8236594796180725

Test GAP RMS for gender and step 4000: 0.08827448636293411

Test GAP RMS for race and step 4000: 0.05440685898065567

Test balanced accuracy for step 4000: 0.8202289342880249


Test accuracy for step 4250: 0.8216694593429565

Test GAP RMS for gender and step 4250: 0.091450035572052

Test GAP RMS for race and step 4250: 0.05337213724851608

Test balanced accuracy for step 4250: 0.8210750818252563


Test accuracy for step 4500: 0.8263128995895386

Test GAP RMS for gender and step 4500: 0.0821787565946579

Test GAP RMS for race and step 4500: 0.052434924989938736

Test balanced accuracy for step 4500: 0.8181232213973999


Test accuracy for step 4750: 0.8181315660476685

Test GAP RMS for gender and step 4750: 0.0871327593922615

Test GAP RMS for race and step 4750: 0.05108780041337013

Test balanced accuracy for step 4750: 0.8221334218978882


Test accuracy for step 5000: 0.8229961395263672

Test GAP RMS for gender and step 5000: 0.08677342534065247

Test GAP RMS for race and step 5000: 0.05629774183034897

Test balanced accuracy for step 5000: 0.8202537298202515


Test accuracy for step 5250: 0.8236594796180725

Test GAP RMS for gender and step 5250: 0.08653980493545532

Test GAP RMS for race and step 5250: 0.05379796773195267

Test balanced accuracy for step 5250: 0.8214636445045471


Test accuracy for step 5500: 0.8234383463859558

Test GAP RMS for gender and step 5500: 0.08365659415721893

Test GAP RMS for race and step 5500: 0.048351187258958817

Test balanced accuracy for step 5500: 0.8207001686096191


Test accuracy for step 5750: 0.8185737729072571

Test GAP RMS for gender and step 5750: 0.08398130536079407

Test GAP RMS for race and step 5750: 0.04971769079566002

Test balanced accuracy for step 5750: 0.8211908340454102


Test accuracy for step 6000: 0.8169154524803162

Test GAP RMS for gender and step 6000: 0.0900033712387085

Test GAP RMS for race and step 6000: 0.05072564259171486

Test balanced accuracy for step 6000: 0.821021318435669


Test accuracy for step 6250: 0.8169154524803162

Test GAP RMS for gender and step 6250: 0.09408580511808395

Test GAP RMS for race and step 6250: 0.051191024482250214

Test balanced accuracy for step 6250: 0.8199409246444702


Test accuracy for step 6500: 0.8173576593399048

Test GAP RMS for gender and step 6500: 0.0937412902712822

Test GAP RMS for race and step 6500: 0.04857135936617851

Test balanced accuracy for step 6500: 0.8202331066131592


Test accuracy for step 6750: 0.8216694593429565

Test GAP RMS for gender and step 6750: 0.08151720464229584

Test GAP RMS for race and step 6750: 0.05140179023146629

Test balanced accuracy for step 6750: 0.814284086227417


Test accuracy for step 7000: 0.8196793794631958

Test GAP RMS for gender and step 7000: 0.0857657790184021

Test GAP RMS for race and step 7000: 0.04804070293903351

Test balanced accuracy for step 7000: 0.8202234506607056


Test accuracy for step 7250: 0.8226644396781921

Test GAP RMS for gender and step 7250: 0.08738674968481064

Test GAP RMS for race and step 7250: 0.05010492727160454

Test balanced accuracy for step 7250: 0.8217324018478394


Test accuracy for step 7500: 0.8212271928787231

Test GAP RMS for gender and step 7500: 0.09211587905883789

Test GAP RMS for race and step 7500: 0.046444959938526154

Test balanced accuracy for step 7500: 0.8207828998565674


Test accuracy for step 7750: 0.8222222328186035

Test GAP RMS for gender and step 7750: 0.08586525917053223

Test GAP RMS for race and step 7750: 0.04468609020113945

Test balanced accuracy for step 7750: 0.8195881247520447


{'epsilon': 0.001, 'lr': 0.0001, 'wlr': 0.0001, 'w_reg': 10.0}
Final test accuracy: 0.8184632658958435
Final test GAP RMS for gender: 0.08633168041706085
Final test GAP RMS for race: 0.04706112667918205
Final test balanced accuracy: 0.8200374245643616


