2020-05-21 16:32:45.144107: W tensorflow/stream_executor/platform/default/dso_loader.cc:55] Could not load dynamic library 'libnvinfer.so.6'; dlerror: libnvinfer.so.6: cannot open shared object file: No such file or directory; LD_LIBRARY_PATH: /sw/arcts/centos7/python3.6-anaconda/5.2.0/lib:/opt/slurm/lib64::
2020-05-21 16:32:45.144612: W tensorflow/stream_executor/platform/default/dso_loader.cc:55] Could not load dynamic library 'libnvinfer_plugin.so.6'; dlerror: libnvinfer_plugin.so.6: cannot open shared object file: No such file or directory; LD_LIBRARY_PATH: /sw/arcts/centos7/python3.6-anaconda/5.2.0/lib:/opt/slurm/lib64::
2020-05-21 16:32:45.144623: W tensorflow/compiler/tf2tensorrt/utils/py_utils.cc:30] Cannot dlopen some TensorRT libraries. If you would like to use Nvidia GPU with TensorRT, please make sure the missing libraries mentioned above are installed properly.
2020-05-21 16:32:52.102198: W tensorflow/stream_executor/platform/default/dso_loader.cc:55] Could not load dynamic library 'libcuda.so.1'; dlerror: libcuda.so.1: cannot open shared object file: No such file or directory; LD_LIBRARY_PATH: /sw/arcts/centos7/python3.6-anaconda/5.2.0/lib:/opt/slurm/lib64::
2020-05-21 16:32:52.103494: E tensorflow/stream_executor/cuda/cuda_driver.cc:351] failed call to cuInit: UNKNOWN ERROR (303)
2020-05-21 16:32:52.103515: I tensorflow/stream_executor/cuda/cuda_diagnostics.cc:156] kernel driver does not appear to be running on this host (gl3166.arc-ts.umich.edu): /proc/driver/nvidia/version does not exist
2020-05-21 16:32:52.103822: I tensorflow/core/platform/cpu_feature_guard.cc:142] Your CPU supports instructions that this TensorFlow binary was not compiled to use: AVX2 AVX512F FMA
2020-05-21 16:32:52.110786: I tensorflow/core/platform/profile_utils/cpu_utils.cc:94] CPU Frequency: 3000000000 Hz
2020-05-21 16:32:52.110877: I tensorflow/compiler/xla/service/service.cc:168] XLA service 0x55a3b8c11c60 initialized for platform Host (this does not guarantee that XLA will be used). Devices:
2020-05-21 16:32:52.110892: I tensorflow/compiler/xla/service/service.cc:176]   StreamExecutor device (0): Host, Default Version
/sw/arcts/centos7/python3.6-anaconda/5.2.0/lib/python3.6/site-packages/h5py/__init__.py:36: FutureWarning: Conversion of the second argument of issubdtype from `float` to `np.floating` is deprecated. In future, it will be treated as `np.float64 == np.dtype(float).type`.
  from ._conv import register_converters as _register_converters
WARNING:tensorflow:From /home/smaity/.local/lib/python3.6/site-packages/tensorflow_core/python/ops/array_grad.py:563: _EagerTensorBase.cpu (from tensorflow.python.framework.ops) is deprecated and will be removed in a future version.
Instructions for updating:
Use tf.identity instead.
2020-05-21 16:59:05.972788: W tensorflow/python/util/util.cc:319] Sets are not currently considered sequences, but this may change in the future, so consider avoiding using them.
WARNING:tensorflow:From /home/smaity/.local/lib/python3.6/site-packages/tensorflow_core/python/ops/resource_variable_ops.py:1786: calling BaseResourceVariable.__init__ (from tensorflow.python.ops.resource_variable_ops) with constraint is deprecated and will be removed in a future version.
Instructions for updating:
If using Keras pass *_constraint arguments to layers.
Test accuracy for step 250: 0.6195688247680664

Test GAP RMS for gender and step 250: 0.12838101387023926

Test GAP RMS for race and step 250: 0.014970500022172928

Test balanced accuracy for step 250: 0.47874343395233154


Test accuracy for step 500: 0.8086235523223877

Test GAP RMS for gender and step 500: 0.3875880241394043

Test GAP RMS for race and step 500: 0.08792640268802643

Test balanced accuracy for step 500: 0.7894601225852966


Test accuracy for step 750: 0.8201215863227844

Test GAP RMS for gender and step 750: 0.3226185441017151

Test GAP RMS for race and step 750: 0.08687411993741989

Test balanced accuracy for step 750: 0.8061618804931641


Test accuracy for step 1000: 0.8224433660507202

Test GAP RMS for gender and step 1000: 0.30553051829338074

Test GAP RMS for race and step 1000: 0.07960066199302673

Test balanced accuracy for step 1000: 0.8073869347572327


Test accuracy for step 1250: 0.8158098459243774

Test GAP RMS for gender and step 1250: 0.3045506775379181

Test GAP RMS for race and step 1250: 0.07280156016349792

Test balanced accuracy for step 1250: 0.8121109008789062


Test accuracy for step 1500: 0.8148148059844971

Test GAP RMS for gender and step 1500: 0.2811357080936432

Test GAP RMS for race and step 1500: 0.08031009882688522

Test balanced accuracy for step 1500: 0.8174729347229004


Test accuracy for step 1750: 0.8123825192451477

Test GAP RMS for gender and step 1750: 0.27321934700012207

Test GAP RMS for race and step 1750: 0.08553517609834671

Test balanced accuracy for step 1750: 0.8191072940826416


Test accuracy for step 2000: 0.813930332660675

Test GAP RMS for gender and step 2000: 0.26394906640052795

Test GAP RMS for race and step 2000: 0.08181619644165039

Test balanced accuracy for step 2000: 0.8215188384056091


Test accuracy for step 2250: 0.8180209994316101

Test GAP RMS for gender and step 2250: 0.2521211504936218

Test GAP RMS for race and step 2250: 0.07713756710290909

Test balanced accuracy for step 2250: 0.8205170035362244


Test accuracy for step 2500: 0.8193476796150208

Test GAP RMS for gender and step 2500: 0.22773078083992004

Test GAP RMS for race and step 2500: 0.07083666324615479

Test balanced accuracy for step 2500: 0.8226281404495239


Test accuracy for step 2750: 0.8143725991249084

Test GAP RMS for gender and step 2750: 0.23147480189800262

Test GAP RMS for race and step 2750: 0.07359053194522858

Test balanced accuracy for step 2750: 0.8255151510238647


Test accuracy for step 3000: 0.813045859336853

Test GAP RMS for gender and step 3000: 0.2288748025894165

Test GAP RMS for race and step 3000: 0.07334461808204651

Test balanced accuracy for step 3000: 0.8240213394165039


Test accuracy for step 3250: 0.8161414861679077

Test GAP RMS for gender and step 3250: 0.21364356577396393

Test GAP RMS for race and step 3250: 0.06788397580385208

Test balanced accuracy for step 3250: 0.8226708769798279


Test accuracy for step 3500: 0.8174682259559631

Test GAP RMS for gender and step 3500: 0.19027665257453918

Test GAP RMS for race and step 3500: 0.06509102880954742

Test balanced accuracy for step 3500: 0.8267884254455566


Test accuracy for step 3750: 0.8158098459243774

Test GAP RMS for gender and step 3750: 0.18373160064220428

Test GAP RMS for race and step 3750: 0.06858652830123901

Test balanced accuracy for step 3750: 0.826927661895752


Test accuracy for step 4000: 0.8174682259559631

Test GAP RMS for gender and step 4000: 0.18196137249469757

Test GAP RMS for race and step 4000: 0.06291621923446655

Test balanced accuracy for step 4000: 0.8250907063484192


Test accuracy for step 4250: 0.8118297457695007

Test GAP RMS for gender and step 4250: 0.1768437623977661

Test GAP RMS for race and step 4250: 0.07106638699769974

Test balanced accuracy for step 4250: 0.8261504173278809


Test accuracy for step 4500: 0.8187949061393738

Test GAP RMS for gender and step 4500: 0.16079504787921906

Test GAP RMS for race and step 4500: 0.06283775717020035

Test balanced accuracy for step 4500: 0.828899621963501


Test accuracy for step 4750: 0.810724139213562

Test GAP RMS for gender and step 4750: 0.15790311992168427

Test GAP RMS for race and step 4750: 0.06968039274215698

Test balanced accuracy for step 4750: 0.8289699554443359


Test accuracy for step 5000: 0.8171365261077881

Test GAP RMS for gender and step 5000: 0.15719996392726898

Test GAP RMS for race and step 5000: 0.06835217028856277

Test balanced accuracy for step 5000: 0.830427885055542


Test accuracy for step 5250: 0.8158098459243774

Test GAP RMS for gender and step 5250: 0.15195387601852417

Test GAP RMS for race and step 5250: 0.06496629863977432

Test balanced accuracy for step 5250: 0.8301688432693481


Test accuracy for step 5500: 0.8180209994316101

Test GAP RMS for gender and step 5500: 0.13846109807491302

Test GAP RMS for race and step 5500: 0.06661231070756912

Test balanced accuracy for step 5500: 0.8296231031417847


Test accuracy for step 5750: 0.8171365261077881

Test GAP RMS for gender and step 5750: 0.1317320168018341

Test GAP RMS for race and step 5750: 0.06571567803621292

Test balanced accuracy for step 5750: 0.8296561241149902


Test accuracy for step 6000: 0.8144831657409668

Test GAP RMS for gender and step 6000: 0.13605254888534546

Test GAP RMS for race and step 6000: 0.06430341303348541

Test balanced accuracy for step 6000: 0.828520655632019


Test accuracy for step 6250: 0.8182421326637268

Test GAP RMS for gender and step 6250: 0.1286422461271286

Test GAP RMS for race and step 6250: 0.06255177408456802

Test balanced accuracy for step 6250: 0.8289974331855774


Test accuracy for step 6500: 0.8183526992797852

Test GAP RMS for gender and step 6500: 0.11951541155576706

Test GAP RMS for race and step 6500: 0.06448310613632202

Test balanced accuracy for step 6500: 0.8281444311141968


Test accuracy for step 6750: 0.8208954930305481

Test GAP RMS for gender and step 6750: 0.10901284962892532

Test GAP RMS for race and step 6750: 0.06318450719118118

Test balanced accuracy for step 6750: 0.8253483772277832


Test accuracy for step 7000: 0.8191266059875488

Test GAP RMS for gender and step 7000: 0.10754044353961945

Test GAP RMS for race and step 7000: 0.06267049163579941

Test balanced accuracy for step 7000: 0.8266492486000061


Test accuracy for step 7250: 0.8233277797698975

Test GAP RMS for gender and step 7250: 0.10556713491678238

Test GAP RMS for race and step 7250: 0.06153814122080803

Test balanced accuracy for step 7250: 0.8278812170028687


Test accuracy for step 7500: 0.8224433660507202

Test GAP RMS for gender and step 7500: 0.1041991114616394

Test GAP RMS for race and step 7500: 0.05830015614628792

Test balanced accuracy for step 7500: 0.825599193572998


Test accuracy for step 7750: 0.8176893591880798

Test GAP RMS for gender and step 7750: 0.09524015337228775

Test GAP RMS for race and step 7750: 0.06290591508150101

Test balanced accuracy for step 7750: 0.8227673172950745


{'epsilon': 1e-05, 'lr': 0.0001, 'wlr': 1e-05, 'w_reg': 50.0}
Final test accuracy: 0.8184632658958435
Final test GAP RMS for gender: 0.09023045003414154
Final test GAP RMS for race: 0.057581521570682526
Final test balanced accuracy: 0.8205004930496216


