2020-05-21 16:32:43.818580: W tensorflow/stream_executor/platform/default/dso_loader.cc:55] Could not load dynamic library 'libnvinfer.so.6'; dlerror: libnvinfer.so.6: cannot open shared object file: No such file or directory; LD_LIBRARY_PATH: /sw/arcts/centos7/python3.6-anaconda/5.2.0/lib:/opt/slurm/lib64::
2020-05-21 16:32:43.818679: W tensorflow/stream_executor/platform/default/dso_loader.cc:55] Could not load dynamic library 'libnvinfer_plugin.so.6'; dlerror: libnvinfer_plugin.so.6: cannot open shared object file: No such file or directory; LD_LIBRARY_PATH: /sw/arcts/centos7/python3.6-anaconda/5.2.0/lib:/opt/slurm/lib64::
2020-05-21 16:32:43.818690: W tensorflow/compiler/tf2tensorrt/utils/py_utils.cc:30] Cannot dlopen some TensorRT libraries. If you would like to use Nvidia GPU with TensorRT, please make sure the missing libraries mentioned above are installed properly.
2020-05-21 16:32:50.815720: W tensorflow/stream_executor/platform/default/dso_loader.cc:55] Could not load dynamic library 'libcuda.so.1'; dlerror: libcuda.so.1: cannot open shared object file: No such file or directory; LD_LIBRARY_PATH: /sw/arcts/centos7/python3.6-anaconda/5.2.0/lib:/opt/slurm/lib64::
2020-05-21 16:32:50.815915: E tensorflow/stream_executor/cuda/cuda_driver.cc:351] failed call to cuInit: UNKNOWN ERROR (303)
2020-05-21 16:32:50.815935: I tensorflow/stream_executor/cuda/cuda_diagnostics.cc:156] kernel driver does not appear to be running on this host (gl3264.arc-ts.umich.edu): /proc/driver/nvidia/version does not exist
2020-05-21 16:32:50.816274: I tensorflow/core/platform/cpu_feature_guard.cc:142] Your CPU supports instructions that this TensorFlow binary was not compiled to use: AVX2 AVX512F FMA
2020-05-21 16:32:50.823183: I tensorflow/core/platform/profile_utils/cpu_utils.cc:94] CPU Frequency: 3000000000 Hz
2020-05-21 16:32:50.823271: I tensorflow/compiler/xla/service/service.cc:168] XLA service 0x563856e36140 initialized for platform Host (this does not guarantee that XLA will be used). Devices:
2020-05-21 16:32:50.823281: I tensorflow/compiler/xla/service/service.cc:176]   StreamExecutor device (0): Host, Default Version
/sw/arcts/centos7/python3.6-anaconda/5.2.0/lib/python3.6/site-packages/h5py/__init__.py:36: FutureWarning: Conversion of the second argument of issubdtype from `float` to `np.floating` is deprecated. In future, it will be treated as `np.float64 == np.dtype(float).type`.
  from ._conv import register_converters as _register_converters
WARNING:tensorflow:From /home/smaity/.local/lib/python3.6/site-packages/tensorflow_core/python/ops/array_grad.py:563: _EagerTensorBase.cpu (from tensorflow.python.framework.ops) is deprecated and will be removed in a future version.
Instructions for updating:
Use tf.identity instead.
2020-05-21 16:59:02.351309: W tensorflow/python/util/util.cc:319] Sets are not currently considered sequences, but this may change in the future, so consider avoiding using them.
WARNING:tensorflow:From /home/smaity/.local/lib/python3.6/site-packages/tensorflow_core/python/ops/resource_variable_ops.py:1786: calling BaseResourceVariable.__init__ (from tensorflow.python.ops.resource_variable_ops) with constraint is deprecated and will be removed in a future version.
Instructions for updating:
If using Keras pass *_constraint arguments to layers.
Test accuracy for step 250: 0.6192371249198914

Test GAP RMS for gender and step 250: 0.12764474749565125

Test GAP RMS for race and step 250: 0.013216192834079266

Test balanced accuracy for step 250: 0.476054847240448


Test accuracy for step 500: 0.8370370268821716

Test GAP RMS for gender and step 500: 0.322845458984375

Test GAP RMS for race and step 500: 0.06533984839916229

Test balanced accuracy for step 500: 0.7455678582191467


Test accuracy for step 750: 0.8451077938079834

Test GAP RMS for gender and step 750: 0.1863422989845276

Test GAP RMS for race and step 750: 0.04828265309333801

Test balanced accuracy for step 750: 0.7579991221427917


Test accuracy for step 1000: 0.8468767404556274

Test GAP RMS for gender and step 1000: 0.1204640194773674

Test GAP RMS for race and step 1000: 0.041288822889328

Test balanced accuracy for step 1000: 0.7438879609107971


Test accuracy for step 1250: 0.8459922671318054

Test GAP RMS for gender and step 1250: 0.09779608994722366

Test GAP RMS for race and step 1250: 0.039735645055770874

Test balanced accuracy for step 1250: 0.7365126609802246


Test accuracy for step 1500: 0.8465450406074524

Test GAP RMS for gender and step 1500: 0.0701509565114975

Test GAP RMS for race and step 1500: 0.03581863269209862

Test balanced accuracy for step 1500: 0.7337909936904907


Test accuracy for step 1750: 0.8443338871002197

Test GAP RMS for gender and step 1750: 0.06100979074835777

Test GAP RMS for race and step 1750: 0.025487400591373444

Test balanced accuracy for step 1750: 0.7238416075706482


Test accuracy for step 2000: 0.8438916802406311

Test GAP RMS for gender and step 2000: 0.04459937661886215

Test GAP RMS for race and step 2000: 0.020769517868757248

Test balanced accuracy for step 2000: 0.7135173082351685


Test accuracy for step 2250: 0.840353786945343

Test GAP RMS for gender and step 2250: 0.029977479949593544

Test GAP RMS for race and step 2250: 0.009353101253509521

Test balanced accuracy for step 2250: 0.6992959380149841


Test accuracy for step 2500: 0.8386954069137573

Test GAP RMS for gender and step 2500: 0.02025654725730419

Test GAP RMS for race and step 2500: 0.009432578459382057

Test balanced accuracy for step 2500: 0.693724513053894


Test accuracy for step 2750: 0.836594820022583

Test GAP RMS for gender and step 2750: 0.015064666979014874

Test GAP RMS for race and step 2750: 0.007556114345788956

Test balanced accuracy for step 2750: 0.6881695985794067


Test accuracy for step 3000: 0.8337202668190002

Test GAP RMS for gender and step 3000: 0.01084057241678238

Test GAP RMS for race and step 3000: 0.00886921864002943

Test balanced accuracy for step 3000: 0.6782450079917908


Test accuracy for step 3250: 0.8297401666641235

Test GAP RMS for gender and step 3250: 0.011082622222602367

Test GAP RMS for race and step 3250: 0.022111207246780396

Test balanced accuracy for step 3250: 0.6674357056617737


Test accuracy for step 3500: 0.8298507332801819

Test GAP RMS for gender and step 3500: 0.01241373736411333

Test GAP RMS for race and step 3500: 0.010501745156943798

Test balanced accuracy for step 3500: 0.6678174138069153


Test accuracy for step 3750: 0.8290768265724182

Test GAP RMS for gender and step 3750: 0.013913390226662159

Test GAP RMS for race and step 3750: 0.0150909423828125

Test balanced accuracy for step 3750: 0.6651453971862793


Test accuracy for step 4000: 0.8255389928817749

Test GAP RMS for gender and step 4000: 0.012236809358000755

Test GAP RMS for race and step 4000: 0.009759519249200821

Test balanced accuracy for step 4000: 0.6529304385185242


Test accuracy for step 4250: 0.8213377594947815

Test GAP RMS for gender and step 4250: 0.017382269725203514

Test GAP RMS for race and step 4250: 0.007400167640298605

Test balanced accuracy for step 4250: 0.6425924301147461


Test accuracy for step 4500: 0.8183526992797852

Test GAP RMS for gender and step 4500: 0.025564659386873245

Test GAP RMS for race and step 4500: 0.013485634699463844

Test balanced accuracy for step 4500: 0.6350641846656799


Test accuracy for step 4750: 0.8200110793113708

Test GAP RMS for gender and step 4750: 0.0218331441283226

Test GAP RMS for race and step 4750: 0.01568409614264965

Test balanced accuracy for step 4750: 0.6387835144996643


Test accuracy for step 5000: 0.8138197660446167

Test GAP RMS for gender and step 5000: 0.03238091245293617

Test GAP RMS for race and step 5000: 0.012494057416915894

Test balanced accuracy for step 5000: 0.6249700784683228


Test accuracy for step 5250: 0.8132669925689697

Test GAP RMS for gender and step 5250: 0.0320315957069397

Test GAP RMS for race and step 5250: 0.007885703817009926

Test balanced accuracy for step 5250: 0.6225984692573547


Test accuracy for step 5500: 0.8102819323539734

Test GAP RMS for gender and step 5500: 0.024319320917129517

Test GAP RMS for race and step 5500: 0.014699578285217285

Test balanced accuracy for step 5500: 0.6152245998382568


Test accuracy for step 5750: 0.805527925491333

Test GAP RMS for gender and step 5750: 0.022249823436141014

Test GAP RMS for race and step 5750: 0.019969766959547997

Test balanced accuracy for step 5750: 0.6043670177459717


Test accuracy for step 6000: 0.8025428652763367

Test GAP RMS for gender and step 6000: 0.022729968652129173

Test GAP RMS for race and step 6000: 0.013531796634197235

Test balanced accuracy for step 6000: 0.5979191660881042


Test accuracy for step 6250: 0.7936981916427612

Test GAP RMS for gender and step 6250: 0.01932799629867077

Test GAP RMS for race and step 6250: 0.004805588163435459

Test balanced accuracy for step 6250: 0.5774139761924744


Test accuracy for step 6500: 0.7911553382873535

Test GAP RMS for gender and step 6500: 0.016055162996053696

Test GAP RMS for race and step 6500: 0.006311585195362568

Test balanced accuracy for step 6500: 0.5717213153839111


Test accuracy for step 6750: 0.7858485579490662

Test GAP RMS for gender and step 6750: 0.012147165834903717

Test GAP RMS for race and step 6750: 0.005564095452427864

Test balanced accuracy for step 6750: 0.5601899027824402


Test accuracy for step 7000: 0.7872858047485352

Test GAP RMS for gender and step 7000: 0.015045152977108955

Test GAP RMS for race and step 7000: 0.001559321186505258

Test balanced accuracy for step 7000: 0.5642261505126953


Test accuracy for step 7250: 0.7831951379776001

Test GAP RMS for gender and step 7250: 0.01221467275172472

Test GAP RMS for race and step 7250: 0.0024741084780544043

Test balanced accuracy for step 7250: 0.5551958680152893


Test accuracy for step 7500: 0.7967938184738159

Test GAP RMS for gender and step 7500: 0.0014907002914696932

Test GAP RMS for race and step 7500: 0.009754050523042679

Test balanced accuracy for step 7500: 0.5857869386672974


Test accuracy for step 7750: 0.8081812858581543

Test GAP RMS for gender and step 7750: 0.0033506001345813274

Test GAP RMS for race and step 7750: 0.016366595402359962

Test balanced accuracy for step 7750: 0.6112130880355835


{'epsilon': 0.01, 'lr': 0.0001, 'wlr': 1e-05, 'w_reg': 50.0}
Final test accuracy: 0.808402419090271
Final test GAP RMS for gender: 0.0028598387725651264
Final test GAP RMS for race: 0.012158788740634918
Final test balanced accuracy: 0.6112048625946045


