2020-05-21 16:32:43.111238: W tensorflow/stream_executor/platform/default/dso_loader.cc:55] Could not load dynamic library 'libnvinfer.so.6'; dlerror: libnvinfer.so.6: cannot open shared object file: No such file or directory; LD_LIBRARY_PATH: /sw/arcts/centos7/python3.6-anaconda/5.2.0/lib:/opt/slurm/lib64::
2020-05-21 16:32:43.112074: W tensorflow/stream_executor/platform/default/dso_loader.cc:55] Could not load dynamic library 'libnvinfer_plugin.so.6'; dlerror: libnvinfer_plugin.so.6: cannot open shared object file: No such file or directory; LD_LIBRARY_PATH: /sw/arcts/centos7/python3.6-anaconda/5.2.0/lib:/opt/slurm/lib64::
2020-05-21 16:32:43.112087: W tensorflow/compiler/tf2tensorrt/utils/py_utils.cc:30] Cannot dlopen some TensorRT libraries. If you would like to use Nvidia GPU with TensorRT, please make sure the missing libraries mentioned above are installed properly.
2020-05-21 16:32:52.975177: W tensorflow/stream_executor/platform/default/dso_loader.cc:55] Could not load dynamic library 'libcuda.so.1'; dlerror: libcuda.so.1: cannot open shared object file: No such file or directory; LD_LIBRARY_PATH: /sw/arcts/centos7/python3.6-anaconda/5.2.0/lib:/opt/slurm/lib64::
2020-05-21 16:32:52.975430: E tensorflow/stream_executor/cuda/cuda_driver.cc:351] failed call to cuInit: UNKNOWN ERROR (303)
2020-05-21 16:32:52.975459: I tensorflow/stream_executor/cuda/cuda_diagnostics.cc:156] kernel driver does not appear to be running on this host (gl3108.arc-ts.umich.edu): /proc/driver/nvidia/version does not exist
2020-05-21 16:32:52.975863: I tensorflow/core/platform/cpu_feature_guard.cc:142] Your CPU supports instructions that this TensorFlow binary was not compiled to use: AVX2 AVX512F FMA
2020-05-21 16:32:52.982264: I tensorflow/core/platform/profile_utils/cpu_utils.cc:94] CPU Frequency: 3000000000 Hz
2020-05-21 16:32:52.982365: I tensorflow/compiler/xla/service/service.cc:168] XLA service 0x555a16f2bfb0 initialized for platform Host (this does not guarantee that XLA will be used). Devices:
2020-05-21 16:32:52.982375: I tensorflow/compiler/xla/service/service.cc:176]   StreamExecutor device (0): Host, Default Version
/sw/arcts/centos7/python3.6-anaconda/5.2.0/lib/python3.6/site-packages/h5py/__init__.py:36: FutureWarning: Conversion of the second argument of issubdtype from `float` to `np.floating` is deprecated. In future, it will be treated as `np.float64 == np.dtype(float).type`.
  from ._conv import register_converters as _register_converters
WARNING:tensorflow:From /home/smaity/.local/lib/python3.6/site-packages/tensorflow_core/python/ops/array_grad.py:563: _EagerTensorBase.cpu (from tensorflow.python.framework.ops) is deprecated and will be removed in a future version.
Instructions for updating:
Use tf.identity instead.
2020-05-21 17:00:19.448476: W tensorflow/python/util/util.cc:319] Sets are not currently considered sequences, but this may change in the future, so consider avoiding using them.
WARNING:tensorflow:From /home/smaity/.local/lib/python3.6/site-packages/tensorflow_core/python/ops/resource_variable_ops.py:1786: calling BaseResourceVariable.__init__ (from tensorflow.python.ops.resource_variable_ops) with constraint is deprecated and will be removed in a future version.
Instructions for updating:
If using Keras pass *_constraint arguments to layers.
Test accuracy for step 250: 0.6194582581520081

Test GAP RMS for gender and step 250: 0.12842831015586853

Test GAP RMS for race and step 250: 0.015196235850453377

Test balanced accuracy for step 250: 0.4785160422325134


Test accuracy for step 500: 0.8332780599594116

Test GAP RMS for gender and step 500: 0.32256823778152466

Test GAP RMS for race and step 500: 0.09089230000972748

Test balanced accuracy for step 500: 0.7778112888336182


Test accuracy for step 750: 0.8448866605758667

Test GAP RMS for gender and step 750: 0.18899421393871307

Test GAP RMS for race and step 750: 0.08838292211294174

Test balanced accuracy for step 750: 0.7894928455352783


Test accuracy for step 1000: 0.8494195938110352

Test GAP RMS for gender and step 1000: 0.12778019905090332

Test GAP RMS for race and step 1000: 0.06516523659229279

Test balanced accuracy for step 1000: 0.7792140245437622


Test accuracy for step 1250: 0.8509674072265625

Test GAP RMS for gender and step 1250: 0.1009046658873558

Test GAP RMS for race and step 1250: 0.05985594913363457

Test balanced accuracy for step 1250: 0.7799278497695923


Test accuracy for step 1500: 0.8510779142379761

Test GAP RMS for gender and step 1500: 0.09481529891490936

Test GAP RMS for race and step 1500: 0.05026652663946152

Test balanced accuracy for step 1500: 0.7816986441612244


Test accuracy for step 1750: 0.8514096140861511

Test GAP RMS for gender and step 1750: 0.08213534206151962

Test GAP RMS for race and step 1750: 0.04585748910903931

Test balanced accuracy for step 1750: 0.7768244743347168


Test accuracy for step 2000: 0.8531785607337952

Test GAP RMS for gender and step 2000: 0.06799522042274475

Test GAP RMS for race and step 2000: 0.041597843170166016

Test balanced accuracy for step 2000: 0.7722824811935425


Test accuracy for step 2250: 0.8533996939659119

Test GAP RMS for gender and step 2250: 0.05393856018781662

Test GAP RMS for race and step 2250: 0.035031430423259735

Test balanced accuracy for step 2250: 0.7633224129676819


Test accuracy for step 2500: 0.8514096140861511

Test GAP RMS for gender and step 2500: 0.04352269321680069

Test GAP RMS for race and step 2500: 0.0314248688519001

Test balanced accuracy for step 2500: 0.7583036422729492


Test accuracy for step 2750: 0.8524046540260315

Test GAP RMS for gender and step 2750: 0.043071821331977844

Test GAP RMS for race and step 2750: 0.030870452523231506

Test balanced accuracy for step 2750: 0.758806586265564


Test accuracy for step 3000: 0.8524046540260315

Test GAP RMS for gender and step 3000: 0.038651540875434875

Test GAP RMS for race and step 3000: 0.030006783083081245

Test balanced accuracy for step 3000: 0.7538676857948303


Test accuracy for step 3250: 0.8515201807022095

Test GAP RMS for gender and step 3250: 0.03184456378221512

Test GAP RMS for race and step 3250: 0.022619429975748062

Test balanced accuracy for step 3250: 0.7454119920730591


Test accuracy for step 3500: 0.8525152206420898

Test GAP RMS for gender and step 3500: 0.03392823413014412

Test GAP RMS for race and step 3500: 0.027234476059675217

Test balanced accuracy for step 3500: 0.7483844757080078


Test accuracy for step 3750: 0.8526257872581482

Test GAP RMS for gender and step 3750: 0.03619185462594032

Test GAP RMS for race and step 3750: 0.03409406170248985

Test balanced accuracy for step 3750: 0.7484574913978577


Test accuracy for step 4000: 0.8510779142379761

Test GAP RMS for gender and step 4000: 0.035293035209178925

Test GAP RMS for race and step 4000: 0.030717583373188972

Test balanced accuracy for step 4000: 0.7398723363876343


Test accuracy for step 4250: 0.8483139872550964

Test GAP RMS for gender and step 4250: 0.02858668938279152

Test GAP RMS for race and step 4250: 0.0177376177161932

Test balanced accuracy for step 4250: 0.7301750183105469


Test accuracy for step 4500: 0.8466556072235107

Test GAP RMS for gender and step 4500: 0.030331164598464966

Test GAP RMS for race and step 4500: 0.013434084132313728

Test balanced accuracy for step 4500: 0.7232145667076111


Test accuracy for step 4750: 0.8491984605789185

Test GAP RMS for gender and step 4750: 0.040345076471567154

Test GAP RMS for race and step 4750: 0.019069863483309746

Test balanced accuracy for step 4750: 0.7329200506210327


Test accuracy for step 5000: 0.8470978736877441

Test GAP RMS for gender and step 5000: 0.03846636787056923

Test GAP RMS for race and step 5000: 0.013008811511099339

Test balanced accuracy for step 5000: 0.724587082862854


Test accuracy for step 5250: 0.846434473991394

Test GAP RMS for gender and step 5250: 0.04050327464938164

Test GAP RMS for race and step 5250: 0.01237518060952425

Test balanced accuracy for step 5250: 0.7229140996932983


Test accuracy for step 5500: 0.8467661738395691

Test GAP RMS for gender and step 5500: 0.03444569930434227

Test GAP RMS for race and step 5500: 0.012812565080821514

Test balanced accuracy for step 5500: 0.7226701974868774


Test accuracy for step 5750: 0.8475400805473328

Test GAP RMS for gender and step 5750: 0.04316326975822449

Test GAP RMS for race and step 5750: 0.012190728448331356

Test balanced accuracy for step 5750: 0.7242618799209595


Test accuracy for step 6000: 0.8466556072235107

Test GAP RMS for gender and step 6000: 0.04477390646934509

Test GAP RMS for race and step 6000: 0.013434084132313728

Test balanced accuracy for step 6000: 0.7232145667076111


Test accuracy for step 6250: 0.8443338871002197

Test GAP RMS for gender and step 6250: 0.039647720754146576

Test GAP RMS for race and step 6250: 0.009915005415678024

Test balanced accuracy for step 6250: 0.7136551141738892


Test accuracy for step 6500: 0.8468767404556274

Test GAP RMS for gender and step 6500: 0.03662802651524544

Test GAP RMS for race and step 6500: 0.009374258108437061

Test balanced accuracy for step 6500: 0.7205824851989746


Test accuracy for step 6750: 0.845550000667572

Test GAP RMS for gender and step 6750: 0.04389901086688042

Test GAP RMS for race and step 6750: 0.007917586714029312

Test balanced accuracy for step 6750: 0.7144584655761719


Test accuracy for step 7000: 0.846434473991394

Test GAP RMS for gender and step 7000: 0.04205087572336197

Test GAP RMS for race and step 7000: 0.00932686310261488

Test balanced accuracy for step 7000: 0.7182838916778564


Test accuracy for step 7250: 0.8443338871002197

Test GAP RMS for gender and step 7250: 0.03817027807235718

Test GAP RMS for race and step 7250: 0.008633894845843315

Test balanced accuracy for step 7250: 0.7107226252555847


Test accuracy for step 7500: 0.8440021872520447

Test GAP RMS for gender and step 7500: 0.037428487092256546

Test GAP RMS for race and step 7500: 0.008556170389056206

Test balanced accuracy for step 7500: 0.7109665274620056


Test accuracy for step 7750: 0.8442233204841614

Test GAP RMS for gender and step 7750: 0.03356228396296501

Test GAP RMS for race and step 7750: 0.008053170517086983

Test balanced accuracy for step 7750: 0.7118843197822571


{'epsilon': 0.01, 'lr': 0.0001, 'wlr': 1e-05, 'w_reg': 30.0}
Final test accuracy: 0.8434494137763977
Final test GAP RMS for gender: 0.039332471787929535
Final test GAP RMS for race: 0.011424930766224861
Final test balanced accuracy: 0.7084406018257141


