2020-05-21 16:32:44.874800: W tensorflow/stream_executor/platform/default/dso_loader.cc:55] Could not load dynamic library 'libnvinfer.so.6'; dlerror: libnvinfer.so.6: cannot open shared object file: No such file or directory; LD_LIBRARY_PATH: /sw/arcts/centos7/python3.6-anaconda/5.2.0/lib:/opt/slurm/lib64::
2020-05-21 16:32:44.875502: W tensorflow/stream_executor/platform/default/dso_loader.cc:55] Could not load dynamic library 'libnvinfer_plugin.so.6'; dlerror: libnvinfer_plugin.so.6: cannot open shared object file: No such file or directory; LD_LIBRARY_PATH: /sw/arcts/centos7/python3.6-anaconda/5.2.0/lib:/opt/slurm/lib64::
2020-05-21 16:32:44.875513: W tensorflow/compiler/tf2tensorrt/utils/py_utils.cc:30] Cannot dlopen some TensorRT libraries. If you would like to use Nvidia GPU with TensorRT, please make sure the missing libraries mentioned above are installed properly.
2020-05-21 16:32:50.701654: W tensorflow/stream_executor/platform/default/dso_loader.cc:55] Could not load dynamic library 'libcuda.so.1'; dlerror: libcuda.so.1: cannot open shared object file: No such file or directory; LD_LIBRARY_PATH: /sw/arcts/centos7/python3.6-anaconda/5.2.0/lib:/opt/slurm/lib64::
2020-05-21 16:32:50.701857: E tensorflow/stream_executor/cuda/cuda_driver.cc:351] failed call to cuInit: UNKNOWN ERROR (303)
2020-05-21 16:32:50.701882: I tensorflow/stream_executor/cuda/cuda_diagnostics.cc:156] kernel driver does not appear to be running on this host (gl3168.arc-ts.umich.edu): /proc/driver/nvidia/version does not exist
2020-05-21 16:32:50.702254: I tensorflow/core/platform/cpu_feature_guard.cc:142] Your CPU supports instructions that this TensorFlow binary was not compiled to use: AVX2 AVX512F FMA
2020-05-21 16:32:50.709700: I tensorflow/core/platform/profile_utils/cpu_utils.cc:94] CPU Frequency: 3000000000 Hz
2020-05-21 16:32:50.709786: I tensorflow/compiler/xla/service/service.cc:168] XLA service 0x5567a8d13c50 initialized for platform Host (this does not guarantee that XLA will be used). Devices:
2020-05-21 16:32:50.709796: I tensorflow/compiler/xla/service/service.cc:176]   StreamExecutor device (0): Host, Default Version
/sw/arcts/centos7/python3.6-anaconda/5.2.0/lib/python3.6/site-packages/h5py/__init__.py:36: FutureWarning: Conversion of the second argument of issubdtype from `float` to `np.floating` is deprecated. In future, it will be treated as `np.float64 == np.dtype(float).type`.
  from ._conv import register_converters as _register_converters
WARNING:tensorflow:From /home/smaity/.local/lib/python3.6/site-packages/tensorflow_core/python/ops/array_grad.py:563: _EagerTensorBase.cpu (from tensorflow.python.framework.ops) is deprecated and will be removed in a future version.
Instructions for updating:
Use tf.identity instead.
2020-05-21 16:59:06.372225: W tensorflow/python/util/util.cc:319] Sets are not currently considered sequences, but this may change in the future, so consider avoiding using them.
WARNING:tensorflow:From /home/smaity/.local/lib/python3.6/site-packages/tensorflow_core/python/ops/resource_variable_ops.py:1786: calling BaseResourceVariable.__init__ (from tensorflow.python.ops.resource_variable_ops) with constraint is deprecated and will be removed in a future version.
Instructions for updating:
If using Keras pass *_constraint arguments to layers.
Test accuracy for step 250: 0.6189054846763611

Test GAP RMS for gender and step 250: 0.1282508820295334

Test GAP RMS for race and step 250: 0.014409394934773445

Test balanced accuracy for step 250: 0.478922575712204


Test accuracy for step 500: 0.7872858047485352

Test GAP RMS for gender and step 500: 0.3226028382778168

Test GAP RMS for race and step 500: 0.08572733402252197

Test balanced accuracy for step 500: 0.8042260408401489


Test accuracy for step 750: 0.7956882119178772

Test GAP RMS for gender and step 750: 0.16869209706783295

Test GAP RMS for race and step 750: 0.06759808212518692

Test balanced accuracy for step 750: 0.8208892345428467


Test accuracy for step 1000: 0.810724139213562

Test GAP RMS for gender and step 1000: 0.08982159197330475

Test GAP RMS for race and step 1000: 0.05331375077366829

Test balanced accuracy for step 1000: 0.811375081539154


Test accuracy for step 1250: 0.8059701323509216

Test GAP RMS for gender and step 1250: 0.08092159777879715

Test GAP RMS for race and step 1250: 0.05587933957576752

Test balanced accuracy for step 1250: 0.809160590171814


Test accuracy for step 1500: 0.8019900321960449

Test GAP RMS for gender and step 1500: 0.06930679827928543

Test GAP RMS for race and step 1500: 0.05035173520445824

Test balanced accuracy for step 1500: 0.8063770532608032


Test accuracy for step 1750: 0.7965726852416992

Test GAP RMS for gender and step 1750: 0.06875014305114746

Test GAP RMS for race and step 1750: 0.0485653355717659

Test balanced accuracy for step 1750: 0.8077372312545776


Test accuracy for step 2000: 0.7967938184738159

Test GAP RMS for gender and step 2000: 0.06903212517499924

Test GAP RMS for race and step 2000: 0.04986323043704033

Test balanced accuracy for step 2000: 0.8055681586265564


Test accuracy for step 2250: 0.8028745055198669

Test GAP RMS for gender and step 2250: 0.06765291839838028

Test GAP RMS for race and step 2250: 0.05136781558394432

Test balanced accuracy for step 2250: 0.8048005104064941


Test accuracy for step 2500: 0.7981204986572266

Test GAP RMS for gender and step 2500: 0.07068020850419998

Test GAP RMS for race and step 2500: 0.04837619513273239

Test balanced accuracy for step 2500: 0.804592490196228


Test accuracy for step 2750: 0.7940298318862915

Test GAP RMS for gender and step 2750: 0.06159673258662224

Test GAP RMS for race and step 2750: 0.048719748854637146

Test balanced accuracy for step 2750: 0.8085268139839172


Test accuracy for step 3000: 0.8024322986602783

Test GAP RMS for gender and step 3000: 0.05962102487683296

Test GAP RMS for race and step 3000: 0.04630793258547783

Test balanced accuracy for step 3000: 0.8088299036026001


Test accuracy for step 3250: 0.8057490587234497

Test GAP RMS for gender and step 3250: 0.06973770260810852

Test GAP RMS for race and step 3250: 0.05081635341048241

Test balanced accuracy for step 3250: 0.8076255321502686


Test accuracy for step 3500: 0.8007739186286926

Test GAP RMS for gender and step 3500: 0.07256761193275452

Test GAP RMS for race and step 3500: 0.04633689671754837

Test balanced accuracy for step 3500: 0.8048019409179688


Test accuracy for step 3750: 0.8015478253364563

Test GAP RMS for gender and step 3750: 0.06842853128910065

Test GAP RMS for race and step 3750: 0.04453028738498688

Test balanced accuracy for step 3750: 0.8054674863815308


Test accuracy for step 4000: 0.8102819323539734

Test GAP RMS for gender and step 4000: 0.0721171572804451

Test GAP RMS for race and step 4000: 0.04622797295451164

Test balanced accuracy for step 4000: 0.803674578666687


Test accuracy for step 4250: 0.8105030655860901

Test GAP RMS for gender and step 4250: 0.07159992307424545

Test GAP RMS for race and step 4250: 0.04548555612564087

Test balanced accuracy for step 4250: 0.8067531585693359


Test accuracy for step 4500: 0.8158098459243774

Test GAP RMS for gender and step 4500: 0.08199061453342438

Test GAP RMS for race and step 4500: 0.04082518070936203

Test balanced accuracy for step 4500: 0.802233099937439


Test accuracy for step 4750: 0.8013266921043396

Test GAP RMS for gender and step 4750: 0.06888218969106674

Test GAP RMS for race and step 4750: 0.043891191482543945

Test balanced accuracy for step 4750: 0.8062474727630615


Test accuracy for step 5000: 0.8065229654312134

Test GAP RMS for gender and step 5000: 0.0721246600151062

Test GAP RMS for race and step 5000: 0.04324312508106232

Test balanced accuracy for step 5000: 0.8041238784790039


Test accuracy for step 5250: 0.8111664056777954

Test GAP RMS for gender and step 5250: 0.07823862880468369

Test GAP RMS for race and step 5250: 0.03939478099346161

Test balanced accuracy for step 5250: 0.8031784892082214


Test accuracy for step 5500: 0.8105030655860901

Test GAP RMS for gender and step 5500: 0.08252499997615814

Test GAP RMS for race and step 5500: 0.039908505976200104

Test balanced accuracy for step 5500: 0.8041293621063232


Test accuracy for step 5750: 0.80232173204422

Test GAP RMS for gender and step 5750: 0.07023874670267105

Test GAP RMS for race and step 5750: 0.04458083212375641

Test balanced accuracy for step 5750: 0.8050527572631836


Test accuracy for step 6000: 0.804975152015686

Test GAP RMS for gender and step 6000: 0.07008982449769974

Test GAP RMS for race and step 6000: 0.044740941375494

Test balanced accuracy for step 6000: 0.8068056106567383


Test accuracy for step 6250: 0.8068546056747437

Test GAP RMS for gender and step 6250: 0.06601187586784363

Test GAP RMS for race and step 6250: 0.04071076214313507

Test balanced accuracy for step 6250: 0.8080471754074097


Test accuracy for step 6500: 0.8071863055229187

Test GAP RMS for gender and step 6500: 0.06939159333705902

Test GAP RMS for race and step 6500: 0.03522159904241562

Test balanced accuracy for step 6500: 0.8081119060516357


Test accuracy for step 6750: 0.8111664056777954

Test GAP RMS for gender and step 6750: 0.07910062372684479

Test GAP RMS for race and step 6750: 0.03595754876732826

Test balanced accuracy for step 6750: 0.8024067878723145


Test accuracy for step 7000: 0.80608069896698

Test GAP RMS for gender and step 7000: 0.07153964042663574

Test GAP RMS for race and step 7000: 0.0412493571639061

Test balanced accuracy for step 7000: 0.8053750991821289


Test accuracy for step 7250: 0.8112769722938538

Test GAP RMS for gender and step 7250: 0.07276628911495209

Test GAP RMS for race and step 7250: 0.039798978716135025

Test balanced accuracy for step 7250: 0.8084990978240967


Test accuracy for step 7500: 0.8117191791534424

Test GAP RMS for gender and step 7500: 0.06897589564323425

Test GAP RMS for race and step 7500: 0.03010421432554722

Test balanced accuracy for step 7500: 0.8097172975540161


Test accuracy for step 7750: 0.811608612537384

Test GAP RMS for gender and step 7750: 0.07313014566898346

Test GAP RMS for race and step 7750: 0.035116203129291534

Test balanced accuracy for step 7750: 0.8077921867370605


{'epsilon': 1e-05, 'lr': 0.0001, 'wlr': 0.0001, 'w_reg': 60.0}
Final test accuracy: 0.804643452167511
Final test GAP RMS for gender: 0.07715112715959549
Final test GAP RMS for race: 0.033035751432180405
Final test balanced accuracy: 0.8039627075195312


