2020-05-21 16:32:43.749617: W tensorflow/stream_executor/platform/default/dso_loader.cc:55] Could not load dynamic library 'libnvinfer.so.6'; dlerror: libnvinfer.so.6: cannot open shared object file: No such file or directory; LD_LIBRARY_PATH: /sw/arcts/centos7/python3.6-anaconda/5.2.0/lib:/opt/slurm/lib64::
2020-05-21 16:32:43.749721: W tensorflow/stream_executor/platform/default/dso_loader.cc:55] Could not load dynamic library 'libnvinfer_plugin.so.6'; dlerror: libnvinfer_plugin.so.6: cannot open shared object file: No such file or directory; LD_LIBRARY_PATH: /sw/arcts/centos7/python3.6-anaconda/5.2.0/lib:/opt/slurm/lib64::
2020-05-21 16:32:43.749731: W tensorflow/compiler/tf2tensorrt/utils/py_utils.cc:30] Cannot dlopen some TensorRT libraries. If you would like to use Nvidia GPU with TensorRT, please make sure the missing libraries mentioned above are installed properly.
2020-05-21 16:32:50.815676: W tensorflow/stream_executor/platform/default/dso_loader.cc:55] Could not load dynamic library 'libcuda.so.1'; dlerror: libcuda.so.1: cannot open shared object file: No such file or directory; LD_LIBRARY_PATH: /sw/arcts/centos7/python3.6-anaconda/5.2.0/lib:/opt/slurm/lib64::
2020-05-21 16:32:50.815859: E tensorflow/stream_executor/cuda/cuda_driver.cc:351] failed call to cuInit: UNKNOWN ERROR (303)
2020-05-21 16:32:50.815880: I tensorflow/stream_executor/cuda/cuda_diagnostics.cc:156] kernel driver does not appear to be running on this host (gl3264.arc-ts.umich.edu): /proc/driver/nvidia/version does not exist
2020-05-21 16:32:50.816214: I tensorflow/core/platform/cpu_feature_guard.cc:142] Your CPU supports instructions that this TensorFlow binary was not compiled to use: AVX2 AVX512F FMA
2020-05-21 16:32:50.823077: I tensorflow/core/platform/profile_utils/cpu_utils.cc:94] CPU Frequency: 3000000000 Hz
2020-05-21 16:32:50.823164: I tensorflow/compiler/xla/service/service.cc:168] XLA service 0x55c93e2987a0 initialized for platform Host (this does not guarantee that XLA will be used). Devices:
2020-05-21 16:32:50.823174: I tensorflow/compiler/xla/service/service.cc:176]   StreamExecutor device (0): Host, Default Version
/sw/arcts/centos7/python3.6-anaconda/5.2.0/lib/python3.6/site-packages/h5py/__init__.py:36: FutureWarning: Conversion of the second argument of issubdtype from `float` to `np.floating` is deprecated. In future, it will be treated as `np.float64 == np.dtype(float).type`.
  from ._conv import register_converters as _register_converters
WARNING:tensorflow:From /home/smaity/.local/lib/python3.6/site-packages/tensorflow_core/python/ops/array_grad.py:563: _EagerTensorBase.cpu (from tensorflow.python.framework.ops) is deprecated and will be removed in a future version.
Instructions for updating:
Use tf.identity instead.
2020-05-21 16:59:29.453135: W tensorflow/python/util/util.cc:319] Sets are not currently considered sequences, but this may change in the future, so consider avoiding using them.
WARNING:tensorflow:From /home/smaity/.local/lib/python3.6/site-packages/tensorflow_core/python/ops/resource_variable_ops.py:1786: calling BaseResourceVariable.__init__ (from tensorflow.python.ops.resource_variable_ops) with constraint is deprecated and will be removed in a future version.
Instructions for updating:
If using Keras pass *_constraint arguments to layers.
Test accuracy for step 250: 0.6077390909194946

Test GAP RMS for gender and step 250: 0.13465267419815063

Test GAP RMS for race and step 250: 0.020542927086353302

Test balanced accuracy for step 250: 0.4840475916862488


Test accuracy for step 500: 0.806633472442627

Test GAP RMS for gender and step 500: 0.12106306850910187

Test GAP RMS for race and step 500: 0.05101199820637703

Test balanced accuracy for step 500: 0.8125313520431519


Test accuracy for step 750: 0.8074073791503906

Test GAP RMS for gender and step 750: 0.06266177445650101

Test GAP RMS for race and step 750: 0.05342430993914604

Test balanced accuracy for step 750: 0.805479884147644


Test accuracy for step 1000: 0.8193476796150208

Test GAP RMS for gender and step 1000: 0.0708206444978714

Test GAP RMS for race and step 1000: 0.05565277114510536

Test balanced accuracy for step 1000: 0.8031811714172363


Test accuracy for step 1250: 0.8131564259529114

Test GAP RMS for gender and step 1250: 0.07403401285409927

Test GAP RMS for race and step 1250: 0.04905344545841217

Test balanced accuracy for step 1250: 0.8038758039474487


Test accuracy for step 1500: 0.805196225643158

Test GAP RMS for gender and step 1500: 0.07000771164894104

Test GAP RMS for race and step 1500: 0.04749847203493118

Test balanced accuracy for step 1500: 0.8024757504463196


Test accuracy for step 1750: 0.800884485244751

Test GAP RMS for gender and step 1750: 0.06604598462581635

Test GAP RMS for race and step 1750: 0.04433261603116989

Test balanced accuracy for step 1750: 0.8025598526000977


Test accuracy for step 2000: 0.805527925491333

Test GAP RMS for gender and step 2000: 0.0636536031961441

Test GAP RMS for race and step 2000: 0.04570537060499191

Test balanced accuracy for step 2000: 0.8060903549194336


Test accuracy for step 2250: 0.812161386013031

Test GAP RMS for gender and step 2250: 0.0742221251130104

Test GAP RMS for race and step 2250: 0.04021214693784714

Test balanced accuracy for step 2250: 0.8033728003501892


Test accuracy for step 2500: 0.805527925491333

Test GAP RMS for gender and step 2500: 0.07123332470655441

Test GAP RMS for race and step 2500: 0.039831072092056274

Test balanced accuracy for step 2500: 0.8047012686729431


Test accuracy for step 2750: 0.80232173204422

Test GAP RMS for gender and step 2750: 0.06482318788766861

Test GAP RMS for race and step 2750: 0.047473061829805374

Test balanced accuracy for step 2750: 0.8084481954574585


Test accuracy for step 3000: 0.8085129857063293

Test GAP RMS for gender and step 3000: 0.06462874263525009

Test GAP RMS for race and step 3000: 0.045178722590208054

Test balanced accuracy for step 3000: 0.8072905540466309


Test accuracy for step 3250: 0.806965172290802

Test GAP RMS for gender and step 3250: 0.0708816722035408

Test GAP RMS for race and step 3250: 0.046078044921159744

Test balanced accuracy for step 3250: 0.8081201910972595


Test accuracy for step 3500: 0.806633472442627

Test GAP RMS for gender and step 3500: 0.07658062130212784

Test GAP RMS for race and step 3500: 0.040882598608732224

Test balanced accuracy for step 3500: 0.8043512105941772


Test accuracy for step 3750: 0.8081812858581543

Test GAP RMS for gender and step 3750: 0.0765097364783287

Test GAP RMS for race and step 3750: 0.03935261070728302

Test balanced accuracy for step 3750: 0.8035216331481934


Test accuracy for step 4000: 0.8131564259529114

Test GAP RMS for gender and step 4000: 0.07389189302921295

Test GAP RMS for race and step 4000: 0.04072277247905731

Test balanced accuracy for step 4000: 0.8021780252456665


Test accuracy for step 4250: 0.8161414861679077

Test GAP RMS for gender and step 4250: 0.08034764975309372

Test GAP RMS for race and step 4250: 0.03723976016044617

Test balanced accuracy for step 4250: 0.8038412928581238


Test accuracy for step 4500: 0.8194582462310791

Test GAP RMS for gender and step 4500: 0.07756861299276352

Test GAP RMS for race and step 4500: 0.03619242459535599

Test balanced accuracy for step 4500: 0.8018651604652405


Test accuracy for step 4750: 0.806633472442627

Test GAP RMS for gender and step 4750: 0.08107814192771912

Test GAP RMS for race and step 4750: 0.041094571352005005

Test balanced accuracy for step 4750: 0.8020361661911011


Test accuracy for step 5000: 0.813045859336853

Test GAP RMS for gender and step 5000: 0.08380956947803497

Test GAP RMS for race and step 5000: 0.03755940496921539

Test balanced accuracy for step 5000: 0.8025679588317871


Test accuracy for step 5250: 0.8039801120758057

Test GAP RMS for gender and step 5250: 0.06545335799455643

Test GAP RMS for race and step 5250: 0.04360581934452057

Test balanced accuracy for step 5250: 0.8066112995147705


Test accuracy for step 5500: 0.8155887126922607

Test GAP RMS for gender and step 5500: 0.0823296383023262

Test GAP RMS for race and step 5500: 0.0370992086827755

Test balanced accuracy for step 5500: 0.8020870685577393


Test accuracy for step 5750: 0.8048645853996277

Test GAP RMS for gender and step 5750: 0.08130473643541336

Test GAP RMS for race and step 5750: 0.04041982814669609

Test balanced accuracy for step 5750: 0.801021933555603


Test accuracy for step 6000: 0.8080707788467407

Test GAP RMS for gender and step 6000: 0.07723671197891235

Test GAP RMS for race and step 6000: 0.04227494075894356

Test balanced accuracy for step 6000: 0.8045290112495422


Test accuracy for step 6250: 0.8053067922592163

Test GAP RMS for gender and step 6250: 0.07807452231645584

Test GAP RMS for race and step 6250: 0.03581114113330841

Test balanced accuracy for step 6250: 0.7983815670013428


Test accuracy for step 6500: 0.8112769722938538

Test GAP RMS for gender and step 6500: 0.07766775786876678

Test GAP RMS for race and step 6500: 0.03960656747221947

Test balanced accuracy for step 6500: 0.804023265838623


Test accuracy for step 6750: 0.8126036524772644

Test GAP RMS for gender and step 6750: 0.08879079669713974

Test GAP RMS for race and step 6750: 0.03435322642326355

Test balanced accuracy for step 6750: 0.799652099609375


Test accuracy for step 7000: 0.8088446855545044

Test GAP RMS for gender and step 7000: 0.08244748413562775

Test GAP RMS for race and step 7000: 0.03962801396846771

Test balanced accuracy for step 7000: 0.8013360500335693


Test accuracy for step 7250: 0.8160309791564941

Test GAP RMS for gender and step 7250: 0.07553090155124664

Test GAP RMS for race and step 7250: 0.04203791916370392

Test balanced accuracy for step 7250: 0.8048486709594727


Test accuracy for step 7500: 0.8148148059844971

Test GAP RMS for gender and step 7500: 0.07136762887239456

Test GAP RMS for race and step 7500: 0.03964830935001373

Test balanced accuracy for step 7500: 0.8063603639602661


Test accuracy for step 7750: 0.8093974590301514

Test GAP RMS for gender and step 7750: 0.0803617388010025

Test GAP RMS for race and step 7750: 0.03888848051428795

Test balanced accuracy for step 7750: 0.8012382388114929


{'epsilon': 0.0001, 'lr': 0.0001, 'wlr': 0.001, 'w_reg': 50.0}
Final test accuracy: 0.8077390789985657
Final test GAP RMS for gender: 0.07780861109495163
Final test GAP RMS for race: 0.038847845047712326
Final test balanced accuracy: 0.800451397895813


