2020-05-21 16:32:41.098547: W tensorflow/stream_executor/platform/default/dso_loader.cc:55] Could not load dynamic library 'libnvinfer.so.6'; dlerror: libnvinfer.so.6: cannot open shared object file: No such file or directory; LD_LIBRARY_PATH: /sw/arcts/centos7/python3.6-anaconda/5.2.0/lib:/opt/slurm/lib64::
2020-05-21 16:32:41.099621: W tensorflow/stream_executor/platform/default/dso_loader.cc:55] Could not load dynamic library 'libnvinfer_plugin.so.6'; dlerror: libnvinfer_plugin.so.6: cannot open shared object file: No such file or directory; LD_LIBRARY_PATH: /sw/arcts/centos7/python3.6-anaconda/5.2.0/lib:/opt/slurm/lib64::
2020-05-21 16:32:41.099634: W tensorflow/compiler/tf2tensorrt/utils/py_utils.cc:30] Cannot dlopen some TensorRT libraries. If you would like to use Nvidia GPU with TensorRT, please make sure the missing libraries mentioned above are installed properly.
2020-05-21 16:32:47.182115: W tensorflow/stream_executor/platform/default/dso_loader.cc:55] Could not load dynamic library 'libcuda.so.1'; dlerror: libcuda.so.1: cannot open shared object file: No such file or directory; LD_LIBRARY_PATH: /sw/arcts/centos7/python3.6-anaconda/5.2.0/lib:/opt/slurm/lib64::
2020-05-21 16:32:47.182420: E tensorflow/stream_executor/cuda/cuda_driver.cc:351] failed call to cuInit: UNKNOWN ERROR (303)
2020-05-21 16:32:47.182452: I tensorflow/stream_executor/cuda/cuda_diagnostics.cc:156] kernel driver does not appear to be running on this host (gl3100.arc-ts.umich.edu): /proc/driver/nvidia/version does not exist
2020-05-21 16:32:47.182905: I tensorflow/core/platform/cpu_feature_guard.cc:142] Your CPU supports instructions that this TensorFlow binary was not compiled to use: AVX2 AVX512F FMA
2020-05-21 16:32:47.190030: I tensorflow/core/platform/profile_utils/cpu_utils.cc:94] CPU Frequency: 3000000000 Hz
2020-05-21 16:32:47.190127: I tensorflow/compiler/xla/service/service.cc:168] XLA service 0x5624333f9750 initialized for platform Host (this does not guarantee that XLA will be used). Devices:
2020-05-21 16:32:47.190138: I tensorflow/compiler/xla/service/service.cc:176]   StreamExecutor device (0): Host, Default Version
/sw/arcts/centos7/python3.6-anaconda/5.2.0/lib/python3.6/site-packages/h5py/__init__.py:36: FutureWarning: Conversion of the second argument of issubdtype from `float` to `np.floating` is deprecated. In future, it will be treated as `np.float64 == np.dtype(float).type`.
  from ._conv import register_converters as _register_converters
WARNING:tensorflow:From /home/smaity/.local/lib/python3.6/site-packages/tensorflow_core/python/ops/array_grad.py:563: _EagerTensorBase.cpu (from tensorflow.python.framework.ops) is deprecated and will be removed in a future version.
Instructions for updating:
Use tf.identity instead.
2020-05-21 16:58:24.479286: W tensorflow/python/util/util.cc:319] Sets are not currently considered sequences, but this may change in the future, so consider avoiding using them.
WARNING:tensorflow:From /home/smaity/.local/lib/python3.6/site-packages/tensorflow_core/python/ops/resource_variable_ops.py:1786: calling BaseResourceVariable.__init__ (from tensorflow.python.ops.resource_variable_ops) with constraint is deprecated and will be removed in a future version.
Instructions for updating:
If using Keras pass *_constraint arguments to layers.
Test accuracy for step 250: 0.6192371249198914

Test GAP RMS for gender and step 250: 0.127428337931633

Test GAP RMS for race and step 250: 0.013485445640981197

Test balanced accuracy for step 250: 0.47620922327041626


Test accuracy for step 500: 0.8390271067619324

Test GAP RMS for gender and step 500: 0.28647613525390625

Test GAP RMS for race and step 500: 0.06405216455459595

Test balanced accuracy for step 500: 0.7468824982643127


Test accuracy for step 750: 0.8443338871002197

Test GAP RMS for gender and step 750: 0.16416923701763153

Test GAP RMS for race and step 750: 0.0330091156065464

Test balanced accuracy for step 750: 0.7423624992370605


Test accuracy for step 1000: 0.8415699005126953

Test GAP RMS for gender and step 1000: 0.11033245921134949

Test GAP RMS for race and step 1000: 0.018925989046692848

Test balanced accuracy for step 1000: 0.71661376953125


Test accuracy for step 1250: 0.8407959938049316

Test GAP RMS for gender and step 1250: 0.08871258050203323

Test GAP RMS for race and step 1250: 0.01624058373272419

Test balanced accuracy for step 1250: 0.7079224586486816


Test accuracy for step 1500: 0.8401326537132263

Test GAP RMS for gender and step 1500: 0.06729131191968918

Test GAP RMS for race and step 1500: 0.00996179785579443

Test balanced accuracy for step 1500: 0.7000759243965149


Test accuracy for step 1750: 0.837700366973877

Test GAP RMS for gender and step 1750: 0.05742638185620308

Test GAP RMS for race and step 1750: 0.008627745322883129

Test balanced accuracy for step 1750: 0.6933758854866028


Test accuracy for step 2000: 0.8360419869422913

Test GAP RMS for gender and step 2000: 0.046361327171325684

Test GAP RMS for race and step 2000: 0.008299811743199825

Test balanced accuracy for step 2000: 0.6868784427642822


Test accuracy for step 2250: 0.8320618867874146

Test GAP RMS for gender and step 2250: 0.03225019946694374

Test GAP RMS for race and step 2250: 0.01074468158185482

Test balanced accuracy for step 2250: 0.6762234568595886


Test accuracy for step 2500: 0.8349364399909973

Test GAP RMS for gender and step 2500: 0.03070414811372757

Test GAP RMS for race and step 2500: 0.009256416000425816

Test balanced accuracy for step 2500: 0.6819808483123779


Test accuracy for step 2750: 0.8369264602661133

Test GAP RMS for gender and step 2750: 0.03501657024025917

Test GAP RMS for race and step 2750: 0.009665455669164658

Test balanced accuracy for step 2750: 0.6890060901641846


Test accuracy for step 3000: 0.834273099899292

Test GAP RMS for gender and step 3000: 0.03349901735782623

Test GAP RMS for race and step 3000: 0.013314861804246902

Test balanced accuracy for step 3000: 0.6815426349639893


Test accuracy for step 3250: 0.834825873374939

Test GAP RMS for gender and step 3250: 0.023410232737660408

Test GAP RMS for race and step 3250: 0.013274610973894596

Test balanced accuracy for step 3250: 0.6817535161972046


Test accuracy for step 3500: 0.8361525535583496

Test GAP RMS for gender and step 3500: 0.021070247516036034

Test GAP RMS for race and step 3500: 0.012415958568453789

Test balanced accuracy for step 3500: 0.6866427659988403


Test accuracy for step 3750: 0.8373687267303467

Test GAP RMS for gender and step 3750: 0.016765113919973373

Test GAP RMS for race and step 3750: 0.01379264798015356

Test balanced accuracy for step 3750: 0.6900699734687805


Test accuracy for step 4000: 0.835157573223114

Test GAP RMS for gender and step 4000: 0.015355588868260384

Test GAP RMS for race and step 4000: 0.014708015136420727

Test balanced accuracy for step 4000: 0.6830530166625977


Test accuracy for step 4250: 0.8375898003578186

Test GAP RMS for gender and step 4250: 0.018442003056406975

Test GAP RMS for race and step 4250: 0.010757503099739552

Test balanced accuracy for step 4250: 0.692531168460846


Test accuracy for step 4500: 0.8363736867904663

Test GAP RMS for gender and step 4500: 0.012905649840831757

Test GAP RMS for race and step 4500: 0.01660965010523796

Test balanced accuracy for step 4500: 0.6878692507743835


Test accuracy for step 4750: 0.8433388471603394

Test GAP RMS for gender and step 4750: 0.01923348195850849

Test GAP RMS for race and step 4750: 0.009238120168447495

Test balanced accuracy for step 4750: 0.707441508769989


Test accuracy for step 5000: 0.8407959938049316

Test GAP RMS for gender and step 5000: 0.025682585313916206

Test GAP RMS for race and step 5000: 0.009082362987101078

Test balanced accuracy for step 5000: 0.7012858390808105


Test accuracy for step 5250: 0.8421227335929871

Test GAP RMS for gender and step 5250: 0.021892808377742767

Test GAP RMS for race and step 5250: 0.009277300909161568

Test balanced accuracy for step 5250: 0.7044773101806641


Test accuracy for step 5500: 0.8440021872520447

Test GAP RMS for gender and step 5500: 0.026049770414829254

Test GAP RMS for race and step 5500: 0.010080840438604355

Test balanced accuracy for step 5500: 0.7105035185813904


Test accuracy for step 5750: 0.8467661738395691

Test GAP RMS for gender and step 5750: 0.027226164937019348

Test GAP RMS for race and step 5750: 0.010832038708031178

Test balanced accuracy for step 5750: 0.72097247838974


Test accuracy for step 6000: 0.8487561941146851

Test GAP RMS for gender and step 6000: 0.028701571747660637

Test GAP RMS for race and step 6000: 0.02289619855582714

Test balanced accuracy for step 6000: 0.7279977202415466


Test accuracy for step 6250: 0.8472083806991577

Test GAP RMS for gender and step 6250: 0.02543163113296032

Test GAP RMS for race and step 6250: 0.018165621906518936

Test balanced accuracy for step 6250: 0.7245057821273804


Test accuracy for step 6500: 0.8498618006706238

Test GAP RMS for gender and step 6500: 0.028241710737347603

Test GAP RMS for race and step 6500: 0.02929777465760708

Test balanced accuracy for step 6500: 0.7335126399993896


Test accuracy for step 6750: 0.8478717803955078

Test GAP RMS for gender and step 6750: 0.028072115033864975

Test GAP RMS for race and step 6750: 0.013993866741657257

Test balanced accuracy for step 6750: 0.7247896194458008


Test accuracy for step 7000: 0.8506357073783875

Test GAP RMS for gender and step 7000: 0.029641395434737206

Test GAP RMS for race and step 7000: 0.026888839900493622

Test balanced accuracy for step 7000: 0.7361847162246704


Test accuracy for step 7250: 0.8488667607307434

Test GAP RMS for gender and step 7250: 0.02887999638915062

Test GAP RMS for race and step 7250: 0.02606663852930069

Test balanced accuracy for step 7250: 0.7313119173049927


Test accuracy for step 7500: 0.8490878939628601

Test GAP RMS for gender and step 7500: 0.027484534308314323

Test GAP RMS for race and step 7500: 0.025586437433958054

Test balanced accuracy for step 7500: 0.7325383424758911


Test accuracy for step 7750: 0.8503040075302124

Test GAP RMS for gender and step 7750: 0.03210250660777092

Test GAP RMS for race and step 7750: 0.019191188737750053

Test balanced accuracy for step 7750: 0.738126277923584


{'epsilon': 0.1, 'lr': 0.0001, 'wlr': 5e-06, 'w_reg': 20.0}
Final test accuracy: 0.8510779142379761
Final test GAP RMS for gender: 0.03839457780122757
Final test GAP RMS for race: 0.02337711863219738
Final test balanced accuracy: 0.742496132850647


