2020-05-21 16:32:43.113084: W tensorflow/stream_executor/platform/default/dso_loader.cc:55] Could not load dynamic library 'libnvinfer.so.6'; dlerror: libnvinfer.so.6: cannot open shared object file: No such file or directory; LD_LIBRARY_PATH: /sw/arcts/centos7/python3.6-anaconda/5.2.0/lib:/opt/slurm/lib64::
2020-05-21 16:32:43.113195: W tensorflow/stream_executor/platform/default/dso_loader.cc:55] Could not load dynamic library 'libnvinfer_plugin.so.6'; dlerror: libnvinfer_plugin.so.6: cannot open shared object file: No such file or directory; LD_LIBRARY_PATH: /sw/arcts/centos7/python3.6-anaconda/5.2.0/lib:/opt/slurm/lib64::
2020-05-21 16:32:43.113206: W tensorflow/compiler/tf2tensorrt/utils/py_utils.cc:30] Cannot dlopen some TensorRT libraries. If you would like to use Nvidia GPU with TensorRT, please make sure the missing libraries mentioned above are installed properly.
2020-05-21 16:32:52.976458: W tensorflow/stream_executor/platform/default/dso_loader.cc:55] Could not load dynamic library 'libcuda.so.1'; dlerror: libcuda.so.1: cannot open shared object file: No such file or directory; LD_LIBRARY_PATH: /sw/arcts/centos7/python3.6-anaconda/5.2.0/lib:/opt/slurm/lib64::
2020-05-21 16:32:52.976940: E tensorflow/stream_executor/cuda/cuda_driver.cc:351] failed call to cuInit: UNKNOWN ERROR (303)
2020-05-21 16:32:52.976959: I tensorflow/stream_executor/cuda/cuda_diagnostics.cc:156] kernel driver does not appear to be running on this host (gl3108.arc-ts.umich.edu): /proc/driver/nvidia/version does not exist
2020-05-21 16:32:52.977274: I tensorflow/core/platform/cpu_feature_guard.cc:142] Your CPU supports instructions that this TensorFlow binary was not compiled to use: AVX2 AVX512F FMA
2020-05-21 16:32:52.984105: I tensorflow/core/platform/profile_utils/cpu_utils.cc:94] CPU Frequency: 3000000000 Hz
2020-05-21 16:32:52.984201: I tensorflow/compiler/xla/service/service.cc:168] XLA service 0x5605e52f4070 initialized for platform Host (this does not guarantee that XLA will be used). Devices:
2020-05-21 16:32:52.984211: I tensorflow/compiler/xla/service/service.cc:176]   StreamExecutor device (0): Host, Default Version
/sw/arcts/centos7/python3.6-anaconda/5.2.0/lib/python3.6/site-packages/h5py/__init__.py:36: FutureWarning: Conversion of the second argument of issubdtype from `float` to `np.floating` is deprecated. In future, it will be treated as `np.float64 == np.dtype(float).type`.
  from ._conv import register_converters as _register_converters
WARNING:tensorflow:From /home/smaity/.local/lib/python3.6/site-packages/tensorflow_core/python/ops/array_grad.py:563: _EagerTensorBase.cpu (from tensorflow.python.framework.ops) is deprecated and will be removed in a future version.
Instructions for updating:
Use tf.identity instead.
2020-05-21 16:59:46.710653: W tensorflow/python/util/util.cc:319] Sets are not currently considered sequences, but this may change in the future, so consider avoiding using them.
WARNING:tensorflow:From /home/smaity/.local/lib/python3.6/site-packages/tensorflow_core/python/ops/resource_variable_ops.py:1786: calling BaseResourceVariable.__init__ (from tensorflow.python.ops.resource_variable_ops) with constraint is deprecated and will be removed in a future version.
Instructions for updating:
If using Keras pass *_constraint arguments to layers.
Test accuracy for step 250: 0.6195688247680664

Test GAP RMS for gender and step 250: 0.1278454214334488

Test GAP RMS for race and step 250: 0.015936242416501045

Test balanced accuracy for step 250: 0.4782804250717163


Test accuracy for step 500: 0.8317302465438843

Test GAP RMS for gender and step 500: 0.3400620222091675

Test GAP RMS for race and step 500: 0.09128207713365555

Test balanced accuracy for step 500: 0.7781778573989868


Test accuracy for step 750: 0.8428966403007507

Test GAP RMS for gender and step 750: 0.2188468724489212

Test GAP RMS for race and step 750: 0.09148398041725159

Test balanced accuracy for step 750: 0.7867891788482666


Test accuracy for step 1000: 0.8482034206390381

Test GAP RMS for gender and step 1000: 0.17002421617507935

Test GAP RMS for race and step 1000: 0.06727141886949539

Test balanced accuracy for step 1000: 0.777793288230896


Test accuracy for step 1250: 0.8501935005187988

Test GAP RMS for gender and step 1250: 0.14168448746204376

Test GAP RMS for race and step 1250: 0.0661206766963005

Test balanced accuracy for step 1250: 0.7820404171943665


Test accuracy for step 1500: 0.8509674072265625

Test GAP RMS for gender and step 1500: 0.1289120763540268

Test GAP RMS for race and step 1500: 0.06929494440555573

Test balanced accuracy for step 1500: 0.7871818542480469


Test accuracy for step 1750: 0.8511884808540344

Test GAP RMS for gender and step 1750: 0.1231122836470604

Test GAP RMS for race and step 1750: 0.06951821595430374

Test balanced accuracy for step 1750: 0.7876366376876831


Test accuracy for step 2000: 0.8512990474700928

Test GAP RMS for gender and step 2000: 0.11716853082180023

Test GAP RMS for race and step 2000: 0.06101492792367935

Test balanced accuracy for step 2000: 0.7855489253997803


Test accuracy for step 2250: 0.8525152206420898

Test GAP RMS for gender and step 2250: 0.10240496695041656

Test GAP RMS for race and step 2250: 0.05387331545352936

Test balanced accuracy for step 2250: 0.7801786661148071


Test accuracy for step 2500: 0.8525152206420898

Test GAP RMS for gender and step 2500: 0.0870499238371849

Test GAP RMS for race and step 2500: 0.04997237026691437

Test balanced accuracy for step 2500: 0.7798699140548706


Test accuracy for step 2750: 0.8525152206420898

Test GAP RMS for gender and step 2750: 0.08634096384048462

Test GAP RMS for race and step 2750: 0.055988989770412445

Test balanced accuracy for step 2750: 0.7828024625778198


Test accuracy for step 3000: 0.8531785607337952

Test GAP RMS for gender and step 3000: 0.08198696374893188

Test GAP RMS for race and step 3000: 0.056782230734825134

Test balanced accuracy for step 3000: 0.7793821096420288


Test accuracy for step 3250: 0.8539524674415588

Test GAP RMS for gender and step 3250: 0.06879875808954239

Test GAP RMS for race and step 3250: 0.04552729055285454

Test balanced accuracy for step 3250: 0.7729480266571045


Test accuracy for step 3500: 0.8542841076850891

Test GAP RMS for gender and step 3500: 0.06551307439804077

Test GAP RMS for race and step 3500: 0.04433058574795723

Test balanced accuracy for step 3500: 0.775636613368988


Test accuracy for step 3750: 0.8540630340576172

Test GAP RMS for gender and step 3750: 0.057877495884895325

Test GAP RMS for race and step 3750: 0.04197096824645996

Test balanced accuracy for step 3750: 0.7744101285934448


Test accuracy for step 4000: 0.8547263741493225

Test GAP RMS for gender and step 4000: 0.05033305659890175

Test GAP RMS for race and step 4000: 0.04194483906030655

Test balanced accuracy for step 4000: 0.7671313285827637


Test accuracy for step 4250: 0.8539524674415588

Test GAP RMS for gender and step 4250: 0.046997569501399994

Test GAP RMS for race and step 4250: 0.040249988436698914

Test balanced accuracy for step 4250: 0.762607216835022


Test accuracy for step 4500: 0.8531785607337952

Test GAP RMS for gender and step 4500: 0.03751477971673012

Test GAP RMS for race and step 4500: 0.030274342745542526

Test balanced accuracy for step 4500: 0.7540702819824219


Test accuracy for step 4750: 0.8532891273498535

Test GAP RMS for gender and step 4750: 0.04119349271059036

Test GAP RMS for race and step 4750: 0.03142828121781349

Test balanced accuracy for step 4750: 0.762477695941925


Test accuracy for step 5000: 0.8527362942695618

Test GAP RMS for gender and step 5000: 0.03719155862927437

Test GAP RMS for race and step 5000: 0.03083883970975876

Test balanced accuracy for step 5000: 0.7556301951408386


Test accuracy for step 5250: 0.8518518805503845

Test GAP RMS for gender and step 5250: 0.03710373863577843

Test GAP RMS for race and step 5250: 0.03154534846544266

Test balanced accuracy for step 5250: 0.7522678375244141


Test accuracy for step 5500: 0.8522940874099731

Test GAP RMS for gender and step 5500: 0.03684905171394348

Test GAP RMS for race and step 5500: 0.028628572821617126

Test balanced accuracy for step 5500: 0.751633882522583


Test accuracy for step 5750: 0.8519623875617981

Test GAP RMS for gender and step 5750: 0.037002190947532654

Test GAP RMS for race and step 5750: 0.026232875883579254

Test balanced accuracy for step 5750: 0.7532668113708496


Test accuracy for step 6000: 0.8526257872581482

Test GAP RMS for gender and step 6000: 0.03610387071967125

Test GAP RMS for race and step 6000: 0.026415998116135597

Test balanced accuracy for step 6000: 0.7540137767791748


Test accuracy for step 6250: 0.8521835207939148

Test GAP RMS for gender and step 6250: 0.035880330950021744

Test GAP RMS for race and step 6250: 0.027313468977808952

Test balanced accuracy for step 6250: 0.7504804134368896


Test accuracy for step 6500: 0.8528468608856201

Test GAP RMS for gender and step 6500: 0.03767675906419754

Test GAP RMS for race and step 6500: 0.021636132150888443

Test balanced accuracy for step 6500: 0.7503013014793396


Test accuracy for step 6750: 0.8518518805503845

Test GAP RMS for gender and step 6750: 0.03303547948598862

Test GAP RMS for race and step 6750: 0.021448398008942604

Test balanced accuracy for step 6750: 0.743470311164856


Test accuracy for step 7000: 0.8525152206420898

Test GAP RMS for gender and step 7000: 0.03260980546474457

Test GAP RMS for race and step 7000: 0.02260391227900982

Test balanced accuracy for step 7000: 0.7463780641555786


Test accuracy for step 7250: 0.8507462739944458

Test GAP RMS for gender and step 7250: 0.041451968252658844

Test GAP RMS for race and step 7250: 0.01765814796090126

Test balanced accuracy for step 7250: 0.7394988536834717


Test accuracy for step 7500: 0.8503040075302124

Test GAP RMS for gender and step 7500: 0.03300083801150322

Test GAP RMS for race and step 7500: 0.019689995795488358

Test balanced accuracy for step 7500: 0.737817645072937


Test accuracy for step 7750: 0.8504145741462708

Test GAP RMS for gender and step 7750: 0.03157965838909149

Test GAP RMS for race and step 7750: 0.019545381888747215

Test balanced accuracy for step 7750: 0.7398971319198608


{'epsilon': 0.01, 'lr': 0.0001, 'wlr': 5e-06, 'w_reg': 30.0}
Final test accuracy: 0.8499723672866821
Final test GAP RMS for gender: 0.03776099160313606
Final test GAP RMS for race: 0.021935412660241127
Final test balanced accuracy: 0.7377529144287109


