2020-05-21 16:32:41.398719: W tensorflow/stream_executor/platform/default/dso_loader.cc:55] Could not load dynamic library 'libnvinfer.so.6'; dlerror: libnvinfer.so.6: cannot open shared object file: No such file or directory; LD_LIBRARY_PATH: /sw/arcts/centos7/python3.6-anaconda/5.2.0/lib:/opt/slurm/lib64::
2020-05-21 16:32:41.400984: W tensorflow/stream_executor/platform/default/dso_loader.cc:55] Could not load dynamic library 'libnvinfer_plugin.so.6'; dlerror: libnvinfer_plugin.so.6: cannot open shared object file: No such file or directory; LD_LIBRARY_PATH: /sw/arcts/centos7/python3.6-anaconda/5.2.0/lib:/opt/slurm/lib64::
2020-05-21 16:32:41.401010: W tensorflow/compiler/tf2tensorrt/utils/py_utils.cc:30] Cannot dlopen some TensorRT libraries. If you would like to use Nvidia GPU with TensorRT, please make sure the missing libraries mentioned above are installed properly.
2020-05-21 16:32:47.022016: W tensorflow/stream_executor/platform/default/dso_loader.cc:55] Could not load dynamic library 'libcuda.so.1'; dlerror: libcuda.so.1: cannot open shared object file: No such file or directory; LD_LIBRARY_PATH: /sw/arcts/centos7/python3.6-anaconda/5.2.0/lib:/opt/slurm/lib64::
2020-05-21 16:32:47.023509: E tensorflow/stream_executor/cuda/cuda_driver.cc:351] failed call to cuInit: UNKNOWN ERROR (303)
2020-05-21 16:32:47.023530: I tensorflow/stream_executor/cuda/cuda_diagnostics.cc:156] kernel driver does not appear to be running on this host (gl3156.arc-ts.umich.edu): /proc/driver/nvidia/version does not exist
2020-05-21 16:32:47.023861: I tensorflow/core/platform/cpu_feature_guard.cc:142] Your CPU supports instructions that this TensorFlow binary was not compiled to use: AVX2 AVX512F FMA
2020-05-21 16:32:47.030886: I tensorflow/core/platform/profile_utils/cpu_utils.cc:94] CPU Frequency: 3000000000 Hz
2020-05-21 16:32:47.030999: I tensorflow/compiler/xla/service/service.cc:168] XLA service 0x563b339470f0 initialized for platform Host (this does not guarantee that XLA will be used). Devices:
2020-05-21 16:32:47.031012: I tensorflow/compiler/xla/service/service.cc:176]   StreamExecutor device (0): Host, Default Version
/sw/arcts/centos7/python3.6-anaconda/5.2.0/lib/python3.6/site-packages/h5py/__init__.py:36: FutureWarning: Conversion of the second argument of issubdtype from `float` to `np.floating` is deprecated. In future, it will be treated as `np.float64 == np.dtype(float).type`.
  from ._conv import register_converters as _register_converters
WARNING:tensorflow:From /home/smaity/.local/lib/python3.6/site-packages/tensorflow_core/python/ops/array_grad.py:563: _EagerTensorBase.cpu (from tensorflow.python.framework.ops) is deprecated and will be removed in a future version.
Instructions for updating:
Use tf.identity instead.
2020-05-21 17:00:17.913102: W tensorflow/python/util/util.cc:319] Sets are not currently considered sequences, but this may change in the future, so consider avoiding using them.
WARNING:tensorflow:From /home/smaity/.local/lib/python3.6/site-packages/tensorflow_core/python/ops/resource_variable_ops.py:1786: calling BaseResourceVariable.__init__ (from tensorflow.python.ops.resource_variable_ops) with constraint is deprecated and will be removed in a future version.
Instructions for updating:
If using Keras pass *_constraint arguments to layers.
Test accuracy for step 250: 0.6179104447364807

Test GAP RMS for gender and step 250: 0.12795229256153107

Test GAP RMS for race and step 250: 0.01893742009997368

Test balanced accuracy for step 250: 0.4818150997161865


Test accuracy for step 500: 0.8103924989700317

Test GAP RMS for gender and step 500: 0.28678789734840393

Test GAP RMS for race and step 500: 0.07259632647037506

Test balanced accuracy for step 500: 0.8042106628417969


Test accuracy for step 750: 0.8193476796150208

Test GAP RMS for gender and step 750: 0.21500615775585175

Test GAP RMS for race and step 750: 0.0581703782081604

Test balanced accuracy for step 750: 0.8152197599411011


Test accuracy for step 1000: 0.8265339732170105

Test GAP RMS for gender and step 1000: 0.19928450882434845

Test GAP RMS for race and step 1000: 0.06584309786558151

Test balanced accuracy for step 1000: 0.8133304119110107


Test accuracy for step 1250: 0.8283029198646545

Test GAP RMS for gender and step 1250: 0.18730692565441132

Test GAP RMS for race and step 1250: 0.0608380064368248

Test balanced accuracy for step 1250: 0.816351056098938


Test accuracy for step 1500: 0.8269762396812439

Test GAP RMS for gender and step 1500: 0.17730703949928284

Test GAP RMS for race and step 1500: 0.06089278683066368

Test balanced accuracy for step 1500: 0.8197962045669556


Test accuracy for step 1750: 0.8256495594978333

Test GAP RMS for gender and step 1750: 0.18606965243816376

Test GAP RMS for race and step 1750: 0.0575241819024086

Test balanced accuracy for step 1750: 0.8189197778701782


Test accuracy for step 2000: 0.8237700462341309

Test GAP RMS for gender and step 2000: 0.1847023069858551

Test GAP RMS for race and step 2000: 0.05976194888353348

Test balanced accuracy for step 2000: 0.8192216157913208


Test accuracy for step 2250: 0.8292979598045349

Test GAP RMS for gender and step 2250: 0.17772354185581207

Test GAP RMS for race and step 2250: 0.058445267379283905

Test balanced accuracy for step 2250: 0.8168540000915527


Test accuracy for step 2500: 0.831066906452179

Test GAP RMS for gender and step 2500: 0.16810643672943115

Test GAP RMS for race and step 2500: 0.05930638313293457

Test balanced accuracy for step 2500: 0.8201833963394165


Test accuracy for step 2750: 0.8254284262657166

Test GAP RMS for gender and step 2750: 0.17809855937957764

Test GAP RMS for race and step 2750: 0.054960016161203384

Test balanced accuracy for step 2750: 0.8240212798118591


Test accuracy for step 3000: 0.8269762396812439

Test GAP RMS for gender and step 3000: 0.18568752706050873

Test GAP RMS for race and step 3000: 0.05972394719719887

Test balanced accuracy for step 3000: 0.8224200010299683


Test accuracy for step 3250: 0.8284134864807129

Test GAP RMS for gender and step 3250: 0.18100838363170624

Test GAP RMS for race and step 3250: 0.06134719029068947

Test balanced accuracy for step 3250: 0.8212087154388428


Test accuracy for step 3500: 0.8285240530967712

Test GAP RMS for gender and step 3500: 0.1680932641029358

Test GAP RMS for race and step 3500: 0.06384710222482681

Test balanced accuracy for step 3500: 0.8206643462181091


Test accuracy for step 3750: 0.8275290131568909

Test GAP RMS for gender and step 3750: 0.16566868126392365

Test GAP RMS for race and step 3750: 0.060014817863702774

Test balanced accuracy for step 3750: 0.8241742253303528


Test accuracy for step 4000: 0.8302929997444153

Test GAP RMS for gender and step 4000: 0.17366603016853333

Test GAP RMS for race and step 4000: 0.05938796326518059

Test balanced accuracy for step 4000: 0.8205981850624084


Test accuracy for step 4250: 0.8277501463890076

Test GAP RMS for gender and step 4250: 0.18047641217708588

Test GAP RMS for race and step 4250: 0.061649251729249954

Test balanced accuracy for step 4250: 0.8227769136428833


Test accuracy for step 4500: 0.8343836665153503

Test GAP RMS for gender and step 4500: 0.16393302381038666

Test GAP RMS for race and step 4500: 0.06046087294816971

Test balanced accuracy for step 4500: 0.8203680515289307


Test accuracy for step 4750: 0.8280817866325378

Test GAP RMS for gender and step 4750: 0.16901037096977234

Test GAP RMS for race and step 4750: 0.059084635227918625

Test balanced accuracy for step 4750: 0.8257741332054138


Test accuracy for step 5000: 0.8308457732200623

Test GAP RMS for gender and step 5000: 0.1651778668165207

Test GAP RMS for race and step 5000: 0.05956427380442619

Test balanced accuracy for step 5000: 0.8237414360046387


Test accuracy for step 5250: 0.8287451863288879

Test GAP RMS for gender and step 5250: 0.1714935600757599

Test GAP RMS for race and step 5250: 0.060061559081077576

Test balanced accuracy for step 5250: 0.8249776363372803


Test accuracy for step 5500: 0.8307352066040039

Test GAP RMS for gender and step 5500: 0.16457189619541168

Test GAP RMS for race and step 5500: 0.06063998118042946

Test balanced accuracy for step 5500: 0.8250575065612793


Test accuracy for step 5750: 0.8292979598045349

Test GAP RMS for gender and step 5750: 0.16360540688037872

Test GAP RMS for race and step 5750: 0.06258124113082886

Test balanced accuracy for step 5750: 0.82719486951828


Test accuracy for step 6000: 0.8268656730651855

Test GAP RMS for gender and step 6000: 0.16589127480983734

Test GAP RMS for race and step 6000: 0.061209410429000854

Test balanced accuracy for step 6000: 0.8280575275421143


Test accuracy for step 6250: 0.8269762396812439

Test GAP RMS for gender and step 6250: 0.16955578327178955

Test GAP RMS for race and step 6250: 0.061137035489082336

Test balanced accuracy for step 6250: 0.8273588418960571


Test accuracy for step 6500: 0.8275290131568909

Test GAP RMS for gender and step 6500: 0.1725260317325592

Test GAP RMS for race and step 6500: 0.06415073573589325

Test balanced accuracy for step 6500: 0.8295761346817017


Test accuracy for step 6750: 0.8315091133117676

Test GAP RMS for gender and step 6750: 0.1575927585363388

Test GAP RMS for race and step 6750: 0.06351117789745331

Test balanced accuracy for step 6750: 0.8254144191741943


Test accuracy for step 7000: 0.8280817866325378

Test GAP RMS for gender and step 7000: 0.1616794466972351

Test GAP RMS for race and step 7000: 0.062123849987983704

Test balanced accuracy for step 7000: 0.8267002105712891


Test accuracy for step 7250: 0.8292979598045349

Test GAP RMS for gender and step 7250: 0.16126687824726105

Test GAP RMS for race and step 7250: 0.05964638292789459

Test balanced accuracy for step 7250: 0.82719486951828


Test accuracy for step 7500: 0.8291873931884766

Test GAP RMS for gender and step 7500: 0.16989395022392273

Test GAP RMS for race and step 7500: 0.060069043189287186

Test balanced accuracy for step 7500: 0.8283565640449524


Test accuracy for step 7750: 0.8275290131568909

Test GAP RMS for gender and step 7750: 0.16308657824993134

Test GAP RMS for race and step 7750: 0.06359639763832092

Test balanced accuracy for step 7750: 0.826952338218689


{'epsilon': 0.0001, 'lr': 0.0001, 'wlr': 1e-06, 'w_reg': 10.0}
Final test accuracy: 0.8260917663574219
Final test GAP RMS for gender: 0.15821078419685364
Final test GAP RMS for race: 0.0661308541893959
Final test balanced accuracy: 0.8270832300186157


