2020-05-21 16:32:42.062661: W tensorflow/stream_executor/platform/default/dso_loader.cc:55] Could not load dynamic library 'libnvinfer.so.6'; dlerror: libnvinfer.so.6: cannot open shared object file: No such file or directory; LD_LIBRARY_PATH: /sw/arcts/centos7/python3.6-anaconda/5.2.0/lib:/opt/slurm/lib64::
2020-05-21 16:32:42.079747: W tensorflow/stream_executor/platform/default/dso_loader.cc:55] Could not load dynamic library 'libnvinfer_plugin.so.6'; dlerror: libnvinfer_plugin.so.6: cannot open shared object file: No such file or directory; LD_LIBRARY_PATH: /sw/arcts/centos7/python3.6-anaconda/5.2.0/lib:/opt/slurm/lib64::
2020-05-21 16:32:42.079762: W tensorflow/compiler/tf2tensorrt/utils/py_utils.cc:30] Cannot dlopen some TensorRT libraries. If you would like to use Nvidia GPU with TensorRT, please make sure the missing libraries mentioned above are installed properly.
2020-05-21 16:32:50.815333: W tensorflow/stream_executor/platform/default/dso_loader.cc:55] Could not load dynamic library 'libcuda.so.1'; dlerror: libcuda.so.1: cannot open shared object file: No such file or directory; LD_LIBRARY_PATH: /sw/arcts/centos7/python3.6-anaconda/5.2.0/lib:/opt/slurm/lib64::
2020-05-21 16:32:50.815524: E tensorflow/stream_executor/cuda/cuda_driver.cc:351] failed call to cuInit: UNKNOWN ERROR (303)
2020-05-21 16:32:50.815551: I tensorflow/stream_executor/cuda/cuda_diagnostics.cc:156] kernel driver does not appear to be running on this host (gl3264.arc-ts.umich.edu): /proc/driver/nvidia/version does not exist
2020-05-21 16:32:50.815977: I tensorflow/core/platform/cpu_feature_guard.cc:142] Your CPU supports instructions that this TensorFlow binary was not compiled to use: AVX2 AVX512F FMA
2020-05-21 16:32:50.823510: I tensorflow/core/platform/profile_utils/cpu_utils.cc:94] CPU Frequency: 3000000000 Hz
2020-05-21 16:32:50.823606: I tensorflow/compiler/xla/service/service.cc:168] XLA service 0x563c07067710 initialized for platform Host (this does not guarantee that XLA will be used). Devices:
2020-05-21 16:32:50.823617: I tensorflow/compiler/xla/service/service.cc:176]   StreamExecutor device (0): Host, Default Version
/sw/arcts/centos7/python3.6-anaconda/5.2.0/lib/python3.6/site-packages/h5py/__init__.py:36: FutureWarning: Conversion of the second argument of issubdtype from `float` to `np.floating` is deprecated. In future, it will be treated as `np.float64 == np.dtype(float).type`.
  from ._conv import register_converters as _register_converters
WARNING:tensorflow:From /home/smaity/.local/lib/python3.6/site-packages/tensorflow_core/python/ops/array_grad.py:563: _EagerTensorBase.cpu (from tensorflow.python.framework.ops) is deprecated and will be removed in a future version.
Instructions for updating:
Use tf.identity instead.
2020-05-21 16:58:57.470769: W tensorflow/python/util/util.cc:319] Sets are not currently considered sequences, but this may change in the future, so consider avoiding using them.
WARNING:tensorflow:From /home/smaity/.local/lib/python3.6/site-packages/tensorflow_core/python/ops/resource_variable_ops.py:1786: calling BaseResourceVariable.__init__ (from tensorflow.python.ops.resource_variable_ops) with constraint is deprecated and will be removed in a future version.
Instructions for updating:
If using Keras pass *_constraint arguments to layers.
Test accuracy for step 250: 0.6166943311691284

Test GAP RMS for gender and step 250: 0.12913167476654053

Test GAP RMS for race and step 250: 0.014052841812372208

Test balanced accuracy for step 250: 0.4688187837600708


Test accuracy for step 500: 0.7653952240943909

Test GAP RMS for gender and step 500: 0.027077719569206238

Test GAP RMS for race and step 500: 0.00655579287558794

Test balanced accuracy for step 500: 0.5178166627883911


Test accuracy for step 750: 0.7826423645019531

Test GAP RMS for gender and step 750: 0.04213239997625351

Test GAP RMS for race and step 750: 0.003406909294426441

Test balanced accuracy for step 750: 0.5535959601402283


Test accuracy for step 1000: 0.7770038843154907

Test GAP RMS for gender and step 1000: 0.017006095498800278

Test GAP RMS for race and step 1000: 0.003899326315149665

Test balanced accuracy for step 1000: 0.5416911244392395


Test accuracy for step 1250: 0.7624101638793945

Test GAP RMS for gender and step 1250: 0.008360679261386395

Test GAP RMS for race and step 1250: 0.005312183406203985

Test balanced accuracy for step 1250: 0.5113688111305237


Test accuracy for step 1500: 0.7604201436042786

Test GAP RMS for gender and step 1500: 0.0015977027360349894

Test GAP RMS for race and step 1500: 0.004013804253190756

Test balanced accuracy for step 1500: 0.5072760581970215


Test accuracy for step 1750: 0.7618573904037476

Test GAP RMS for gender and step 1750: 0.0038757333531975746

Test GAP RMS for race and step 1750: 0.0005916008376516402

Test balanced accuracy for step 1750: 0.5102319121360779


Test accuracy for step 2000: 0.7652847170829773

Test GAP RMS for gender and step 2000: 0.007560162805020809

Test GAP RMS for race and step 2000: 0.0072607798501849174

Test balanced accuracy for step 2000: 0.5174348950386047


Test accuracy for step 2250: 0.7670536041259766

Test GAP RMS for gender and step 2250: 0.012347825802862644

Test GAP RMS for race and step 2250: 0.00194582249969244

Test balanced accuracy for step 2250: 0.520918607711792


Test accuracy for step 2500: 0.7794361710548401

Test GAP RMS for gender and step 2500: 0.011594059877097607

Test GAP RMS for race and step 2500: 0.0003144551592413336

Test balanced accuracy for step 2500: 0.5465390682220459


Test accuracy for step 2750: 0.7889441847801208

Test GAP RMS for gender and step 2750: 0.0006240961374714971

Test GAP RMS for race and step 2750: 0.00041094099287874997

Test balanced accuracy for step 2750: 0.5664020776748657


Test accuracy for step 3000: 0.7919292449951172

Test GAP RMS for gender and step 3000: 0.006680389866232872

Test GAP RMS for race and step 3000: 0.003222431754693389

Test balanced accuracy for step 3000: 0.5730042457580566


Test accuracy for step 3250: 0.7959093451499939

Test GAP RMS for gender and step 3250: 0.008684548549354076

Test GAP RMS for race and step 3250: 0.005812035873532295

Test balanced accuracy for step 3250: 0.5818071365356445


Test accuracy for step 3500: 0.8019900321960449

Test GAP RMS for gender and step 3500: 0.010110518895089626

Test GAP RMS for race and step 3500: 0.02150280773639679

Test balanced accuracy for step 3500: 0.5960105657577515


Test accuracy for step 3750: 0.806412398815155

Test GAP RMS for gender and step 3750: 0.005628352984786034

Test GAP RMS for race and step 3750: 0.027739275246858597

Test balanced accuracy for step 3750: 0.6066490411758423


Test accuracy for step 4000: 0.8054173588752747

Test GAP RMS for gender and step 4000: 0.006156535353511572

Test GAP RMS for race and step 4000: 0.026950903236865997

Test balanced accuracy for step 4000: 0.6039853096008301


Test accuracy for step 4250: 0.8086235523223877

Test GAP RMS for gender and step 4250: 0.0039000289980322123

Test GAP RMS for race and step 4250: 0.029946520924568176

Test balanced accuracy for step 4250: 0.6124312877655029


Test accuracy for step 4500: 0.8080707788467407

Test GAP RMS for gender and step 4500: 0.00897935125976801

Test GAP RMS for race and step 4500: 0.028885219246149063

Test balanced accuracy for step 4500: 0.6116030812263489


Test accuracy for step 4750: 0.8158098459243774

Test GAP RMS for gender and step 4750: 0.018246658146381378

Test GAP RMS for race and step 4750: 0.00581301050260663

Test balanced accuracy for step 4750: 0.6299888491630554


Test accuracy for step 5000: 0.8129353523254395

Test GAP RMS for gender and step 5000: 0.013244742527604103

Test GAP RMS for race and step 5000: 0.023953557014465332

Test balanced accuracy for step 5000: 0.6226879954338074


Test accuracy for step 5250: 0.8127142190933228

Test GAP RMS for gender and step 5250: 0.010083416476845741

Test GAP RMS for race and step 5250: 0.029839929193258286

Test balanced accuracy for step 5250: 0.6217702627182007


Test accuracy for step 5500: 0.8134881258010864

Test GAP RMS for gender and step 5500: 0.016187511384487152

Test GAP RMS for race and step 5500: 0.022219175472855568

Test balanced accuracy for step 5500: 0.6239792704582214


Test accuracy for step 5750: 0.8150359392166138

Test GAP RMS for gender and step 5750: 0.01726888306438923

Test GAP RMS for race and step 5750: 0.020938308909535408

Test balanced accuracy for step 5750: 0.6277798414230347


Test accuracy for step 6000: 0.8145936727523804

Test GAP RMS for gender and step 6000: 0.01999787427484989

Test GAP RMS for race and step 6000: 0.018488524481654167

Test balanced accuracy for step 6000: 0.6264073848724365


Test accuracy for step 6250: 0.8122719526290894

Test GAP RMS for gender and step 6250: 0.010086191818118095

Test GAP RMS for race and step 6250: 0.01588292606174946

Test balanced accuracy for step 6250: 0.620397686958313


Test accuracy for step 6500: 0.8135986924171448

Test GAP RMS for gender and step 6500: 0.00954167079180479

Test GAP RMS for race and step 6500: 0.01769109256565571

Test balanced accuracy for step 6500: 0.6237435936927795


Test accuracy for step 6750: 0.8102819323539734

Test GAP RMS for gender and step 6750: 0.014809658750891685

Test GAP RMS for race and step 6750: 0.024121185764670372

Test balanced accuracy for step 6750: 0.6159963011741638


Test accuracy for step 7000: 0.8149253726005554

Test GAP RMS for gender and step 7000: 0.015263406559824944

Test GAP RMS for race and step 7000: 0.024418333545327187

Test balanced accuracy for step 7000: 0.6275525093078613


Test accuracy for step 7250: 0.8113874793052673

Test GAP RMS for gender and step 7250: 0.01090448908507824

Test GAP RMS for race and step 7250: 0.024185653775930405

Test balanced accuracy for step 7250: 0.6184243559837341


Test accuracy for step 7500: 0.8086235523223877

Test GAP RMS for gender and step 7500: 0.002374878618866205

Test GAP RMS for race and step 7500: 0.02085726521909237

Test balanced accuracy for step 7500: 0.6118139028549194


Test accuracy for step 7750: 0.8128247857093811

Test GAP RMS for gender and step 7750: 0.010301502421498299

Test GAP RMS for race and step 7750: 0.014551837928593159

Test balanced accuracy for step 7750: 0.6218432784080505


{'epsilon': 0.1, 'lr': 0.0001, 'wlr': 1e-05, 'w_reg': 40.0}
Final test accuracy: 0.8129353523254395
Final test GAP RMS for gender: 0.015514248050749302
Final test GAP RMS for race: 0.021833522245287895
Final test balanced accuracy: 0.6217619776725769


