2020-05-21 16:32:45.144112: W tensorflow/stream_executor/platform/default/dso_loader.cc:55] Could not load dynamic library 'libnvinfer.so.6'; dlerror: libnvinfer.so.6: cannot open shared object file: No such file or directory; LD_LIBRARY_PATH: /sw/arcts/centos7/python3.6-anaconda/5.2.0/lib:/opt/slurm/lib64::
2020-05-21 16:32:45.144614: W tensorflow/stream_executor/platform/default/dso_loader.cc:55] Could not load dynamic library 'libnvinfer_plugin.so.6'; dlerror: libnvinfer_plugin.so.6: cannot open shared object file: No such file or directory; LD_LIBRARY_PATH: /sw/arcts/centos7/python3.6-anaconda/5.2.0/lib:/opt/slurm/lib64::
2020-05-21 16:32:45.144626: W tensorflow/compiler/tf2tensorrt/utils/py_utils.cc:30] Cannot dlopen some TensorRT libraries. If you would like to use Nvidia GPU with TensorRT, please make sure the missing libraries mentioned above are installed properly.
2020-05-21 16:32:52.100605: W tensorflow/stream_executor/platform/default/dso_loader.cc:55] Could not load dynamic library 'libcuda.so.1'; dlerror: libcuda.so.1: cannot open shared object file: No such file or directory; LD_LIBRARY_PATH: /sw/arcts/centos7/python3.6-anaconda/5.2.0/lib:/opt/slurm/lib64::
2020-05-21 16:32:52.102482: E tensorflow/stream_executor/cuda/cuda_driver.cc:351] failed call to cuInit: UNKNOWN ERROR (303)
2020-05-21 16:32:52.102503: I tensorflow/stream_executor/cuda/cuda_diagnostics.cc:156] kernel driver does not appear to be running on this host (gl3166.arc-ts.umich.edu): /proc/driver/nvidia/version does not exist
2020-05-21 16:32:52.102815: I tensorflow/core/platform/cpu_feature_guard.cc:142] Your CPU supports instructions that this TensorFlow binary was not compiled to use: AVX2 AVX512F FMA
2020-05-21 16:32:52.109730: I tensorflow/core/platform/profile_utils/cpu_utils.cc:94] CPU Frequency: 3000000000 Hz
2020-05-21 16:32:52.109818: I tensorflow/compiler/xla/service/service.cc:168] XLA service 0x558970a31b40 initialized for platform Host (this does not guarantee that XLA will be used). Devices:
2020-05-21 16:32:52.109828: I tensorflow/compiler/xla/service/service.cc:176]   StreamExecutor device (0): Host, Default Version
/sw/arcts/centos7/python3.6-anaconda/5.2.0/lib/python3.6/site-packages/h5py/__init__.py:36: FutureWarning: Conversion of the second argument of issubdtype from `float` to `np.floating` is deprecated. In future, it will be treated as `np.float64 == np.dtype(float).type`.
  from ._conv import register_converters as _register_converters
WARNING:tensorflow:From /home/smaity/.local/lib/python3.6/site-packages/tensorflow_core/python/ops/array_grad.py:563: _EagerTensorBase.cpu (from tensorflow.python.framework.ops) is deprecated and will be removed in a future version.
Instructions for updating:
Use tf.identity instead.
2020-05-21 16:58:55.355572: W tensorflow/python/util/util.cc:319] Sets are not currently considered sequences, but this may change in the future, so consider avoiding using them.
WARNING:tensorflow:From /home/smaity/.local/lib/python3.6/site-packages/tensorflow_core/python/ops/resource_variable_ops.py:1786: calling BaseResourceVariable.__init__ (from tensorflow.python.ops.resource_variable_ops) with constraint is deprecated and will be removed in a future version.
Instructions for updating:
If using Keras pass *_constraint arguments to layers.
Test accuracy for step 250: 0.6191266179084778

Test GAP RMS for gender and step 250: 0.12737080454826355

Test GAP RMS for race and step 250: 0.013214298523962498

Test balanced accuracy for step 250: 0.47582748532295227


Test accuracy for step 500: 0.8334991931915283

Test GAP RMS for gender and step 500: 0.34655576944351196

Test GAP RMS for race and step 500: 0.06942012906074524

Test balanced accuracy for step 500: 0.7449284791946411


Test accuracy for step 750: 0.8443338871002197

Test GAP RMS for gender and step 750: 0.24073366820812225

Test GAP RMS for race and step 750: 0.05341365933418274

Test balanced accuracy for step 750: 0.7567161917686462


Test accuracy for step 1000: 0.8453289270401001

Test GAP RMS for gender and step 1000: 0.17656713724136353

Test GAP RMS for race and step 1000: 0.040635738521814346

Test balanced accuracy for step 1000: 0.7447175979614258


Test accuracy for step 1250: 0.8472083806991577

Test GAP RMS for gender and step 1250: 0.15365979075431824

Test GAP RMS for race and step 1250: 0.04131753742694855

Test balanced accuracy for step 1250: 0.7481199502944946


Test accuracy for step 1500: 0.8483139872550964

Test GAP RMS for gender and step 1500: 0.13696883618831635

Test GAP RMS for race and step 1500: 0.043289925903081894

Test balanced accuracy for step 1500: 0.7522457838058472


Test accuracy for step 1750: 0.8487561941146851

Test GAP RMS for gender and step 1750: 0.12927839159965515

Test GAP RMS for race and step 1750: 0.048690419644117355

Test balanced accuracy for step 1750: 0.7516118288040161


Test accuracy for step 2000: 0.8498618006706238

Test GAP RMS for gender and step 2000: 0.11968442797660828

Test GAP RMS for race and step 2000: 0.050132595002651215

Test balanced accuracy for step 2000: 0.7500271201133728


Test accuracy for step 2250: 0.8483139872550964

Test GAP RMS for gender and step 2250: 0.0939980298280716

Test GAP RMS for race and step 2250: 0.04564035311341286

Test balanced accuracy for step 2250: 0.7388181090354919


Test accuracy for step 2500: 0.8486456871032715

Test GAP RMS for gender and step 2500: 0.06806964427232742

Test GAP RMS for race and step 2500: 0.0323830209672451

Test balanced accuracy for step 2500: 0.738111138343811


Test accuracy for step 2750: 0.8498618006706238

Test GAP RMS for gender and step 2750: 0.06019158288836479

Test GAP RMS for race and step 2750: 0.03575065732002258

Test balanced accuracy for step 2750: 0.7407666444778442


Test accuracy for step 3000: 0.8478717803955078

Test GAP RMS for gender and step 3000: 0.050639890134334564

Test GAP RMS for race and step 3000: 0.03407958894968033

Test balanced accuracy for step 3000: 0.7323523759841919


Test accuracy for step 3250: 0.8453289270401001

Test GAP RMS for gender and step 3250: 0.03762293979525566

Test GAP RMS for race and step 3250: 0.0196253452450037

Test balanced accuracy for step 3250: 0.7211034297943115


Test accuracy for step 3500: 0.8451077938079834

Test GAP RMS for gender and step 3500: 0.028440305963158607

Test GAP RMS for race and step 3500: 0.014643204398453236

Test balanced accuracy for step 3500: 0.7212660312652588


Test accuracy for step 3750: 0.8447760939598083

Test GAP RMS for gender and step 3750: 0.02386259287595749

Test GAP RMS for race and step 3750: 0.011321614496409893

Test balanced accuracy for step 3750: 0.7191948294639587


Test accuracy for step 4000: 0.8424543738365173

Test GAP RMS for gender and step 4000: 0.01816932111978531

Test GAP RMS for race and step 4000: 0.007750094868242741

Test balanced accuracy for step 4000: 0.7062398791313171


Test accuracy for step 4250: 0.8401326537132263

Test GAP RMS for gender and step 4250: 0.017500808462500572

Test GAP RMS for race and step 4250: 0.008026289753615856

Test balanced accuracy for step 4250: 0.6985324621200562


Test accuracy for step 4500: 0.8386954069137573

Test GAP RMS for gender and step 4500: 0.017440466210246086

Test GAP RMS for race and step 4500: 0.016567690297961235

Test balanced accuracy for step 4500: 0.6926441192626953


Test accuracy for step 4750: 0.8415699005126953

Test GAP RMS for gender and step 4750: 0.021421998739242554

Test GAP RMS for race and step 4750: 0.012513888999819756

Test balanced accuracy for step 4750: 0.7016427516937256


Test accuracy for step 5000: 0.8382532000541687

Test GAP RMS for gender and step 5000: 0.01963234692811966

Test GAP RMS for race and step 5000: 0.015764519572257996

Test balanced accuracy for step 5000: 0.6909629106521606


Test accuracy for step 5250: 0.8378109335899353

Test GAP RMS for gender and step 5250: 0.014439577236771584

Test GAP RMS for race and step 5250: 0.018792083486914635

Test balanced accuracy for step 5250: 0.6894360780715942


Test accuracy for step 5500: 0.8369264602661133

Test GAP RMS for gender and step 5500: 0.020951775833964348

Test GAP RMS for race and step 5500: 0.015389550477266312

Test balanced accuracy for step 5500: 0.6869996786117554


Test accuracy for step 5750: 0.8368158936500549

Test GAP RMS for gender and step 5750: 0.027896957471966743

Test GAP RMS for race and step 5750: 0.022625701501965523

Test balanced accuracy for step 5750: 0.6869266629219055


Test accuracy for step 6000: 0.8367053866386414

Test GAP RMS for gender and step 6000: 0.025314023718237877

Test GAP RMS for race and step 6000: 0.021307816728949547

Test balanced accuracy for step 6000: 0.6857732534408569


Test accuracy for step 6250: 0.8346047401428223

Test GAP RMS for gender and step 6250: 0.019361460581421852

Test GAP RMS for race and step 6250: 0.020431067794561386

Test balanced accuracy for step 6250: 0.6780575513839722


Test accuracy for step 6500: 0.8350470066070557

Test GAP RMS for gender and step 6500: 0.01428771298378706

Test GAP RMS for race and step 6500: 0.020067859441041946

Test balanced accuracy for step 6500: 0.6802018284797668


Test accuracy for step 6750: 0.8321724534034729

Test GAP RMS for gender and step 6750: 0.018186399713158607

Test GAP RMS for race and step 6750: 0.009729219600558281

Test balanced accuracy for step 6750: 0.6713575720787048


Test accuracy for step 7000: 0.8331674933433533

Test GAP RMS for gender and step 7000: 0.012606601230800152

Test GAP RMS for race and step 7000: 0.017438804730772972

Test balanced accuracy for step 7000: 0.6751016974449158


Test accuracy for step 7250: 0.8297401666641235

Test GAP RMS for gender and step 7250: 0.021787069737911224

Test GAP RMS for race and step 7250: 0.004549077246338129

Test balanced accuracy for step 7250: 0.6637315154075623


Test accuracy for step 7500: 0.8299612998962402

Test GAP RMS for gender and step 7500: 0.019328756257891655

Test GAP RMS for race and step 7500: 0.01116332970559597

Test balanced accuracy for step 7500: 0.6638776063919067


Test accuracy for step 7750: 0.8301824331283569

Test GAP RMS for gender and step 7750: 0.02316737174987793

Test GAP RMS for race and step 7750: 0.010148044675588608

Test balanced accuracy for step 7750: 0.6644866466522217


{'epsilon': 0.01, 'lr': 0.0001, 'wlr': 5e-06, 'w_reg': 50.0}
Final test accuracy: 0.8276395797729492
Final test GAP RMS for gender: 0.024104777723550797
Final test GAP RMS for race: 0.004020934458822012
Final test balanced accuracy: 0.6569418907165527


