2020-05-21 16:32:41.398710: W tensorflow/stream_executor/platform/default/dso_loader.cc:55] Could not load dynamic library 'libnvinfer.so.6'; dlerror: libnvinfer.so.6: cannot open shared object file: No such file or directory; LD_LIBRARY_PATH: /sw/arcts/centos7/python3.6-anaconda/5.2.0/lib:/opt/slurm/lib64::
2020-05-21 16:32:41.400984: W tensorflow/stream_executor/platform/default/dso_loader.cc:55] Could not load dynamic library 'libnvinfer_plugin.so.6'; dlerror: libnvinfer_plugin.so.6: cannot open shared object file: No such file or directory; LD_LIBRARY_PATH: /sw/arcts/centos7/python3.6-anaconda/5.2.0/lib:/opt/slurm/lib64::
2020-05-21 16:32:41.401011: W tensorflow/compiler/tf2tensorrt/utils/py_utils.cc:30] Cannot dlopen some TensorRT libraries. If you would like to use Nvidia GPU with TensorRT, please make sure the missing libraries mentioned above are installed properly.
2020-05-21 16:32:47.014093: W tensorflow/stream_executor/platform/default/dso_loader.cc:55] Could not load dynamic library 'libcuda.so.1'; dlerror: libcuda.so.1: cannot open shared object file: No such file or directory; LD_LIBRARY_PATH: /sw/arcts/centos7/python3.6-anaconda/5.2.0/lib:/opt/slurm/lib64::
2020-05-21 16:32:47.014378: E tensorflow/stream_executor/cuda/cuda_driver.cc:351] failed call to cuInit: UNKNOWN ERROR (303)
2020-05-21 16:32:47.014410: I tensorflow/stream_executor/cuda/cuda_diagnostics.cc:156] kernel driver does not appear to be running on this host (gl3156.arc-ts.umich.edu): /proc/driver/nvidia/version does not exist
2020-05-21 16:32:47.014928: I tensorflow/core/platform/cpu_feature_guard.cc:142] Your CPU supports instructions that this TensorFlow binary was not compiled to use: AVX2 AVX512F FMA
2020-05-21 16:32:47.022889: I tensorflow/core/platform/profile_utils/cpu_utils.cc:94] CPU Frequency: 3000000000 Hz
2020-05-21 16:32:47.022992: I tensorflow/compiler/xla/service/service.cc:168] XLA service 0x55b99b6bdb80 initialized for platform Host (this does not guarantee that XLA will be used). Devices:
2020-05-21 16:32:47.023002: I tensorflow/compiler/xla/service/service.cc:176]   StreamExecutor device (0): Host, Default Version
/sw/arcts/centos7/python3.6-anaconda/5.2.0/lib/python3.6/site-packages/h5py/__init__.py:36: FutureWarning: Conversion of the second argument of issubdtype from `float` to `np.floating` is deprecated. In future, it will be treated as `np.float64 == np.dtype(float).type`.
  from ._conv import register_converters as _register_converters
WARNING:tensorflow:From /home/smaity/.local/lib/python3.6/site-packages/tensorflow_core/python/ops/array_grad.py:563: _EagerTensorBase.cpu (from tensorflow.python.framework.ops) is deprecated and will be removed in a future version.
Instructions for updating:
Use tf.identity instead.
2020-05-21 17:00:25.838445: W tensorflow/python/util/util.cc:319] Sets are not currently considered sequences, but this may change in the future, so consider avoiding using them.
WARNING:tensorflow:From /home/smaity/.local/lib/python3.6/site-packages/tensorflow_core/python/ops/resource_variable_ops.py:1786: calling BaseResourceVariable.__init__ (from tensorflow.python.ops.resource_variable_ops) with constraint is deprecated and will be removed in a future version.
Instructions for updating:
If using Keras pass *_constraint arguments to layers.
Test accuracy for step 250: 0.6179104447364807

Test GAP RMS for gender and step 250: 0.12795229256153107

Test GAP RMS for race and step 250: 0.01893742009997368

Test balanced accuracy for step 250: 0.4818150997161865


Test accuracy for step 500: 0.8108347058296204

Test GAP RMS for gender and step 500: 0.2909800708293915

Test GAP RMS for race and step 500: 0.07526641339063644

Test balanced accuracy for step 500: 0.8026506900787354


Test accuracy for step 750: 0.8197899460792542

Test GAP RMS for gender and step 750: 0.21854758262634277

Test GAP RMS for race and step 750: 0.06247802451252937

Test balanced accuracy for step 750: 0.8130424618721008


Test accuracy for step 1000: 0.8273078799247742

Test GAP RMS for gender and step 1000: 0.19087880849838257

Test GAP RMS for race and step 1000: 0.06648454070091248

Test balanced accuracy for step 1000: 0.8098288178443909


Test accuracy for step 1250: 0.8297401666641235

Test GAP RMS for gender and step 1250: 0.1790643036365509

Test GAP RMS for race and step 1250: 0.06546032428741455

Test balanced accuracy for step 1250: 0.8125159740447998


Test accuracy for step 1500: 0.8292979598045349

Test GAP RMS for gender and step 1500: 0.16674499213695526

Test GAP RMS for race and step 1500: 0.060754869133234024

Test balanced accuracy for step 1500: 0.8163909912109375


Test accuracy for step 1750: 0.8299612998962402

Test GAP RMS for gender and step 1750: 0.17471431195735931

Test GAP RMS for race and step 1750: 0.059305667877197266

Test balanced accuracy for step 1750: 0.8177552819252014


Test accuracy for step 2000: 0.8289662599563599

Test GAP RMS for gender and step 2000: 0.1732950508594513

Test GAP RMS for race and step 2000: 0.06222299113869667

Test balanced accuracy for step 2000: 0.8174066543579102


Test accuracy for step 2250: 0.8337202668190002

Test GAP RMS for gender and step 2250: 0.16656532883644104

Test GAP RMS for race and step 2250: 0.059153445065021515

Test balanced accuracy for step 2250: 0.8128300905227661


Test accuracy for step 2500: 0.8367053866386414

Test GAP RMS for gender and step 2500: 0.15056103467941284

Test GAP RMS for race and step 2500: 0.06515012681484222

Test balanced accuracy for step 2500: 0.8168085217475891


Test accuracy for step 2750: 0.8306246399879456

Test GAP RMS for gender and step 2750: 0.16234514117240906

Test GAP RMS for race and step 2750: 0.05551823601126671

Test balanced accuracy for step 2750: 0.8200455904006958


Test accuracy for step 3000: 0.8322830200195312

Test GAP RMS for gender and step 3000: 0.17055249214172363

Test GAP RMS for race and step 3000: 0.05766228213906288

Test balanced accuracy for step 3000: 0.8160479068756104


Test accuracy for step 3250: 0.8350470066070557

Test GAP RMS for gender and step 3250: 0.16148915886878967

Test GAP RMS for race and step 3250: 0.05500879883766174

Test balanced accuracy for step 3250: 0.8157129883766174


Test accuracy for step 3500: 0.8363736867904663

Test GAP RMS for gender and step 3500: 0.14405617117881775

Test GAP RMS for race and step 3500: 0.06212548166513443

Test balanced accuracy for step 3500: 0.816280722618103


Test accuracy for step 3750: 0.8350470066070557

Test GAP RMS for gender and step 3750: 0.14698441326618195

Test GAP RMS for race and step 3750: 0.058506786823272705

Test balanced accuracy for step 3750: 0.8189541101455688


Test accuracy for step 4000: 0.8378109335899353

Test GAP RMS for gender and step 4000: 0.1536620855331421

Test GAP RMS for race and step 4000: 0.057720083743333817

Test balanced accuracy for step 4000: 0.8124456405639648


Test accuracy for step 4250: 0.8355997800827026

Test GAP RMS for gender and step 4250: 0.1628149151802063

Test GAP RMS for race and step 4250: 0.0565766803920269

Test balanced accuracy for step 4250: 0.8146890997886658


Test accuracy for step 4500: 0.8415699005126953

Test GAP RMS for gender and step 4500: 0.13760963082313538

Test GAP RMS for race and step 4500: 0.058430351316928864

Test balanced accuracy for step 4500: 0.8092182278633118


Test accuracy for step 4750: 0.8390271067619324

Test GAP RMS for gender and step 4750: 0.13626156747341156

Test GAP RMS for race and step 4750: 0.05754796043038368

Test balanced accuracy for step 4750: 0.8209660053253174


Test accuracy for step 5000: 0.8396904468536377

Test GAP RMS for gender and step 5000: 0.13590921461582184

Test GAP RMS for race and step 5000: 0.055658865720033646

Test balanced accuracy for step 5000: 0.8143045902252197


Test accuracy for step 5250: 0.8382532000541687

Test GAP RMS for gender and step 5250: 0.13942551612854004

Test GAP RMS for race and step 5250: 0.053995486348867416

Test balanced accuracy for step 5250: 0.8156702518463135


Test accuracy for step 5500: 0.838363766670227

Test GAP RMS for gender and step 5500: 0.12705841660499573

Test GAP RMS for race and step 5500: 0.05088013410568237

Test balanced accuracy for step 5500: 0.8134281635284424


Test accuracy for step 5750: 0.839801013469696

Test GAP RMS for gender and step 5750: 0.13218091428279877

Test GAP RMS for race and step 5750: 0.055594608187675476

Test balanced accuracy for step 5750: 0.8211686015129089


Test accuracy for step 6000: 0.836263120174408

Test GAP RMS for gender and step 6000: 0.13482488691806793

Test GAP RMS for race and step 6000: 0.055149875581264496

Test balanced accuracy for step 6000: 0.8192945122718811


Test accuracy for step 6250: 0.8367053866386414

Test GAP RMS for gender and step 6250: 0.1392589956521988

Test GAP RMS for race and step 6250: 0.054339777678251266

Test balanced accuracy for step 6250: 0.8189692497253418


Test accuracy for step 6500: 0.8359314799308777

Test GAP RMS for gender and step 6500: 0.13538764417171478

Test GAP RMS for race and step 6500: 0.052854541689157486

Test balanced accuracy for step 6500: 0.8189210891723633


Test accuracy for step 6750: 0.8399115800857544

Test GAP RMS for gender and step 6750: 0.11612439155578613

Test GAP RMS for race and step 6750: 0.05190661922097206

Test balanced accuracy for step 6750: 0.8115181922912598


Test accuracy for step 7000: 0.838363766670227

Test GAP RMS for gender and step 7000: 0.12871098518371582

Test GAP RMS for race and step 7000: 0.050954435020685196

Test balanced accuracy for step 7000: 0.8166693449020386


Test accuracy for step 7250: 0.8386954069137573

Test GAP RMS for gender and step 7250: 0.1275213211774826

Test GAP RMS for race and step 7250: 0.05287524312734604

Test balanced accuracy for step 7250: 0.8159623742103577


Test accuracy for step 7500: 0.8388059735298157

Test GAP RMS for gender and step 7500: 0.13346725702285767

Test GAP RMS for race and step 7500: 0.04810217767953873

Test balanced accuracy for step 7500: 0.8174245357513428


Test accuracy for step 7750: 0.8388059735298157

Test GAP RMS for gender and step 7750: 0.11679016798734665

Test GAP RMS for race and step 7750: 0.04976007342338562

Test balanced accuracy for step 7750: 0.8137202858924866


{'epsilon': 0.01, 'lr': 0.0001, 'wlr': 1e-06, 'w_reg': 10.0}
Final test accuracy: 0.837479293346405
Final test GAP RMS for gender: 0.12149658054113388
Final test GAP RMS for race: 0.05046095699071884
Final test balanced accuracy: 0.8168567419052124


