2020-05-21 16:32:43.747609: W tensorflow/stream_executor/platform/default/dso_loader.cc:55] Could not load dynamic library 'libnvinfer.so.6'; dlerror: libnvinfer.so.6: cannot open shared object file: No such file or directory; LD_LIBRARY_PATH: /sw/arcts/centos7/python3.6-anaconda/5.2.0/lib:/opt/slurm/lib64::
2020-05-21 16:32:43.747710: W tensorflow/stream_executor/platform/default/dso_loader.cc:55] Could not load dynamic library 'libnvinfer_plugin.so.6'; dlerror: libnvinfer_plugin.so.6: cannot open shared object file: No such file or directory; LD_LIBRARY_PATH: /sw/arcts/centos7/python3.6-anaconda/5.2.0/lib:/opt/slurm/lib64::
2020-05-21 16:32:43.747721: W tensorflow/compiler/tf2tensorrt/utils/py_utils.cc:30] Cannot dlopen some TensorRT libraries. If you would like to use Nvidia GPU with TensorRT, please make sure the missing libraries mentioned above are installed properly.
2020-05-21 16:32:50.806861: W tensorflow/stream_executor/platform/default/dso_loader.cc:55] Could not load dynamic library 'libcuda.so.1'; dlerror: libcuda.so.1: cannot open shared object file: No such file or directory; LD_LIBRARY_PATH: /sw/arcts/centos7/python3.6-anaconda/5.2.0/lib:/opt/slurm/lib64::
2020-05-21 16:32:50.807046: E tensorflow/stream_executor/cuda/cuda_driver.cc:351] failed call to cuInit: UNKNOWN ERROR (303)
2020-05-21 16:32:50.807076: I tensorflow/stream_executor/cuda/cuda_diagnostics.cc:156] kernel driver does not appear to be running on this host (gl3264.arc-ts.umich.edu): /proc/driver/nvidia/version does not exist
2020-05-21 16:32:50.807528: I tensorflow/core/platform/cpu_feature_guard.cc:142] Your CPU supports instructions that this TensorFlow binary was not compiled to use: AVX2 AVX512F FMA
2020-05-21 16:32:50.814963: I tensorflow/core/platform/profile_utils/cpu_utils.cc:94] CPU Frequency: 3000000000 Hz
2020-05-21 16:32:50.815074: I tensorflow/compiler/xla/service/service.cc:168] XLA service 0x55eb6863cce0 initialized for platform Host (this does not guarantee that XLA will be used). Devices:
2020-05-21 16:32:50.815085: I tensorflow/compiler/xla/service/service.cc:176]   StreamExecutor device (0): Host, Default Version
/sw/arcts/centos7/python3.6-anaconda/5.2.0/lib/python3.6/site-packages/h5py/__init__.py:36: FutureWarning: Conversion of the second argument of issubdtype from `float` to `np.floating` is deprecated. In future, it will be treated as `np.float64 == np.dtype(float).type`.
  from ._conv import register_converters as _register_converters
WARNING:tensorflow:From /home/smaity/.local/lib/python3.6/site-packages/tensorflow_core/python/ops/array_grad.py:563: _EagerTensorBase.cpu (from tensorflow.python.framework.ops) is deprecated and will be removed in a future version.
Instructions for updating:
Use tf.identity instead.
2020-05-21 16:59:05.562359: W tensorflow/python/util/util.cc:319] Sets are not currently considered sequences, but this may change in the future, so consider avoiding using them.
WARNING:tensorflow:From /home/smaity/.local/lib/python3.6/site-packages/tensorflow_core/python/ops/resource_variable_ops.py:1786: calling BaseResourceVariable.__init__ (from tensorflow.python.ops.resource_variable_ops) with constraint is deprecated and will be removed in a future version.
Instructions for updating:
If using Keras pass *_constraint arguments to layers.
Test accuracy for step 250: 0.6195688247680664

Test GAP RMS for gender and step 250: 0.12707580626010895

Test GAP RMS for race and step 250: 0.014148896560072899

Test balanced accuracy for step 250: 0.4770456552505493


Test accuracy for step 500: 0.8228855729103088

Test GAP RMS for gender and step 500: 0.3737160265445709

Test GAP RMS for race and step 500: 0.10285090655088425

Test balanced accuracy for step 500: 0.7797434329986572


Test accuracy for step 750: 0.8295190930366516

Test GAP RMS for gender and step 750: 0.2906533479690552

Test GAP RMS for race and step 750: 0.07416748255491257

Test balanced accuracy for step 750: 0.7930773496627808


Test accuracy for step 1000: 0.8406854867935181

Test GAP RMS for gender and step 1000: 0.26843979954719543

Test GAP RMS for race and step 1000: 0.0829644575715065

Test balanced accuracy for step 1000: 0.7908847332000732


Test accuracy for step 1250: 0.8428966403007507

Test GAP RMS for gender and step 1250: 0.2576434314250946

Test GAP RMS for race and step 1250: 0.0807001069188118

Test balanced accuracy for step 1250: 0.7941975593566895


Test accuracy for step 1500: 0.841791033744812

Test GAP RMS for gender and step 1500: 0.2490490823984146

Test GAP RMS for race and step 1500: 0.06822213530540466

Test balanced accuracy for step 1500: 0.7957823276519775


Test accuracy for step 1750: 0.8392481803894043

Test GAP RMS for gender and step 1750: 0.26480787992477417

Test GAP RMS for race and step 1750: 0.06946917623281479

Test balanced accuracy for step 1750: 0.7956458926200867


Test accuracy for step 2000: 0.839469313621521

Test GAP RMS for gender and step 2000: 0.26270464062690735

Test GAP RMS for race and step 2000: 0.06636602431535721

Test balanced accuracy for step 2000: 0.7968723773956299


Test accuracy for step 2250: 0.8416804671287537

Test GAP RMS for gender and step 2250: 0.2525366544723511

Test GAP RMS for race and step 2250: 0.07347288727760315

Test balanced accuracy for step 2250: 0.7913877367973328


Test accuracy for step 2500: 0.843228280544281

Test GAP RMS for gender and step 2500: 0.23544706404209137

Test GAP RMS for race and step 2500: 0.06585881114006042

Test balanced accuracy for step 2500: 0.7970404624938965


Test accuracy for step 2750: 0.8382532000541687

Test GAP RMS for gender and step 2750: 0.2553878724575043

Test GAP RMS for race and step 2750: 0.06879375874996185

Test balanced accuracy for step 2750: 0.8006991744041443


Test accuracy for step 3000: 0.8359314799308777

Test GAP RMS for gender and step 3000: 0.2655852138996124

Test GAP RMS for race and step 3000: 0.06416202336549759

Test balanced accuracy for step 3000: 0.8005545139312744


Test accuracy for step 3250: 0.838032066822052

Test GAP RMS for gender and step 3250: 0.24820786714553833

Test GAP RMS for race and step 3250: 0.06862259656190872

Test balanced accuracy for step 3250: 0.7994726896286011


Test accuracy for step 3500: 0.8396904468536377

Test GAP RMS for gender and step 3500: 0.23807665705680847

Test GAP RMS for race and step 3500: 0.06947322934865952

Test balanced accuracy for step 3500: 0.801031231880188


Test accuracy for step 3750: 0.836263120174408

Test GAP RMS for gender and step 3750: 0.24149978160858154

Test GAP RMS for race and step 3750: 0.0708003044128418

Test balanced accuracy for step 3750: 0.8041691184043884


Test accuracy for step 4000: 0.838363766670227

Test GAP RMS for gender and step 4000: 0.24443086981773376

Test GAP RMS for race and step 4000: 0.06786224246025085

Test balanced accuracy for step 4000: 0.8024699687957764


Test accuracy for step 4250: 0.835710346698761

Test GAP RMS for gender and step 4250: 0.2573103904724121

Test GAP RMS for race and step 4250: 0.06803280860185623

Test balanced accuracy for step 4250: 0.8041126132011414


Test accuracy for step 4500: 0.8406854867935181

Test GAP RMS for gender and step 4500: 0.230421781539917

Test GAP RMS for race and step 4500: 0.06459216773509979

Test balanced accuracy for step 4500: 0.7978301048278809


Test accuracy for step 4750: 0.8379215002059937

Test GAP RMS for gender and step 4750: 0.24531829357147217

Test GAP RMS for race and step 4750: 0.06647953391075134

Test balanced accuracy for step 4750: 0.807888388633728


Test accuracy for step 5000: 0.8381426334381104

Test GAP RMS for gender and step 5000: 0.2419256716966629

Test GAP RMS for race and step 5000: 0.07114673405885696

Test balanced accuracy for step 5000: 0.8057193756103516


Test accuracy for step 5250: 0.8355997800827026

Test GAP RMS for gender and step 5250: 0.2554994225502014

Test GAP RMS for race and step 5250: 0.06819703429937363

Test balanced accuracy for step 5250: 0.8068177103996277


Test accuracy for step 5500: 0.837479293346405

Test GAP RMS for gender and step 5500: 0.2384406179189682

Test GAP RMS for race and step 5500: 0.06862706691026688

Test balanced accuracy for step 5500: 0.8066702485084534


Test accuracy for step 5750: 0.83714759349823

Test GAP RMS for gender and step 5750: 0.23579135537147522

Test GAP RMS for race and step 5750: 0.06584697961807251

Test balanced accuracy for step 5750: 0.810309648513794


Test accuracy for step 6000: 0.8344941735267639

Test GAP RMS for gender and step 6000: 0.24347221851348877

Test GAP RMS for race and step 6000: 0.06491883844137192

Test balanced accuracy for step 6000: 0.8131870031356812


Test accuracy for step 6250: 0.8343836665153503

Test GAP RMS for gender and step 6250: 0.2514233887195587

Test GAP RMS for race and step 6250: 0.0630028173327446

Test balanced accuracy for step 6250: 0.8128052949905396


Test accuracy for step 6500: 0.8338308334350586

Test GAP RMS for gender and step 6500: 0.245449960231781

Test GAP RMS for race and step 6500: 0.06250599771738052

Test balanced accuracy for step 6500: 0.8136748671531677


Test accuracy for step 6750: 0.8358209133148193

Test GAP RMS for gender and step 6750: 0.23182520270347595

Test GAP RMS for race and step 6750: 0.06276985257863998

Test balanced accuracy for step 6750: 0.8103592991828918


Test accuracy for step 7000: 0.8349364399909973

Test GAP RMS for gender and step 7000: 0.2287311851978302

Test GAP RMS for race and step 7000: 0.06686782836914062

Test balanced accuracy for step 7000: 0.8157942891120911


Test accuracy for step 7250: 0.8347153067588806

Test GAP RMS for gender and step 7250: 0.2315441370010376

Test GAP RMS for race and step 7250: 0.06841668486595154

Test balanced accuracy for step 7250: 0.8148764967918396


Test accuracy for step 7500: 0.8336097002029419

Test GAP RMS for gender and step 7500: 0.24330489337444305

Test GAP RMS for race and step 7500: 0.06335275620222092

Test balanced accuracy for step 7500: 0.8149178624153137


Test accuracy for step 7750: 0.8329463601112366

Test GAP RMS for gender and step 7750: 0.23271723091602325

Test GAP RMS for race and step 7750: 0.06848172098398209

Test balanced accuracy for step 7750: 0.816486120223999


{'epsilon': 1e-05, 'lr': 0.0001, 'wlr': 1e-06, 'w_reg': 40.0}
Final test accuracy: 0.83338862657547
Final test GAP RMS for gender: 0.228698268532753
Final test GAP RMS for race: 0.06817129999399185
Final test balanced accuracy: 0.8161608576774597


