2020-05-21 16:32:42.062654: W tensorflow/stream_executor/platform/default/dso_loader.cc:55] Could not load dynamic library 'libnvinfer.so.6'; dlerror: libnvinfer.so.6: cannot open shared object file: No such file or directory; LD_LIBRARY_PATH: /sw/arcts/centos7/python3.6-anaconda/5.2.0/lib:/opt/slurm/lib64::
2020-05-21 16:32:42.079745: W tensorflow/stream_executor/platform/default/dso_loader.cc:55] Could not load dynamic library 'libnvinfer_plugin.so.6'; dlerror: libnvinfer_plugin.so.6: cannot open shared object file: No such file or directory; LD_LIBRARY_PATH: /sw/arcts/centos7/python3.6-anaconda/5.2.0/lib:/opt/slurm/lib64::
2020-05-21 16:32:42.079762: W tensorflow/compiler/tf2tensorrt/utils/py_utils.cc:30] Cannot dlopen some TensorRT libraries. If you would like to use Nvidia GPU with TensorRT, please make sure the missing libraries mentioned above are installed properly.
2020-05-21 16:32:50.822463: W tensorflow/stream_executor/platform/default/dso_loader.cc:55] Could not load dynamic library 'libcuda.so.1'; dlerror: libcuda.so.1: cannot open shared object file: No such file or directory; LD_LIBRARY_PATH: /sw/arcts/centos7/python3.6-anaconda/5.2.0/lib:/opt/slurm/lib64::
2020-05-21 16:32:50.822621: E tensorflow/stream_executor/cuda/cuda_driver.cc:351] failed call to cuInit: UNKNOWN ERROR (303)
2020-05-21 16:32:50.822641: I tensorflow/stream_executor/cuda/cuda_diagnostics.cc:156] kernel driver does not appear to be running on this host (gl3264.arc-ts.umich.edu): /proc/driver/nvidia/version does not exist
2020-05-21 16:32:50.822977: I tensorflow/core/platform/cpu_feature_guard.cc:142] Your CPU supports instructions that this TensorFlow binary was not compiled to use: AVX2 AVX512F FMA
2020-05-21 16:32:50.829891: I tensorflow/core/platform/profile_utils/cpu_utils.cc:94] CPU Frequency: 3000000000 Hz
2020-05-21 16:32:50.829983: I tensorflow/compiler/xla/service/service.cc:168] XLA service 0x562bded50b80 initialized for platform Host (this does not guarantee that XLA will be used). Devices:
2020-05-21 16:32:50.829993: I tensorflow/compiler/xla/service/service.cc:176]   StreamExecutor device (0): Host, Default Version
/sw/arcts/centos7/python3.6-anaconda/5.2.0/lib/python3.6/site-packages/h5py/__init__.py:36: FutureWarning: Conversion of the second argument of issubdtype from `float` to `np.floating` is deprecated. In future, it will be treated as `np.float64 == np.dtype(float).type`.
  from ._conv import register_converters as _register_converters
WARNING:tensorflow:From /home/smaity/.local/lib/python3.6/site-packages/tensorflow_core/python/ops/array_grad.py:563: _EagerTensorBase.cpu (from tensorflow.python.framework.ops) is deprecated and will be removed in a future version.
Instructions for updating:
Use tf.identity instead.
2020-05-21 16:59:05.122452: W tensorflow/python/util/util.cc:319] Sets are not currently considered sequences, but this may change in the future, so consider avoiding using them.
WARNING:tensorflow:From /home/smaity/.local/lib/python3.6/site-packages/tensorflow_core/python/ops/resource_variable_ops.py:1786: calling BaseResourceVariable.__init__ (from tensorflow.python.ops.resource_variable_ops) with constraint is deprecated and will be removed in a future version.
Instructions for updating:
If using Keras pass *_constraint arguments to layers.
Test accuracy for step 250: 0.6195688247680664

Test GAP RMS for gender and step 250: 0.12838101387023926

Test GAP RMS for race and step 250: 0.014970500022172928

Test balanced accuracy for step 250: 0.47874343395233154


Test accuracy for step 500: 0.8236594796180725

Test GAP RMS for gender and step 500: 0.36065635085105896

Test GAP RMS for race and step 500: 0.09061148017644882

Test balanced accuracy for step 500: 0.7882803678512573


Test accuracy for step 750: 0.8299612998962402

Test GAP RMS for gender and step 750: 0.2718639671802521

Test GAP RMS for race and step 750: 0.07902365177869797

Test balanced accuracy for step 750: 0.7947584986686707


Test accuracy for step 1000: 0.842343807220459

Test GAP RMS for gender and step 1000: 0.23316453397274017

Test GAP RMS for race and step 1000: 0.0871749296784401

Test balanced accuracy for step 1000: 0.7969191670417786


Test accuracy for step 1250: 0.8448866605758667

Test GAP RMS for gender and step 1250: 0.1950840801000595

Test GAP RMS for race and step 1250: 0.0805434063076973

Test balanced accuracy for step 1250: 0.7996793985366821


Test accuracy for step 1500: 0.843228280544281

Test GAP RMS for gender and step 1500: 0.17585165798664093

Test GAP RMS for race and step 1500: 0.07541602849960327

Test balanced accuracy for step 1500: 0.8013619780540466


Test accuracy for step 1750: 0.8434494137763977

Test GAP RMS for gender and step 1750: 0.16695882380008698

Test GAP RMS for race and step 1750: 0.07708726823329926

Test balanced accuracy for step 1750: 0.8038231134414673


Test accuracy for step 2000: 0.8448866605758667

Test GAP RMS for gender and step 2000: 0.15044733881950378

Test GAP RMS for race and step 2000: 0.07038412243127823

Test balanced accuracy for step 2000: 0.8032292127609253


Test accuracy for step 2250: 0.8453289270401001

Test GAP RMS for gender and step 2250: 0.13850516080856323

Test GAP RMS for race and step 2250: 0.06287773698568344

Test balanced accuracy for step 2250: 0.7979651093482971


Test accuracy for step 2500: 0.845550000667572

Test GAP RMS for gender and step 2500: 0.12127087265253067

Test GAP RMS for race and step 2500: 0.07176505029201508

Test balanced accuracy for step 2500: 0.7981112003326416


Test accuracy for step 2750: 0.843559980392456

Test GAP RMS for gender and step 2750: 0.12592890858650208

Test GAP RMS for race and step 2750: 0.06527156382799149

Test balanced accuracy for step 2750: 0.802044153213501


Test accuracy for step 3000: 0.8436705470085144

Test GAP RMS for gender and step 3000: 0.12699058651924133

Test GAP RMS for race and step 3000: 0.05877567082643509

Test balanced accuracy for step 3000: 0.8004193902015686


Test accuracy for step 3250: 0.8457711338996887

Test GAP RMS for gender and step 3250: 0.11428163200616837

Test GAP RMS for race and step 3250: 0.061343494802713394

Test balanced accuracy for step 3250: 0.7979485988616943


Test accuracy for step 3500: 0.844997227191925

Test GAP RMS for gender and step 3500: 0.10133184492588043

Test GAP RMS for race and step 3500: 0.05695229396224022

Test balanced accuracy for step 3500: 0.8002154231071472


Test accuracy for step 3750: 0.8447760939598083

Test GAP RMS for gender and step 3750: 0.09119894355535507

Test GAP RMS for race and step 3750: 0.04712068289518356

Test balanced accuracy for step 3750: 0.8013041019439697


Test accuracy for step 4000: 0.8459922671318054

Test GAP RMS for gender and step 4000: 0.09489326924085617

Test GAP RMS for race and step 4000: 0.061772022396326065

Test balanced accuracy for step 4000: 0.7953164577484131


Test accuracy for step 4250: 0.8466556072235107

Test GAP RMS for gender and step 4250: 0.08728957921266556

Test GAP RMS for race and step 4250: 0.05677428096532822

Test balanced accuracy for step 4250: 0.7960634231567383


Test accuracy for step 4500: 0.8498618006706238

Test GAP RMS for gender and step 4500: 0.07151847332715988

Test GAP RMS for race and step 4500: 0.04835144430398941

Test balanced accuracy for step 4500: 0.7929338216781616


Test accuracy for step 4750: 0.8461028337478638

Test GAP RMS for gender and step 4750: 0.0754396989941597

Test GAP RMS for race and step 4750: 0.05135222524404526

Test balanced accuracy for step 4750: 0.7987849712371826


Test accuracy for step 5000: 0.8470978736877441

Test GAP RMS for gender and step 5000: 0.07102421671152115

Test GAP RMS for race and step 5000: 0.05136736482381821

Test balanced accuracy for step 5000: 0.7960468530654907


Test accuracy for step 5250: 0.8487561941146851

Test GAP RMS for gender and step 5250: 0.06960435956716537

Test GAP RMS for race and step 5250: 0.04999499022960663

Test balanced accuracy for step 5250: 0.7955989837646484


Test accuracy for step 5500: 0.8484245538711548

Test GAP RMS for gender and step 5500: 0.06674376130104065

Test GAP RMS for race and step 5500: 0.041368402540683746

Test balanced accuracy for step 5500: 0.7953798770904541


Test accuracy for step 5750: 0.8488667607307434

Test GAP RMS for gender and step 5750: 0.07256609201431274

Test GAP RMS for race and step 5750: 0.041092392057180405

Test balanced accuracy for step 5750: 0.8015369176864624


Test accuracy for step 6000: 0.8461028337478638

Test GAP RMS for gender and step 6000: 0.07403919845819473

Test GAP RMS for race and step 6000: 0.047516029328107834

Test balanced accuracy for step 6000: 0.7994023561477661


Test accuracy for step 6250: 0.8469873070716858

Test GAP RMS for gender and step 6250: 0.0728258416056633

Test GAP RMS for race and step 6250: 0.047300465404987335

Test balanced accuracy for step 6250: 0.7978259325027466


Test accuracy for step 6500: 0.8462134003639221

Test GAP RMS for gender and step 6500: 0.07230550050735474

Test GAP RMS for race and step 6500: 0.040575962513685226

Test balanced accuracy for step 6500: 0.799938440322876


Test accuracy for step 6750: 0.8488667607307434

Test GAP RMS for gender and step 6750: 0.07316842675209045

Test GAP RMS for race and step 6750: 0.038338255137205124

Test balanced accuracy for step 6750: 0.796752393245697


Test accuracy for step 7000: 0.8469873070716858

Test GAP RMS for gender and step 7000: 0.07253158092498779

Test GAP RMS for race and step 7000: 0.03515026345849037

Test balanced accuracy for step 7000: 0.7958195209503174


Test accuracy for step 7250: 0.8477612137794495

Test GAP RMS for gender and step 7250: 0.06981850415468216

Test GAP RMS for race and step 7250: 0.036765020340681076

Test balanced accuracy for step 7250: 0.7961763739585876


Test accuracy for step 7500: 0.8482034206390381

Test GAP RMS for gender and step 7500: 0.0682026669383049

Test GAP RMS for race and step 7500: 0.037829235196113586

Test balanced accuracy for step 7500: 0.7939990758895874


Test accuracy for step 7750: 0.8467661738395691

Test GAP RMS for gender and step 7750: 0.07081936299800873

Test GAP RMS for race and step 7750: 0.03806667402386665

Test balanced accuracy for step 7750: 0.7978341579437256


{'epsilon': 0.001, 'lr': 0.0001, 'wlr': 1e-05, 'w_reg': 40.0}
Final test accuracy: 0.8459922671318054
Final test GAP RMS for gender: 0.06794527918100357
Final test GAP RMS for race: 0.03620944544672966
Final test balanced accuracy: 0.7945448160171509


