2020-05-21 16:32:41.570702: W tensorflow/stream_executor/platform/default/dso_loader.cc:55] Could not load dynamic library 'libnvinfer.so.6'; dlerror: libnvinfer.so.6: cannot open shared object file: No such file or directory; LD_LIBRARY_PATH: /sw/arcts/centos7/python3.6-anaconda/5.2.0/lib:/opt/slurm/lib64::
2020-05-21 16:32:41.571795: W tensorflow/stream_executor/platform/default/dso_loader.cc:55] Could not load dynamic library 'libnvinfer_plugin.so.6'; dlerror: libnvinfer_plugin.so.6: cannot open shared object file: No such file or directory; LD_LIBRARY_PATH: /sw/arcts/centos7/python3.6-anaconda/5.2.0/lib:/opt/slurm/lib64::
2020-05-21 16:32:41.571810: W tensorflow/compiler/tf2tensorrt/utils/py_utils.cc:30] Cannot dlopen some TensorRT libraries. If you would like to use Nvidia GPU with TensorRT, please make sure the missing libraries mentioned above are installed properly.
2020-05-21 16:32:47.592062: W tensorflow/stream_executor/platform/default/dso_loader.cc:55] Could not load dynamic library 'libcuda.so.1'; dlerror: libcuda.so.1: cannot open shared object file: No such file or directory; LD_LIBRARY_PATH: /sw/arcts/centos7/python3.6-anaconda/5.2.0/lib:/opt/slurm/lib64::
2020-05-21 16:32:47.592305: E tensorflow/stream_executor/cuda/cuda_driver.cc:351] failed call to cuInit: UNKNOWN ERROR (303)
2020-05-21 16:32:47.592330: I tensorflow/stream_executor/cuda/cuda_diagnostics.cc:156] kernel driver does not appear to be running on this host (gl3157.arc-ts.umich.edu): /proc/driver/nvidia/version does not exist
2020-05-21 16:32:47.592646: I tensorflow/core/platform/cpu_feature_guard.cc:142] Your CPU supports instructions that this TensorFlow binary was not compiled to use: AVX2 AVX512F FMA
2020-05-21 16:32:47.598905: I tensorflow/core/platform/profile_utils/cpu_utils.cc:94] CPU Frequency: 3000000000 Hz
2020-05-21 16:32:47.598996: I tensorflow/compiler/xla/service/service.cc:168] XLA service 0x55e1d826cc10 initialized for platform Host (this does not guarantee that XLA will be used). Devices:
2020-05-21 16:32:47.599006: I tensorflow/compiler/xla/service/service.cc:176]   StreamExecutor device (0): Host, Default Version
/sw/arcts/centos7/python3.6-anaconda/5.2.0/lib/python3.6/site-packages/h5py/__init__.py:36: FutureWarning: Conversion of the second argument of issubdtype from `float` to `np.floating` is deprecated. In future, it will be treated as `np.float64 == np.dtype(float).type`.
  from ._conv import register_converters as _register_converters
WARNING:tensorflow:From /home/smaity/.local/lib/python3.6/site-packages/tensorflow_core/python/ops/array_grad.py:563: _EagerTensorBase.cpu (from tensorflow.python.framework.ops) is deprecated and will be removed in a future version.
Instructions for updating:
Use tf.identity instead.
2020-05-21 16:59:19.905545: W tensorflow/python/util/util.cc:319] Sets are not currently considered sequences, but this may change in the future, so consider avoiding using them.
WARNING:tensorflow:From /home/smaity/.local/lib/python3.6/site-packages/tensorflow_core/python/ops/resource_variable_ops.py:1786: calling BaseResourceVariable.__init__ (from tensorflow.python.ops.resource_variable_ops) with constraint is deprecated and will be removed in a future version.
Instructions for updating:
If using Keras pass *_constraint arguments to layers.
Test accuracy for step 250: 0.616804838180542

Test GAP RMS for gender and step 250: 0.12923236191272736

Test GAP RMS for race and step 250: 0.013898316770792007

Test balanced accuracy for step 250: 0.4692004919052124


Test accuracy for step 500: 0.8330569267272949

Test GAP RMS for gender and step 500: 0.24336549639701843

Test GAP RMS for race and step 500: 0.049688924103975296

Test balanced accuracy for step 500: 0.6950929760932922


Test accuracy for step 750: 0.8433388471603394

Test GAP RMS for gender and step 750: 0.05211881920695305

Test GAP RMS for race and step 750: 0.029115812852978706

Test balanced accuracy for step 750: 0.7290492057800293


Test accuracy for step 1000: 0.841791033744812

Test GAP RMS for gender and step 1000: 0.021204916760325432

Test GAP RMS for race and step 1000: 0.01751703768968582

Test balanced accuracy for step 1000: 0.7132099866867065


Test accuracy for step 1250: 0.841238260269165

Test GAP RMS for gender and step 1250: 0.02100737951695919

Test GAP RMS for race and step 1250: 0.011033752001821995

Test balanced accuracy for step 1250: 0.7055908441543579


Test accuracy for step 1500: 0.8503040075302124

Test GAP RMS for gender and step 1500: 0.04142344370484352

Test GAP RMS for race and step 1500: 0.029686037451028824

Test balanced accuracy for step 1500: 0.7483128309249878


Test accuracy for step 1750: 0.8519623875617981

Test GAP RMS for gender and step 1750: 0.04138900339603424

Test GAP RMS for race and step 1750: 0.03157615661621094

Test balanced accuracy for step 1750: 0.7591317892074585


Test accuracy for step 2000: 0.8526257872581482

Test GAP RMS for gender and step 2000: 0.03906179592013359

Test GAP RMS for race and step 2000: 0.027106905356049538

Test balanced accuracy for step 2000: 0.7543224096298218


Test accuracy for step 2250: 0.8504145741462708

Test GAP RMS for gender and step 2250: 0.032882992178201675

Test GAP RMS for race and step 2250: 0.034299008548259735

Test balanced accuracy for step 2250: 0.7420579195022583


Test accuracy for step 2500: 0.8486456871032715

Test GAP RMS for gender and step 2500: 0.03173837810754776

Test GAP RMS for race and step 2500: 0.028386110439896584

Test balanced accuracy for step 2500: 0.7348700761795044


Test accuracy for step 2750: 0.8478717803955078

Test GAP RMS for gender and step 2750: 0.0259550828486681

Test GAP RMS for race and step 2750: 0.01377688068896532

Test balanced accuracy for step 2750: 0.7258700132369995


Test accuracy for step 3000: 0.8477612137794495

Test GAP RMS for gender and step 3000: 0.02731582522392273

Test GAP RMS for race and step 3000: 0.01958063431084156

Test balanced accuracy for step 3000: 0.7271860837936401


Test accuracy for step 3250: 0.8475400805473328

Test GAP RMS for gender and step 3250: 0.03102491982281208

Test GAP RMS for race and step 3250: 0.021502181887626648

Test balanced accuracy for step 3250: 0.7278116941452026


Test accuracy for step 3500: 0.8509674072265625

Test GAP RMS for gender and step 3500: 0.037750329822301865

Test GAP RMS for race and step 3500: 0.03925769776105881

Test balanced accuracy for step 3500: 0.7402622699737549


Test accuracy for step 3750: 0.8509674072265625

Test GAP RMS for gender and step 3750: 0.032881416380405426

Test GAP RMS for race and step 3750: 0.0343562588095665

Test balanced accuracy for step 3750: 0.745355486869812


Test accuracy for step 4000: 0.8510779142379761

Test GAP RMS for gender and step 4000: 0.03478427976369858

Test GAP RMS for race and step 4000: 0.039448145776987076

Test balanced accuracy for step 4000: 0.7462002635002136


Test accuracy for step 4250: 0.8522940874099731

Test GAP RMS for gender and step 4250: 0.040925391018390656

Test GAP RMS for race and step 4250: 0.03721580281853676

Test balanced accuracy for step 4250: 0.7553380727767944


Test accuracy for step 4500: 0.8517413139343262

Test GAP RMS for gender and step 4500: 0.03779882937669754

Test GAP RMS for race and step 4500: 0.03203219175338745

Test balanced accuracy for step 4500: 0.7534294724464417


Test accuracy for step 4750: 0.8529574275016785

Test GAP RMS for gender and step 4750: 0.04291569069027901

Test GAP RMS for race and step 4750: 0.03195038437843323

Test balanced accuracy for step 4750: 0.7661170959472656


Test accuracy for step 5000: 0.8524046540260315

Test GAP RMS for gender and step 5000: 0.04550328478217125

Test GAP RMS for race and step 5000: 0.03593527525663376

Test balanced accuracy for step 5000: 0.7693017721176147


Test accuracy for step 5250: 0.8511884808540344

Test GAP RMS for gender and step 5250: 0.04885675013065338

Test GAP RMS for race and step 5250: 0.036676544696092606

Test balanced accuracy for step 5250: 0.7697330713272095


Test accuracy for step 5500: 0.8512990474700928

Test GAP RMS for gender and step 5500: 0.05439887195825577

Test GAP RMS for race and step 5500: 0.03798365965485573

Test balanced accuracy for step 5500: 0.773201584815979


Test accuracy for step 5750: 0.8491984605789185

Test GAP RMS for gender and step 5750: 0.06366442888975143

Test GAP RMS for race and step 5750: 0.045517005026340485

Test balanced accuracy for step 5750: 0.789408802986145


Test accuracy for step 6000: 0.8454394936561584

Test GAP RMS for gender and step 6000: 0.07381873577833176

Test GAP RMS for race and step 6000: 0.04889277368783951

Test balanced accuracy for step 6000: 0.7978837490081787


Test accuracy for step 6250: 0.8475400805473328

Test GAP RMS for gender and step 6250: 0.07068340480327606

Test GAP RMS for race and step 6250: 0.055646199733018875

Test balanced accuracy for step 6250: 0.7954128980636597


Test accuracy for step 6500: 0.8453289270401001

Test GAP RMS for gender and step 6500: 0.07829934358596802

Test GAP RMS for race and step 6500: 0.058184608817100525

Test balanced accuracy for step 6500: 0.7954956293106079


Test accuracy for step 6750: 0.8479822874069214

Test GAP RMS for gender and step 6750: 0.0714857280254364

Test GAP RMS for race and step 6750: 0.056983355432748795

Test balanced accuracy for step 6750: 0.7970941066741943


Test accuracy for step 7000: 0.8434494137763977

Test GAP RMS for gender and step 7000: 0.07916855812072754

Test GAP RMS for race and step 7000: 0.05891673266887665

Test balanced accuracy for step 7000: 0.8007363677024841


Test accuracy for step 7250: 0.8424543738365173

Test GAP RMS for gender and step 7250: 0.07786042243242264

Test GAP RMS for race and step 7250: 0.0533408559858799

Test balanced accuracy for step 7250: 0.7989986538887024


Test accuracy for step 7500: 0.8453289270401001

Test GAP RMS for gender and step 7500: 0.07710839807987213

Test GAP RMS for race and step 7500: 0.05027199164032936

Test balanced accuracy for step 7500: 0.7951869964599609


Test accuracy for step 7750: 0.8474295139312744

Test GAP RMS for gender and step 7750: 0.07487990707159042

Test GAP RMS for race and step 7750: 0.05336835980415344

Test balanced accuracy for step 7750: 0.7962659597396851


{'epsilon': 0.1, 'lr': 0.0001, 'wlr': 0.0001, 'w_reg': 20.0}
Final test accuracy: 0.8465450406074524
Final test GAP RMS for gender: 0.0724545568227768
Final test GAP RMS for race: 0.04975460469722748
Final test balanced accuracy: 0.7959903478622437


