2020-05-21 16:32:44.739909: W tensorflow/stream_executor/platform/default/dso_loader.cc:55] Could not load dynamic library 'libnvinfer.so.6'; dlerror: libnvinfer.so.6: cannot open shared object file: No such file or directory; LD_LIBRARY_PATH: /sw/arcts/centos7/python3.6-anaconda/5.2.0/lib:/opt/slurm/lib64::
2020-05-21 16:32:44.740631: W tensorflow/stream_executor/platform/default/dso_loader.cc:55] Could not load dynamic library 'libnvinfer_plugin.so.6'; dlerror: libnvinfer_plugin.so.6: cannot open shared object file: No such file or directory; LD_LIBRARY_PATH: /sw/arcts/centos7/python3.6-anaconda/5.2.0/lib:/opt/slurm/lib64::
2020-05-21 16:32:44.740644: W tensorflow/compiler/tf2tensorrt/utils/py_utils.cc:30] Cannot dlopen some TensorRT libraries. If you would like to use Nvidia GPU with TensorRT, please make sure the missing libraries mentioned above are installed properly.
2020-05-21 16:32:50.537351: W tensorflow/stream_executor/platform/default/dso_loader.cc:55] Could not load dynamic library 'libcuda.so.1'; dlerror: libcuda.so.1: cannot open shared object file: No such file or directory; LD_LIBRARY_PATH: /sw/arcts/centos7/python3.6-anaconda/5.2.0/lib:/opt/slurm/lib64::
2020-05-21 16:32:50.537708: E tensorflow/stream_executor/cuda/cuda_driver.cc:351] failed call to cuInit: UNKNOWN ERROR (303)
2020-05-21 16:32:50.537737: I tensorflow/stream_executor/cuda/cuda_diagnostics.cc:156] kernel driver does not appear to be running on this host (gl3167.arc-ts.umich.edu): /proc/driver/nvidia/version does not exist
2020-05-21 16:32:50.538120: I tensorflow/core/platform/cpu_feature_guard.cc:142] Your CPU supports instructions that this TensorFlow binary was not compiled to use: AVX2 AVX512F FMA
2020-05-21 16:32:50.546242: I tensorflow/core/platform/profile_utils/cpu_utils.cc:94] CPU Frequency: 3000000000 Hz
2020-05-21 16:32:50.546365: I tensorflow/compiler/xla/service/service.cc:168] XLA service 0x55c0d1b89250 initialized for platform Host (this does not guarantee that XLA will be used). Devices:
2020-05-21 16:32:50.546376: I tensorflow/compiler/xla/service/service.cc:176]   StreamExecutor device (0): Host, Default Version
/sw/arcts/centos7/python3.6-anaconda/5.2.0/lib/python3.6/site-packages/h5py/__init__.py:36: FutureWarning: Conversion of the second argument of issubdtype from `float` to `np.floating` is deprecated. In future, it will be treated as `np.float64 == np.dtype(float).type`.
  from ._conv import register_converters as _register_converters
WARNING:tensorflow:From /home/smaity/.local/lib/python3.6/site-packages/tensorflow_core/python/ops/array_grad.py:563: _EagerTensorBase.cpu (from tensorflow.python.framework.ops) is deprecated and will be removed in a future version.
Instructions for updating:
Use tf.identity instead.
2020-05-21 16:59:34.930969: W tensorflow/python/util/util.cc:319] Sets are not currently considered sequences, but this may change in the future, so consider avoiding using them.
WARNING:tensorflow:From /home/smaity/.local/lib/python3.6/site-packages/tensorflow_core/python/ops/resource_variable_ops.py:1786: calling BaseResourceVariable.__init__ (from tensorflow.python.ops.resource_variable_ops) with constraint is deprecated and will be removed in a future version.
Instructions for updating:
If using Keras pass *_constraint arguments to layers.
Test accuracy for step 250: 0.6057490110397339

Test GAP RMS for gender and step 250: 0.13508576154708862

Test GAP RMS for race and step 250: 0.02144441194832325

Test balanced accuracy for step 250: 0.48273298144340515


Test accuracy for step 500: 0.807849645614624

Test GAP RMS for gender and step 500: 0.11388114839792252

Test GAP RMS for race and step 500: 0.05133243277668953

Test balanced accuracy for step 500: 0.8087044954299927


Test accuracy for step 750: 0.8081812858581543

Test GAP RMS for gender and step 750: 0.0630696639418602

Test GAP RMS for race and step 750: 0.04781598225235939

Test balanced accuracy for step 750: 0.8039847016334534


Test accuracy for step 1000: 0.8190160393714905

Test GAP RMS for gender and step 1000: 0.07275474071502686

Test GAP RMS for race and step 1000: 0.0544084869325161

Test balanced accuracy for step 1000: 0.8031164407730103


Test accuracy for step 1250: 0.8142620325088501

Test GAP RMS for gender and step 1250: 0.0778680145740509

Test GAP RMS for race and step 1250: 0.047139447182416916

Test balanced accuracy for step 1250: 0.8025996685028076


Test accuracy for step 1500: 0.8071863055229187

Test GAP RMS for gender and step 1500: 0.07677114009857178

Test GAP RMS for race and step 1500: 0.044154729694128036

Test balanced accuracy for step 1500: 0.8005492687225342


Test accuracy for step 1750: 0.80983966588974

Test GAP RMS for gender and step 1750: 0.06981422007083893

Test GAP RMS for race and step 1750: 0.04296860471367836

Test balanced accuracy for step 1750: 0.8027651309967041


Test accuracy for step 2000: 0.8070757389068604

Test GAP RMS for gender and step 2000: 0.0658903643488884

Test GAP RMS for race and step 2000: 0.044115420430898666

Test balanced accuracy for step 2000: 0.8046433925628662


Test accuracy for step 2250: 0.809286892414093

Test GAP RMS for gender and step 2250: 0.07630318403244019

Test GAP RMS for race and step 2250: 0.04220152273774147

Test balanced accuracy for step 2250: 0.7993130683898926


Test accuracy for step 2500: 0.7607517838478088

Test GAP RMS for gender and step 2500: 0.047035153955221176

Test GAP RMS for race and step 2500: 0.04170569032430649

Test balanced accuracy for step 2500: 0.8016685247421265


Test accuracy for step 2750: 0.8027639389038086

Test GAP RMS for gender and step 2750: 0.06426782160997391

Test GAP RMS for race and step 2750: 0.04536674916744232

Test balanced accuracy for step 2750: 0.8071969747543335


Test accuracy for step 3000: 0.8080707788467407

Test GAP RMS for gender and step 3000: 0.06411872804164886

Test GAP RMS for race and step 3000: 0.04334069788455963

Test balanced accuracy for step 3000: 0.805609405040741


Test accuracy for step 3250: 0.812493085861206

Test GAP RMS for gender and step 3250: 0.06822484731674194

Test GAP RMS for race and step 3250: 0.03824082762002945

Test balanced accuracy for step 3250: 0.803746223449707


Test accuracy for step 3500: 0.804975152015686

Test GAP RMS for gender and step 3500: 0.0772537887096405

Test GAP RMS for race and step 3500: 0.0407402440905571

Test balanced accuracy for step 3500: 0.8027926683425903


Test accuracy for step 3750: 0.7816473245620728

Test GAP RMS for gender and step 3750: 0.06014666333794594

Test GAP RMS for race and step 3750: 0.04028497636318207

Test balanced accuracy for step 3750: 0.8059031367301941


Test accuracy for step 4000: 0.8155887126922607

Test GAP RMS for gender and step 4000: 0.07267650216817856

Test GAP RMS for race and step 4000: 0.036912769079208374

Test balanced accuracy for step 4000: 0.8037848472595215


Test accuracy for step 4250: 0.8172470927238464

Test GAP RMS for gender and step 4250: 0.079017274081707

Test GAP RMS for race and step 4250: 0.036680739372968674

Test balanced accuracy for step 4250: 0.8024108409881592


Test accuracy for step 4500: 0.8195688128471375

Test GAP RMS for gender and step 4500: 0.07880279421806335

Test GAP RMS for race and step 4500: 0.03217657655477524

Test balanced accuracy for step 4500: 0.8016295433044434


Test accuracy for step 4750: 0.805196225643158

Test GAP RMS for gender and step 4750: 0.0809633731842041

Test GAP RMS for race and step 4750: 0.03721693158149719

Test balanced accuracy for step 4750: 0.7993889451026917


Test accuracy for step 5000: 0.8112769722938538

Test GAP RMS for gender and step 5000: 0.08231417089700699

Test GAP RMS for race and step 5000: 0.03475791588425636

Test balanced accuracy for step 5000: 0.8004734516143799


Test accuracy for step 5250: 0.8187949061393738

Test GAP RMS for gender and step 5250: 0.08314729481935501

Test GAP RMS for race and step 5250: 0.03071492910385132

Test balanced accuracy for step 5250: 0.8009639382362366


Test accuracy for step 5500: 0.8145936727523804

Test GAP RMS for gender and step 5500: 0.08419585227966309

Test GAP RMS for race and step 5500: 0.03268619254231453

Test balanced accuracy for step 5500: 0.8003493547439575


Test accuracy for step 5750: 0.8054173588752747

Test GAP RMS for gender and step 5750: 0.07982665300369263

Test GAP RMS for race and step 5750: 0.03555929288268089

Test balanced accuracy for step 5750: 0.8001523613929749


Test accuracy for step 6000: 0.804090678691864

Test GAP RMS for gender and step 6000: 0.07067013531923294

Test GAP RMS for race and step 6000: 0.0427880622446537

Test balanced accuracy for step 6000: 0.8028258085250854


Test accuracy for step 6250: 0.8097291588783264

Test GAP RMS for gender and step 6250: 0.07362446188926697

Test GAP RMS for race and step 6250: 0.03513963520526886

Test balanced accuracy for step 6250: 0.8037724494934082


Test accuracy for step 6500: 0.8142620325088501

Test GAP RMS for gender and step 6500: 0.07279196381568909

Test GAP RMS for race and step 6500: 0.03777633234858513

Test balanced accuracy for step 6500: 0.8052234649658203


Test accuracy for step 6750: 0.8003316521644592

Test GAP RMS for gender and step 6750: 0.09174390882253647

Test GAP RMS for race and step 6750: 0.01789689250290394

Test balanced accuracy for step 6750: 0.7898473739624023


Test accuracy for step 7000: 0.8035378456115723

Test GAP RMS for gender and step 7000: 0.07598717510700226

Test GAP RMS for race and step 7000: 0.03469468280673027

Test balanced accuracy for step 7000: 0.7989107370376587


Test accuracy for step 7250: 0.8156992793083191

Test GAP RMS for gender and step 7250: 0.07042806595563889

Test GAP RMS for race and step 7250: 0.04242466017603874

Test balanced accuracy for step 7250: 0.8054012656211853


Test accuracy for step 7500: 0.8143725991249084

Test GAP RMS for gender and step 7500: 0.06827499717473984

Test GAP RMS for race and step 7500: 0.03567487746477127

Test balanced accuracy for step 7500: 0.8060681819915771


Test accuracy for step 7750: 0.8076285123825073

Test GAP RMS for gender and step 7750: 0.08177515119314194

Test GAP RMS for race and step 7750: 0.03325651213526726

Test balanced accuracy for step 7750: 0.7982175946235657


{'epsilon': 0.0001, 'lr': 0.0001, 'wlr': 0.001, 'w_reg': 60.0}
Final test accuracy: 0.810171365737915
Final test GAP RMS for gender: 0.08152478188276291
Final test GAP RMS for race: 0.036484427750110626
Final test balanced accuracy: 0.799280047416687


