2020-05-21 16:32:44.874807: W tensorflow/stream_executor/platform/default/dso_loader.cc:55] Could not load dynamic library 'libnvinfer.so.6'; dlerror: libnvinfer.so.6: cannot open shared object file: No such file or directory; LD_LIBRARY_PATH: /sw/arcts/centos7/python3.6-anaconda/5.2.0/lib:/opt/slurm/lib64::
2020-05-21 16:32:44.875499: W tensorflow/stream_executor/platform/default/dso_loader.cc:55] Could not load dynamic library 'libnvinfer_plugin.so.6'; dlerror: libnvinfer_plugin.so.6: cannot open shared object file: No such file or directory; LD_LIBRARY_PATH: /sw/arcts/centos7/python3.6-anaconda/5.2.0/lib:/opt/slurm/lib64::
2020-05-21 16:32:44.875512: W tensorflow/compiler/tf2tensorrt/utils/py_utils.cc:30] Cannot dlopen some TensorRT libraries. If you would like to use Nvidia GPU with TensorRT, please make sure the missing libraries mentioned above are installed properly.
2020-05-21 16:32:50.705793: W tensorflow/stream_executor/platform/default/dso_loader.cc:55] Could not load dynamic library 'libcuda.so.1'; dlerror: libcuda.so.1: cannot open shared object file: No such file or directory; LD_LIBRARY_PATH: /sw/arcts/centos7/python3.6-anaconda/5.2.0/lib:/opt/slurm/lib64::
2020-05-21 16:32:50.706086: E tensorflow/stream_executor/cuda/cuda_driver.cc:351] failed call to cuInit: UNKNOWN ERROR (303)
2020-05-21 16:32:50.706118: I tensorflow/stream_executor/cuda/cuda_diagnostics.cc:156] kernel driver does not appear to be running on this host (gl3168.arc-ts.umich.edu): /proc/driver/nvidia/version does not exist
2020-05-21 16:32:50.706560: I tensorflow/core/platform/cpu_feature_guard.cc:142] Your CPU supports instructions that this TensorFlow binary was not compiled to use: AVX2 AVX512F FMA
2020-05-21 16:32:50.713651: I tensorflow/core/platform/profile_utils/cpu_utils.cc:94] CPU Frequency: 3000000000 Hz
2020-05-21 16:32:50.713757: I tensorflow/compiler/xla/service/service.cc:168] XLA service 0x55636edf5640 initialized for platform Host (this does not guarantee that XLA will be used). Devices:
2020-05-21 16:32:50.713767: I tensorflow/compiler/xla/service/service.cc:176]   StreamExecutor device (0): Host, Default Version
/sw/arcts/centos7/python3.6-anaconda/5.2.0/lib/python3.6/site-packages/h5py/__init__.py:36: FutureWarning: Conversion of the second argument of issubdtype from `float` to `np.floating` is deprecated. In future, it will be treated as `np.float64 == np.dtype(float).type`.
  from ._conv import register_converters as _register_converters
WARNING:tensorflow:From /home/smaity/.local/lib/python3.6/site-packages/tensorflow_core/python/ops/array_grad.py:563: _EagerTensorBase.cpu (from tensorflow.python.framework.ops) is deprecated and will be removed in a future version.
Instructions for updating:
Use tf.identity instead.
2020-05-21 16:58:52.376585: W tensorflow/python/util/util.cc:319] Sets are not currently considered sequences, but this may change in the future, so consider avoiding using them.
WARNING:tensorflow:From /home/smaity/.local/lib/python3.6/site-packages/tensorflow_core/python/ops/resource_variable_ops.py:1786: calling BaseResourceVariable.__init__ (from tensorflow.python.ops.resource_variable_ops) with constraint is deprecated and will be removed in a future version.
Instructions for updating:
If using Keras pass *_constraint arguments to layers.
Test accuracy for step 250: 0.6164731979370117

Test GAP RMS for gender and step 250: 0.12936817109584808

Test GAP RMS for race and step 250: 0.01368988212198019

Test balanced accuracy for step 250: 0.4680553376674652


Test accuracy for step 500: 0.7568822503089905

Test GAP RMS for gender and step 500: 0.0

Test GAP RMS for race and step 500: 0.0

Test balanced accuracy for step 500: 0.5


Test accuracy for step 750: 0.7619679570198059

Test GAP RMS for gender and step 750: 0.012447347864508629

Test GAP RMS for race and step 750: 0.010213248431682587

Test balanced accuracy for step 750: 0.5106136202812195


Test accuracy for step 1000: 0.7568822503089905

Test GAP RMS for gender and step 1000: 0.0

Test GAP RMS for race and step 1000: 0.0

Test balanced accuracy for step 1000: 0.5


Test accuracy for step 1250: 0.7568822503089905

Test GAP RMS for gender and step 1250: 0.0

Test GAP RMS for race and step 1250: 0.0

Test balanced accuracy for step 1250: 0.5


Test accuracy for step 1500: 0.7568822503089905

Test GAP RMS for gender and step 1500: 0.0

Test GAP RMS for race and step 1500: 0.0

Test balanced accuracy for step 1500: 0.5


Test accuracy for step 1750: 0.7568822503089905

Test GAP RMS for gender and step 1750: 0.0

Test GAP RMS for race and step 1750: 0.0

Test balanced accuracy for step 1750: 0.5


Test accuracy for step 2000: 0.7568822503089905

Test GAP RMS for gender and step 2000: 0.0

Test GAP RMS for race and step 2000: 0.0

Test balanced accuracy for step 2000: 0.5


Test accuracy for step 2250: 0.7568822503089905

Test GAP RMS for gender and step 2250: 0.0

Test GAP RMS for race and step 2250: 0.0

Test balanced accuracy for step 2250: 0.5


Test accuracy for step 2500: 0.7569928169250488

Test GAP RMS for gender and step 2500: 0.00037572093424387276

Test GAP RMS for race and step 2500: 0.0003542619233485311

Test balanced accuracy for step 2500: 0.5002273917198181


Test accuracy for step 2750: 0.7573245167732239

Test GAP RMS for gender and step 2750: 0.0011034579947590828

Test GAP RMS for race and step 2750: 0.0024204987566918135

Test balanced accuracy for step 2750: 0.5009095072746277


Test accuracy for step 3000: 0.7577667236328125

Test GAP RMS for gender and step 3000: 0.00039942568400874734

Test GAP RMS for race and step 3000: 0.001003451063297689

Test balanced accuracy for step 3000: 0.5018190145492554


Test accuracy for step 3250: 0.7577667236328125

Test GAP RMS for gender and step 3250: 0.003005767473950982

Test GAP RMS for race and step 3250: 0.002834095386788249

Test balanced accuracy for step 3250: 0.5018190145492554


Test accuracy for step 3500: 0.7586511969566345

Test GAP RMS for gender and step 3500: 0.0018074907129630446

Test GAP RMS for race and step 3500: 0.0018306440906599164

Test balanced accuracy for step 3500: 0.5036380290985107


Test accuracy for step 3750: 0.7616362571716309

Test GAP RMS for gender and step 3750: 0.004694733303040266

Test GAP RMS for race and step 3750: 0.007558169774711132

Test balanced accuracy for step 3750: 0.5097771883010864


Test accuracy for step 4000: 0.7626312971115112

Test GAP RMS for gender and step 4000: 0.006525927223265171

Test GAP RMS for race and step 4000: 0.006908980198204517

Test balanced accuracy for step 4000: 0.5118235349655151


Test accuracy for step 4250: 0.7691542506217957

Test GAP RMS for gender and step 4250: 0.0022334663663059473

Test GAP RMS for race and step 4250: 0.002538626780733466

Test balanced accuracy for step 4250: 0.5253930687904358


Test accuracy for step 4500: 0.7724709510803223

Test GAP RMS for gender and step 4500: 0.001391108613461256

Test GAP RMS for race and step 4500: 0.004256392829120159

Test balanced accuracy for step 4500: 0.532214343547821


Test accuracy for step 4750: 0.781978964805603

Test GAP RMS for gender and step 4750: 0.00556015782058239

Test GAP RMS for race and step 4750: 0.007492853328585625

Test balanced accuracy for step 4750: 0.5517687201499939


Test accuracy for step 5000: 0.7854062914848328

Test GAP RMS for gender and step 5000: 0.0012565149227157235

Test GAP RMS for race and step 5000: 0.0038383726496249437

Test balanced accuracy for step 5000: 0.5589717030525208


Test accuracy for step 5250: 0.7902708649635315

Test GAP RMS for gender and step 5250: 0.0021486389450728893

Test GAP RMS for race and step 5250: 0.0003457371494732797

Test balanced accuracy for step 5250: 0.5689762830734253


Test accuracy for step 5500: 0.7915975451469421

Test GAP RMS for gender and step 5500: 0.0008674508426338434

Test GAP RMS for race and step 5500: 0.004863584414124489

Test balanced accuracy for step 5500: 0.5718591213226318


Test accuracy for step 5750: 0.7948037385940552

Test GAP RMS for gender and step 5750: 0.00020179309649392962

Test GAP RMS for race and step 5750: 0.007817813195288181

Test balanced accuracy for step 5750: 0.5786073207855225


Test accuracy for step 6000: 0.7972360253334045

Test GAP RMS for gender and step 6000: 0.004250010475516319

Test GAP RMS for race and step 6000: 0.009024656377732754

Test balanced accuracy for step 6000: 0.5840726494789124


Test accuracy for step 6250: 0.7959093451499939

Test GAP RMS for gender and step 6250: 0.0012242994271218777

Test GAP RMS for race and step 6250: 0.011355654336512089

Test balanced accuracy for step 6250: 0.5808811187744141


Test accuracy for step 6500: 0.7966832518577576

Test GAP RMS for gender and step 6500: 0.004214785993099213

Test GAP RMS for race and step 6500: 0.010359724052250385

Test balanced accuracy for step 6500: 0.5826271176338196


Test accuracy for step 6750: 0.7950248718261719

Test GAP RMS for gender and step 6750: 0.004792594350874424

Test GAP RMS for race and step 6750: 0.008165002800524235

Test balanced accuracy for step 6750: 0.5789077877998352


Test accuracy for step 7000: 0.7972360253334045

Test GAP RMS for gender and step 7000: 0.0008809712016955018

Test GAP RMS for race and step 7000: 0.012128391303122044

Test balanced accuracy for step 7000: 0.5837639570236206


Test accuracy for step 7250: 0.7948037385940552

Test GAP RMS for gender and step 7250: 0.0025555791798979044

Test GAP RMS for race and step 7250: 0.011650309897959232

Test balanced accuracy for step 7250: 0.5786073207855225


Test accuracy for step 7500: 0.7929242849349976

Test GAP RMS for gender and step 7500: 0.003738055005669594

Test GAP RMS for race and step 7500: 0.00527609558776021

Test balanced accuracy for step 7500: 0.5745876431465149


Test accuracy for step 7750: 0.7953565716743469

Test GAP RMS for gender and step 7750: 0.0019463079515844584

Test GAP RMS for race and step 7750: 0.00958628673106432

Test balanced accuracy for step 7750: 0.5797442197799683


{'epsilon': 0.1, 'lr': 0.0001, 'wlr': 1e-05, 'w_reg': 60.0}
Final test accuracy: 0.7932559251785278
Final test GAP RMS for gender: 0.0005142911686562002
Final test GAP RMS for race: 0.006336738355457783
Final test balanced accuracy: 0.5752697587013245


