2020-05-21 16:32:41.398713: W tensorflow/stream_executor/platform/default/dso_loader.cc:55] Could not load dynamic library 'libnvinfer.so.6'; dlerror: libnvinfer.so.6: cannot open shared object file: No such file or directory; LD_LIBRARY_PATH: /sw/arcts/centos7/python3.6-anaconda/5.2.0/lib:/opt/slurm/lib64::
2020-05-21 16:32:41.400984: W tensorflow/stream_executor/platform/default/dso_loader.cc:55] Could not load dynamic library 'libnvinfer_plugin.so.6'; dlerror: libnvinfer_plugin.so.6: cannot open shared object file: No such file or directory; LD_LIBRARY_PATH: /sw/arcts/centos7/python3.6-anaconda/5.2.0/lib:/opt/slurm/lib64::
2020-05-21 16:32:41.401010: W tensorflow/compiler/tf2tensorrt/utils/py_utils.cc:30] Cannot dlopen some TensorRT libraries. If you would like to use Nvidia GPU with TensorRT, please make sure the missing libraries mentioned above are installed properly.
2020-05-21 16:32:47.023340: W tensorflow/stream_executor/platform/default/dso_loader.cc:55] Could not load dynamic library 'libcuda.so.1'; dlerror: libcuda.so.1: cannot open shared object file: No such file or directory; LD_LIBRARY_PATH: /sw/arcts/centos7/python3.6-anaconda/5.2.0/lib:/opt/slurm/lib64::
2020-05-21 16:32:47.024202: E tensorflow/stream_executor/cuda/cuda_driver.cc:351] failed call to cuInit: UNKNOWN ERROR (303)
2020-05-21 16:32:47.024222: I tensorflow/stream_executor/cuda/cuda_diagnostics.cc:156] kernel driver does not appear to be running on this host (gl3156.arc-ts.umich.edu): /proc/driver/nvidia/version does not exist
2020-05-21 16:32:47.024528: I tensorflow/core/platform/cpu_feature_guard.cc:142] Your CPU supports instructions that this TensorFlow binary was not compiled to use: AVX2 AVX512F FMA
2020-05-21 16:32:47.031494: I tensorflow/core/platform/profile_utils/cpu_utils.cc:94] CPU Frequency: 3000000000 Hz
2020-05-21 16:32:47.031593: I tensorflow/compiler/xla/service/service.cc:168] XLA service 0x562b46c725c0 initialized for platform Host (this does not guarantee that XLA will be used). Devices:
2020-05-21 16:32:47.031603: I tensorflow/compiler/xla/service/service.cc:176]   StreamExecutor device (0): Host, Default Version
/sw/arcts/centos7/python3.6-anaconda/5.2.0/lib/python3.6/site-packages/h5py/__init__.py:36: FutureWarning: Conversion of the second argument of issubdtype from `float` to `np.floating` is deprecated. In future, it will be treated as `np.float64 == np.dtype(float).type`.
  from ._conv import register_converters as _register_converters
WARNING:tensorflow:From /home/smaity/.local/lib/python3.6/site-packages/tensorflow_core/python/ops/array_grad.py:563: _EagerTensorBase.cpu (from tensorflow.python.framework.ops) is deprecated and will be removed in a future version.
Instructions for updating:
Use tf.identity instead.
2020-05-21 17:00:11.872559: W tensorflow/python/util/util.cc:319] Sets are not currently considered sequences, but this may change in the future, so consider avoiding using them.
WARNING:tensorflow:From /home/smaity/.local/lib/python3.6/site-packages/tensorflow_core/python/ops/resource_variable_ops.py:1786: calling BaseResourceVariable.__init__ (from tensorflow.python.ops.resource_variable_ops) with constraint is deprecated and will be removed in a future version.
Instructions for updating:
If using Keras pass *_constraint arguments to layers.
Test accuracy for step 250: 0.6179104447364807

Test GAP RMS for gender and step 250: 0.12795229256153107

Test GAP RMS for race and step 250: 0.01893742009997368

Test balanced accuracy for step 250: 0.4818150997161865


Test accuracy for step 500: 0.810724139213562

Test GAP RMS for gender and step 500: 0.2932453751564026

Test GAP RMS for race and step 500: 0.07650497555732727

Test balanced accuracy for step 500: 0.8035037517547607


Test accuracy for step 750: 0.8193476796150208

Test GAP RMS for gender and step 750: 0.22080230712890625

Test GAP RMS for race and step 750: 0.062060099095106125

Test balanced accuracy for step 750: 0.8144480586051941


Test accuracy for step 1000: 0.8270868062973022

Test GAP RMS for gender and step 1000: 0.19543856382369995

Test GAP RMS for race and step 1000: 0.06516177207231522

Test balanced accuracy for step 1000: 0.8121521472930908


Test accuracy for step 1250: 0.8287451863288879

Test GAP RMS for gender and step 1250: 0.18415863811969757

Test GAP RMS for race and step 1250: 0.06082571670413017

Test balanced accuracy for step 1250: 0.8143280744552612


Test accuracy for step 1500: 0.8277501463890076

Test GAP RMS for gender and step 1500: 0.17538057267665863

Test GAP RMS for race and step 1500: 0.060869839042425156

Test balanced accuracy for step 1500: 0.8189183473587036


Test accuracy for step 1750: 0.8265339732170105

Test GAP RMS for gender and step 1750: 0.1820085495710373

Test GAP RMS for race and step 1750: 0.0570523664355278

Test balanced accuracy for step 1750: 0.8179606199264526


Test accuracy for step 2000: 0.8250967264175415

Test GAP RMS for gender and step 2000: 0.18136344850063324

Test GAP RMS for race and step 2000: 0.060528673231601715

Test balanced accuracy for step 2000: 0.8182458877563477


Test accuracy for step 2250: 0.8301824331283569

Test GAP RMS for gender and step 2250: 0.17835412919521332

Test GAP RMS for race and step 2250: 0.0587659552693367

Test balanced accuracy for step 2250: 0.8160492777824402


Test accuracy for step 2500: 0.8328357934951782

Test GAP RMS for gender and step 2500: 0.16446749866008759

Test GAP RMS for race and step 2500: 0.05965748429298401

Test balanced accuracy for step 2500: 0.8202716112136841


Test accuracy for step 2750: 0.8269762396812439

Test GAP RMS for gender and step 2750: 0.17666122317314148

Test GAP RMS for race and step 2750: 0.057310789823532104

Test balanced accuracy for step 2750: 0.8233460187911987


Test accuracy for step 3000: 0.8285240530967712

Test GAP RMS for gender and step 3000: 0.18585596978664398

Test GAP RMS for race and step 3000: 0.059935372322797775

Test balanced accuracy for step 3000: 0.8214360475540161


Test accuracy for step 3250: 0.8304035663604736

Test GAP RMS for gender and step 3250: 0.18087154626846313

Test GAP RMS for race and step 3250: 0.059551697224378586

Test balanced accuracy for step 3250: 0.8194364905357361


Test accuracy for step 3500: 0.8315091133117676

Test GAP RMS for gender and step 3500: 0.16549904644489288

Test GAP RMS for race and step 3500: 0.06223974749445915

Test balanced accuracy for step 3500: 0.8214015960693359


Test accuracy for step 3750: 0.8283029198646545

Test GAP RMS for gender and step 3750: 0.17002558708190918

Test GAP RMS for race and step 3750: 0.05765330418944359

Test balanced accuracy for step 3750: 0.8223703503608704


Test accuracy for step 4000: 0.8323935866355896

Test GAP RMS for gender and step 4000: 0.1754421442747116

Test GAP RMS for race and step 4000: 0.05680045485496521

Test balanced accuracy for step 4000: 0.8188990354537964


Test accuracy for step 4250: 0.8290768265724182

Test GAP RMS for gender and step 4250: 0.18293365836143494

Test GAP RMS for race and step 4250: 0.06147874519228935

Test balanced accuracy for step 4250: 0.8214925527572632


Test accuracy for step 4500: 0.835710346698761

Test GAP RMS for gender and step 4500: 0.1654997617006302

Test GAP RMS for race and step 4500: 0.05686037614941597

Test balanced accuracy for step 4500: 0.8167685270309448


Test accuracy for step 4750: 0.8299612998962402

Test GAP RMS for gender and step 4750: 0.16893957555294037

Test GAP RMS for race and step 4750: 0.05910255387425423

Test balanced accuracy for step 4750: 0.825009286403656


Test accuracy for step 5000: 0.8328357934951782

Test GAP RMS for gender and step 5000: 0.1648988425731659

Test GAP RMS for race and step 5000: 0.061449673026800156

Test balanced accuracy for step 5000: 0.8222780227661133


Test accuracy for step 5250: 0.8302929997444153

Test GAP RMS for gender and step 5250: 0.16939060389995575

Test GAP RMS for race and step 5250: 0.06383724510669708

Test balanced accuracy for step 5250: 0.8238393068313599


Test accuracy for step 5500: 0.8323935866355896

Test GAP RMS for gender and step 5500: 0.15950794517993927

Test GAP RMS for race and step 5500: 0.061919860541820526

Test balanced accuracy for step 5500: 0.8227575421333313


Test accuracy for step 5750: 0.8299612998962402

Test GAP RMS for gender and step 5750: 0.16398684680461884

Test GAP RMS for race and step 5750: 0.06476321071386337

Test balanced accuracy for step 5750: 0.825009286403656


Test accuracy for step 6000: 0.8280817866325378

Test GAP RMS for gender and step 6000: 0.16945070028305054

Test GAP RMS for race and step 6000: 0.05795860290527344

Test balanced accuracy for step 6000: 0.8267002105712891


Test accuracy for step 6250: 0.8276395797729492

Test GAP RMS for gender and step 6250: 0.17254705727100372

Test GAP RMS for race and step 6250: 0.06486481428146362

Test balanced accuracy for step 6250: 0.8254820108413696


Test accuracy for step 6500: 0.8283029198646545

Test GAP RMS for gender and step 6500: 0.17406943440437317

Test GAP RMS for race and step 6500: 0.06545495241880417

Test balanced accuracy for step 6500: 0.827000617980957


Test accuracy for step 6750: 0.832504153251648

Test GAP RMS for gender and step 6750: 0.15573124587535858

Test GAP RMS for race and step 6750: 0.062308281660079956

Test balanced accuracy for step 6750: 0.8223675489425659


Test accuracy for step 7000: 0.8298507332801819

Test GAP RMS for gender and step 7000: 0.16137173771858215

Test GAP RMS for race and step 7000: 0.05989157408475876

Test balanced accuracy for step 7000: 0.8253992795944214


Test accuracy for step 7250: 0.8296296000480652

Test GAP RMS for gender and step 7250: 0.1633959263563156

Test GAP RMS for race and step 7250: 0.062083497643470764

Test balanced accuracy for step 7250: 0.8237098455429077


Test accuracy for step 7500: 0.8292979598045349

Test GAP RMS for gender and step 7500: 0.17019595205783844

Test GAP RMS for race and step 7500: 0.061663828790187836

Test balanced accuracy for step 7500: 0.8244167566299438


Test accuracy for step 7750: 0.8295190930366516

Test GAP RMS for gender and step 7750: 0.16166621446609497

Test GAP RMS for race and step 7750: 0.06575486063957214

Test balanced accuracy for step 7750: 0.8250257968902588


{'epsilon': 0.001, 'lr': 0.0001, 'wlr': 1e-06, 'w_reg': 10.0}
Final test accuracy: 0.8278607130050659
Final test GAP RMS for gender: 0.16178303956985474
Final test GAP RMS for race: 0.06272494792938232
Final test balanced accuracy: 0.8254737257957458


