2020-05-21 16:32:43.112305: W tensorflow/stream_executor/platform/default/dso_loader.cc:55] Could not load dynamic library 'libnvinfer.so.6'; dlerror: libnvinfer.so.6: cannot open shared object file: No such file or directory; LD_LIBRARY_PATH: /sw/arcts/centos7/python3.6-anaconda/5.2.0/lib:/opt/slurm/lib64::
2020-05-21 16:32:43.112400: W tensorflow/stream_executor/platform/default/dso_loader.cc:55] Could not load dynamic library 'libnvinfer_plugin.so.6'; dlerror: libnvinfer_plugin.so.6: cannot open shared object file: No such file or directory; LD_LIBRARY_PATH: /sw/arcts/centos7/python3.6-anaconda/5.2.0/lib:/opt/slurm/lib64::
2020-05-21 16:32:43.112410: W tensorflow/compiler/tf2tensorrt/utils/py_utils.cc:30] Cannot dlopen some TensorRT libraries. If you would like to use Nvidia GPU with TensorRT, please make sure the missing libraries mentioned above are installed properly.
2020-05-21 16:32:52.986219: W tensorflow/stream_executor/platform/default/dso_loader.cc:55] Could not load dynamic library 'libcuda.so.1'; dlerror: libcuda.so.1: cannot open shared object file: No such file or directory; LD_LIBRARY_PATH: /sw/arcts/centos7/python3.6-anaconda/5.2.0/lib:/opt/slurm/lib64::
2020-05-21 16:32:52.986805: E tensorflow/stream_executor/cuda/cuda_driver.cc:351] failed call to cuInit: UNKNOWN ERROR (303)
2020-05-21 16:32:52.986827: I tensorflow/stream_executor/cuda/cuda_diagnostics.cc:156] kernel driver does not appear to be running on this host (gl3108.arc-ts.umich.edu): /proc/driver/nvidia/version does not exist
2020-05-21 16:32:52.987172: I tensorflow/core/platform/cpu_feature_guard.cc:142] Your CPU supports instructions that this TensorFlow binary was not compiled to use: AVX2 AVX512F FMA
2020-05-21 16:32:52.994374: I tensorflow/core/platform/profile_utils/cpu_utils.cc:94] CPU Frequency: 3000000000 Hz
2020-05-21 16:32:52.994464: I tensorflow/compiler/xla/service/service.cc:168] XLA service 0x5565166cc5e0 initialized for platform Host (this does not guarantee that XLA will be used). Devices:
2020-05-21 16:32:52.994474: I tensorflow/compiler/xla/service/service.cc:176]   StreamExecutor device (0): Host, Default Version
/sw/arcts/centos7/python3.6-anaconda/5.2.0/lib/python3.6/site-packages/h5py/__init__.py:36: FutureWarning: Conversion of the second argument of issubdtype from `float` to `np.floating` is deprecated. In future, it will be treated as `np.float64 == np.dtype(float).type`.
  from ._conv import register_converters as _register_converters
WARNING:tensorflow:From /home/smaity/.local/lib/python3.6/site-packages/tensorflow_core/python/ops/array_grad.py:563: _EagerTensorBase.cpu (from tensorflow.python.framework.ops) is deprecated and will be removed in a future version.
Instructions for updating:
Use tf.identity instead.
2020-05-21 16:59:26.484041: W tensorflow/python/util/util.cc:319] Sets are not currently considered sequences, but this may change in the future, so consider avoiding using them.
WARNING:tensorflow:From /home/smaity/.local/lib/python3.6/site-packages/tensorflow_core/python/ops/resource_variable_ops.py:1786: calling BaseResourceVariable.__init__ (from tensorflow.python.ops.resource_variable_ops) with constraint is deprecated and will be removed in a future version.
Instructions for updating:
If using Keras pass *_constraint arguments to layers.
Test accuracy for step 250: 0.6192371249198914

Test GAP RMS for gender and step 250: 0.12852662801742554

Test GAP RMS for race and step 250: 0.014367401599884033

Test balanced accuracy for step 250: 0.4786786437034607


Test accuracy for step 500: 0.8155887126922607

Test GAP RMS for gender and step 500: 0.3107793629169464

Test GAP RMS for race and step 500: 0.07687587291002274

Test balanced accuracy for step 500: 0.7937526702880859


Test accuracy for step 750: 0.8302929997444153

Test GAP RMS for gender and step 750: 0.15370196104049683

Test GAP RMS for race and step 750: 0.05779426917433739

Test balanced accuracy for step 750: 0.806707501411438


Test accuracy for step 1000: 0.84090656042099

Test GAP RMS for gender and step 1000: 0.08596260845661163

Test GAP RMS for race and step 1000: 0.057492416352033615

Test balanced accuracy for step 1000: 0.8030693531036377


Test accuracy for step 1250: 0.8411276936531067

Test GAP RMS for gender and step 1250: 0.06912039965391159

Test GAP RMS for race and step 1250: 0.05042912811040878

Test balanced accuracy for step 1250: 0.8038328289985657


Test accuracy for step 1500: 0.840353786945343

Test GAP RMS for gender and step 1500: 0.06695249676704407

Test GAP RMS for race and step 1500: 0.05269647017121315

Test balanced accuracy for step 1500: 0.8053280115127563


Test accuracy for step 1750: 0.8379215002059937

Test GAP RMS for gender and step 1750: 0.06876054406166077

Test GAP RMS for race and step 1750: 0.046274155378341675

Test balanced accuracy for step 1750: 0.8026408553123474


Test accuracy for step 2000: 0.837479293346405

Test GAP RMS for gender and step 2000: 0.07481459528207779

Test GAP RMS for race and step 2000: 0.0459926538169384

Test balanced accuracy for step 2000: 0.8020400404930115


Test accuracy for step 2250: 0.8406854867935181

Test GAP RMS for gender and step 2250: 0.07390735298395157

Test GAP RMS for race and step 2250: 0.04185682162642479

Test balanced accuracy for step 2250: 0.7993735074996948


Test accuracy for step 2500: 0.8407959938049316

Test GAP RMS for gender and step 2500: 0.07417689263820648

Test GAP RMS for race and step 2500: 0.04868743568658829

Test balanced accuracy for step 2500: 0.8014529347419739


Test accuracy for step 2750: 0.8396904468536377

Test GAP RMS for gender and step 2750: 0.07563821971416473

Test GAP RMS for race and step 2750: 0.04670776426792145

Test balanced accuracy for step 2750: 0.8021116852760315


Test accuracy for step 3000: 0.8407959938049316

Test GAP RMS for gender and step 3000: 0.06960384547710419

Test GAP RMS for race and step 3000: 0.044429171830415726

Test balanced accuracy for step 3000: 0.7986748218536377


Test accuracy for step 3250: 0.8405749201774597

Test GAP RMS for gender and step 3250: 0.08003834635019302

Test GAP RMS for race and step 3250: 0.04252715781331062

Test balanced accuracy for step 3250: 0.795750617980957


Test accuracy for step 3500: 0.8367053866386414

Test GAP RMS for gender and step 3500: 0.08945789933204651

Test GAP RMS for race and step 3500: 0.04561785236001015

Test balanced accuracy for step 3500: 0.7989050149917603


Test accuracy for step 3750: 0.8378109335899353

Test GAP RMS for gender and step 3750: 0.08942063897848129

Test GAP RMS for race and step 3750: 0.05256900191307068

Test balanced accuracy for step 3750: 0.8016417622566223


Test accuracy for step 4000: 0.838032066822052

Test GAP RMS for gender and step 4000: 0.08761902153491974

Test GAP RMS for race and step 4000: 0.040245842188596725

Test balanced accuracy for step 4000: 0.7951512336730957


Test accuracy for step 4250: 0.8378109335899353

Test GAP RMS for gender and step 4250: 0.08491353690624237

Test GAP RMS for race and step 4250: 0.040595222264528275

Test balanced accuracy for step 4250: 0.7936160564422607


Test accuracy for step 4500: 0.839469313621521

Test GAP RMS for gender and step 4500: 0.09328091144561768

Test GAP RMS for race and step 4500: 0.036328770220279694

Test balanced accuracy for step 4500: 0.7902357578277588


Test accuracy for step 4750: 0.835157573223114

Test GAP RMS for gender and step 4750: 0.09191630035638809

Test GAP RMS for race and step 4750: 0.04885470122098923

Test balanced accuracy for step 4750: 0.7988085746765137


Test accuracy for step 5000: 0.8364842534065247

Test GAP RMS for gender and step 5000: 0.08953386545181274

Test GAP RMS for race and step 5000: 0.043229784816503525

Test balanced accuracy for step 5000: 0.7978328466415405


Test accuracy for step 5250: 0.8346047401428223

Test GAP RMS for gender and step 5250: 0.08466948568820953

Test GAP RMS for race and step 5250: 0.04550723358988762

Test balanced accuracy for step 5250: 0.7939674854278564


Test accuracy for step 5500: 0.836263120174408

Test GAP RMS for gender and step 5500: 0.09161045402288437

Test GAP RMS for race and step 5500: 0.0410376712679863

Test balanced accuracy for step 5500: 0.7959890365600586


Test accuracy for step 5750: 0.8328357934951782

Test GAP RMS for gender and step 5750: 0.0914534404873848

Test GAP RMS for race and step 5750: 0.048654090613126755

Test balanced accuracy for step 5750: 0.7991268634796143


Test accuracy for step 6000: 0.8328357934951782

Test GAP RMS for gender and step 6000: 0.08696482330560684

Test GAP RMS for race and step 6000: 0.053263772279024124

Test balanced accuracy for step 6000: 0.80097895860672


Test accuracy for step 6250: 0.8315091133117676

Test GAP RMS for gender and step 6250: 0.08846434205770493

Test GAP RMS for race and step 6250: 0.04893071949481964

Test balanced accuracy for step 6250: 0.796398401260376


Test accuracy for step 6500: 0.831951379776001

Test GAP RMS for gender and step 6500: 0.08903051167726517

Test GAP RMS for race and step 6500: 0.049702439457178116

Test balanced accuracy for step 6500: 0.7974622249603271


Test accuracy for step 6750: 0.8331674933433533

Test GAP RMS for gender and step 6750: 0.09723364561796188

Test GAP RMS for race and step 6750: 0.04395649582147598

Test balanced accuracy for step 6750: 0.7967221736907959


Test accuracy for step 7000: 0.8311774730682373

Test GAP RMS for gender and step 7000: 0.09226293116807938

Test GAP RMS for race and step 7000: 0.04708554595708847

Test balanced accuracy for step 7000: 0.80019211769104


Test accuracy for step 7250: 0.831951379776001

Test GAP RMS for gender and step 7250: 0.08853399008512497

Test GAP RMS for race and step 7250: 0.045217644423246384

Test balanced accuracy for step 7250: 0.7959188222885132


Test accuracy for step 7500: 0.8321724534034729

Test GAP RMS for gender and step 7500: 0.08880393952131271

Test GAP RMS for race and step 7500: 0.0474223755300045

Test balanced accuracy for step 7500: 0.7971452474594116


Test accuracy for step 7750: 0.831066906452179

Test GAP RMS for gender and step 7750: 0.09306668490171432

Test GAP RMS for race and step 7750: 0.046249497681856155

Test balanced accuracy for step 7750: 0.7974952459335327


{'epsilon': 0.001, 'lr': 0.0001, 'wlr': 0.0001, 'w_reg': 40.0}
Final test accuracy: 0.8312879800796509
Final test GAP RMS for gender: 0.0921287015080452
Final test GAP RMS for race: 0.04572572931647301
Final test balanced accuracy: 0.7987217307090759


