2020-05-21 16:32:43.111235: W tensorflow/stream_executor/platform/default/dso_loader.cc:55] Could not load dynamic library 'libnvinfer.so.6'; dlerror: libnvinfer.so.6: cannot open shared object file: No such file or directory; LD_LIBRARY_PATH: /sw/arcts/centos7/python3.6-anaconda/5.2.0/lib:/opt/slurm/lib64::
2020-05-21 16:32:43.112059: W tensorflow/stream_executor/platform/default/dso_loader.cc:55] Could not load dynamic library 'libnvinfer_plugin.so.6'; dlerror: libnvinfer_plugin.so.6: cannot open shared object file: No such file or directory; LD_LIBRARY_PATH: /sw/arcts/centos7/python3.6-anaconda/5.2.0/lib:/opt/slurm/lib64::
2020-05-21 16:32:43.112071: W tensorflow/compiler/tf2tensorrt/utils/py_utils.cc:30] Cannot dlopen some TensorRT libraries. If you would like to use Nvidia GPU with TensorRT, please make sure the missing libraries mentioned above are installed properly.
2020-05-21 16:32:52.995997: W tensorflow/stream_executor/platform/default/dso_loader.cc:55] Could not load dynamic library 'libcuda.so.1'; dlerror: libcuda.so.1: cannot open shared object file: No such file or directory; LD_LIBRARY_PATH: /sw/arcts/centos7/python3.6-anaconda/5.2.0/lib:/opt/slurm/lib64::
2020-05-21 16:32:52.996231: E tensorflow/stream_executor/cuda/cuda_driver.cc:351] failed call to cuInit: UNKNOWN ERROR (303)
2020-05-21 16:32:52.996251: I tensorflow/stream_executor/cuda/cuda_diagnostics.cc:156] kernel driver does not appear to be running on this host (gl3108.arc-ts.umich.edu): /proc/driver/nvidia/version does not exist
2020-05-21 16:32:52.996584: I tensorflow/core/platform/cpu_feature_guard.cc:142] Your CPU supports instructions that this TensorFlow binary was not compiled to use: AVX2 AVX512F FMA
2020-05-21 16:32:53.003498: I tensorflow/core/platform/profile_utils/cpu_utils.cc:94] CPU Frequency: 3000000000 Hz
2020-05-21 16:32:53.003585: I tensorflow/compiler/xla/service/service.cc:168] XLA service 0x563c10d32a40 initialized for platform Host (this does not guarantee that XLA will be used). Devices:
2020-05-21 16:32:53.003595: I tensorflow/compiler/xla/service/service.cc:176]   StreamExecutor device (0): Host, Default Version
/sw/arcts/centos7/python3.6-anaconda/5.2.0/lib/python3.6/site-packages/h5py/__init__.py:36: FutureWarning: Conversion of the second argument of issubdtype from `float` to `np.floating` is deprecated. In future, it will be treated as `np.float64 == np.dtype(float).type`.
  from ._conv import register_converters as _register_converters
WARNING:tensorflow:From /home/smaity/.local/lib/python3.6/site-packages/tensorflow_core/python/ops/array_grad.py:563: _EagerTensorBase.cpu (from tensorflow.python.framework.ops) is deprecated and will be removed in a future version.
Instructions for updating:
Use tf.identity instead.
2020-05-21 16:59:00.748885: W tensorflow/python/util/util.cc:319] Sets are not currently considered sequences, but this may change in the future, so consider avoiding using them.
WARNING:tensorflow:From /home/smaity/.local/lib/python3.6/site-packages/tensorflow_core/python/ops/resource_variable_ops.py:1786: calling BaseResourceVariable.__init__ (from tensorflow.python.ops.resource_variable_ops) with constraint is deprecated and will be removed in a future version.
Instructions for updating:
If using Keras pass *_constraint arguments to layers.
Test accuracy for step 250: 0.6194582581520081

Test GAP RMS for gender and step 250: 0.12842831015586853

Test GAP RMS for race and step 250: 0.015196235850453377

Test balanced accuracy for step 250: 0.4785160422325134


Test accuracy for step 500: 0.8226644396781921

Test GAP RMS for gender and step 500: 0.36732059717178345

Test GAP RMS for race and step 500: 0.08841606229543686

Test balanced accuracy for step 500: 0.7863883376121521


Test accuracy for step 750: 0.8309563398361206

Test GAP RMS for gender and step 750: 0.27194729447364807

Test GAP RMS for race and step 750: 0.07664645463228226

Test balanced accuracy for step 750: 0.7955701351165771


Test accuracy for step 1000: 0.8433388471603394

Test GAP RMS for gender and step 1000: 0.23341767489910126

Test GAP RMS for race and step 1000: 0.08563839644193649

Test balanced accuracy for step 1000: 0.7940266132354736


Test accuracy for step 1250: 0.8440021872520447

Test GAP RMS for gender and step 1250: 0.2208486646413803

Test GAP RMS for race and step 1250: 0.0860440582036972

Test balanced accuracy for step 1250: 0.7943105697631836


Test accuracy for step 1500: 0.8428966403007507

Test GAP RMS for gender and step 1500: 0.21501271426677704

Test GAP RMS for race and step 1500: 0.06958764791488647

Test balanced accuracy for step 1500: 0.7975929975509644


Test accuracy for step 1750: 0.8437811136245728

Test GAP RMS for gender and step 1750: 0.2186509668827057

Test GAP RMS for race and step 1750: 0.0691654235124588

Test balanced accuracy for step 1750: 0.798794686794281


Test accuracy for step 2000: 0.8421227335929871

Test GAP RMS for gender and step 2000: 0.219526007771492

Test GAP RMS for race and step 2000: 0.06460972875356674

Test balanced accuracy for step 2000: 0.7984708547592163


Test accuracy for step 2250: 0.8456605672836304

Test GAP RMS for gender and step 2250: 0.22032317519187927

Test GAP RMS for race and step 2250: 0.06265973299741745

Test balanced accuracy for step 2250: 0.7938626408576965


Test accuracy for step 2500: 0.8454394936561584

Test GAP RMS for gender and step 2500: 0.1907927244901657

Test GAP RMS for race and step 2500: 0.06966522336006165

Test balanced accuracy for step 2500: 0.7955687046051025


Test accuracy for step 2750: 0.8428966403007507

Test GAP RMS for gender and step 2750: 0.20831410586833954

Test GAP RMS for race and step 2750: 0.06772034615278244

Test balanced accuracy for step 2750: 0.8003711700439453


Test accuracy for step 3000: 0.8419016003608704

Test GAP RMS for gender and step 3000: 0.2134777456521988

Test GAP RMS for race and step 3000: 0.06977612525224686

Test balanced accuracy for step 3000: 0.7987878322601318


Test accuracy for step 3250: 0.8448866605758667

Test GAP RMS for gender and step 3250: 0.20011617243289948

Test GAP RMS for race and step 3250: 0.06732374429702759

Test balanced accuracy for step 3250: 0.7959752082824707


Test accuracy for step 3500: 0.844997227191925

Test GAP RMS for gender and step 3500: 0.1883171945810318

Test GAP RMS for race and step 3500: 0.06713677942752838

Test balanced accuracy for step 3500: 0.7971286773681641


Test accuracy for step 3750: 0.8416804671287537

Test GAP RMS for gender and step 3750: 0.20035353302955627

Test GAP RMS for race and step 3750: 0.06877768784761429

Test balanced accuracy for step 3750: 0.7998764514923096


Test accuracy for step 4000: 0.8461028337478638

Test GAP RMS for gender and step 4000: 0.19534151256084442

Test GAP RMS for race and step 4000: 0.06310218572616577

Test balanced accuracy for step 4000: 0.7960069179534912


Test accuracy for step 4250: 0.8427860736846924

Test GAP RMS for gender and step 4250: 0.2055182009935379

Test GAP RMS for race and step 4250: 0.06900893896818161

Test balanced accuracy for step 4250: 0.7969026565551758


Test accuracy for step 4500: 0.8474295139312744

Test GAP RMS for gender and step 4500: 0.18445199728012085

Test GAP RMS for race and step 4500: 0.06278780102729797

Test balanced accuracy for step 4500: 0.7904009819030762


Test accuracy for step 4750: 0.8422333002090454

Test GAP RMS for gender and step 4750: 0.1946130394935608

Test GAP RMS for race and step 4750: 0.065046027302742

Test balanced accuracy for step 4750: 0.7988525629043579


Test accuracy for step 5000: 0.8421227335929871

Test GAP RMS for gender and step 5000: 0.19172826409339905

Test GAP RMS for race and step 5000: 0.06498239189386368

Test balanced accuracy for step 5000: 0.7949210405349731


Test accuracy for step 5250: 0.8421227335929871

Test GAP RMS for gender and step 5250: 0.19734202325344086

Test GAP RMS for race and step 5250: 0.06542403995990753

Test balanced accuracy for step 5250: 0.7961557507514954


Test accuracy for step 5500: 0.8447760939598083

Test GAP RMS for gender and step 5500: 0.18305815756320953

Test GAP RMS for race and step 5500: 0.06243934482336044

Test balanced accuracy for step 5500: 0.7969825267791748


Test accuracy for step 5750: 0.843228280544281

Test GAP RMS for gender and step 5750: 0.17810943722724915

Test GAP RMS for race and step 5750: 0.06331133842468262

Test balanced accuracy for step 5750: 0.8027510643005371


Test accuracy for step 6000: 0.8421227335929871

Test GAP RMS for gender and step 6000: 0.1844959557056427

Test GAP RMS for race and step 6000: 0.06656026840209961

Test balanced accuracy for step 6000: 0.8054162263870239


Test accuracy for step 6250: 0.8411276936531067

Test GAP RMS for gender and step 6250: 0.19166521728038788

Test GAP RMS for race and step 6250: 0.061274174600839615

Test balanced accuracy for step 6250: 0.8030611276626587


Test accuracy for step 6500: 0.84090656042099

Test GAP RMS for gender and step 6500: 0.19096648693084717

Test GAP RMS for race and step 6500: 0.061642326414585114

Test balanced accuracy for step 6500: 0.8047671318054199


Test accuracy for step 6750: 0.8428966403007507

Test GAP RMS for gender and step 6750: 0.17023438215255737

Test GAP RMS for race and step 6750: 0.06332944333553314

Test balanced accuracy for step 6750: 0.7994451522827148


Test accuracy for step 7000: 0.8434494137763977

Test GAP RMS for gender and step 7000: 0.1795581728219986

Test GAP RMS for race and step 7000: 0.06597049534320831

Test balanced accuracy for step 7000: 0.8059839010238647


Test accuracy for step 7250: 0.8436705470085144

Test GAP RMS for gender and step 7250: 0.17939725518226624

Test GAP RMS for race and step 7250: 0.06256194412708282

Test balanced accuracy for step 7250: 0.8058212995529175


Test accuracy for step 7500: 0.8413488268852234

Test GAP RMS for gender and step 7500: 0.18979519605636597

Test GAP RMS for race and step 7500: 0.058604467660188675

Test balanced accuracy for step 7500: 0.8049049377441406


Test accuracy for step 7750: 0.8416804671287537

Test GAP RMS for gender and step 7750: 0.1767038255929947

Test GAP RMS for race and step 7750: 0.0629059299826622

Test balanced accuracy for step 7750: 0.8062044382095337


{'epsilon': 0.001, 'lr': 0.0001, 'wlr': 1e-06, 'w_reg': 30.0}
Final test accuracy: 0.8402432203292847
Final test GAP RMS for gender: 0.17696833610534668
Final test GAP RMS for race: 0.06370629370212555
Final test balanced accuracy: 0.8071070909500122


