2020-05-21 16:32:44.224035: W tensorflow/stream_executor/platform/default/dso_loader.cc:55] Could not load dynamic library 'libnvinfer.so.6'; dlerror: libnvinfer.so.6: cannot open shared object file: No such file or directory; LD_LIBRARY_PATH: /sw/arcts/centos7/python3.6-anaconda/5.2.0/lib:/opt/slurm/lib64::
2020-05-21 16:32:44.224646: W tensorflow/stream_executor/platform/default/dso_loader.cc:55] Could not load dynamic library 'libnvinfer_plugin.so.6'; dlerror: libnvinfer_plugin.so.6: cannot open shared object file: No such file or directory; LD_LIBRARY_PATH: /sw/arcts/centos7/python3.6-anaconda/5.2.0/lib:/opt/slurm/lib64::
2020-05-21 16:32:44.224658: W tensorflow/compiler/tf2tensorrt/utils/py_utils.cc:30] Cannot dlopen some TensorRT libraries. If you would like to use Nvidia GPU with TensorRT, please make sure the missing libraries mentioned above are installed properly.
2020-05-21 16:32:49.169597: W tensorflow/stream_executor/platform/default/dso_loader.cc:55] Could not load dynamic library 'libcuda.so.1'; dlerror: libcuda.so.1: cannot open shared object file: No such file or directory; LD_LIBRARY_PATH: /sw/arcts/centos7/python3.6-anaconda/5.2.0/lib:/opt/slurm/lib64::
2020-05-21 16:32:49.169804: E tensorflow/stream_executor/cuda/cuda_driver.cc:351] failed call to cuInit: UNKNOWN ERROR (303)
2020-05-21 16:32:49.169830: I tensorflow/stream_executor/cuda/cuda_diagnostics.cc:156] kernel driver does not appear to be running on this host (gl3105.arc-ts.umich.edu): /proc/driver/nvidia/version does not exist
2020-05-21 16:32:49.170168: I tensorflow/core/platform/cpu_feature_guard.cc:142] Your CPU supports instructions that this TensorFlow binary was not compiled to use: AVX2 AVX512F FMA
2020-05-21 16:32:49.177059: I tensorflow/core/platform/profile_utils/cpu_utils.cc:94] CPU Frequency: 3000000000 Hz
2020-05-21 16:32:49.177143: I tensorflow/compiler/xla/service/service.cc:168] XLA service 0x5614f4208c30 initialized for platform Host (this does not guarantee that XLA will be used). Devices:
2020-05-21 16:32:49.177153: I tensorflow/compiler/xla/service/service.cc:176]   StreamExecutor device (0): Host, Default Version
/sw/arcts/centos7/python3.6-anaconda/5.2.0/lib/python3.6/site-packages/h5py/__init__.py:36: FutureWarning: Conversion of the second argument of issubdtype from `float` to `np.floating` is deprecated. In future, it will be treated as `np.float64 == np.dtype(float).type`.
  from ._conv import register_converters as _register_converters
WARNING:tensorflow:From /home/smaity/.local/lib/python3.6/site-packages/tensorflow_core/python/ops/array_grad.py:563: _EagerTensorBase.cpu (from tensorflow.python.framework.ops) is deprecated and will be removed in a future version.
Instructions for updating:
Use tf.identity instead.
2020-05-21 16:58:42.805520: W tensorflow/python/util/util.cc:319] Sets are not currently considered sequences, but this may change in the future, so consider avoiding using them.
WARNING:tensorflow:From /home/smaity/.local/lib/python3.6/site-packages/tensorflow_core/python/ops/resource_variable_ops.py:1786: calling BaseResourceVariable.__init__ (from tensorflow.python.ops.resource_variable_ops) with constraint is deprecated and will be removed in a future version.
Instructions for updating:
If using Keras pass *_constraint arguments to layers.
Test accuracy for step 250: 0.6191266179084778

Test GAP RMS for gender and step 250: 0.12737080454826355

Test GAP RMS for race and step 250: 0.013214298523962498

Test balanced accuracy for step 250: 0.47582748532295227


Test accuracy for step 500: 0.8291873931884766

Test GAP RMS for gender and step 500: 0.37559473514556885

Test GAP RMS for race and step 500: 0.0882285013794899

Test balanced accuracy for step 500: 0.7619900703430176


Test accuracy for step 750: 0.838584840297699

Test GAP RMS for gender and step 750: 0.3105323314666748

Test GAP RMS for race and step 750: 0.08109505474567413

Test balanced accuracy for step 750: 0.7773041725158691


Test accuracy for step 1000: 0.8442233204841614

Test GAP RMS for gender and step 1000: 0.2778218686580658

Test GAP RMS for race and step 1000: 0.07816397398710251

Test balanced accuracy for step 1000: 0.7705338001251221


Test accuracy for step 1250: 0.8461028337478638

Test GAP RMS for gender and step 1250: 0.25322434306144714

Test GAP RMS for race and step 1250: 0.07076001912355423

Test balanced accuracy for step 1250: 0.7713123559951782


Test accuracy for step 1500: 0.8480928540229797

Test GAP RMS for gender and step 1500: 0.238711878657341

Test GAP RMS for race and step 1500: 0.07294712960720062

Test balanced accuracy for step 1500: 0.7767941951751709


Test accuracy for step 1750: 0.8480928540229797

Test GAP RMS for gender and step 1750: 0.2411397397518158

Test GAP RMS for race and step 1750: 0.07294712960720062

Test balanced accuracy for step 1750: 0.7767941951751709


Test accuracy for step 2000: 0.8477612137794495

Test GAP RMS for gender and step 2000: 0.2441006600856781

Test GAP RMS for race and step 2000: 0.06539319455623627

Test balanced accuracy for step 2000: 0.7748773694038391


Test accuracy for step 2250: 0.8480928540229797

Test GAP RMS for gender and step 2250: 0.23007728159427643

Test GAP RMS for race and step 2250: 0.062022265046834946

Test balanced accuracy for step 2250: 0.7689228057861328


Test accuracy for step 2500: 0.8484245538711548

Test GAP RMS for gender and step 2500: 0.22291605174541473

Test GAP RMS for race and step 2500: 0.05669471621513367

Test balanced accuracy for step 2500: 0.7685245871543884


Test accuracy for step 2750: 0.8484245538711548

Test GAP RMS for gender and step 2750: 0.23213307559490204

Test GAP RMS for race and step 2750: 0.06654410809278488

Test balanced accuracy for step 2750: 0.7728461027145386


Test accuracy for step 3000: 0.8479822874069214

Test GAP RMS for gender and step 3000: 0.23892217874526978

Test GAP RMS for race and step 3000: 0.07046917825937271

Test balanced accuracy for step 3000: 0.7740973830223083


Test accuracy for step 3250: 0.8489773273468018

Test GAP RMS for gender and step 3250: 0.22534866631031036

Test GAP RMS for race and step 3250: 0.06448744982481003

Test balanced accuracy for step 3250: 0.7735199928283691


Test accuracy for step 3500: 0.8483139872550964

Test GAP RMS for gender and step 3500: 0.22346432507038116

Test GAP RMS for race and step 3500: 0.06045272573828697

Test balanced accuracy for step 3500: 0.7713840007781982


Test accuracy for step 3750: 0.8486456871032715

Test GAP RMS for gender and step 3750: 0.23039914667606354

Test GAP RMS for race and step 3750: 0.06569165736436844

Test balanced accuracy for step 3750: 0.7770050764083862


Test accuracy for step 4000: 0.8482034206390381

Test GAP RMS for gender and step 4000: 0.23168788850307465

Test GAP RMS for race and step 4000: 0.0571109801530838

Test balanced accuracy for step 4000: 0.7725456953048706


Test accuracy for step 4250: 0.8488667607307434

Test GAP RMS for gender and step 4250: 0.2339513599872589

Test GAP RMS for race and step 4250: 0.059754978865385056

Test balanced accuracy for step 4250: 0.7739099264144897


Test accuracy for step 4500: 0.8495301008224487

Test GAP RMS for gender and step 4500: 0.21196864545345306

Test GAP RMS for race and step 4500: 0.05325694754719734

Test balanced accuracy for step 4500: 0.7661681175231934


Test accuracy for step 4750: 0.8487561941146851

Test GAP RMS for gender and step 4750: 0.2302505075931549

Test GAP RMS for race and step 4750: 0.055999770760536194

Test balanced accuracy for step 4750: 0.7752259969711304


Test accuracy for step 5000: 0.8484245538711548

Test GAP RMS for gender and step 5000: 0.23339702188968658

Test GAP RMS for race and step 5000: 0.05965292081236839

Test balanced accuracy for step 5000: 0.774235188961029


Test accuracy for step 5250: 0.8482034206390381

Test GAP RMS for gender and step 5250: 0.2373761236667633

Test GAP RMS for race and step 5250: 0.05943610891699791

Test balanced accuracy for step 5250: 0.7754781246185303


Test accuracy for step 5500: 0.8480928540229797

Test GAP RMS for gender and step 5500: 0.23260962963104248

Test GAP RMS for race and step 5500: 0.059475675225257874

Test balanced accuracy for step 5500: 0.7774115800857544


Test accuracy for step 5750: 0.8497512340545654

Test GAP RMS for gender and step 5750: 0.22333373129367828

Test GAP RMS for race and step 5750: 0.06344664096832275

Test balanced accuracy for step 5750: 0.7826743125915527


Test accuracy for step 6000: 0.8451077938079834

Test GAP RMS for gender and step 6000: 0.23738360404968262

Test GAP RMS for race and step 6000: 0.058880776166915894

Test balanced accuracy for step 6000: 0.78269362449646


Test accuracy for step 6250: 0.845550000667572

Test GAP RMS for gender and step 6250: 0.23709963262081146

Test GAP RMS for race and step 6250: 0.05962451547384262

Test balanced accuracy for step 6250: 0.7829858064651489


Test accuracy for step 6500: 0.8462134003639221

Test GAP RMS for gender and step 6500: 0.22388334572315216

Test GAP RMS for race and step 6500: 0.058501385152339935

Test balanced accuracy for step 6500: 0.785893440246582


Test accuracy for step 6750: 0.8468767404556274

Test GAP RMS for gender and step 6750: 0.21766944229602814

Test GAP RMS for race and step 6750: 0.05825765058398247

Test balanced accuracy for step 6750: 0.7841708660125732


Test accuracy for step 7000: 0.8433388471603394

Test GAP RMS for gender and step 7000: 0.22759592533111572

Test GAP RMS for race and step 7000: 0.057733941823244095

Test balanced accuracy for step 7000: 0.7873899936676025


Test accuracy for step 7250: 0.844112753868103

Test GAP RMS for gender and step 7250: 0.2242915779352188

Test GAP RMS for race and step 7250: 0.05666898936033249

Test balanced accuracy for step 7250: 0.788672924041748


Test accuracy for step 7500: 0.8414593935012817

Test GAP RMS for gender and step 7500: 0.23119308054447174

Test GAP RMS for race and step 7500: 0.058263856917619705

Test balanced accuracy for step 7500: 0.7878461480140686


Test accuracy for step 7750: 0.8396904468536377

Test GAP RMS for gender and step 7750: 0.22708845138549805

Test GAP RMS for race and step 7750: 0.058706752955913544

Test balanced accuracy for step 7750: 0.7911534905433655


{'epsilon': 0.0001, 'lr': 0.0001, 'wlr': 1e-06, 'w_reg': 60.0}
Final test accuracy: 0.8410171270370483
Final test GAP RMS for gender: 0.2289808690547943
Final test GAP RMS for race: 0.05803089961409569
Final test balanced accuracy: 0.7937276363372803


