2020-05-21 16:32:45.144219: W tensorflow/stream_executor/platform/default/dso_loader.cc:55] Could not load dynamic library 'libnvinfer.so.6'; dlerror: libnvinfer.so.6: cannot open shared object file: No such file or directory; LD_LIBRARY_PATH: /sw/arcts/centos7/python3.6-anaconda/5.2.0/lib:/opt/slurm/lib64::
2020-05-21 16:32:45.144618: W tensorflow/stream_executor/platform/default/dso_loader.cc:55] Could not load dynamic library 'libnvinfer_plugin.so.6'; dlerror: libnvinfer_plugin.so.6: cannot open shared object file: No such file or directory; LD_LIBRARY_PATH: /sw/arcts/centos7/python3.6-anaconda/5.2.0/lib:/opt/slurm/lib64::
2020-05-21 16:32:45.144629: W tensorflow/compiler/tf2tensorrt/utils/py_utils.cc:30] Cannot dlopen some TensorRT libraries. If you would like to use Nvidia GPU with TensorRT, please make sure the missing libraries mentioned above are installed properly.
2020-05-21 16:32:52.102202: W tensorflow/stream_executor/platform/default/dso_loader.cc:55] Could not load dynamic library 'libcuda.so.1'; dlerror: libcuda.so.1: cannot open shared object file: No such file or directory; LD_LIBRARY_PATH: /sw/arcts/centos7/python3.6-anaconda/5.2.0/lib:/opt/slurm/lib64::
2020-05-21 16:32:52.103497: E tensorflow/stream_executor/cuda/cuda_driver.cc:351] failed call to cuInit: UNKNOWN ERROR (303)
2020-05-21 16:32:52.103518: I tensorflow/stream_executor/cuda/cuda_diagnostics.cc:156] kernel driver does not appear to be running on this host (gl3166.arc-ts.umich.edu): /proc/driver/nvidia/version does not exist
2020-05-21 16:32:52.103833: I tensorflow/core/platform/cpu_feature_guard.cc:142] Your CPU supports instructions that this TensorFlow binary was not compiled to use: AVX2 AVX512F FMA
2020-05-21 16:32:52.110735: I tensorflow/core/platform/profile_utils/cpu_utils.cc:94] CPU Frequency: 3000000000 Hz
2020-05-21 16:32:52.110823: I tensorflow/compiler/xla/service/service.cc:168] XLA service 0x557dd9d1e070 initialized for platform Host (this does not guarantee that XLA will be used). Devices:
2020-05-21 16:32:52.110833: I tensorflow/compiler/xla/service/service.cc:176]   StreamExecutor device (0): Host, Default Version
/sw/arcts/centos7/python3.6-anaconda/5.2.0/lib/python3.6/site-packages/h5py/__init__.py:36: FutureWarning: Conversion of the second argument of issubdtype from `float` to `np.floating` is deprecated. In future, it will be treated as `np.float64 == np.dtype(float).type`.
  from ._conv import register_converters as _register_converters
WARNING:tensorflow:From /home/smaity/.local/lib/python3.6/site-packages/tensorflow_core/python/ops/array_grad.py:563: _EagerTensorBase.cpu (from tensorflow.python.framework.ops) is deprecated and will be removed in a future version.
Instructions for updating:
Use tf.identity instead.
2020-05-21 16:59:06.147974: W tensorflow/python/util/util.cc:319] Sets are not currently considered sequences, but this may change in the future, so consider avoiding using them.
WARNING:tensorflow:From /home/smaity/.local/lib/python3.6/site-packages/tensorflow_core/python/ops/resource_variable_ops.py:1786: calling BaseResourceVariable.__init__ (from tensorflow.python.ops.resource_variable_ops) with constraint is deprecated and will be removed in a future version.
Instructions for updating:
If using Keras pass *_constraint arguments to layers.
Test accuracy for step 250: 0.6192371249198914

Test GAP RMS for gender and step 250: 0.127428337931633

Test GAP RMS for race and step 250: 0.013485445640981197

Test balanced accuracy for step 250: 0.47620922327041626


Test accuracy for step 500: 0.831066906452179

Test GAP RMS for gender and step 500: 0.3573235273361206

Test GAP RMS for race and step 500: 0.09188953787088394

Test balanced accuracy for step 500: 0.7698683142662048


Test accuracy for step 750: 0.8399115800857544

Test GAP RMS for gender and step 750: 0.28856030106544495

Test GAP RMS for race and step 750: 0.0741029605269432

Test balanced accuracy for step 750: 0.7795696258544922


Test accuracy for step 1000: 0.8466556072235107

Test GAP RMS for gender and step 1000: 0.24217481911182404

Test GAP RMS for race and step 1000: 0.06934014707803726

Test balanced accuracy for step 1000: 0.7713688611984253


Test accuracy for step 1250: 0.8483139872550964

Test GAP RMS for gender and step 1250: 0.22523173689842224

Test GAP RMS for race and step 1250: 0.06296895444393158

Test balanced accuracy for step 1250: 0.7710753679275513


Test accuracy for step 1500: 0.8493090271949768

Test GAP RMS for gender and step 1500: 0.2217206358909607

Test GAP RMS for race and step 1500: 0.06424053013324738

Test balanced accuracy for step 1500: 0.7725043296813965


Test accuracy for step 1750: 0.8495301008224487

Test GAP RMS for gender and step 1750: 0.21872195601463318

Test GAP RMS for race and step 1750: 0.061946336179971695

Test balanced accuracy for step 1750: 0.771570086479187


Test accuracy for step 2000: 0.8493090271949768

Test GAP RMS for gender and step 2000: 0.20755209028720856

Test GAP RMS for race and step 2000: 0.057088617235422134

Test balanced accuracy for step 2000: 0.7689545154571533


Test accuracy for step 2250: 0.8501935005187988

Test GAP RMS for gender and step 2250: 0.18972410261631012

Test GAP RMS for race and step 2250: 0.047567594796419144

Test balanced accuracy for step 2250: 0.7593523263931274


Test accuracy for step 2500: 0.8506357073783875

Test GAP RMS for gender and step 2500: 0.17804382741451263

Test GAP RMS for race and step 2500: 0.04225528985261917

Test balanced accuracy for step 2500: 0.7590271234512329


Test accuracy for step 2750: 0.8494195938110352

Test GAP RMS for gender and step 2750: 0.19002695381641388

Test GAP RMS for race and step 2750: 0.05006818100810051

Test balanced accuracy for step 2750: 0.7616192102432251


Test accuracy for step 3000: 0.8500829339027405

Test GAP RMS for gender and step 3000: 0.181192547082901

Test GAP RMS for race and step 3000: 0.04567660763859749

Test balanced accuracy for step 3000: 0.7588162422180176


Test accuracy for step 3250: 0.8495301008224487

Test GAP RMS for gender and step 3250: 0.16940243542194366

Test GAP RMS for race and step 3250: 0.04102831706404686

Test balanced accuracy for step 3250: 0.7530491352081299


Test accuracy for step 3500: 0.8506357073783875

Test GAP RMS for gender and step 3500: 0.16448214650154114

Test GAP RMS for race and step 3500: 0.03865840658545494

Test balanced accuracy for step 3500: 0.7559402585029602


Test accuracy for step 3750: 0.8514096140861511

Test GAP RMS for gender and step 3750: 0.16658461093902588

Test GAP RMS for race and step 3750: 0.04058409854769707

Test balanced accuracy for step 3750: 0.7592296600341797


Test accuracy for step 4000: 0.8505251407623291

Test GAP RMS for gender and step 4000: 0.1591891497373581

Test GAP RMS for race and step 4000: 0.03939714655280113

Test balanced accuracy for step 4000: 0.7500022649765015


Test accuracy for step 4250: 0.8510779142379761

Test GAP RMS for gender and step 4250: 0.16208291053771973

Test GAP RMS for race and step 4250: 0.034120529890060425

Test balanced accuracy for step 4250: 0.7495957612991333


Test accuracy for step 4500: 0.8482034206390381

Test GAP RMS for gender and step 4500: 0.1449369192123413

Test GAP RMS for race and step 4500: 0.026854488998651505

Test balanced accuracy for step 4500: 0.7379733920097351


Test accuracy for step 4750: 0.8512990474700928

Test GAP RMS for gender and step 4750: 0.14203214645385742

Test GAP RMS for race and step 4750: 0.034599464386701584

Test balanced accuracy for step 4750: 0.751748263835907


Test accuracy for step 5000: 0.8507462739944458

Test GAP RMS for gender and step 5000: 0.14472219347953796

Test GAP RMS for race and step 5000: 0.03313000872731209

Test balanced accuracy for step 5000: 0.7475245594978333


Test accuracy for step 5250: 0.8505251407623291

Test GAP RMS for gender and step 5250: 0.14375197887420654

Test GAP RMS for race and step 5250: 0.03533822298049927

Test balanced accuracy for step 5250: 0.7469154596328735


Test accuracy for step 5500: 0.8512990474700928

Test GAP RMS for gender and step 5500: 0.13175030052661896

Test GAP RMS for race and step 5500: 0.03639037907123566

Test balanced accuracy for step 5500: 0.7478897571563721


Test accuracy for step 5750: 0.8517413139343262

Test GAP RMS for gender and step 5750: 0.12363278120756149

Test GAP RMS for race and step 5750: 0.03855353593826294

Test balanced accuracy for step 5750: 0.7526577711105347


Test accuracy for step 6000: 0.8520729541778564

Test GAP RMS for gender and step 6000: 0.12616373598575592

Test GAP RMS for race and step 6000: 0.046909477561712265

Test balanced accuracy for step 6000: 0.7547289729118347


Test accuracy for step 6250: 0.8516307473182678

Test GAP RMS for gender and step 6250: 0.1273815631866455

Test GAP RMS for race and step 6250: 0.04055086150765419

Test balanced accuracy for step 6250: 0.7501152753829956


Test accuracy for step 6500: 0.8517413139343262

Test GAP RMS for gender and step 6500: 0.11945204436779022

Test GAP RMS for race and step 6500: 0.03821971267461777

Test balanced accuracy for step 6500: 0.7509599924087524


Test accuracy for step 6750: 0.8503040075302124

Test GAP RMS for gender and step 6750: 0.10880555957555771

Test GAP RMS for race and step 6750: 0.03221522271633148

Test balanced accuracy for step 6750: 0.7438369393348694


Test accuracy for step 7000: 0.8520729541778564

Test GAP RMS for gender and step 7000: 0.10424307733774185

Test GAP RMS for race and step 7000: 0.03409653902053833

Test balanced accuracy for step 7000: 0.7491726875305176


Test accuracy for step 7250: 0.8520729541778564

Test GAP RMS for gender and step 7250: 0.09505191445350647

Test GAP RMS for race and step 7250: 0.03332561254501343

Test balanced accuracy for step 7250: 0.7474749088287354


Test accuracy for step 7500: 0.8508568406105042

Test GAP RMS for gender and step 7500: 0.10281386226415634

Test GAP RMS for race and step 7500: 0.032909151166677475

Test balanced accuracy for step 7500: 0.7448195219039917


Test accuracy for step 7750: 0.8518518805503845

Test GAP RMS for gender and step 7750: 0.094135582447052

Test GAP RMS for race and step 7750: 0.03414836525917053

Test balanced accuracy for step 7750: 0.7477918863296509


{'epsilon': 0.01, 'lr': 0.0001, 'wlr': 1e-06, 'w_reg': 50.0}
Final test accuracy: 0.8522940874099731
Final test GAP RMS for gender: 0.08428410440683365
Final test GAP RMS for race: 0.03761438652873039
Final test balanced accuracy: 0.7499361038208008


