2020-05-21 16:32:44.224030: W tensorflow/stream_executor/platform/default/dso_loader.cc:55] Could not load dynamic library 'libnvinfer.so.6'; dlerror: libnvinfer.so.6: cannot open shared object file: No such file or directory; LD_LIBRARY_PATH: /sw/arcts/centos7/python3.6-anaconda/5.2.0/lib:/opt/slurm/lib64::
2020-05-21 16:32:44.224634: W tensorflow/stream_executor/platform/default/dso_loader.cc:55] Could not load dynamic library 'libnvinfer_plugin.so.6'; dlerror: libnvinfer_plugin.so.6: cannot open shared object file: No such file or directory; LD_LIBRARY_PATH: /sw/arcts/centos7/python3.6-anaconda/5.2.0/lib:/opt/slurm/lib64::
2020-05-21 16:32:44.224645: W tensorflow/compiler/tf2tensorrt/utils/py_utils.cc:30] Cannot dlopen some TensorRT libraries. If you would like to use Nvidia GPU with TensorRT, please make sure the missing libraries mentioned above are installed properly.
2020-05-21 16:32:49.172306: W tensorflow/stream_executor/platform/default/dso_loader.cc:55] Could not load dynamic library 'libcuda.so.1'; dlerror: libcuda.so.1: cannot open shared object file: No such file or directory; LD_LIBRARY_PATH: /sw/arcts/centos7/python3.6-anaconda/5.2.0/lib:/opt/slurm/lib64::
2020-05-21 16:32:49.173580: E tensorflow/stream_executor/cuda/cuda_driver.cc:351] failed call to cuInit: UNKNOWN ERROR (303)
2020-05-21 16:32:49.173607: I tensorflow/stream_executor/cuda/cuda_diagnostics.cc:156] kernel driver does not appear to be running on this host (gl3105.arc-ts.umich.edu): /proc/driver/nvidia/version does not exist
2020-05-21 16:32:49.173907: I tensorflow/core/platform/cpu_feature_guard.cc:142] Your CPU supports instructions that this TensorFlow binary was not compiled to use: AVX2 AVX512F FMA
2020-05-21 16:32:49.180753: I tensorflow/core/platform/profile_utils/cpu_utils.cc:94] CPU Frequency: 3000000000 Hz
2020-05-21 16:32:49.180843: I tensorflow/compiler/xla/service/service.cc:168] XLA service 0x561fda4aab90 initialized for platform Host (this does not guarantee that XLA will be used). Devices:
2020-05-21 16:32:49.180853: I tensorflow/compiler/xla/service/service.cc:176]   StreamExecutor device (0): Host, Default Version
/sw/arcts/centos7/python3.6-anaconda/5.2.0/lib/python3.6/site-packages/h5py/__init__.py:36: FutureWarning: Conversion of the second argument of issubdtype from `float` to `np.floating` is deprecated. In future, it will be treated as `np.float64 == np.dtype(float).type`.
  from ._conv import register_converters as _register_converters
WARNING:tensorflow:From /home/smaity/.local/lib/python3.6/site-packages/tensorflow_core/python/ops/array_grad.py:563: _EagerTensorBase.cpu (from tensorflow.python.framework.ops) is deprecated and will be removed in a future version.
Instructions for updating:
Use tf.identity instead.
2020-05-21 16:58:43.376581: W tensorflow/python/util/util.cc:319] Sets are not currently considered sequences, but this may change in the future, so consider avoiding using them.
WARNING:tensorflow:From /home/smaity/.local/lib/python3.6/site-packages/tensorflow_core/python/ops/resource_variable_ops.py:1786: calling BaseResourceVariable.__init__ (from tensorflow.python.ops.resource_variable_ops) with constraint is deprecated and will be removed in a future version.
Instructions for updating:
If using Keras pass *_constraint arguments to layers.
Test accuracy for step 250: 0.6191266179084778

Test GAP RMS for gender and step 250: 0.12737080454826355

Test GAP RMS for race and step 250: 0.013214298523962498

Test balanced accuracy for step 250: 0.47582748532295227


Test accuracy for step 500: 0.8316196799278259

Test GAP RMS for gender and step 500: 0.3746640682220459

Test GAP RMS for race and step 500: 0.08700806647539139

Test balanced accuracy for step 500: 0.7617447376251221


Test accuracy for step 750: 0.8399115800857544

Test GAP RMS for gender and step 750: 0.30861422419548035

Test GAP RMS for race and step 750: 0.08460032939910889

Test balanced accuracy for step 750: 0.7766371965408325


Test accuracy for step 1000: 0.844997227191925

Test GAP RMS for gender and step 1000: 0.272134929895401

Test GAP RMS for race and step 1000: 0.07333223521709442

Test balanced accuracy for step 1000: 0.7671865224838257


Test accuracy for step 1250: 0.8473189473152161

Test GAP RMS for gender and step 1250: 0.24617359042167664

Test GAP RMS for race and step 1250: 0.06459211558103561

Test balanced accuracy for step 1250: 0.7696462869644165


Test accuracy for step 1500: 0.8488667607307434

Test GAP RMS for gender and step 1500: 0.23701250553131104

Test GAP RMS for race and step 1500: 0.07257083058357239

Test balanced accuracy for step 1500: 0.775916337966919


Test accuracy for step 1750: 0.8475400805473328

Test GAP RMS for gender and step 1750: 0.23643963038921356

Test GAP RMS for race and step 1750: 0.07325173914432526

Test balanced accuracy for step 1750: 0.7764290571212769


Test accuracy for step 2000: 0.8475400805473328

Test GAP RMS for gender and step 2000: 0.24615228176116943

Test GAP RMS for race and step 2000: 0.06954802572727203

Test balanced accuracy for step 2000: 0.7764290571212769


Test accuracy for step 2250: 0.8473189473152161

Test GAP RMS for gender and step 2250: 0.2333424836397171

Test GAP RMS for race and step 2250: 0.06283671408891678

Test balanced accuracy for step 2250: 0.7685658931732178


Test accuracy for step 2500: 0.8485351204872131

Test GAP RMS for gender and step 2500: 0.22084663808345795

Test GAP RMS for race and step 2500: 0.05596360191702843

Test balanced accuracy for step 2500: 0.769677996635437


Test accuracy for step 2750: 0.8480928540229797

Test GAP RMS for gender and step 2750: 0.23177769780158997

Test GAP RMS for race and step 2750: 0.0685674399137497

Test balanced accuracy for step 2750: 0.7733986973762512


Test accuracy for step 3000: 0.8478717803955078

Test GAP RMS for gender and step 3000: 0.23287710547447205

Test GAP RMS for race and step 3000: 0.0690360963344574

Test balanced accuracy for step 3000: 0.7735613584518433


Test accuracy for step 3250: 0.8487561941146851

Test GAP RMS for gender and step 3250: 0.2221442312002182

Test GAP RMS for race and step 3250: 0.060411486774683

Test balanced accuracy for step 3250: 0.7712131142616272


Test accuracy for step 3500: 0.8493090271949768

Test GAP RMS for gender and step 3500: 0.21237440407276154

Test GAP RMS for race and step 3500: 0.05998610705137253

Test balanced accuracy for step 3500: 0.7717326879501343


Test accuracy for step 3750: 0.8483139872550964

Test GAP RMS for gender and step 3750: 0.218346506357193

Test GAP RMS for race and step 3750: 0.06298927962779999

Test balanced accuracy for step 3750: 0.7740077972412109


Test accuracy for step 4000: 0.8499723672866821

Test GAP RMS for gender and step 4000: 0.22294549643993378

Test GAP RMS for race and step 4000: 0.0599578395485878

Test balanced accuracy for step 4000: 0.7707817554473877


Test accuracy for step 4250: 0.8495301008224487

Test GAP RMS for gender and step 4250: 0.2220917046070099

Test GAP RMS for race and step 4250: 0.059130940586328506

Test balanced accuracy for step 4250: 0.7700266242027283


Test accuracy for step 4500: 0.8485351204872131

Test GAP RMS for gender and step 4500: 0.19850501418113708

Test GAP RMS for race and step 4500: 0.04619084298610687

Test balanced accuracy for step 4500: 0.7593371868133545


Test accuracy for step 4750: 0.8494195938110352

Test GAP RMS for gender and step 4750: 0.20841078460216522

Test GAP RMS for race and step 4750: 0.054494477808475494

Test balanced accuracy for step 4750: 0.7694905996322632


Test accuracy for step 5000: 0.8496406674385071

Test GAP RMS for gender and step 5000: 0.20448841154575348

Test GAP RMS for race and step 5000: 0.05434934422373772

Test balanced accuracy for step 5000: 0.7680932283401489


Test accuracy for step 5250: 0.8488667607307434

Test GAP RMS for gender and step 5250: 0.21259914338588715

Test GAP RMS for race and step 5250: 0.05620260164141655

Test balanced accuracy for step 5250: 0.7668102979660034


Test accuracy for step 5500: 0.8501935005187988

Test GAP RMS for gender and step 5500: 0.19838757812976837

Test GAP RMS for race and step 5500: 0.048745885491371155

Test balanced accuracy for step 5500: 0.7690757513046265


Test accuracy for step 5750: 0.8503040075302124

Test GAP RMS for gender and step 5750: 0.1890331357717514

Test GAP RMS for race and step 5750: 0.052263472229242325

Test balanced accuracy for step 5750: 0.772235631942749


Test accuracy for step 6000: 0.8507462739944458

Test GAP RMS for gender and step 6000: 0.19655419886112213

Test GAP RMS for race and step 6000: 0.06054551154375076

Test balanced accuracy for step 6000: 0.7779296636581421


Test accuracy for step 6250: 0.8495301008224487

Test GAP RMS for gender and step 6250: 0.20066605508327484

Test GAP RMS for race and step 6250: 0.055632639676332474

Test balanced accuracy for step 6250: 0.7729591131210327


Test accuracy for step 6500: 0.8504145741462708

Test GAP RMS for gender and step 6500: 0.18561235070228577

Test GAP RMS for race and step 6500: 0.04753168299794197

Test balanced accuracy for step 6500: 0.7746237516403198


Test accuracy for step 6750: 0.8510779142379761

Test GAP RMS for gender and step 6750: 0.17415468394756317

Test GAP RMS for race and step 6750: 0.04887089878320694

Test balanced accuracy for step 6750: 0.7699687480926514


Test accuracy for step 7000: 0.8507462739944458

Test GAP RMS for gender and step 7000: 0.17831872403621674

Test GAP RMS for race and step 7000: 0.05034392327070236

Test balanced accuracy for step 7000: 0.7731451392173767


Test accuracy for step 7250: 0.8501935005187988

Test GAP RMS for gender and step 7250: 0.17395588755607605

Test GAP RMS for race and step 7250: 0.05284968018531799

Test balanced accuracy for step 7250: 0.7727799415588379


Test accuracy for step 7500: 0.8501935005187988

Test GAP RMS for gender and step 7500: 0.17395588755607605

Test GAP RMS for race and step 7500: 0.05240309610962868

Test balanced accuracy for step 7500: 0.7727799415588379


Test accuracy for step 7750: 0.8516307473182678

Test GAP RMS for gender and step 7750: 0.16110385954380035

Test GAP RMS for race and step 7750: 0.050877589732408524

Test balanced accuracy for step 7750: 0.777279257774353


{'epsilon': 0.001, 'lr': 0.0001, 'wlr': 1e-06, 'w_reg': 60.0}
Final test accuracy: 0.8519623875617981
Final test GAP RMS for gender: 0.16209891438484192
Final test GAP RMS for race: 0.05392066761851311
Final test balanced accuracy: 0.7779613733291626


