2020-05-21 16:32:43.786798: W tensorflow/stream_executor/platform/default/dso_loader.cc:55] Could not load dynamic library 'libnvinfer.so.6'; dlerror: libnvinfer.so.6: cannot open shared object file: No such file or directory; LD_LIBRARY_PATH: /sw/arcts/centos7/python3.6-anaconda/5.2.0/lib:/opt/slurm/lib64::
2020-05-21 16:32:43.786899: W tensorflow/stream_executor/platform/default/dso_loader.cc:55] Could not load dynamic library 'libnvinfer_plugin.so.6'; dlerror: libnvinfer_plugin.so.6: cannot open shared object file: No such file or directory; LD_LIBRARY_PATH: /sw/arcts/centos7/python3.6-anaconda/5.2.0/lib:/opt/slurm/lib64::
2020-05-21 16:32:43.786909: W tensorflow/compiler/tf2tensorrt/utils/py_utils.cc:30] Cannot dlopen some TensorRT libraries. If you would like to use Nvidia GPU with TensorRT, please make sure the missing libraries mentioned above are installed properly.
2020-05-21 16:32:50.815549: W tensorflow/stream_executor/platform/default/dso_loader.cc:55] Could not load dynamic library 'libcuda.so.1'; dlerror: libcuda.so.1: cannot open shared object file: No such file or directory; LD_LIBRARY_PATH: /sw/arcts/centos7/python3.6-anaconda/5.2.0/lib:/opt/slurm/lib64::
2020-05-21 16:32:50.815748: E tensorflow/stream_executor/cuda/cuda_driver.cc:351] failed call to cuInit: UNKNOWN ERROR (303)
2020-05-21 16:32:50.815768: I tensorflow/stream_executor/cuda/cuda_diagnostics.cc:156] kernel driver does not appear to be running on this host (gl3264.arc-ts.umich.edu): /proc/driver/nvidia/version does not exist
2020-05-21 16:32:50.816111: I tensorflow/core/platform/cpu_feature_guard.cc:142] Your CPU supports instructions that this TensorFlow binary was not compiled to use: AVX2 AVX512F FMA
2020-05-21 16:32:50.822997: I tensorflow/core/platform/profile_utils/cpu_utils.cc:94] CPU Frequency: 3000000000 Hz
2020-05-21 16:32:50.823085: I tensorflow/compiler/xla/service/service.cc:168] XLA service 0x557a68a43920 initialized for platform Host (this does not guarantee that XLA will be used). Devices:
2020-05-21 16:32:50.823095: I tensorflow/compiler/xla/service/service.cc:176]   StreamExecutor device (0): Host, Default Version
/sw/arcts/centos7/python3.6-anaconda/5.2.0/lib/python3.6/site-packages/h5py/__init__.py:36: FutureWarning: Conversion of the second argument of issubdtype from `float` to `np.floating` is deprecated. In future, it will be treated as `np.float64 == np.dtype(float).type`.
  from ._conv import register_converters as _register_converters
WARNING:tensorflow:From /home/smaity/.local/lib/python3.6/site-packages/tensorflow_core/python/ops/array_grad.py:563: _EagerTensorBase.cpu (from tensorflow.python.framework.ops) is deprecated and will be removed in a future version.
Instructions for updating:
Use tf.identity instead.
2020-05-21 16:59:14.611226: W tensorflow/python/util/util.cc:319] Sets are not currently considered sequences, but this may change in the future, so consider avoiding using them.
WARNING:tensorflow:From /home/smaity/.local/lib/python3.6/site-packages/tensorflow_core/python/ops/resource_variable_ops.py:1786: calling BaseResourceVariable.__init__ (from tensorflow.python.ops.resource_variable_ops) with constraint is deprecated and will be removed in a future version.
Instructions for updating:
If using Keras pass *_constraint arguments to layers.
Test accuracy for step 250: 0.620011031627655

Test GAP RMS for gender and step 250: 0.12678980827331543

Test GAP RMS for race and step 250: 0.01630755513906479

Test balanced accuracy for step 250: 0.4785725474357605


Test accuracy for step 500: 0.8246545195579529

Test GAP RMS for gender and step 500: 0.31917622685432434

Test GAP RMS for race and step 500: 0.0795745998620987

Test balanced accuracy for step 500: 0.7894006967544556


Test accuracy for step 750: 0.8405749201774597

Test GAP RMS for gender and step 750: 0.14479529857635498

Test GAP RMS for race and step 750: 0.06813453137874603

Test balanced accuracy for step 750: 0.8043937087059021


Test accuracy for step 1000: 0.845550000667572

Test GAP RMS for gender and step 1000: 0.06971520930528641

Test GAP RMS for race and step 1000: 0.044525738805532455

Test balanced accuracy for step 1000: 0.7928636074066162


Test accuracy for step 1250: 0.8465450406074524

Test GAP RMS for gender and step 1250: 0.06094900518655777

Test GAP RMS for race and step 1250: 0.04096813127398491

Test balanced accuracy for step 1250: 0.7952186465263367


Test accuracy for step 1500: 0.8457711338996887

Test GAP RMS for gender and step 1500: 0.06477261334657669

Test GAP RMS for race and step 1500: 0.04512723535299301

Test balanced accuracy for step 1500: 0.7948617339134216


Test accuracy for step 1750: 0.8446655869483948

Test GAP RMS for gender and step 1750: 0.06250857561826706

Test GAP RMS for race and step 1750: 0.042000699788331985

Test balanced accuracy for step 1750: 0.794285774230957


Test accuracy for step 2000: 0.8452183604240417

Test GAP RMS for gender and step 2000: 0.06333072483539581

Test GAP RMS for race and step 2000: 0.04324427992105484

Test balanced accuracy for step 2000: 0.7934161424636841


Test accuracy for step 2250: 0.8459922671318054

Test GAP RMS for gender and step 2250: 0.064081571996212

Test GAP RMS for race and step 2250: 0.04254830256104469

Test balanced accuracy for step 2250: 0.7909950017929077


Test accuracy for step 2500: 0.844997227191925

Test GAP RMS for gender and step 2500: 0.07734522968530655

Test GAP RMS for race and step 2500: 0.03765364736318588

Test balanced accuracy for step 2500: 0.7904919385910034


Test accuracy for step 2750: 0.8459922671318054

Test GAP RMS for gender and step 2750: 0.07592771202325821

Test GAP RMS for race and step 2750: 0.034905459731817245

Test balanced accuracy for step 2750: 0.7905319333076477


Test accuracy for step 3000: 0.8473189473152161

Test GAP RMS for gender and step 3000: 0.07077410817146301

Test GAP RMS for race and step 3000: 0.04059502109885216

Test balanced accuracy for step 3000: 0.7870868444442749


Test accuracy for step 3250: 0.8488667607307434

Test GAP RMS for gender and step 3250: 0.06874001771211624

Test GAP RMS for race and step 3250: 0.0320349745452404

Test balanced accuracy for step 3250: 0.7810096740722656


Test accuracy for step 3500: 0.846434473991394

Test GAP RMS for gender and step 3500: 0.08658527582883835

Test GAP RMS for race and step 3500: 0.03105156496167183

Test balanced accuracy for step 3500: 0.7848048210144043


Test accuracy for step 3750: 0.8465450406074524

Test GAP RMS for gender and step 3750: 0.08548812568187714

Test GAP RMS for race and step 3750: 0.03423093259334564

Test balanced accuracy for step 3750: 0.7858039140701294


Test accuracy for step 4000: 0.8462134003639221

Test GAP RMS for gender and step 4000: 0.07676168531179428

Test GAP RMS for race and step 4000: 0.031075134873390198

Test balanced accuracy for step 4000: 0.7815718650817871


Test accuracy for step 4250: 0.8470978736877441

Test GAP RMS for gender and step 4250: 0.08418457955121994

Test GAP RMS for race and step 4250: 0.03384929522871971

Test balanced accuracy for step 4250: 0.7790693640708923


Test accuracy for step 4500: 0.8485351204872131

Test GAP RMS for gender and step 4500: 0.08824986964464188

Test GAP RMS for race and step 4500: 0.02868317998945713

Test balanced accuracy for step 4500: 0.7787840962409973


Test accuracy for step 4750: 0.8434494137763977

Test GAP RMS for gender and step 4750: 0.09829730540513992

Test GAP RMS for race and step 4750: 0.03122149221599102

Test balanced accuracy for step 4750: 0.783913254737854


Test accuracy for step 5000: 0.8446655869483948

Test GAP RMS for gender and step 5000: 0.09969133138656616

Test GAP RMS for race and step 5000: 0.03155143931508064

Test balanced accuracy for step 5000: 0.7842535972595215


Test accuracy for step 5250: 0.8447760939598083

Test GAP RMS for gender and step 5250: 0.09809887409210205

Test GAP RMS for race and step 5250: 0.028152218088507652

Test balanced accuracy for step 5250: 0.7847896218299866


Test accuracy for step 5500: 0.8448866605758667

Test GAP RMS for gender and step 5500: 0.10174502432346344

Test GAP RMS for race and step 5500: 0.029533473774790764

Test balanced accuracy for step 5500: 0.7840909957885742


Test accuracy for step 5750: 0.8413488268852234

Test GAP RMS for gender and step 5750: 0.10399014502763748

Test GAP RMS for race and step 5750: 0.033086515963077545

Test balanced accuracy for step 5750: 0.7863840460777283


Test accuracy for step 6000: 0.8405749201774597

Test GAP RMS for gender and step 6000: 0.09185215085744858

Test GAP RMS for race and step 6000: 0.03438085317611694

Test balanced accuracy for step 6000: 0.7900400161743164


Test accuracy for step 6250: 0.8428966403007507

Test GAP RMS for gender and step 6250: 0.09237277507781982

Test GAP RMS for race and step 6250: 0.029817720875144005

Test balanced accuracy for step 6250: 0.7870978713035583


Test accuracy for step 6500: 0.8404643535614014

Test GAP RMS for gender and step 6500: 0.0960649847984314

Test GAP RMS for race and step 6500: 0.029349874705076218

Test balanced accuracy for step 6500: 0.7861084938049316


Test accuracy for step 6750: 0.8419016003608704

Test GAP RMS for gender and step 6750: 0.10280544310808182

Test GAP RMS for race and step 6750: 0.0307844877243042

Test balanced accuracy for step 6750: 0.7858232259750366


Test accuracy for step 7000: 0.8392481803894043

Test GAP RMS for gender and step 7000: 0.09513591974973679

Test GAP RMS for race and step 7000: 0.03336776793003082

Test balanced accuracy for step 7000: 0.7887005805969238


Test accuracy for step 7250: 0.841791033744812

Test GAP RMS for gender and step 7250: 0.09964654594659805

Test GAP RMS for race and step 7250: 0.03082907758653164

Test balanced accuracy for step 7250: 0.7860588431358337


Test accuracy for step 7500: 0.8414593935012817

Test GAP RMS for gender and step 7500: 0.09841743856668472

Test GAP RMS for race and step 7500: 0.02931523323059082

Test balanced accuracy for step 7500: 0.7855310440063477


Test accuracy for step 7750: 0.8407959938049316

Test GAP RMS for gender and step 7750: 0.1009242907166481

Test GAP RMS for race and step 7750: 0.031873635947704315

Test balanced accuracy for step 7750: 0.7883340120315552


{'epsilon': 0.001, 'lr': 0.0001, 'wlr': 0.0001, 'w_reg': 50.0}
Final test accuracy: 0.8407959938049316
Final test GAP RMS for gender: 0.09952686727046967
Final test GAP RMS for race: 0.034337855875492096
Final test balanced accuracy: 0.7887970209121704


