2020-05-21 16:32:44.739910: W tensorflow/stream_executor/platform/default/dso_loader.cc:55] Could not load dynamic library 'libnvinfer.so.6'; dlerror: libnvinfer.so.6: cannot open shared object file: No such file or directory; LD_LIBRARY_PATH: /sw/arcts/centos7/python3.6-anaconda/5.2.0/lib:/opt/slurm/lib64::
2020-05-21 16:32:44.740638: W tensorflow/stream_executor/platform/default/dso_loader.cc:55] Could not load dynamic library 'libnvinfer_plugin.so.6'; dlerror: libnvinfer_plugin.so.6: cannot open shared object file: No such file or directory; LD_LIBRARY_PATH: /sw/arcts/centos7/python3.6-anaconda/5.2.0/lib:/opt/slurm/lib64::
2020-05-21 16:32:44.740649: W tensorflow/compiler/tf2tensorrt/utils/py_utils.cc:30] Cannot dlopen some TensorRT libraries. If you would like to use Nvidia GPU with TensorRT, please make sure the missing libraries mentioned above are installed properly.
2020-05-21 16:32:50.529207: W tensorflow/stream_executor/platform/default/dso_loader.cc:55] Could not load dynamic library 'libcuda.so.1'; dlerror: libcuda.so.1: cannot open shared object file: No such file or directory; LD_LIBRARY_PATH: /sw/arcts/centos7/python3.6-anaconda/5.2.0/lib:/opt/slurm/lib64::
2020-05-21 16:32:50.529936: E tensorflow/stream_executor/cuda/cuda_driver.cc:351] failed call to cuInit: UNKNOWN ERROR (303)
2020-05-21 16:32:50.529973: I tensorflow/stream_executor/cuda/cuda_diagnostics.cc:156] kernel driver does not appear to be running on this host (gl3167.arc-ts.umich.edu): /proc/driver/nvidia/version does not exist
2020-05-21 16:32:50.530486: I tensorflow/core/platform/cpu_feature_guard.cc:142] Your CPU supports instructions that this TensorFlow binary was not compiled to use: AVX2 AVX512F FMA
2020-05-21 16:32:50.538921: I tensorflow/core/platform/profile_utils/cpu_utils.cc:94] CPU Frequency: 3000000000 Hz
2020-05-21 16:32:50.539030: I tensorflow/compiler/xla/service/service.cc:168] XLA service 0x560e68e836c0 initialized for platform Host (this does not guarantee that XLA will be used). Devices:
2020-05-21 16:32:50.539041: I tensorflow/compiler/xla/service/service.cc:176]   StreamExecutor device (0): Host, Default Version
/sw/arcts/centos7/python3.6-anaconda/5.2.0/lib/python3.6/site-packages/h5py/__init__.py:36: FutureWarning: Conversion of the second argument of issubdtype from `float` to `np.floating` is deprecated. In future, it will be treated as `np.float64 == np.dtype(float).type`.
  from ._conv import register_converters as _register_converters
WARNING:tensorflow:From /home/smaity/.local/lib/python3.6/site-packages/tensorflow_core/python/ops/array_grad.py:563: _EagerTensorBase.cpu (from tensorflow.python.framework.ops) is deprecated and will be removed in a future version.
Instructions for updating:
Use tf.identity instead.
2020-05-21 16:58:58.331228: W tensorflow/python/util/util.cc:319] Sets are not currently considered sequences, but this may change in the future, so consider avoiding using them.
WARNING:tensorflow:From /home/smaity/.local/lib/python3.6/site-packages/tensorflow_core/python/ops/resource_variable_ops.py:1786: calling BaseResourceVariable.__init__ (from tensorflow.python.ops.resource_variable_ops) with constraint is deprecated and will be removed in a future version.
Instructions for updating:
If using Keras pass *_constraint arguments to layers.
Test accuracy for step 250: 0.6158098578453064

Test GAP RMS for gender and step 250: 0.13057377934455872

Test GAP RMS for race and step 250: 0.014121728017926216

Test balanced accuracy for step 250: 0.4673084616661072


Test accuracy for step 500: 0.7616362571716309

Test GAP RMS for gender and step 500: 0.008714335039258003

Test GAP RMS for race and step 500: 0.007438761182129383

Test balanced accuracy for step 500: 0.5099315047264099


Test accuracy for step 750: 0.7576561570167542

Test GAP RMS for gender and step 750: 0.00263004656881094

Test GAP RMS for race and step 750: 0.0024798335507512093

Test balanced accuracy for step 750: 0.5015916228294373


Test accuracy for step 1000: 0.7608623504638672

Test GAP RMS for gender and step 1000: 0.01514380518347025

Test GAP RMS for race and step 1000: 0.006434303242713213

Test balanced accuracy for step 1000: 0.5081855654716492


Test accuracy for step 1250: 0.7625207304954529

Test GAP RMS for gender and step 1250: 0.037802960723638535

Test GAP RMS for race and step 1250: 0.004605283960700035

Test balanced accuracy for step 1250: 0.5117505192756653


Test accuracy for step 1500: 0.7667219638824463

Test GAP RMS for gender and step 1500: 0.09315858781337738

Test GAP RMS for race and step 1500: 0.003332299878820777

Test balanced accuracy for step 1500: 0.5217798948287964


Test accuracy for step 1750: 0.765174150466919

Test GAP RMS for gender and step 1750: 0.11554965376853943

Test GAP RMS for race and step 1750: 0.01873031258583069

Test balanced accuracy for step 1750: 0.5190595984458923


Test accuracy for step 2000: 0.7656163573265076

Test GAP RMS for gender and step 2000: 0.10696747899055481

Test GAP RMS for race and step 2000: 0.010344567708671093

Test balanced accuracy for step 2000: 0.519660472869873


Test accuracy for step 2250: 0.7690436840057373

Test GAP RMS for gender and step 2250: 0.15043319761753082

Test GAP RMS for race and step 2250: 0.02028827741742134

Test balanced accuracy for step 2250: 0.5276351571083069


Test accuracy for step 2500: 0.7856274247169495

Test GAP RMS for gender and step 2500: 0.1421343982219696

Test GAP RMS for race and step 2500: 0.015680421143770218

Test balanced accuracy for step 2500: 0.5623589158058167


Test accuracy for step 2750: 0.7887230515480042

Test GAP RMS for gender and step 2750: 0.15697388350963593

Test GAP RMS for race and step 2750: 0.014045044779777527

Test balanced accuracy for step 2750: 0.5701144933700562


Test accuracy for step 3000: 0.7956882119178772

Test GAP RMS for gender and step 3000: 0.14517948031425476

Test GAP RMS for race and step 3000: 0.022727834060788155

Test balanced accuracy for step 3000: 0.585982620716095


Test accuracy for step 3250: 0.8019900321960449

Test GAP RMS for gender and step 3250: 0.10984929651021957

Test GAP RMS for race and step 3250: 0.014632453210651875

Test balanced accuracy for step 3250: 0.6003321409225464


Test accuracy for step 3500: 0.7879491448402405

Test GAP RMS for gender and step 3500: 0.22370873391628265

Test GAP RMS for race and step 3500: 0.025792473927140236

Test balanced accuracy for step 3500: 0.5711466670036316


Test accuracy for step 3750: 0.7879491448402405

Test GAP RMS for gender and step 3750: 0.24502341449260712

Test GAP RMS for race and step 3750: 0.009676833637058735

Test balanced accuracy for step 3750: 0.5731531381607056


Test accuracy for step 4000: 0.8413488268852234

Test GAP RMS for gender and step 4000: 0.06979286670684814

Test GAP RMS for race and step 4000: 0.02320713736116886

Test balanced accuracy for step 4000: 0.778049647808075


Test accuracy for step 4250: 0.7745715975761414

Test GAP RMS for gender and step 4250: 0.08202880620956421

Test GAP RMS for race and step 4250: 0.0467568002641201

Test balanced accuracy for step 4250: 0.8009202480316162


Test accuracy for step 4500: 0.7600884437561035

Test GAP RMS for gender and step 4500: 0.08256032317876816

Test GAP RMS for race and step 4500: 0.0060830800794065

Test balanced accuracy for step 4500: 0.5078286528587341


Test accuracy for step 4750: 0.8406854867935181

Test GAP RMS for gender and step 4750: 0.09156659245491028

Test GAP RMS for race and step 4750: 0.0687260702252388

Test balanced accuracy for step 4750: 0.7905761003494263


Test accuracy for step 5000: 0.2599226236343384

Test GAP RMS for gender and step 5000: 0.011621983721852303

Test GAP RMS for race and step 5000: 0.007781911175698042

Test balanced accuracy for step 5000: 0.510483980178833


Test accuracy for step 5250: 0.25041458010673523

Test GAP RMS for gender and step 5250: 0.008467588573694229

Test GAP RMS for race and step 5250: 0.002031543990597129

Test balanced accuracy for step 5250: 0.5045116543769836


Test accuracy for step 5500: 0.2455500215291977

Test GAP RMS for gender and step 5500: 0.005096178036183119

Test GAP RMS for race and step 5500: 0.0015361849218606949

Test balanced accuracy for step 5500: 0.5012980699539185


Test accuracy for step 5750: 0.24322830140590668

Test GAP RMS for gender and step 5750: 0.0022327126935124397

Test GAP RMS for race and step 5750: 0.0004304974863771349

Test balanced accuracy for step 5750: 0.49991869926452637


Test accuracy for step 6000: 0.24322830140590668

Test GAP RMS for gender and step 6000: 0.0022930139675736427

Test GAP RMS for race and step 6000: 0.0004304974863771349

Test balanced accuracy for step 6000: 0.49991869926452637


Test accuracy for step 6250: 0.24333886802196503

Test GAP RMS for gender and step 6250: 0.002368686720728874

Test GAP RMS for race and step 6250: 0.0005100264097563922

Test balanced accuracy for step 6250: 0.4999917447566986


Test accuracy for step 6500: 0.24322830140590668

Test GAP RMS for gender and step 6500: 0.00026560944388620555

Test GAP RMS for race and step 6500: 0.00012231015716679394

Test balanced accuracy for step 6500: 0.5000730752944946


Test accuracy for step 6750: 0.2438916563987732

Test GAP RMS for gender and step 6750: 0.00012087716459063813

Test GAP RMS for race and step 6750: 0.0008562132134102285

Test balanced accuracy for step 6750: 0.5005112886428833


Test accuracy for step 7000: 0.7607517838478088

Test GAP RMS for gender and step 7000: 0.48081594705581665

Test GAP RMS for race and step 7000: 0.03968356177210808

Test balanced accuracy for step 7000: 0.5493214726448059


Test accuracy for step 7250: 0.7563294768333435

Test GAP RMS for gender and step 7250: 0.4896382987499237

Test GAP RMS for race and step 7250: 0.04020528495311737

Test balanced accuracy for step 7250: 0.5460913777351379


Test accuracy for step 7500: 0.2666666805744171

Test GAP RMS for gender and step 7500: 0.02490086480975151

Test GAP RMS for race and step 7500: 0.007346353959292173

Test balanced accuracy for step 7500: 0.5143218040466309


Test accuracy for step 7750: 0.24311774969100952

Test GAP RMS for gender and step 7750: 0.0

Test GAP RMS for race and step 7750: 0.0

Test balanced accuracy for step 7750: 0.5


{'epsilon': 0.1, 'lr': 0.0001, 'wlr': 0.001, 'w_reg': 60.0}
Final test accuracy: 0.24311774969100952
Final test GAP RMS for gender: 0.0
Final test GAP RMS for race: 0.0
Final test balanced accuracy: 0.5


