2020-05-21 16:32:44.874805: W tensorflow/stream_executor/platform/default/dso_loader.cc:55] Could not load dynamic library 'libnvinfer.so.6'; dlerror: libnvinfer.so.6: cannot open shared object file: No such file or directory; LD_LIBRARY_PATH: /sw/arcts/centos7/python3.6-anaconda/5.2.0/lib:/opt/slurm/lib64::
2020-05-21 16:32:44.875497: W tensorflow/stream_executor/platform/default/dso_loader.cc:55] Could not load dynamic library 'libnvinfer_plugin.so.6'; dlerror: libnvinfer_plugin.so.6: cannot open shared object file: No such file or directory; LD_LIBRARY_PATH: /sw/arcts/centos7/python3.6-anaconda/5.2.0/lib:/opt/slurm/lib64::
2020-05-21 16:32:44.875509: W tensorflow/compiler/tf2tensorrt/utils/py_utils.cc:30] Cannot dlopen some TensorRT libraries. If you would like to use Nvidia GPU with TensorRT, please make sure the missing libraries mentioned above are installed properly.
2020-05-21 16:32:50.708273: W tensorflow/stream_executor/platform/default/dso_loader.cc:55] Could not load dynamic library 'libcuda.so.1'; dlerror: libcuda.so.1: cannot open shared object file: No such file or directory; LD_LIBRARY_PATH: /sw/arcts/centos7/python3.6-anaconda/5.2.0/lib:/opt/slurm/lib64::
2020-05-21 16:32:50.708482: E tensorflow/stream_executor/cuda/cuda_driver.cc:351] failed call to cuInit: UNKNOWN ERROR (303)
2020-05-21 16:32:50.708511: I tensorflow/stream_executor/cuda/cuda_diagnostics.cc:156] kernel driver does not appear to be running on this host (gl3168.arc-ts.umich.edu): /proc/driver/nvidia/version does not exist
2020-05-21 16:32:50.708835: I tensorflow/core/platform/cpu_feature_guard.cc:142] Your CPU supports instructions that this TensorFlow binary was not compiled to use: AVX2 AVX512F FMA
2020-05-21 16:32:50.715856: I tensorflow/core/platform/profile_utils/cpu_utils.cc:94] CPU Frequency: 3000000000 Hz
2020-05-21 16:32:50.715950: I tensorflow/compiler/xla/service/service.cc:168] XLA service 0x55aa2c57ac50 initialized for platform Host (this does not guarantee that XLA will be used). Devices:
2020-05-21 16:32:50.715961: I tensorflow/compiler/xla/service/service.cc:176]   StreamExecutor device (0): Host, Default Version
/sw/arcts/centos7/python3.6-anaconda/5.2.0/lib/python3.6/site-packages/h5py/__init__.py:36: FutureWarning: Conversion of the second argument of issubdtype from `float` to `np.floating` is deprecated. In future, it will be treated as `np.float64 == np.dtype(float).type`.
  from ._conv import register_converters as _register_converters
WARNING:tensorflow:From /home/smaity/.local/lib/python3.6/site-packages/tensorflow_core/python/ops/array_grad.py:563: _EagerTensorBase.cpu (from tensorflow.python.framework.ops) is deprecated and will be removed in a future version.
Instructions for updating:
Use tf.identity instead.
2020-05-21 16:59:25.571169: W tensorflow/python/util/util.cc:319] Sets are not currently considered sequences, but this may change in the future, so consider avoiding using them.
WARNING:tensorflow:From /home/smaity/.local/lib/python3.6/site-packages/tensorflow_core/python/ops/resource_variable_ops.py:1786: calling BaseResourceVariable.__init__ (from tensorflow.python.ops.resource_variable_ops) with constraint is deprecated and will be removed in a future version.
Instructions for updating:
If using Keras pass *_constraint arguments to layers.
Test accuracy for step 250: 0.6169154047966003

Test GAP RMS for gender and step 250: 0.1289726048707962

Test GAP RMS for race and step 250: 0.014020601287484169

Test balanced accuracy for step 250: 0.46927353739738464


Test accuracy for step 500: 0.7749032378196716

Test GAP RMS for gender and step 500: 0.06355851888656616

Test GAP RMS for race and step 500: 0.006911152042448521

Test balanced accuracy for step 500: 0.5390686988830566


Test accuracy for step 750: 0.7986732721328735

Test GAP RMS for gender and step 750: 0.07486152648925781

Test GAP RMS for race and step 750: 0.01765633001923561

Test balanced accuracy for step 750: 0.5904240608215332


Test accuracy for step 1000: 0.7900497317314148

Test GAP RMS for gender and step 1000: 0.04872478172183037

Test GAP RMS for race and step 1000: 0.002395500196143985

Test balanced accuracy for step 1000: 0.5697562098503113


Test accuracy for step 1250: 0.7813156247138977

Test GAP RMS for gender and step 1250: 0.018627477809786797

Test GAP RMS for race and step 1250: 0.005431133788079023

Test balanced accuracy for step 1250: 0.5505588054656982


Test accuracy for step 1500: 0.7620785236358643

Test GAP RMS for gender and step 1500: 0.00761111406609416

Test GAP RMS for race and step 1500: 0.006021949928253889

Test balanced accuracy for step 1500: 0.5108410120010376


Test accuracy for step 1750: 0.7568822503089905

Test GAP RMS for gender and step 1750: 0.0

Test GAP RMS for race and step 1750: 0.0

Test balanced accuracy for step 1750: 0.5


Test accuracy for step 2000: 0.7568822503089905

Test GAP RMS for gender and step 2000: 0.0

Test GAP RMS for race and step 2000: 0.0

Test balanced accuracy for step 2000: 0.5


Test accuracy for step 2250: 0.7568822503089905

Test GAP RMS for gender and step 2250: 0.0

Test GAP RMS for race and step 2250: 0.0

Test balanced accuracy for step 2250: 0.5


Test accuracy for step 2500: 0.7568822503089905

Test GAP RMS for gender and step 2500: 0.0

Test GAP RMS for race and step 2500: 0.0

Test balanced accuracy for step 2500: 0.5


Test accuracy for step 2750: 0.7568822503089905

Test GAP RMS for gender and step 2750: 0.0

Test GAP RMS for race and step 2750: 0.0

Test balanced accuracy for step 2750: 0.5


Test accuracy for step 3000: 0.7568822503089905

Test GAP RMS for gender and step 3000: 0.0

Test GAP RMS for race and step 3000: 0.0

Test balanced accuracy for step 3000: 0.5


Test accuracy for step 3250: 0.7568822503089905

Test GAP RMS for gender and step 3250: 0.0

Test GAP RMS for race and step 3250: 0.0

Test balanced accuracy for step 3250: 0.5


Test accuracy for step 3500: 0.7568822503089905

Test GAP RMS for gender and step 3500: 0.0

Test GAP RMS for race and step 3500: 0.0

Test balanced accuracy for step 3500: 0.5


Test accuracy for step 3750: 0.7568822503089905

Test GAP RMS for gender and step 3750: 0.0

Test GAP RMS for race and step 3750: 0.0

Test balanced accuracy for step 3750: 0.5


Test accuracy for step 4000: 0.7568822503089905

Test GAP RMS for gender and step 4000: 0.0

Test GAP RMS for race and step 4000: 0.0

Test balanced accuracy for step 4000: 0.5


Test accuracy for step 4250: 0.7568822503089905

Test GAP RMS for gender and step 4250: 0.0

Test GAP RMS for race and step 4250: 0.0

Test balanced accuracy for step 4250: 0.5


Test accuracy for step 4500: 0.7568822503089905

Test GAP RMS for gender and step 4500: 0.0

Test GAP RMS for race and step 4500: 0.0

Test balanced accuracy for step 4500: 0.5


Test accuracy for step 4750: 0.7568822503089905

Test GAP RMS for gender and step 4750: 0.0

Test GAP RMS for race and step 4750: 0.0

Test balanced accuracy for step 4750: 0.5


Test accuracy for step 5000: 0.7568822503089905

Test GAP RMS for gender and step 5000: 0.0

Test GAP RMS for race and step 5000: 0.0

Test balanced accuracy for step 5000: 0.5


Test accuracy for step 5250: 0.7569928169250488

Test GAP RMS for gender and step 5250: 0.00037572093424387276

Test GAP RMS for race and step 5250: 0.0003542619233485311

Test balanced accuracy for step 5250: 0.5002273917198181


Test accuracy for step 5500: 0.7569928169250488

Test GAP RMS for gender and step 5500: 0.00037572093424387276

Test GAP RMS for race and step 5500: 0.0003542619233485311

Test balanced accuracy for step 5500: 0.5002273917198181


Test accuracy for step 5750: 0.7599778771400452

Test GAP RMS for gender and step 5750: 0.005117864813655615

Test GAP RMS for race and step 5750: 0.006081787869334221

Test balanced accuracy for step 5750: 0.5063665509223938


Test accuracy for step 6000: 0.7641791105270386

Test GAP RMS for gender and step 6000: 0.003946846816688776

Test GAP RMS for race and step 6000: 0.00035600652336142957

Test balanced accuracy for step 6000: 0.5150068402290344


Test accuracy for step 6250: 0.7650635838508606

Test GAP RMS for gender and step 6250: 0.0008664101478643715

Test GAP RMS for race and step 6250: 0.0006474441033788025

Test balanced accuracy for step 6250: 0.5168258547782898


Test accuracy for step 6500: 0.7681592106819153

Test GAP RMS for gender and step 6500: 0.008216633461415768

Test GAP RMS for race and step 6500: 0.005725341383367777

Test balanced accuracy for step 6500: 0.5233466625213623


Test accuracy for step 6750: 0.7708126306533813

Test GAP RMS for gender and step 6750: 0.007018652744591236

Test GAP RMS for race and step 6750: 0.0010663336142897606

Test balanced accuracy for step 6750: 0.5288037061691284


Test accuracy for step 7000: 0.7837479114532471

Test GAP RMS for gender and step 7000: 0.0017792998114600778

Test GAP RMS for race and step 7000: 0.009147767908871174

Test balanced accuracy for step 7000: 0.5555610656738281


Test accuracy for step 7250: 0.7827529311180115

Test GAP RMS for gender and step 7250: 0.0025536466855555773

Test GAP RMS for race and step 7250: 0.008498829789459705

Test balanced accuracy for step 7250: 0.5535147190093994


Test accuracy for step 7500: 0.7889441847801208

Test GAP RMS for gender and step 7500: 0.005457702558487654

Test GAP RMS for race and step 7500: 0.004014288075268269

Test balanced accuracy for step 7500: 0.5662477612495422


Test accuracy for step 7750: 0.7956882119178772

Test GAP RMS for gender and step 7750: 0.0007055605528876185

Test GAP RMS for race and step 7750: 0.008640751242637634

Test balanced accuracy for step 7750: 0.5811980962753296


{'epsilon': 0.1, 'lr': 0.0001, 'wlr': 5e-06, 'w_reg': 60.0}
Final test accuracy: 0.7976782917976379
Final test GAP RMS for gender: 0.0023123936261981726
Final test GAP RMS for race: 0.005287480540573597
Final test balanced accuracy: 0.5860625505447388


