2020-05-21 16:32:42.219406: W tensorflow/stream_executor/platform/default/dso_loader.cc:55] Could not load dynamic library 'libnvinfer.so.6'; dlerror: libnvinfer.so.6: cannot open shared object file: No such file or directory; LD_LIBRARY_PATH: /sw/arcts/centos7/python3.6-anaconda/5.2.0/lib:/opt/slurm/lib64::
2020-05-21 16:32:42.220020: W tensorflow/stream_executor/platform/default/dso_loader.cc:55] Could not load dynamic library 'libnvinfer_plugin.so.6'; dlerror: libnvinfer_plugin.so.6: cannot open shared object file: No such file or directory; LD_LIBRARY_PATH: /sw/arcts/centos7/python3.6-anaconda/5.2.0/lib:/opt/slurm/lib64::
2020-05-21 16:32:42.220032: W tensorflow/compiler/tf2tensorrt/utils/py_utils.cc:30] Cannot dlopen some TensorRT libraries. If you would like to use Nvidia GPU with TensorRT, please make sure the missing libraries mentioned above are installed properly.
2020-05-21 16:32:48.357197: W tensorflow/stream_executor/platform/default/dso_loader.cc:55] Could not load dynamic library 'libcuda.so.1'; dlerror: libcuda.so.1: cannot open shared object file: No such file or directory; LD_LIBRARY_PATH: /sw/arcts/centos7/python3.6-anaconda/5.2.0/lib:/opt/slurm/lib64::
2020-05-21 16:32:48.358029: E tensorflow/stream_executor/cuda/cuda_driver.cc:351] failed call to cuInit: UNKNOWN ERROR (303)
2020-05-21 16:32:48.358057: I tensorflow/stream_executor/cuda/cuda_diagnostics.cc:156] kernel driver does not appear to be running on this host (gl3254.arc-ts.umich.edu): /proc/driver/nvidia/version does not exist
2020-05-21 16:32:48.374152: I tensorflow/core/platform/cpu_feature_guard.cc:142] Your CPU supports instructions that this TensorFlow binary was not compiled to use: AVX2 AVX512F FMA
2020-05-21 16:32:48.407167: I tensorflow/core/platform/profile_utils/cpu_utils.cc:94] CPU Frequency: 3000000000 Hz
2020-05-21 16:32:48.407303: I tensorflow/compiler/xla/service/service.cc:168] XLA service 0x5559967405a0 initialized for platform Host (this does not guarantee that XLA will be used). Devices:
2020-05-21 16:32:48.407316: I tensorflow/compiler/xla/service/service.cc:176]   StreamExecutor device (0): Host, Default Version
/sw/arcts/centos7/python3.6-anaconda/5.2.0/lib/python3.6/site-packages/h5py/__init__.py:36: FutureWarning: Conversion of the second argument of issubdtype from `float` to `np.floating` is deprecated. In future, it will be treated as `np.float64 == np.dtype(float).type`.
  from ._conv import register_converters as _register_converters
WARNING:tensorflow:From /home/smaity/.local/lib/python3.6/site-packages/tensorflow_core/python/ops/array_grad.py:563: _EagerTensorBase.cpu (from tensorflow.python.framework.ops) is deprecated and will be removed in a future version.
Instructions for updating:
Use tf.identity instead.
2020-05-21 16:59:23.212834: W tensorflow/python/util/util.cc:319] Sets are not currently considered sequences, but this may change in the future, so consider avoiding using them.
WARNING:tensorflow:From /home/smaity/.local/lib/python3.6/site-packages/tensorflow_core/python/ops/resource_variable_ops.py:1786: calling BaseResourceVariable.__init__ (from tensorflow.python.ops.resource_variable_ops) with constraint is deprecated and will be removed in a future version.
Instructions for updating:
If using Keras pass *_constraint arguments to layers.
Test accuracy for step 250: 0.617136538028717

Test GAP RMS for gender and step 250: 0.12791071832180023

Test GAP RMS for race and step 250: 0.017220258712768555

Test balanced accuracy for step 250: 0.4839276373386383


Test accuracy for step 500: 0.8048645853996277

Test GAP RMS for gender and step 500: 0.2562350034713745

Test GAP RMS for race and step 500: 0.07265841960906982

Test balanced accuracy for step 500: 0.8099737167358398


Test accuracy for step 750: 0.80983966588974

Test GAP RMS for gender and step 750: 0.1887911558151245

Test GAP RMS for race and step 750: 0.06277798861265182

Test balanced accuracy for step 750: 0.8197425603866577


Test accuracy for step 1000: 0.8175787925720215

Test GAP RMS for gender and step 1000: 0.18248435854911804

Test GAP RMS for race and step 1000: 0.05536263436079025

Test balanced accuracy for step 1000: 0.8209965229034424


Test accuracy for step 1250: 0.8171365261077881

Test GAP RMS for gender and step 1250: 0.173950657248497

Test GAP RMS for race and step 1250: 0.05728244408965111

Test balanced accuracy for step 1250: 0.8231738209724426


Test accuracy for step 1500: 0.8129353523254395

Test GAP RMS for gender and step 1500: 0.16115957498550415

Test GAP RMS for race and step 1500: 0.05914744362235069

Test balanced accuracy for step 1500: 0.8250287771224976


Test accuracy for step 1750: 0.8129353523254395

Test GAP RMS for gender and step 1750: 0.16515125334262848

Test GAP RMS for race and step 1750: 0.061141952872276306

Test balanced accuracy for step 1750: 0.8270351886749268


Test accuracy for step 2000: 0.810724139213562

Test GAP RMS for gender and step 2000: 0.1640530377626419

Test GAP RMS for race and step 2000: 0.06264226138591766

Test balanced accuracy for step 2000: 0.826191782951355


Test accuracy for step 2250: 0.8156992793083191

Test GAP RMS for gender and step 2250: 0.15997636318206787

Test GAP RMS for race and step 2250: 0.05889172852039337

Test balanced accuracy for step 2250: 0.8265459537506104


Test accuracy for step 2500: 0.8173576593399048

Test GAP RMS for gender and step 2500: 0.15019288659095764

Test GAP RMS for race and step 2500: 0.058906570076942444

Test balanced accuracy for step 2500: 0.8285675048828125


Test accuracy for step 2750: 0.8088446855545044

Test GAP RMS for gender and step 2750: 0.15552927553653717

Test GAP RMS for race and step 2750: 0.06427494436502457

Test balanced accuracy for step 2750: 0.8278826475143433


Test accuracy for step 3000: 0.813930332660675

Test GAP RMS for gender and step 3000: 0.15915893018245697

Test GAP RMS for race and step 3000: 0.0645909234881401

Test balanced accuracy for step 3000: 0.8290815353393555


Test accuracy for step 3250: 0.8150359392166138

Test GAP RMS for gender and step 3250: 0.15210555493831635

Test GAP RMS for race and step 3250: 0.062179721891880035

Test balanced accuracy for step 3250: 0.8288858532905579


Test accuracy for step 3500: 0.8142620325088501

Test GAP RMS for gender and step 3500: 0.14359413087368011

Test GAP RMS for race and step 3500: 0.05920559912919998

Test balanced accuracy for step 3500: 0.8285289406776428


Test accuracy for step 3750: 0.812493085861206

Test GAP RMS for gender and step 3750: 0.14390957355499268

Test GAP RMS for race and step 3750: 0.060246702283620834

Test balanced accuracy for step 3750: 0.8276690244674683


Test accuracy for step 4000: 0.8187949061393738

Test GAP RMS for gender and step 4000: 0.14548413455486298

Test GAP RMS for race and step 4000: 0.06055400148034096

Test balanced accuracy for step 4000: 0.8270474672317505


Test accuracy for step 4250: 0.8150359392166138

Test GAP RMS for gender and step 4250: 0.14756327867507935

Test GAP RMS for race and step 4250: 0.06403497606515884

Test balanced accuracy for step 4250: 0.8284228444099426


Test accuracy for step 4500: 0.8215588927268982

Test GAP RMS for gender and step 4500: 0.13642659783363342

Test GAP RMS for race and step 4500: 0.06241384521126747

Test balanced accuracy for step 4500: 0.8274843692779541


Test accuracy for step 4750: 0.8133775591850281

Test GAP RMS for gender and step 4750: 0.1358524113893509

Test GAP RMS for race and step 4750: 0.0635092705488205

Test balanced accuracy for step 4750: 0.8285620212554932


Test accuracy for step 5000: 0.8186843395233154

Test GAP RMS for gender and step 5000: 0.13469743728637695

Test GAP RMS for race and step 5000: 0.06464391946792603

Test balanced accuracy for step 5000: 0.8283635377883911


Test accuracy for step 5250: 0.8174682259559631

Test GAP RMS for gender and step 5250: 0.1345929056406021

Test GAP RMS for race and step 5250: 0.06481210142374039

Test balanced accuracy for step 5250: 0.8297209143638611


Test accuracy for step 5500: 0.8187949061393738

Test GAP RMS for gender and step 5500: 0.1258198767900467

Test GAP RMS for race and step 5500: 0.06351995468139648

Test balanced accuracy for step 5500: 0.8282822370529175


Test accuracy for step 5750: 0.815367579460144

Test GAP RMS for gender and step 5750: 0.12014873325824738

Test GAP RMS for race and step 5750: 0.061529770493507385

Test balanced accuracy for step 5750: 0.8281789422035217


Test accuracy for step 6000: 0.815367579460144

Test GAP RMS for gender and step 6000: 0.12795138359069824

Test GAP RMS for race and step 6000: 0.06400483846664429

Test balanced accuracy for step 6000: 0.8301853537559509


Test accuracy for step 6250: 0.8156992793083191

Test GAP RMS for gender and step 6250: 0.12875287234783173

Test GAP RMS for race and step 6250: 0.061462320387363434

Test balanced accuracy for step 6250: 0.8293240666389465


Test accuracy for step 6500: 0.8173576593399048

Test GAP RMS for gender and step 6500: 0.12171144783496857

Test GAP RMS for race and step 6500: 0.06096765026450157

Test balanced accuracy for step 6500: 0.8299565315246582


Test accuracy for step 6750: 0.8211166262626648

Test GAP RMS for gender and step 6750: 0.10830122977495193

Test GAP RMS for race and step 6750: 0.058271706104278564

Test balanced accuracy for step 6750: 0.8250313997268677


Test accuracy for step 7000: 0.8185737729072571

Test GAP RMS for gender and step 7000: 0.1122169941663742

Test GAP RMS for race and step 7000: 0.05874749645590782

Test balanced accuracy for step 7000: 0.82890784740448


Test accuracy for step 7250: 0.8197899460792542

Test GAP RMS for gender and step 7250: 0.11323151737451553

Test GAP RMS for race and step 7250: 0.057448938488960266

Test balanced accuracy for step 7250: 0.8252353668212891


Test accuracy for step 7500: 0.8211166262626648

Test GAP RMS for gender and step 7500: 0.11658613383769989

Test GAP RMS for race and step 7500: 0.05524953454732895

Test balanced accuracy for step 7500: 0.8270378112792969


Test accuracy for step 7750: 0.8197899460792542

Test GAP RMS for gender and step 7750: 0.10450740903615952

Test GAP RMS for race and step 7750: 0.05936763808131218

Test balanced accuracy for step 7750: 0.8263157606124878


{'epsilon': 0.0001, 'lr': 0.0001, 'wlr': 1e-05, 'w_reg': 10.0}
Final test accuracy: 0.8187949061393738
Final test GAP RMS for gender: 0.1028924286365509
Final test GAP RMS for race: 0.056676384061574936
Final test balanced accuracy: 0.8264301419258118


