2020-05-21 16:32:43.748636: W tensorflow/stream_executor/platform/default/dso_loader.cc:55] Could not load dynamic library 'libnvinfer.so.6'; dlerror: libnvinfer.so.6: cannot open shared object file: No such file or directory; LD_LIBRARY_PATH: /sw/arcts/centos7/python3.6-anaconda/5.2.0/lib:/opt/slurm/lib64::
2020-05-21 16:32:43.748737: W tensorflow/stream_executor/platform/default/dso_loader.cc:55] Could not load dynamic library 'libnvinfer_plugin.so.6'; dlerror: libnvinfer_plugin.so.6: cannot open shared object file: No such file or directory; LD_LIBRARY_PATH: /sw/arcts/centos7/python3.6-anaconda/5.2.0/lib:/opt/slurm/lib64::
2020-05-21 16:32:43.748747: W tensorflow/compiler/tf2tensorrt/utils/py_utils.cc:30] Cannot dlopen some TensorRT libraries. If you would like to use Nvidia GPU with TensorRT, please make sure the missing libraries mentioned above are installed properly.
2020-05-21 16:32:50.815480: W tensorflow/stream_executor/platform/default/dso_loader.cc:55] Could not load dynamic library 'libcuda.so.1'; dlerror: libcuda.so.1: cannot open shared object file: No such file or directory; LD_LIBRARY_PATH: /sw/arcts/centos7/python3.6-anaconda/5.2.0/lib:/opt/slurm/lib64::
2020-05-21 16:32:50.815660: E tensorflow/stream_executor/cuda/cuda_driver.cc:351] failed call to cuInit: UNKNOWN ERROR (303)
2020-05-21 16:32:50.815683: I tensorflow/stream_executor/cuda/cuda_diagnostics.cc:156] kernel driver does not appear to be running on this host (gl3264.arc-ts.umich.edu): /proc/driver/nvidia/version does not exist
2020-05-21 16:32:50.816027: I tensorflow/core/platform/cpu_feature_guard.cc:142] Your CPU supports instructions that this TensorFlow binary was not compiled to use: AVX2 AVX512F FMA
2020-05-21 16:32:50.822915: I tensorflow/core/platform/profile_utils/cpu_utils.cc:94] CPU Frequency: 3000000000 Hz
2020-05-21 16:32:50.823002: I tensorflow/compiler/xla/service/service.cc:168] XLA service 0x55b6c3f53260 initialized for platform Host (this does not guarantee that XLA will be used). Devices:
2020-05-21 16:32:50.823011: I tensorflow/compiler/xla/service/service.cc:176]   StreamExecutor device (0): Host, Default Version
/sw/arcts/centos7/python3.6-anaconda/5.2.0/lib/python3.6/site-packages/h5py/__init__.py:36: FutureWarning: Conversion of the second argument of issubdtype from `float` to `np.floating` is deprecated. In future, it will be treated as `np.float64 == np.dtype(float).type`.
  from ._conv import register_converters as _register_converters
WARNING:tensorflow:From /home/smaity/.local/lib/python3.6/site-packages/tensorflow_core/python/ops/array_grad.py:563: _EagerTensorBase.cpu (from tensorflow.python.framework.ops) is deprecated and will be removed in a future version.
Instructions for updating:
Use tf.identity instead.
2020-05-21 16:59:09.467741: W tensorflow/python/util/util.cc:319] Sets are not currently considered sequences, but this may change in the future, so consider avoiding using them.
WARNING:tensorflow:From /home/smaity/.local/lib/python3.6/site-packages/tensorflow_core/python/ops/resource_variable_ops.py:1786: calling BaseResourceVariable.__init__ (from tensorflow.python.ops.resource_variable_ops) with constraint is deprecated and will be removed in a future version.
Instructions for updating:
If using Keras pass *_constraint arguments to layers.
Test accuracy for step 250: 0.6195688247680664

Test GAP RMS for gender and step 250: 0.1276247352361679

Test GAP RMS for race and step 250: 0.016262684017419815

Test balanced accuracy for step 250: 0.47812604904174805


Test accuracy for step 500: 0.801437258720398

Test GAP RMS for gender and step 500: 0.31665197014808655

Test GAP RMS for race and step 500: 0.07706820964813232

Test balanced accuracy for step 500: 0.8040053844451904


Test accuracy for step 750: 0.8102819323539734

Test GAP RMS for gender and step 750: 0.15322883427143097

Test GAP RMS for race and step 750: 0.05996347963809967

Test balanced accuracy for step 750: 0.8177196383476257


Test accuracy for step 1000: 0.8239911794662476

Test GAP RMS for gender and step 1000: 0.08672121912240982

Test GAP RMS for race and step 1000: 0.05376248061656952

Test balanced accuracy for step 1000: 0.8136570453643799


Test accuracy for step 1250: 0.8231067061424255

Test GAP RMS for gender and step 1250: 0.07592867314815521

Test GAP RMS for race and step 1250: 0.05156291276216507

Test balanced accuracy for step 1250: 0.813998818397522


Test accuracy for step 1500: 0.8184632658958435

Test GAP RMS for gender and step 1500: 0.07142071425914764

Test GAP RMS for race and step 1500: 0.05109858885407448

Test balanced accuracy for step 1500: 0.8118573427200317


Test accuracy for step 1750: 0.8145936727523804

Test GAP RMS for gender and step 1750: 0.07278028130531311

Test GAP RMS for race and step 1750: 0.04948176071047783

Test balanced accuracy for step 1750: 0.8139313459396362


Test accuracy for step 2000: 0.8149253726005554

Test GAP RMS for gender and step 2000: 0.07257018238306046

Test GAP RMS for race and step 2000: 0.054473478347063065

Test balanced accuracy for step 2000: 0.8106006383895874


Test accuracy for step 2250: 0.8182421326637268

Test GAP RMS for gender and step 2250: 0.06789086014032364

Test GAP RMS for race and step 2250: 0.05093779414892197

Test balanced accuracy for step 2250: 0.8078527450561523


Test accuracy for step 2500: 0.8122719526290894

Test GAP RMS for gender and step 2500: 0.07235416769981384

Test GAP RMS for race and step 2500: 0.047170620411634445

Test balanced accuracy for step 2500: 0.8079217076301575


Test accuracy for step 2750: 0.8093974590301514

Test GAP RMS for gender and step 2750: 0.0669579729437828

Test GAP RMS for race and step 2750: 0.04816815257072449

Test balanced accuracy for step 2750: 0.8118877410888672


Test accuracy for step 3000: 0.8149253726005554

Test GAP RMS for gender and step 3000: 0.0649537593126297

Test GAP RMS for race and step 3000: 0.048266392201185226

Test balanced accuracy for step 3000: 0.8122984170913696


Test accuracy for step 3250: 0.8174682259559631

Test GAP RMS for gender and step 3250: 0.06982901692390442

Test GAP RMS for race and step 3250: 0.046163104474544525

Test balanced accuracy for step 3250: 0.8095023036003113


Test accuracy for step 3500: 0.810724139213562

Test GAP RMS for gender and step 3500: 0.07718972116708755

Test GAP RMS for race and step 3500: 0.04905042052268982

Test balanced accuracy for step 3500: 0.8089056611061096


Test accuracy for step 3750: 0.8090657591819763

Test GAP RMS for gender and step 3750: 0.07782846689224243

Test GAP RMS for race and step 3750: 0.045778874307870865

Test balanced accuracy for step 3750: 0.8076558113098145


Test accuracy for step 4000: 0.8149253726005554

Test GAP RMS for gender and step 4000: 0.06889208406209946

Test GAP RMS for race and step 4000: 0.04916812852025032

Test balanced accuracy for step 4000: 0.8051986694335938


Test accuracy for step 4250: 0.8154781460762024

Test GAP RMS for gender and step 4250: 0.07455945760011673

Test GAP RMS for race and step 4250: 0.04491118714213371

Test balanced accuracy for step 4250: 0.8054095506668091


Test accuracy for step 4500: 0.8184632658958435

Test GAP RMS for gender and step 4500: 0.08172832429409027

Test GAP RMS for race and step 4500: 0.03851868584752083

Test balanced accuracy for step 4500: 0.801362156867981


Test accuracy for step 4750: 0.8063018321990967

Test GAP RMS for gender and step 4750: 0.07341388612985611

Test GAP RMS for race and step 4750: 0.0485132597386837

Test balanced accuracy for step 4750: 0.8049038648605347


Test accuracy for step 5000: 0.8132669925689697

Test GAP RMS for gender and step 5000: 0.07605206966400146

Test GAP RMS for race and step 5000: 0.04357291758060455

Test balanced accuracy for step 5000: 0.8053378462791443


Test accuracy for step 5250: 0.8143725991249084

Test GAP RMS for gender and step 5250: 0.08185271173715591

Test GAP RMS for race and step 5250: 0.04256388545036316

Test balanced accuracy for step 5250: 0.802518367767334


Test accuracy for step 5500: 0.8149253726005554

Test GAP RMS for gender and step 5500: 0.08143296837806702

Test GAP RMS for race and step 5500: 0.04699510335922241

Test balanced accuracy for step 5500: 0.8044269680976868


Test accuracy for step 5750: 0.8067440390586853

Test GAP RMS for gender and step 5750: 0.07519982010126114

Test GAP RMS for race and step 5750: 0.04549998790025711

Test balanced accuracy for step 5750: 0.8051959872245789


Test accuracy for step 6000: 0.8077390789985657

Test GAP RMS for gender and step 6000: 0.07756631076335907

Test GAP RMS for race and step 6000: 0.04202542081475258

Test balanced accuracy for step 6000: 0.8063163757324219


Test accuracy for step 6250: 0.8099502325057983

Test GAP RMS for gender and step 6250: 0.07432796061038971

Test GAP RMS for race and step 6250: 0.03963644057512283

Test balanced accuracy for step 6250: 0.8071596622467041


Test accuracy for step 6500: 0.8109452724456787

Test GAP RMS for gender and step 6500: 0.07457277178764343

Test GAP RMS for race and step 6500: 0.03931139037013054

Test balanced accuracy for step 6500: 0.8079713582992554


Test accuracy for step 6750: 0.813045859336853

Test GAP RMS for gender and step 6750: 0.08432057499885559

Test GAP RMS for race and step 6750: 0.04239901155233383

Test balanced accuracy for step 6750: 0.8028767108917236


Test accuracy for step 7000: 0.80983966588974

Test GAP RMS for gender and step 7000: 0.08184003829956055

Test GAP RMS for race and step 7000: 0.041257988661527634

Test balanced accuracy for step 7000: 0.805851936340332


Test accuracy for step 7250: 0.813045859336853

Test GAP RMS for gender and step 7250: 0.07228676974773407

Test GAP RMS for race and step 7250: 0.03952052444219589

Test balanced accuracy for step 7250: 0.806889533996582


Test accuracy for step 7500: 0.812493085861206

Test GAP RMS for gender and step 7500: 0.06940476596355438

Test GAP RMS for race and step 7500: 0.03511108085513115

Test balanced accuracy for step 7500: 0.8062157034873962


Test accuracy for step 7750: 0.8114980459213257

Test GAP RMS for gender and step 7750: 0.0747203454375267

Test GAP RMS for race and step 7750: 0.04172702878713608

Test balanced accuracy for step 7750: 0.8044779896736145


{'epsilon': 0.0001, 'lr': 0.0001, 'wlr': 0.0001, 'w_reg': 50.0}
Final test accuracy: 0.8081812858581543
Final test GAP RMS for gender: 0.0847528874874115
Final test GAP RMS for race: 0.04408324509859085
Final test balanced accuracy: 0.8039847016334534


