2020-05-21 16:32:41.570694: W tensorflow/stream_executor/platform/default/dso_loader.cc:55] Could not load dynamic library 'libnvinfer.so.6'; dlerror: libnvinfer.so.6: cannot open shared object file: No such file or directory; LD_LIBRARY_PATH: /sw/arcts/centos7/python3.6-anaconda/5.2.0/lib:/opt/slurm/lib64::
2020-05-21 16:32:41.571749: W tensorflow/stream_executor/platform/default/dso_loader.cc:55] Could not load dynamic library 'libnvinfer_plugin.so.6'; dlerror: libnvinfer_plugin.so.6: cannot open shared object file: No such file or directory; LD_LIBRARY_PATH: /sw/arcts/centos7/python3.6-anaconda/5.2.0/lib:/opt/slurm/lib64::
2020-05-21 16:32:41.571761: W tensorflow/compiler/tf2tensorrt/utils/py_utils.cc:30] Cannot dlopen some TensorRT libraries. If you would like to use Nvidia GPU with TensorRT, please make sure the missing libraries mentioned above are installed properly.
2020-05-21 16:32:47.595486: W tensorflow/stream_executor/platform/default/dso_loader.cc:55] Could not load dynamic library 'libcuda.so.1'; dlerror: libcuda.so.1: cannot open shared object file: No such file or directory; LD_LIBRARY_PATH: /sw/arcts/centos7/python3.6-anaconda/5.2.0/lib:/opt/slurm/lib64::
2020-05-21 16:32:47.595777: E tensorflow/stream_executor/cuda/cuda_driver.cc:351] failed call to cuInit: UNKNOWN ERROR (303)
2020-05-21 16:32:47.595806: I tensorflow/stream_executor/cuda/cuda_diagnostics.cc:156] kernel driver does not appear to be running on this host (gl3157.arc-ts.umich.edu): /proc/driver/nvidia/version does not exist
2020-05-21 16:32:47.596177: I tensorflow/core/platform/cpu_feature_guard.cc:142] Your CPU supports instructions that this TensorFlow binary was not compiled to use: AVX2 AVX512F FMA
2020-05-21 16:32:47.603655: I tensorflow/core/platform/profile_utils/cpu_utils.cc:94] CPU Frequency: 3000000000 Hz
2020-05-21 16:32:47.603769: I tensorflow/compiler/xla/service/service.cc:168] XLA service 0x55bd84c931c0 initialized for platform Host (this does not guarantee that XLA will be used). Devices:
2020-05-21 16:32:47.603779: I tensorflow/compiler/xla/service/service.cc:176]   StreamExecutor device (0): Host, Default Version
/sw/arcts/centos7/python3.6-anaconda/5.2.0/lib/python3.6/site-packages/h5py/__init__.py:36: FutureWarning: Conversion of the second argument of issubdtype from `float` to `np.floating` is deprecated. In future, it will be treated as `np.float64 == np.dtype(float).type`.
  from ._conv import register_converters as _register_converters
WARNING:tensorflow:From /home/smaity/.local/lib/python3.6/site-packages/tensorflow_core/python/ops/array_grad.py:563: _EagerTensorBase.cpu (from tensorflow.python.framework.ops) is deprecated and will be removed in a future version.
Instructions for updating:
Use tf.identity instead.
2020-05-21 16:58:48.278333: W tensorflow/python/util/util.cc:319] Sets are not currently considered sequences, but this may change in the future, so consider avoiding using them.
WARNING:tensorflow:From /home/smaity/.local/lib/python3.6/site-packages/tensorflow_core/python/ops/resource_variable_ops.py:1786: calling BaseResourceVariable.__init__ (from tensorflow.python.ops.resource_variable_ops) with constraint is deprecated and will be removed in a future version.
Instructions for updating:
If using Keras pass *_constraint arguments to layers.
Test accuracy for step 250: 0.6179104447364807

Test GAP RMS for gender and step 250: 0.1283411681652069

Test GAP RMS for race and step 250: 0.01895136758685112

Test balanced accuracy for step 250: 0.48150643706321716


Test accuracy for step 500: 0.7971254587173462

Test GAP RMS for gender and step 500: 0.2536047399044037

Test GAP RMS for race and step 500: 0.08039580285549164

Test balanced accuracy for step 500: 0.8104174733161926


Test accuracy for step 750: 0.8054173588752747

Test GAP RMS for gender and step 750: 0.1537022441625595

Test GAP RMS for race and step 750: 0.058133795857429504

Test balanced accuracy for step 750: 0.8226861357688904


Test accuracy for step 1000: 0.8158098459243774

Test GAP RMS for gender and step 1000: 0.11756011843681335

Test GAP RMS for race and step 1000: 0.055979013442993164

Test balanced accuracy for step 1000: 0.8201366662979126


Test accuracy for step 1250: 0.8141514658927917

Test GAP RMS for gender and step 1250: 0.10311875492334366

Test GAP RMS for race and step 1250: 0.05406138300895691

Test balanced accuracy for step 1250: 0.8185781240463257


Test accuracy for step 1500: 0.812493085861206

Test GAP RMS for gender and step 1500: 0.09279705584049225

Test GAP RMS for race and step 1500: 0.05478421226143837

Test balanced accuracy for step 1500: 0.8187172412872314


Test accuracy for step 1750: 0.810724139213562

Test GAP RMS for gender and step 1750: 0.090415820479393

Test GAP RMS for race and step 1750: 0.05755339562892914

Test balanced accuracy for step 1750: 0.8194007873535156


Test accuracy for step 2000: 0.810724139213562

Test GAP RMS for gender and step 2000: 0.0892329216003418

Test GAP RMS for race and step 2000: 0.06047923117876053

Test balanced accuracy for step 2000: 0.8184747695922852


Test accuracy for step 2250: 0.8143725991249084

Test GAP RMS for gender and step 2250: 0.08124944567680359

Test GAP RMS for race and step 2250: 0.056223027408123016

Test balanced accuracy for step 2250: 0.814711332321167


Test accuracy for step 2500: 0.8113874793052673

Test GAP RMS for gender and step 2500: 0.0771665945649147

Test GAP RMS for race and step 2500: 0.05341310426592827

Test balanced accuracy for step 2500: 0.8152087926864624


Test accuracy for step 2750: 0.8057490587234497

Test GAP RMS for gender and step 2750: 0.0799546167254448

Test GAP RMS for race and step 2750: 0.05159124732017517

Test balanced accuracy for step 2750: 0.8170402646064758


Test accuracy for step 3000: 0.8133775591850281

Test GAP RMS for gender and step 3000: 0.07986564189195633

Test GAP RMS for race and step 3000: 0.052093055099248886

Test balanced accuracy for step 3000: 0.8185298442840576


Test accuracy for step 3250: 0.8131564259529114

Test GAP RMS for gender and step 3250: 0.07827756553888321

Test GAP RMS for race and step 3250: 0.05141996219754219

Test balanced accuracy for step 3250: 0.816068708896637


Test accuracy for step 3500: 0.8114980459213257

Test GAP RMS for gender and step 3500: 0.07697299867868423

Test GAP RMS for race and step 3500: 0.050542622804641724

Test balanced accuracy for step 3500: 0.8166708946228027


Test accuracy for step 3750: 0.8120508790016174

Test GAP RMS for gender and step 3750: 0.07699393481016159

Test GAP RMS for race and step 3750: 0.051366765052080154

Test balanced accuracy for step 3750: 0.8170360922813416


Test accuracy for step 4000: 0.8185737729072571

Test GAP RMS for gender and step 4000: 0.07934226095676422

Test GAP RMS for race and step 4000: 0.05158219113945961

Test balanced accuracy for step 4000: 0.8133194446563721


Test accuracy for step 4250: 0.8173576593399048

Test GAP RMS for gender and step 4250: 0.07872076332569122

Test GAP RMS for race and step 4250: 0.046680133789777756

Test balanced accuracy for step 4250: 0.815448522567749


Test accuracy for step 4500: 0.8206744194030762

Test GAP RMS for gender and step 4500: 0.08069589734077454

Test GAP RMS for race and step 4500: 0.05117947608232498

Test balanced accuracy for step 4500: 0.810848593711853


Test accuracy for step 4750: 0.8133775591850281

Test GAP RMS for gender and step 4750: 0.07422009855508804

Test GAP RMS for race and step 4750: 0.049087248742580414

Test balanced accuracy for step 4750: 0.8162147998809814


Test accuracy for step 5000: 0.8164731860160828

Test GAP RMS for gender and step 5000: 0.07825299352407455

Test GAP RMS for race and step 5000: 0.04757661372423172

Test balanced accuracy for step 5000: 0.8140925168991089


Test accuracy for step 5250: 0.8174682259559631

Test GAP RMS for gender and step 5250: 0.07825171947479248

Test GAP RMS for race and step 5250: 0.04893652722239494

Test balanced accuracy for step 5250: 0.8127434253692627


Test accuracy for step 5500: 0.8164731860160828

Test GAP RMS for gender and step 5500: 0.07478486746549606

Test GAP RMS for race and step 5500: 0.048245932906866074

Test balanced accuracy for step 5500: 0.8119317293167114


Test accuracy for step 5750: 0.8127142190933228

Test GAP RMS for gender and step 5750: 0.07448344677686691

Test GAP RMS for race and step 5750: 0.048978667706251144

Test balanced accuracy for step 5750: 0.8143874406814575


Test accuracy for step 6000: 0.8137092590332031

Test GAP RMS for gender and step 6000: 0.07748004794120789

Test GAP RMS for race and step 6000: 0.04618857055902481

Test balanced accuracy for step 6000: 0.815353512763977


Test accuracy for step 6250: 0.8142620325088501

Test GAP RMS for gender and step 6250: 0.07832300662994385

Test GAP RMS for race and step 6250: 0.04816870018839836

Test balanced accuracy for step 6250: 0.8167990446090698


Test accuracy for step 6500: 0.8145936727523804

Test GAP RMS for gender and step 6500: 0.07907087355852127

Test GAP RMS for race and step 6500: 0.04504093527793884

Test balanced accuracy for step 6500: 0.8162464499473572


Test accuracy for step 6750: 0.8172470927238464

Test GAP RMS for gender and step 6750: 0.0789155662059784

Test GAP RMS for race and step 6750: 0.045645151287317276

Test balanced accuracy for step 6750: 0.8085845112800598


Test accuracy for step 7000: 0.813930332660675

Test GAP RMS for gender and step 7000: 0.07467180490493774

Test GAP RMS for race and step 7000: 0.046010103076696396

Test balanced accuracy for step 7000: 0.8145735263824463


Test accuracy for step 7250: 0.8182421326637268

Test GAP RMS for gender and step 7250: 0.07760096341371536

Test GAP RMS for race and step 7250: 0.045997899025678635

Test balanced accuracy for step 7250: 0.8149524331092834


Test accuracy for step 7500: 0.8180209994316101

Test GAP RMS for gender and step 7500: 0.07746122032403946

Test GAP RMS for race and step 7500: 0.046043381094932556

Test balanced accuracy for step 7500: 0.8165041208267212


Test accuracy for step 7750: 0.8160309791564941

Test GAP RMS for gender and step 7750: 0.07752466946840286

Test GAP RMS for race and step 7750: 0.043123241513967514

Test balanced accuracy for step 7750: 0.812411367893219


{'epsilon': 0.0001, 'lr': 0.0001, 'wlr': 0.0001, 'w_reg': 20.0}
Final test accuracy: 0.8135986924171448
Final test GAP RMS for gender: 0.07357257604598999
Final test GAP RMS for race: 0.043923404067754745
Final test balanced accuracy: 0.8137370347976685


