2020-05-21 16:32:41.098544: W tensorflow/stream_executor/platform/default/dso_loader.cc:55] Could not load dynamic library 'libnvinfer.so.6'; dlerror: libnvinfer.so.6: cannot open shared object file: No such file or directory; LD_LIBRARY_PATH: /sw/arcts/centos7/python3.6-anaconda/5.2.0/lib:/opt/slurm/lib64::
2020-05-21 16:32:41.099621: W tensorflow/stream_executor/platform/default/dso_loader.cc:55] Could not load dynamic library 'libnvinfer_plugin.so.6'; dlerror: libnvinfer_plugin.so.6: cannot open shared object file: No such file or directory; LD_LIBRARY_PATH: /sw/arcts/centos7/python3.6-anaconda/5.2.0/lib:/opt/slurm/lib64::
2020-05-21 16:32:41.099633: W tensorflow/compiler/tf2tensorrt/utils/py_utils.cc:30] Cannot dlopen some TensorRT libraries. If you would like to use Nvidia GPU with TensorRT, please make sure the missing libraries mentioned above are installed properly.
2020-05-21 16:32:47.184661: W tensorflow/stream_executor/platform/default/dso_loader.cc:55] Could not load dynamic library 'libcuda.so.1'; dlerror: libcuda.so.1: cannot open shared object file: No such file or directory; LD_LIBRARY_PATH: /sw/arcts/centos7/python3.6-anaconda/5.2.0/lib:/opt/slurm/lib64::
2020-05-21 16:32:47.184942: E tensorflow/stream_executor/cuda/cuda_driver.cc:351] failed call to cuInit: UNKNOWN ERROR (303)
2020-05-21 16:32:47.184963: I tensorflow/stream_executor/cuda/cuda_diagnostics.cc:156] kernel driver does not appear to be running on this host (gl3100.arc-ts.umich.edu): /proc/driver/nvidia/version does not exist
2020-05-21 16:32:47.185266: I tensorflow/core/platform/cpu_feature_guard.cc:142] Your CPU supports instructions that this TensorFlow binary was not compiled to use: AVX2 AVX512F FMA
2020-05-21 16:32:47.192078: I tensorflow/core/platform/profile_utils/cpu_utils.cc:94] CPU Frequency: 3000000000 Hz
2020-05-21 16:32:47.192164: I tensorflow/compiler/xla/service/service.cc:168] XLA service 0x563e067c0f80 initialized for platform Host (this does not guarantee that XLA will be used). Devices:
2020-05-21 16:32:47.192174: I tensorflow/compiler/xla/service/service.cc:176]   StreamExecutor device (0): Host, Default Version
/sw/arcts/centos7/python3.6-anaconda/5.2.0/lib/python3.6/site-packages/h5py/__init__.py:36: FutureWarning: Conversion of the second argument of issubdtype from `float` to `np.floating` is deprecated. In future, it will be treated as `np.float64 == np.dtype(float).type`.
  from ._conv import register_converters as _register_converters
WARNING:tensorflow:From /home/smaity/.local/lib/python3.6/site-packages/tensorflow_core/python/ops/array_grad.py:563: _EagerTensorBase.cpu (from tensorflow.python.framework.ops) is deprecated and will be removed in a future version.
Instructions for updating:
Use tf.identity instead.
2020-05-21 16:58:28.669564: W tensorflow/python/util/util.cc:319] Sets are not currently considered sequences, but this may change in the future, so consider avoiding using them.
WARNING:tensorflow:From /home/smaity/.local/lib/python3.6/site-packages/tensorflow_core/python/ops/resource_variable_ops.py:1786: calling BaseResourceVariable.__init__ (from tensorflow.python.ops.resource_variable_ops) with constraint is deprecated and will be removed in a future version.
Instructions for updating:
If using Keras pass *_constraint arguments to layers.
Test accuracy for step 250: 0.6182421445846558

Test GAP RMS for gender and step 250: 0.1279798448085785

Test GAP RMS for race and step 250: 0.019235361367464066

Test balanced accuracy for step 250: 0.4817255437374115


Test accuracy for step 500: 0.8048645853996277

Test GAP RMS for gender and step 500: 0.30084437131881714

Test GAP RMS for race and step 500: 0.07789165526628494

Test balanced accuracy for step 500: 0.8062695264816284


Test accuracy for step 750: 0.8123825192451477

Test GAP RMS for gender and step 750: 0.2362179160118103

Test GAP RMS for race and step 750: 0.0704125463962555

Test balanced accuracy for step 750: 0.8169465065002441


Test accuracy for step 1000: 0.8172470927238464

Test GAP RMS for gender and step 1000: 0.2244958132505417

Test GAP RMS for race and step 1000: 0.06189841032028198

Test balanced accuracy for step 1000: 0.8169189095497131


Test accuracy for step 1250: 0.8159204125404358

Test GAP RMS for gender and step 1250: 0.21755553781986237

Test GAP RMS for race and step 1250: 0.062150564044713974

Test balanced accuracy for step 1250: 0.8194379806518555


Test accuracy for step 1500: 0.8149253726005554

Test GAP RMS for gender and step 1500: 0.19661597907543182

Test GAP RMS for race and step 1500: 0.0684545636177063

Test balanced accuracy for step 1500: 0.8249542713165283


Test accuracy for step 1750: 0.8147042393684387

Test GAP RMS for gender and step 1750: 0.19736048579216003

Test GAP RMS for race and step 1750: 0.07194426655769348

Test balanced accuracy for step 1750: 0.8282037377357483


Test accuracy for step 2000: 0.8140408992767334

Test GAP RMS for gender and step 2000: 0.18930186331272125

Test GAP RMS for race and step 2000: 0.07538141310214996

Test balanced accuracy for step 2000: 0.8290002346038818


Test accuracy for step 2250: 0.8158098459243774

Test GAP RMS for gender and step 2250: 0.18858177959918976

Test GAP RMS for race and step 2250: 0.06637793779373169

Test balanced accuracy for step 2250: 0.8270819783210754


Test accuracy for step 2500: 0.8169154524803162

Test GAP RMS for gender and step 2500: 0.1681540310382843

Test GAP RMS for race and step 2500: 0.0641980767250061

Test balanced accuracy for step 2500: 0.8275036811828613


Test accuracy for step 2750: 0.8105030655860901

Test GAP RMS for gender and step 2750: 0.17734725773334503

Test GAP RMS for race and step 2750: 0.06882134079933167

Test balanced accuracy for step 2750: 0.8285151720046997


Test accuracy for step 3000: 0.8131564259529114

Test GAP RMS for gender and step 3000: 0.1760871708393097

Test GAP RMS for race and step 3000: 0.06727059930562973

Test balanced accuracy for step 3000: 0.8276442289352417


Test accuracy for step 3250: 0.8151465058326721

Test GAP RMS for gender and step 3250: 0.16838762164115906

Test GAP RMS for race and step 3250: 0.06536564975976944

Test balanced accuracy for step 3250: 0.827878475189209


Test accuracy for step 3500: 0.813930332660675

Test GAP RMS for gender and step 3500: 0.15792469680309296

Test GAP RMS for race and step 3500: 0.06639644503593445

Test balanced accuracy for step 3500: 0.8280011415481567


Test accuracy for step 3750: 0.8132669925689697

Test GAP RMS for gender and step 3750: 0.1548924744129181

Test GAP RMS for race and step 3750: 0.06723830103874207

Test balanced accuracy for step 3750: 0.8289520144462585


Test accuracy for step 4000: 0.8176893591880798

Test GAP RMS for gender and step 4000: 0.15755000710487366

Test GAP RMS for race and step 4000: 0.06238838657736778

Test balanced accuracy for step 4000: 0.8287866115570068


Test accuracy for step 4250: 0.8141514658927917

Test GAP RMS for gender and step 4250: 0.15900276601314545

Test GAP RMS for race and step 4250: 0.06429524719715118

Test balanced accuracy for step 4250: 0.8286102414131165


Test accuracy for step 4500: 0.8201215863227844

Test GAP RMS for gender and step 4500: 0.14311248064041138

Test GAP RMS for race and step 4500: 0.0640132799744606

Test balanced accuracy for step 4500: 0.8279238939285278


Test accuracy for step 4750: 0.8137092590332031

Test GAP RMS for gender and step 4750: 0.14391010999679565

Test GAP RMS for race and step 4750: 0.06571922451257706

Test balanced accuracy for step 4750: 0.8284724950790405


Test accuracy for step 5000: 0.8181315660476685

Test GAP RMS for gender and step 5000: 0.14761777222156525

Test GAP RMS for race and step 5000: 0.06364055722951889

Test balanced accuracy for step 5000: 0.8290787935256958


Test accuracy for step 5250: 0.8164731860160828

Test GAP RMS for gender and step 5250: 0.14672762155532837

Test GAP RMS for race and step 5250: 0.06406872719526291

Test balanced accuracy for step 5250: 0.8289092779159546


Test accuracy for step 5500: 0.8174682259559631

Test GAP RMS for gender and step 5500: 0.13780413568019867

Test GAP RMS for race and step 5500: 0.06341596692800522

Test balanced accuracy for step 5500: 0.8283318281173706


Test accuracy for step 5750: 0.815367579460144

Test GAP RMS for gender and step 5750: 0.12896846234798431

Test GAP RMS for race and step 5750: 0.06338711827993393

Test balanced accuracy for step 5750: 0.8277158737182617


Test accuracy for step 6000: 0.8140408992767334

Test GAP RMS for gender and step 6000: 0.13284295797348022

Test GAP RMS for race and step 6000: 0.06290247291326523

Test balanced accuracy for step 6000: 0.8283828496932983


Test accuracy for step 6250: 0.8131564259529114

Test GAP RMS for gender and step 6250: 0.13698066771030426

Test GAP RMS for race and step 6250: 0.06618046015501022

Test balanced accuracy for step 6250: 0.8285702466964722


Test accuracy for step 6500: 0.8131564259529114

Test GAP RMS for gender and step 6500: 0.13137143850326538

Test GAP RMS for race and step 6500: 0.06423018127679825

Test balanced accuracy for step 6500: 0.8276442289352417


Test accuracy for step 6750: 0.8202321529388428

Test GAP RMS for gender and step 6750: 0.11195700615644455

Test GAP RMS for race and step 6750: 0.06042603775858879

Test balanced accuracy for step 6750: 0.825836181640625


Test accuracy for step 7000: 0.8173576593399048

Test GAP RMS for gender and step 7000: 0.1163167804479599

Test GAP RMS for race and step 7000: 0.06299364566802979

Test balanced accuracy for step 7000: 0.8293392062187195


Test accuracy for step 7250: 0.8189054727554321

Test GAP RMS for gender and step 7250: 0.11647896468639374

Test GAP RMS for race and step 7250: 0.060071878135204315

Test balanced accuracy for step 7250: 0.8271205425262451


Test accuracy for step 7500: 0.8216694593429565

Test GAP RMS for gender and step 7500: 0.11852836608886719

Test GAP RMS for race and step 7500: 0.055014338344335556

Test balanced accuracy for step 7500: 0.8295637965202332


Test accuracy for step 7750: 0.8192371726036072

Test GAP RMS for gender and step 7750: 0.10411126911640167

Test GAP RMS for race and step 7750: 0.058620840311050415

Test balanced accuracy for step 7750: 0.8256418704986572


{'epsilon': 1e-05, 'lr': 0.0001, 'wlr': 1e-05, 'w_reg': 20.0}
Final test accuracy: 0.8164731860160828
Final test GAP RMS for gender: 0.10293564200401306
Final test GAP RMS for race: 0.05880096182227135
Final test balanced accuracy: 0.8244333863258362


