2020-05-21 16:32:43.965173: W tensorflow/stream_executor/platform/default/dso_loader.cc:55] Could not load dynamic library 'libnvinfer.so.6'; dlerror: libnvinfer.so.6: cannot open shared object file: No such file or directory; LD_LIBRARY_PATH: /sw/arcts/centos7/python3.6-anaconda/5.2.0/lib:/opt/slurm/lib64::
2020-05-21 16:32:43.965274: W tensorflow/stream_executor/platform/default/dso_loader.cc:55] Could not load dynamic library 'libnvinfer_plugin.so.6'; dlerror: libnvinfer_plugin.so.6: cannot open shared object file: No such file or directory; LD_LIBRARY_PATH: /sw/arcts/centos7/python3.6-anaconda/5.2.0/lib:/opt/slurm/lib64::
2020-05-21 16:32:43.965284: W tensorflow/compiler/tf2tensorrt/utils/py_utils.cc:30] Cannot dlopen some TensorRT libraries. If you would like to use Nvidia GPU with TensorRT, please make sure the missing libraries mentioned above are installed properly.
2020-05-21 16:32:53.796452: W tensorflow/stream_executor/platform/default/dso_loader.cc:55] Could not load dynamic library 'libcuda.so.1'; dlerror: libcuda.so.1: cannot open shared object file: No such file or directory; LD_LIBRARY_PATH: /sw/arcts/centos7/python3.6-anaconda/5.2.0/lib:/opt/slurm/lib64::
2020-05-21 16:32:53.796796: E tensorflow/stream_executor/cuda/cuda_driver.cc:351] failed call to cuInit: UNKNOWN ERROR (303)
2020-05-21 16:32:53.796830: I tensorflow/stream_executor/cuda/cuda_diagnostics.cc:156] kernel driver does not appear to be running on this host (gl3099.arc-ts.umich.edu): /proc/driver/nvidia/version does not exist
2020-05-21 16:32:53.797244: I tensorflow/core/platform/cpu_feature_guard.cc:142] Your CPU supports instructions that this TensorFlow binary was not compiled to use: AVX2 AVX512F FMA
2020-05-21 16:32:53.803906: I tensorflow/core/platform/profile_utils/cpu_utils.cc:94] CPU Frequency: 3000000000 Hz
2020-05-21 16:32:53.804022: I tensorflow/compiler/xla/service/service.cc:168] XLA service 0x562dd4b4bf10 initialized for platform Host (this does not guarantee that XLA will be used). Devices:
2020-05-21 16:32:53.804034: I tensorflow/compiler/xla/service/service.cc:176]   StreamExecutor device (0): Host, Default Version
/sw/arcts/centos7/python3.6-anaconda/5.2.0/lib/python3.6/site-packages/h5py/__init__.py:36: FutureWarning: Conversion of the second argument of issubdtype from `float` to `np.floating` is deprecated. In future, it will be treated as `np.float64 == np.dtype(float).type`.
  from ._conv import register_converters as _register_converters
WARNING:tensorflow:From /home/smaity/.local/lib/python3.6/site-packages/tensorflow_core/python/ops/array_grad.py:563: _EagerTensorBase.cpu (from tensorflow.python.framework.ops) is deprecated and will be removed in a future version.
Instructions for updating:
Use tf.identity instead.
2020-05-21 16:59:31.121084: W tensorflow/python/util/util.cc:319] Sets are not currently considered sequences, but this may change in the future, so consider avoiding using them.
WARNING:tensorflow:From /home/smaity/.local/lib/python3.6/site-packages/tensorflow_core/python/ops/resource_variable_ops.py:1786: calling BaseResourceVariable.__init__ (from tensorflow.python.ops.resource_variable_ops) with constraint is deprecated and will be removed in a future version.
Instructions for updating:
If using Keras pass *_constraint arguments to layers.
Test accuracy for step 250: 0.6097291111946106

Test GAP RMS for gender and step 250: 0.1323089748620987

Test GAP RMS for race and step 250: 0.020031195133924484

Test balanced accuracy for step 250: 0.48381882905960083


Test accuracy for step 500: 0.805196225643158

Test GAP RMS for gender and step 500: 0.15927067399024963

Test GAP RMS for race and step 500: 0.061348240822553635

Test balanced accuracy for step 500: 0.8117362260818481


Test accuracy for step 750: 0.8058595657348633

Test GAP RMS for gender and step 750: 0.07564899325370789

Test GAP RMS for race and step 750: 0.05184287950396538

Test balanced accuracy for step 750: 0.8107852935791016


Test accuracy for step 1000: 0.8180209994316101

Test GAP RMS for gender and step 1000: 0.0629536360502243

Test GAP RMS for race and step 1000: 0.05394377559423447

Test balanced accuracy for step 1000: 0.8084783554077148


Test accuracy for step 1250: 0.8151465058326721

Test GAP RMS for gender and step 1250: 0.06784569472074509

Test GAP RMS for race and step 1250: 0.051376838237047195

Test balanced accuracy for step 1250: 0.8105923533439636


Test accuracy for step 1500: 0.808734118938446

Test GAP RMS for gender and step 1500: 0.06735923886299133

Test GAP RMS for race and step 1500: 0.04411270469427109

Test balanced accuracy for step 1500: 0.809288740158081


Test accuracy for step 1750: 0.804975152015686

Test GAP RMS for gender and step 1750: 0.06967902928590775

Test GAP RMS for race and step 1750: 0.05142241343855858

Test balanced accuracy for step 1750: 0.809738039970398


Test accuracy for step 2000: 0.806412398815155

Test GAP RMS for gender and step 2000: 0.07103637605905533

Test GAP RMS for race and step 2000: 0.04972769692540169

Test balanced accuracy for step 2000: 0.8096071481704712


Test accuracy for step 2250: 0.8113874793052673

Test GAP RMS for gender and step 2250: 0.07347574084997177

Test GAP RMS for race and step 2250: 0.046482767909765244

Test balanced accuracy for step 2250: 0.8061027526855469


Test accuracy for step 2500: 0.8081812858581543

Test GAP RMS for gender and step 2500: 0.07148168236017227

Test GAP RMS for race and step 2500: 0.04532485827803612

Test balanced accuracy for step 2500: 0.8087692260742188


Test accuracy for step 2750: 0.8047540187835693

Test GAP RMS for gender and step 2750: 0.07248203456401825

Test GAP RMS for race and step 2750: 0.051936957985162735

Test balanced accuracy for step 2750: 0.8114440441131592


Test accuracy for step 3000: 0.8082918524742126

Test GAP RMS for gender and step 3000: 0.07146710157394409

Test GAP RMS for race and step 3000: 0.047515641897916794

Test balanced accuracy for step 3000: 0.8113117218017578


Test accuracy for step 3250: 0.8128247857093811

Test GAP RMS for gender and step 3250: 0.07067162543535233

Test GAP RMS for race and step 3250: 0.04734018072485924

Test balanced accuracy for step 3250: 0.809675931930542


Test accuracy for step 3500: 0.806965172290802

Test GAP RMS for gender and step 3500: 0.07418394088745117

Test GAP RMS for race and step 3500: 0.04794200882315636

Test balanced accuracy for step 3500: 0.8081201910972595


Test accuracy for step 3750: 0.8103924989700317

Test GAP RMS for gender and step 3750: 0.07148362696170807

Test GAP RMS for race and step 3750: 0.04694712907075882

Test balanced accuracy for step 3750: 0.8086865544319153


Test accuracy for step 4000: 0.8172470927238464

Test GAP RMS for gender and step 4000: 0.07362425327301025

Test GAP RMS for race and step 4000: 0.04488912969827652

Test balanced accuracy for step 4000: 0.8073498010635376


Test accuracy for step 4250: 0.8163626194000244

Test GAP RMS for gender and step 4250: 0.07644220441579819

Test GAP RMS for race and step 4250: 0.04498935490846634

Test balanced accuracy for step 4250: 0.8075371980667114


Test accuracy for step 4500: 0.8199005126953125

Test GAP RMS for gender and step 4500: 0.07793699204921722

Test GAP RMS for race and step 4500: 0.041417330503463745

Test balanced accuracy for step 4500: 0.8063244819641113


Test accuracy for step 4750: 0.8099502325057983

Test GAP RMS for gender and step 4750: 0.07204370200634003

Test GAP RMS for race and step 4750: 0.045637089759111404

Test balanced accuracy for step 4750: 0.8093204498291016


Test accuracy for step 5000: 0.8148148059844971

Test GAP RMS for gender and step 5000: 0.07585480064153671

Test GAP RMS for race and step 5000: 0.044281795620918274

Test balanced accuracy for step 5000: 0.8068233728408813


Test accuracy for step 5250: 0.8173576593399048

Test GAP RMS for gender and step 5250: 0.07775320112705231

Test GAP RMS for race and step 5250: 0.04151534661650658

Test balanced accuracy for step 5250: 0.8058794140815735


Test accuracy for step 5500: 0.8168048858642578

Test GAP RMS for gender and step 5500: 0.07672540843486786

Test GAP RMS for race and step 5500: 0.04223346337676048

Test balanced accuracy for step 5500: 0.8069033026695251


Test accuracy for step 5750: 0.8095080256462097

Test GAP RMS for gender and step 5750: 0.07303313165903091

Test GAP RMS for race and step 5750: 0.04360995441675186

Test balanced accuracy for step 5750: 0.8077936172485352


Test accuracy for step 6000: 0.8100607991218567

Test GAP RMS for gender and step 6000: 0.07292480021715164

Test GAP RMS for race and step 6000: 0.0466296449303627

Test balanced accuracy for step 6000: 0.8078501224517822


Test accuracy for step 6250: 0.8129353523254395

Test GAP RMS for gender and step 6250: 0.07477094978094101

Test GAP RMS for race and step 6250: 0.04215355962514877

Test balanced accuracy for step 6250: 0.8091316223144531


Test accuracy for step 6500: 0.8129353523254395

Test GAP RMS for gender and step 6500: 0.07310186326503754

Test GAP RMS for race and step 6500: 0.042811546474695206

Test balanced accuracy for step 6500: 0.8112924098968506


Test accuracy for step 6750: 0.8150359392166138

Test GAP RMS for gender and step 6750: 0.0805458202958107

Test GAP RMS for race and step 6750: 0.042171038687229156

Test balanced accuracy for step 6750: 0.8004871606826782


Test accuracy for step 7000: 0.8100607991218567

Test GAP RMS for gender and step 7000: 0.07257169485092163

Test GAP RMS for race and step 7000: 0.04505418241024017

Test balanced accuracy for step 7000: 0.807695746421814


Test accuracy for step 7250: 0.8156992793083191

Test GAP RMS for gender and step 7250: 0.0772039145231247

Test GAP RMS for race and step 7250: 0.048192743211984634

Test balanced accuracy for step 7250: 0.8070989847183228


Test accuracy for step 7500: 0.8159204125404358

Test GAP RMS for gender and step 7500: 0.07414884865283966

Test GAP RMS for race and step 7500: 0.04224758595228195

Test balanced accuracy for step 7500: 0.8089427947998047


Test accuracy for step 7750: 0.8093974590301514

Test GAP RMS for gender and step 7750: 0.07581035047769547

Test GAP RMS for race and step 7750: 0.04227104038000107

Test balanced accuracy for step 7750: 0.8072575330734253


{'epsilon': 0.0001, 'lr': 0.0001, 'wlr': 0.001, 'w_reg': 30.0}
Final test accuracy: 0.8088446855545044
Final test GAP RMS for gender: 0.07533763349056244
Final test GAP RMS for race: 0.05021338164806366
Final test balanced accuracy: 0.8038055300712585


