2020-05-21 16:32:42.062656: W tensorflow/stream_executor/platform/default/dso_loader.cc:55] Could not load dynamic library 'libnvinfer.so.6'; dlerror: libnvinfer.so.6: cannot open shared object file: No such file or directory; LD_LIBRARY_PATH: /sw/arcts/centos7/python3.6-anaconda/5.2.0/lib:/opt/slurm/lib64::
2020-05-21 16:32:42.079746: W tensorflow/stream_executor/platform/default/dso_loader.cc:55] Could not load dynamic library 'libnvinfer_plugin.so.6'; dlerror: libnvinfer_plugin.so.6: cannot open shared object file: No such file or directory; LD_LIBRARY_PATH: /sw/arcts/centos7/python3.6-anaconda/5.2.0/lib:/opt/slurm/lib64::
2020-05-21 16:32:42.079762: W tensorflow/compiler/tf2tensorrt/utils/py_utils.cc:30] Cannot dlopen some TensorRT libraries. If you would like to use Nvidia GPU with TensorRT, please make sure the missing libraries mentioned above are installed properly.
2020-05-21 16:32:50.723229: W tensorflow/stream_executor/platform/default/dso_loader.cc:55] Could not load dynamic library 'libcuda.so.1'; dlerror: libcuda.so.1: cannot open shared object file: No such file or directory; LD_LIBRARY_PATH: /sw/arcts/centos7/python3.6-anaconda/5.2.0/lib:/opt/slurm/lib64::
2020-05-21 16:32:50.723390: E tensorflow/stream_executor/cuda/cuda_driver.cc:351] failed call to cuInit: UNKNOWN ERROR (303)
2020-05-21 16:32:50.723415: I tensorflow/stream_executor/cuda/cuda_diagnostics.cc:156] kernel driver does not appear to be running on this host (gl3264.arc-ts.umich.edu): /proc/driver/nvidia/version does not exist
2020-05-21 16:32:50.723831: I tensorflow/core/platform/cpu_feature_guard.cc:142] Your CPU supports instructions that this TensorFlow binary was not compiled to use: AVX2 AVX512F FMA
2020-05-21 16:32:50.730702: I tensorflow/core/platform/profile_utils/cpu_utils.cc:94] CPU Frequency: 3000000000 Hz
2020-05-21 16:32:50.730806: I tensorflow/compiler/xla/service/service.cc:168] XLA service 0x55bc1e132a00 initialized for platform Host (this does not guarantee that XLA will be used). Devices:
2020-05-21 16:32:50.730816: I tensorflow/compiler/xla/service/service.cc:176]   StreamExecutor device (0): Host, Default Version
/sw/arcts/centos7/python3.6-anaconda/5.2.0/lib/python3.6/site-packages/h5py/__init__.py:36: FutureWarning: Conversion of the second argument of issubdtype from `float` to `np.floating` is deprecated. In future, it will be treated as `np.float64 == np.dtype(float).type`.
  from ._conv import register_converters as _register_converters
WARNING:tensorflow:From /home/smaity/.local/lib/python3.6/site-packages/tensorflow_core/python/ops/array_grad.py:563: _EagerTensorBase.cpu (from tensorflow.python.framework.ops) is deprecated and will be removed in a future version.
Instructions for updating:
Use tf.identity instead.
2020-05-21 16:57:17.111183: W tensorflow/python/util/util.cc:319] Sets are not currently considered sequences, but this may change in the future, so consider avoiding using them.
WARNING:tensorflow:From /home/smaity/.local/lib/python3.6/site-packages/tensorflow_core/python/ops/resource_variable_ops.py:1786: calling BaseResourceVariable.__init__ (from tensorflow.python.ops.resource_variable_ops) with constraint is deprecated and will be removed in a future version.
Instructions for updating:
If using Keras pass *_constraint arguments to layers.
Test accuracy for step 250: 0.618573784828186

Test GAP RMS for gender and step 250: 0.12771445512771606

Test GAP RMS for race and step 250: 0.016887858510017395

Test balanced accuracy for step 250: 0.4808642268180847


Test accuracy for step 500: 0.7898286581039429

Test GAP RMS for gender and step 500: 0.294606477022171

Test GAP RMS for race and step 500: 0.08221491426229477

Test balanced accuracy for step 500: 0.8068318367004395


Test accuracy for step 750: 0.7996683120727539

Test GAP RMS for gender and step 750: 0.17350156605243683

Test GAP RMS for race and step 750: 0.07223818451166153

Test balanced accuracy for step 750: 0.8238271474838257


Test accuracy for step 1000: 0.8117191791534424

Test GAP RMS for gender and step 1000: 0.11804638803005219

Test GAP RMS for race and step 1000: 0.0597662553191185

Test balanced accuracy for step 1000: 0.8194407820701599


Test accuracy for step 1250: 0.8086235523223877

Test GAP RMS for gender and step 1250: 0.09752228111028671

Test GAP RMS for race and step 1250: 0.05878113955259323

Test balanced accuracy for step 1250: 0.8169327974319458


Test accuracy for step 1500: 0.806412398815155

Test GAP RMS for gender and step 1500: 0.08620262145996094

Test GAP RMS for race and step 1500: 0.055473096668720245

Test balanced accuracy for step 1500: 0.8153177499771118


Test accuracy for step 1750: 0.8042012453079224

Test GAP RMS for gender and step 1750: 0.07842456549406052

Test GAP RMS for race and step 1750: 0.059036578983068466

Test balanced accuracy for step 1750: 0.8158634305000305


Test accuracy for step 2000: 0.804643452167511

Test GAP RMS for gender and step 2000: 0.07485183328390121

Test GAP RMS for race and step 2000: 0.061176422983407974

Test balanced accuracy for step 2000: 0.813994824886322


Test accuracy for step 2250: 0.8105030655860901

Test GAP RMS for gender and step 2250: 0.07482444494962692

Test GAP RMS for race and step 2250: 0.05482609570026398

Test balanced accuracy for step 2250: 0.8123093843460083


Test accuracy for step 2500: 0.8027639389038086

Test GAP RMS for gender and step 2500: 0.07013135403394699

Test GAP RMS for race and step 2500: 0.05072052776813507

Test balanced accuracy for step 2500: 0.8096663951873779


Test accuracy for step 2750: 0.7978993654251099

Test GAP RMS for gender and step 2750: 0.06719522923231125

Test GAP RMS for race and step 2750: 0.048786599189043045

Test balanced accuracy for step 2750: 0.8130894899368286


Test accuracy for step 3000: 0.8065229654312134

Test GAP RMS for gender and step 3000: 0.06941840797662735

Test GAP RMS for race and step 3000: 0.05229221656918526

Test balanced accuracy for step 3000: 0.8143103718757629


Test accuracy for step 3250: 0.8079602122306824

Test GAP RMS for gender and step 3250: 0.07475167512893677

Test GAP RMS for race and step 3250: 0.0470135398209095

Test balanced accuracy for step 3250: 0.8103209733963013


Test accuracy for step 3500: 0.8033167719841003

Test GAP RMS for gender and step 3500: 0.07108734548091888

Test GAP RMS for race and step 3500: 0.04978993535041809

Test balanced accuracy for step 3500: 0.8109576106071472


Test accuracy for step 3750: 0.8057490587234497

Test GAP RMS for gender and step 3750: 0.0716480240225792

Test GAP RMS for race and step 3750: 0.04475460946559906

Test balanced accuracy for step 3750: 0.8111753463745117


Test accuracy for step 4000: 0.8133775591850281

Test GAP RMS for gender and step 4000: 0.07264578342437744

Test GAP RMS for race and step 4000: 0.04533364996314049

Test balanced accuracy for step 4000: 0.8092694282531738


Test accuracy for step 4250: 0.8099502325057983

Test GAP RMS for gender and step 4250: 0.06943415850400925

Test GAP RMS for race and step 4250: 0.046188052743673325

Test balanced accuracy for step 4250: 0.811481237411499


Test accuracy for step 4500: 0.8175787925720215

Test GAP RMS for gender and step 4500: 0.08131536096334457

Test GAP RMS for race and step 4500: 0.04952540248632431

Test balanced accuracy for step 4500: 0.803247332572937


Test accuracy for step 4750: 0.8056384921073914

Test GAP RMS for gender and step 4750: 0.0704880803823471

Test GAP RMS for race and step 4750: 0.04725642129778862

Test balanced accuracy for step 4750: 0.8104849457740784


Test accuracy for step 5000: 0.8105030655860901

Test GAP RMS for gender and step 5000: 0.07124123722314835

Test GAP RMS for race and step 5000: 0.0452924445271492

Test balanced accuracy for step 5000: 0.8079878687858582


Test accuracy for step 5250: 0.8117191791534424

Test GAP RMS for gender and step 5250: 0.07724540680646896

Test GAP RMS for race and step 5250: 0.04526209458708763

Test balanced accuracy for step 5250: 0.8055500984191895


Test accuracy for step 5500: 0.8127142190933228

Test GAP RMS for gender and step 5500: 0.07707749307155609

Test GAP RMS for race and step 5500: 0.05027787759900093

Test balanced accuracy for step 5500: 0.8054357171058655


Test accuracy for step 5750: 0.8065229654312134

Test GAP RMS for gender and step 5750: 0.07209275662899017

Test GAP RMS for race and step 5750: 0.044780291616916656

Test balanced accuracy for step 5750: 0.8093714714050293


Test accuracy for step 6000: 0.8068546056747437

Test GAP RMS for gender and step 6000: 0.06803381443023682

Test GAP RMS for race and step 6000: 0.04748865216970444

Test balanced accuracy for step 6000: 0.8089731931686401


Test accuracy for step 6250: 0.8105030655860901

Test GAP RMS for gender and step 6250: 0.06560388207435608

Test GAP RMS for race and step 6250: 0.041638363152742386

Test balanced accuracy for step 6250: 0.8132354021072388


Test accuracy for step 6500: 0.8102819323539734

Test GAP RMS for gender and step 6500: 0.06857817620038986

Test GAP RMS for race and step 6500: 0.040674250572919846

Test balanced accuracy for step 6500: 0.8120089769363403


Test accuracy for step 6750: 0.8133775591850281

Test GAP RMS for gender and step 6750: 0.07941903918981552

Test GAP RMS for race and step 6750: 0.041014499962329865

Test balanced accuracy for step 6750: 0.8037131428718567


Test accuracy for step 7000: 0.8074073791503906

Test GAP RMS for gender and step 7000: 0.07136719673871994

Test GAP RMS for race and step 7000: 0.04103200510144234

Test balanced accuracy for step 7000: 0.807331919670105


Test accuracy for step 7250: 0.8138197660446167

Test GAP RMS for gender and step 7250: 0.07004491239786148

Test GAP RMS for race and step 7250: 0.04410571604967117

Test balanced accuracy for step 7250: 0.811568021774292


Test accuracy for step 7500: 0.8143725991249084

Test GAP RMS for gender and step 7500: 0.06743165105581284

Test GAP RMS for race and step 7500: 0.03707877919077873

Test balanced accuracy for step 7500: 0.811933159828186


Test accuracy for step 7750: 0.8128247857093811

Test GAP RMS for gender and step 7750: 0.07096239179372787

Test GAP RMS for race and step 7750: 0.03797130659222603

Test balanced accuracy for step 7750: 0.809367299079895


{'epsilon': 1e-05, 'lr': 0.0001, 'wlr': 0.0001, 'w_reg': 40.0}
Final test accuracy: 0.809286892414093
Final test GAP RMS for gender: 0.07213900238275528
Final test GAP RMS for race: 0.03675146773457527
Final test balanced accuracy: 0.8078018426895142


