2020-05-21 16:32:43.111235: W tensorflow/stream_executor/platform/default/dso_loader.cc:55] Could not load dynamic library 'libnvinfer.so.6'; dlerror: libnvinfer.so.6: cannot open shared object file: No such file or directory; LD_LIBRARY_PATH: /sw/arcts/centos7/python3.6-anaconda/5.2.0/lib:/opt/slurm/lib64::
2020-05-21 16:32:43.112068: W tensorflow/stream_executor/platform/default/dso_loader.cc:55] Could not load dynamic library 'libnvinfer_plugin.so.6'; dlerror: libnvinfer_plugin.so.6: cannot open shared object file: No such file or directory; LD_LIBRARY_PATH: /sw/arcts/centos7/python3.6-anaconda/5.2.0/lib:/opt/slurm/lib64::
2020-05-21 16:32:43.112080: W tensorflow/compiler/tf2tensorrt/utils/py_utils.cc:30] Cannot dlopen some TensorRT libraries. If you would like to use Nvidia GPU with TensorRT, please make sure the missing libraries mentioned above are installed properly.
2020-05-21 16:32:52.995477: W tensorflow/stream_executor/platform/default/dso_loader.cc:55] Could not load dynamic library 'libcuda.so.1'; dlerror: libcuda.so.1: cannot open shared object file: No such file or directory; LD_LIBRARY_PATH: /sw/arcts/centos7/python3.6-anaconda/5.2.0/lib:/opt/slurm/lib64::
2020-05-21 16:32:52.995667: E tensorflow/stream_executor/cuda/cuda_driver.cc:351] failed call to cuInit: UNKNOWN ERROR (303)
2020-05-21 16:32:52.995693: I tensorflow/stream_executor/cuda/cuda_diagnostics.cc:156] kernel driver does not appear to be running on this host (gl3108.arc-ts.umich.edu): /proc/driver/nvidia/version does not exist
2020-05-21 16:32:52.996061: I tensorflow/core/platform/cpu_feature_guard.cc:142] Your CPU supports instructions that this TensorFlow binary was not compiled to use: AVX2 AVX512F FMA
2020-05-21 16:32:53.003514: I tensorflow/core/platform/profile_utils/cpu_utils.cc:94] CPU Frequency: 3000000000 Hz
2020-05-21 16:32:53.003604: I tensorflow/compiler/xla/service/service.cc:168] XLA service 0x559a96001ed0 initialized for platform Host (this does not guarantee that XLA will be used). Devices:
2020-05-21 16:32:53.003615: I tensorflow/compiler/xla/service/service.cc:176]   StreamExecutor device (0): Host, Default Version
/sw/arcts/centos7/python3.6-anaconda/5.2.0/lib/python3.6/site-packages/h5py/__init__.py:36: FutureWarning: Conversion of the second argument of issubdtype from `float` to `np.floating` is deprecated. In future, it will be treated as `np.float64 == np.dtype(float).type`.
  from ._conv import register_converters as _register_converters
WARNING:tensorflow:From /home/smaity/.local/lib/python3.6/site-packages/tensorflow_core/python/ops/array_grad.py:563: _EagerTensorBase.cpu (from tensorflow.python.framework.ops) is deprecated and will be removed in a future version.
Instructions for updating:
Use tf.identity instead.
2020-05-21 17:03:05.486514: W tensorflow/python/util/util.cc:319] Sets are not currently considered sequences, but this may change in the future, so consider avoiding using them.
WARNING:tensorflow:From /home/smaity/.local/lib/python3.6/site-packages/tensorflow_core/python/ops/resource_variable_ops.py:1786: calling BaseResourceVariable.__init__ (from tensorflow.python.ops.resource_variable_ops) with constraint is deprecated and will be removed in a future version.
Instructions for updating:
If using Keras pass *_constraint arguments to layers.
Test accuracy for step 250: 0.6191266179084778

Test GAP RMS for gender and step 250: 0.1281459480524063

Test GAP RMS for race and step 250: 0.014576341025531292

Test balanced accuracy for step 250: 0.4787599742412567


Test accuracy for step 500: 0.8134881258010864

Test GAP RMS for gender and step 500: 0.36390483379364014

Test GAP RMS for race and step 500: 0.0847744420170784

Test balanced accuracy for step 500: 0.7869630455970764


Test accuracy for step 750: 0.8256495594978333

Test GAP RMS for gender and step 750: 0.28529754281044006

Test GAP RMS for race and step 750: 0.08550164103507996

Test balanced accuracy for step 750: 0.7982380986213684


Test accuracy for step 1000: 0.8392481803894043

Test GAP RMS for gender and step 1000: 0.2301245778799057

Test GAP RMS for race and step 1000: 0.08554990589618683

Test balanced accuracy for step 1000: 0.7981153726577759


Test accuracy for step 1250: 0.838916540145874

Test GAP RMS for gender and step 1250: 0.21296997368335724

Test GAP RMS for race and step 1250: 0.0790589302778244

Test balanced accuracy for step 1250: 0.800057053565979


Test accuracy for step 1500: 0.834273099899292

Test GAP RMS for gender and step 1500: 0.2126605361700058

Test GAP RMS for race and step 1500: 0.0726805180311203

Test balanced accuracy for step 1500: 0.8050152659416199


Test accuracy for step 1750: 0.8334991931915283

Test GAP RMS for gender and step 1750: 0.21516716480255127

Test GAP RMS for race and step 1750: 0.07250639796257019

Test balanced accuracy for step 1750: 0.8078994750976562


Test accuracy for step 2000: 0.8338308334350586

Test GAP RMS for gender and step 2000: 0.20804712176322937

Test GAP RMS for race and step 2000: 0.07227136194705963

Test balanced accuracy for step 2000: 0.8088903427124023


Test accuracy for step 2250: 0.8388059735298157

Test GAP RMS for gender and step 2250: 0.1906714290380478

Test GAP RMS for race and step 2250: 0.07669001817703247

Test balanced accuracy for step 2250: 0.8060032725334167


Test accuracy for step 2500: 0.8391376733779907

Test GAP RMS for gender and step 2500: 0.18487310409545898

Test GAP RMS for race and step 2500: 0.06933999061584473

Test balanced accuracy for step 2500: 0.8091548681259155


Test accuracy for step 2750: 0.836263120174408

Test GAP RMS for gender and step 2750: 0.18794067203998566

Test GAP RMS for race and step 2750: 0.06994497030973434

Test balanced accuracy for step 2750: 0.8120404481887817


Test accuracy for step 3000: 0.836263120174408

Test GAP RMS for gender and step 3000: 0.192683145403862

Test GAP RMS for race and step 3000: 0.06889007985591888

Test balanced accuracy for step 3000: 0.8108057975769043


Test accuracy for step 3250: 0.8384742736816406

Test GAP RMS for gender and step 3250: 0.17843234539031982

Test GAP RMS for race and step 3250: 0.06451310217380524

Test balanced accuracy for step 3250: 0.8070188760757446


Test accuracy for step 3500: 0.840353786945343

Test GAP RMS for gender and step 3500: 0.16497652232646942

Test GAP RMS for race and step 3500: 0.07071038335561752

Test balanced accuracy for step 3500: 0.8102669715881348


Test accuracy for step 3750: 0.838916540145874

Test GAP RMS for gender and step 3750: 0.1611938774585724

Test GAP RMS for race and step 3750: 0.06051114574074745

Test balanced accuracy for step 3750: 0.8117868900299072


Test accuracy for step 4000: 0.8422333002090454

Test GAP RMS for gender and step 4000: 0.16249442100524902

Test GAP RMS for race and step 4000: 0.060804035514593124

Test balanced accuracy for step 4000: 0.8081129789352417


Test accuracy for step 4250: 0.840353786945343

Test GAP RMS for gender and step 4250: 0.16319230198860168

Test GAP RMS for race and step 4250: 0.06236439570784569

Test balanced accuracy for step 4250: 0.8091865181922913


Test accuracy for step 4500: 0.8454394936561584

Test GAP RMS for gender and step 4500: 0.13533608615398407

Test GAP RMS for race and step 4500: 0.054984550923109055

Test balanced accuracy for step 4500: 0.8011249303817749


Test accuracy for step 4750: 0.84090656042099

Test GAP RMS for gender and step 4750: 0.1367848664522171

Test GAP RMS for race and step 4750: 0.058407388627529144

Test balanced accuracy for step 4750: 0.8120211362838745


Test accuracy for step 5000: 0.8424543738365173

Test GAP RMS for gender and step 5000: 0.12863367795944214

Test GAP RMS for race and step 5000: 0.05608935281634331

Test balanced accuracy for step 5000: 0.8084134459495544


Test accuracy for step 5250: 0.8406854867935181

Test GAP RMS for gender and step 5250: 0.12719734013080597

Test GAP RMS for race and step 5250: 0.05138593539595604

Test balanced accuracy for step 5250: 0.8081709146499634


Test accuracy for step 5500: 0.8421227335929871

Test GAP RMS for gender and step 5500: 0.11123954504728317

Test GAP RMS for race and step 5500: 0.05205246061086655

Test balanced accuracy for step 5500: 0.8052618503570557


Test accuracy for step 5750: 0.8410171270370483

Test GAP RMS for gender and step 5750: 0.11163704842329025

Test GAP RMS for race and step 5750: 0.05381537973880768

Test balanced accuracy for step 5750: 0.8134832382202148


Test accuracy for step 6000: 0.8402432203292847

Test GAP RMS for gender and step 6000: 0.11396487057209015

Test GAP RMS for race and step 6000: 0.05282751843333244

Test balanced accuracy for step 6000: 0.8131263256072998


Test accuracy for step 6250: 0.8406854867935181

Test GAP RMS for gender and step 6250: 0.11276356130838394

Test GAP RMS for race and step 6250: 0.04938288778066635

Test balanced accuracy for step 6250: 0.8129554986953735


Test accuracy for step 6500: 0.8402432203292847

Test GAP RMS for gender and step 6500: 0.1055811420083046

Test GAP RMS for race and step 6500: 0.04690863564610481

Test balanced accuracy for step 6500: 0.8122003078460693


Test accuracy for step 6750: 0.8434494137763977

Test GAP RMS for gender and step 6750: 0.09172423183917999

Test GAP RMS for race and step 6750: 0.047034114599227905

Test balanced accuracy for step 6750: 0.80690997838974


Test accuracy for step 7000: 0.8411276936531067

Test GAP RMS for gender and step 7000: 0.09528527408838272

Test GAP RMS for race and step 7000: 0.04520163685083389

Test balanced accuracy for step 7000: 0.8100064992904663


Test accuracy for step 7250: 0.8415699005126953

Test GAP RMS for gender and step 7250: 0.09246271848678589

Test GAP RMS for race and step 7250: 0.04449250549077988

Test balanced accuracy for step 7250: 0.809681236743927


Test accuracy for step 7500: 0.8411276936531067

Test GAP RMS for gender and step 7500: 0.09346287697553635

Test GAP RMS for race and step 7500: 0.041108593344688416

Test balanced accuracy for step 7500: 0.8087717294692993


Test accuracy for step 7750: 0.840353786945343

Test GAP RMS for gender and step 7750: 0.09012778848409653

Test GAP RMS for race and step 7750: 0.043818555772304535

Test balanced accuracy for step 7750: 0.8090322017669678


{'epsilon': 0.001, 'lr': 0.0001, 'wlr': 5e-06, 'w_reg': 30.0}
Final test accuracy: 0.8393587470054626
Final test GAP RMS for gender: 0.08789145201444626
Final test GAP RMS for race: 0.044634535908699036
Final test balanced accuracy: 0.8105356693267822


