2020-05-21 16:32:44.739913: W tensorflow/stream_executor/platform/default/dso_loader.cc:55] Could not load dynamic library 'libnvinfer.so.6'; dlerror: libnvinfer.so.6: cannot open shared object file: No such file or directory; LD_LIBRARY_PATH: /sw/arcts/centos7/python3.6-anaconda/5.2.0/lib:/opt/slurm/lib64::
2020-05-21 16:32:44.740648: W tensorflow/stream_executor/platform/default/dso_loader.cc:55] Could not load dynamic library 'libnvinfer_plugin.so.6'; dlerror: libnvinfer_plugin.so.6: cannot open shared object file: No such file or directory; LD_LIBRARY_PATH: /sw/arcts/centos7/python3.6-anaconda/5.2.0/lib:/opt/slurm/lib64::
2020-05-21 16:32:44.740661: W tensorflow/compiler/tf2tensorrt/utils/py_utils.cc:30] Cannot dlopen some TensorRT libraries. If you would like to use Nvidia GPU with TensorRT, please make sure the missing libraries mentioned above are installed properly.
2020-05-21 16:32:50.471333: W tensorflow/stream_executor/platform/default/dso_loader.cc:55] Could not load dynamic library 'libcuda.so.1'; dlerror: libcuda.so.1: cannot open shared object file: No such file or directory; LD_LIBRARY_PATH: /sw/arcts/centos7/python3.6-anaconda/5.2.0/lib:/opt/slurm/lib64::
2020-05-21 16:32:50.471488: E tensorflow/stream_executor/cuda/cuda_driver.cc:351] failed call to cuInit: UNKNOWN ERROR (303)
2020-05-21 16:32:50.471533: I tensorflow/stream_executor/cuda/cuda_diagnostics.cc:156] kernel driver does not appear to be running on this host (gl3167.arc-ts.umich.edu): /proc/driver/nvidia/version does not exist
2020-05-21 16:32:50.471942: I tensorflow/core/platform/cpu_feature_guard.cc:142] Your CPU supports instructions that this TensorFlow binary was not compiled to use: AVX2 AVX512F FMA
2020-05-21 16:32:50.478735: I tensorflow/core/platform/profile_utils/cpu_utils.cc:94] CPU Frequency: 3000000000 Hz
2020-05-21 16:32:50.478837: I tensorflow/compiler/xla/service/service.cc:168] XLA service 0x55e48b446e50 initialized for platform Host (this does not guarantee that XLA will be used). Devices:
2020-05-21 16:32:50.478847: I tensorflow/compiler/xla/service/service.cc:176]   StreamExecutor device (0): Host, Default Version
/sw/arcts/centos7/python3.6-anaconda/5.2.0/lib/python3.6/site-packages/h5py/__init__.py:36: FutureWarning: Conversion of the second argument of issubdtype from `float` to `np.floating` is deprecated. In future, it will be treated as `np.float64 == np.dtype(float).type`.
  from ._conv import register_converters as _register_converters
WARNING:tensorflow:From /home/smaity/.local/lib/python3.6/site-packages/tensorflow_core/python/ops/array_grad.py:563: _EagerTensorBase.cpu (from tensorflow.python.framework.ops) is deprecated and will be removed in a future version.
Instructions for updating:
Use tf.identity instead.
2020-05-21 16:59:03.323617: W tensorflow/python/util/util.cc:319] Sets are not currently considered sequences, but this may change in the future, so consider avoiding using them.
WARNING:tensorflow:From /home/smaity/.local/lib/python3.6/site-packages/tensorflow_core/python/ops/resource_variable_ops.py:1786: calling BaseResourceVariable.__init__ (from tensorflow.python.ops.resource_variable_ops) with constraint is deprecated and will be removed in a future version.
Instructions for updating:
If using Keras pass *_constraint arguments to layers.
Test accuracy for step 250: 0.6193476915359497

Test GAP RMS for gender and step 250: 0.12738052010536194

Test GAP RMS for race and step 250: 0.013404861092567444

Test balanced accuracy for step 250: 0.476436585187912


Test accuracy for step 500: 0.8307352066040039

Test GAP RMS for gender and step 500: 0.36201873421669006

Test GAP RMS for race and step 500: 0.09085927158594131

Test balanced accuracy for step 500: 0.7722730040550232


Test accuracy for step 750: 0.8386954069137573

Test GAP RMS for gender and step 750: 0.29107797145843506

Test GAP RMS for race and step 750: 0.07835203409194946

Test balanced accuracy for step 750: 0.7821617126464844


Test accuracy for step 1000: 0.845550000667572

Test GAP RMS for gender and step 1000: 0.25644373893737793

Test GAP RMS for race and step 1000: 0.08038826286792755

Test balanced accuracy for step 1000: 0.775886058807373


Test accuracy for step 1250: 0.8457711338996887

Test GAP RMS for gender and step 1250: 0.24660181999206543

Test GAP RMS for race and step 1250: 0.07450848817825317

Test balanced accuracy for step 1250: 0.7760322093963623


Test accuracy for step 1500: 0.8463239073753357

Test GAP RMS for gender and step 1500: 0.2392641305923462

Test GAP RMS for race and step 1500: 0.08463634550571442

Test balanced accuracy for step 1500: 0.7811819314956665


Test accuracy for step 1750: 0.8459922671318054

Test GAP RMS for gender and step 1750: 0.2422790229320526

Test GAP RMS for race and step 1750: 0.08635317534208298

Test balanced accuracy for step 1750: 0.7818888425827026


Test accuracy for step 2000: 0.8462134003639221

Test GAP RMS for gender and step 2000: 0.24132108688354492

Test GAP RMS for race and step 2000: 0.0763750746846199

Test balanced accuracy for step 2000: 0.7817262411117554


Test accuracy for step 2250: 0.8486456871032715

Test GAP RMS for gender and step 2250: 0.22778940200805664

Test GAP RMS for race and step 2250: 0.0741223394870758

Test balanced accuracy for step 2250: 0.7777767181396484


Test accuracy for step 2500: 0.8485351204872131

Test GAP RMS for gender and step 2500: 0.21824467182159424

Test GAP RMS for race and step 2500: 0.06861824542284012

Test balanced accuracy for step 2500: 0.7769320011138916


Test accuracy for step 2750: 0.8482034206390381

Test GAP RMS for gender and step 2750: 0.23013535141944885

Test GAP RMS for race and step 2750: 0.07198215276002884

Test balanced accuracy for step 2750: 0.7828865051269531


Test accuracy for step 3000: 0.8477612137794495

Test GAP RMS for gender and step 3000: 0.23775215446949005

Test GAP RMS for race and step 3000: 0.07183068990707397

Test balanced accuracy for step 3000: 0.7825943827629089


Test accuracy for step 3250: 0.8493090271949768

Test GAP RMS for gender and step 3250: 0.21967202425003052

Test GAP RMS for race and step 3250: 0.06528326869010925

Test balanced accuracy for step 3250: 0.7789866924285889


Test accuracy for step 3500: 0.8504145741462708

Test GAP RMS for gender and step 3500: 0.21173006296157837

Test GAP RMS for race and step 3500: 0.060394395142793655

Test balanced accuracy for step 3500: 0.780643105506897


Test accuracy for step 3750: 0.8490878939628601

Test GAP RMS for gender and step 3750: 0.21879936754703522

Test GAP RMS for race and step 3750: 0.06323512643575668

Test balanced accuracy for step 3750: 0.784088134765625


Test accuracy for step 4000: 0.8500829339027405

Test GAP RMS for gender and step 4000: 0.2170870006084442

Test GAP RMS for race and step 4000: 0.06257002055644989

Test balanced accuracy for step 4000: 0.7778002023696899


Test accuracy for step 4250: 0.8493090271949768

Test GAP RMS for gender and step 4250: 0.22066891193389893

Test GAP RMS for race and step 4250: 0.058838922530412674

Test balanced accuracy for step 4250: 0.7785236835479736


Test accuracy for step 4500: 0.8500829339027405

Test GAP RMS for gender and step 4500: 0.19504515826702118

Test GAP RMS for race and step 4500: 0.048110757023096085

Test balanced accuracy for step 4500: 0.7686940431594849


Test accuracy for step 4750: 0.8503040075302124

Test GAP RMS for gender and step 4750: 0.20185329020023346

Test GAP RMS for race and step 4750: 0.06353244930505753

Test balanced accuracy for step 4750: 0.7814960479736328


Test accuracy for step 5000: 0.8507462739944458

Test GAP RMS for gender and step 5000: 0.20839351415634155

Test GAP RMS for race and step 5000: 0.056446369737386703

Test balanced accuracy for step 5000: 0.7788557410240173


Test accuracy for step 5250: 0.8504145741462708

Test GAP RMS for gender and step 5250: 0.20414097607135773

Test GAP RMS for race and step 5250: 0.05245218053460121

Test balanced accuracy for step 5250: 0.777864933013916


Test accuracy for step 5500: 0.8496406674385071

Test GAP RMS for gender and step 5500: 0.19009724259376526

Test GAP RMS for race and step 5500: 0.05967925488948822

Test balanced accuracy for step 5500: 0.7792057991027832


Test accuracy for step 5750: 0.8510779142379761

Test GAP RMS for gender and step 5750: 0.18776538968086243

Test GAP RMS for race and step 5750: 0.06045110523700714

Test balanced accuracy for step 5750: 0.7841681241989136


Test accuracy for step 6000: 0.8489773273468018

Test GAP RMS for gender and step 6000: 0.19100411236286163

Test GAP RMS for race and step 6000: 0.06353343278169632

Test balanced accuracy for step 6000: 0.7852498292922974


Test accuracy for step 6250: 0.8485351204872131

Test GAP RMS for gender and step 6250: 0.20270399749279022

Test GAP RMS for race and step 6250: 0.0649871751666069

Test balanced accuracy for step 6250: 0.783722996711731


Test accuracy for step 6500: 0.8495301008224487

Test GAP RMS for gender and step 6500: 0.19434820115566254

Test GAP RMS for race and step 6500: 0.06118739768862724

Test balanced accuracy for step 6500: 0.7860780954360962


Test accuracy for step 6750: 0.8509674072265625

Test GAP RMS for gender and step 6750: 0.17913785576820374

Test GAP RMS for race and step 6750: 0.05579696223139763

Test balanced accuracy for step 6750: 0.7816256284713745


Test accuracy for step 7000: 0.8510779142379761

Test GAP RMS for gender and step 7000: 0.17414098978042603

Test GAP RMS for race and step 7000: 0.06306428462266922

Test balanced accuracy for step 7000: 0.785094141960144


Test accuracy for step 7250: 0.8493090271949768

Test GAP RMS for gender and step 7250: 0.17628099024295807

Test GAP RMS for race and step 7250: 0.0559968575835228

Test balanced accuracy for step 7250: 0.7843886017799377


Test accuracy for step 7500: 0.8491984605789185

Test GAP RMS for gender and step 7500: 0.17579251527786255

Test GAP RMS for race and step 7500: 0.057360224425792694

Test balanced accuracy for step 7500: 0.7838525176048279


Test accuracy for step 7750: 0.8487561941146851

Test GAP RMS for gender and step 7750: 0.17031490802764893

Test GAP RMS for race and step 7750: 0.058966029435396194

Test balanced accuracy for step 7750: 0.7854124903678894


{'epsilon': 0.001, 'lr': 0.0001, 'wlr': 1e-06, 'w_reg': 50.0}
Final test accuracy: 0.8482034206390381
Final test GAP RMS for gender: 0.16425059735774994
Final test GAP RMS for race: 0.05538925155997276
Final test balanced accuracy: 0.7867450714111328


