2020-05-21 16:32:41.098545: W tensorflow/stream_executor/platform/default/dso_loader.cc:55] Could not load dynamic library 'libnvinfer.so.6'; dlerror: libnvinfer.so.6: cannot open shared object file: No such file or directory; LD_LIBRARY_PATH: /sw/arcts/centos7/python3.6-anaconda/5.2.0/lib:/opt/slurm/lib64::
2020-05-21 16:32:41.099634: W tensorflow/stream_executor/platform/default/dso_loader.cc:55] Could not load dynamic library 'libnvinfer_plugin.so.6'; dlerror: libnvinfer_plugin.so.6: cannot open shared object file: No such file or directory; LD_LIBRARY_PATH: /sw/arcts/centos7/python3.6-anaconda/5.2.0/lib:/opt/slurm/lib64::
2020-05-21 16:32:41.099647: W tensorflow/compiler/tf2tensorrt/utils/py_utils.cc:30] Cannot dlopen some TensorRT libraries. If you would like to use Nvidia GPU with TensorRT, please make sure the missing libraries mentioned above are installed properly.
2020-05-21 16:32:47.183812: W tensorflow/stream_executor/platform/default/dso_loader.cc:55] Could not load dynamic library 'libcuda.so.1'; dlerror: libcuda.so.1: cannot open shared object file: No such file or directory; LD_LIBRARY_PATH: /sw/arcts/centos7/python3.6-anaconda/5.2.0/lib:/opt/slurm/lib64::
2020-05-21 16:32:47.183992: E tensorflow/stream_executor/cuda/cuda_driver.cc:351] failed call to cuInit: UNKNOWN ERROR (303)
2020-05-21 16:32:47.184017: I tensorflow/stream_executor/cuda/cuda_diagnostics.cc:156] kernel driver does not appear to be running on this host (gl3100.arc-ts.umich.edu): /proc/driver/nvidia/version does not exist
2020-05-21 16:32:47.184416: I tensorflow/core/platform/cpu_feature_guard.cc:142] Your CPU supports instructions that this TensorFlow binary was not compiled to use: AVX2 AVX512F FMA
2020-05-21 16:32:47.191336: I tensorflow/core/platform/profile_utils/cpu_utils.cc:94] CPU Frequency: 3000000000 Hz
2020-05-21 16:32:47.191420: I tensorflow/compiler/xla/service/service.cc:168] XLA service 0x5604ffb393a0 initialized for platform Host (this does not guarantee that XLA will be used). Devices:
2020-05-21 16:32:47.191430: I tensorflow/compiler/xla/service/service.cc:176]   StreamExecutor device (0): Host, Default Version
/sw/arcts/centos7/python3.6-anaconda/5.2.0/lib/python3.6/site-packages/h5py/__init__.py:36: FutureWarning: Conversion of the second argument of issubdtype from `float` to `np.floating` is deprecated. In future, it will be treated as `np.float64 == np.dtype(float).type`.
  from ._conv import register_converters as _register_converters
WARNING:tensorflow:From /home/smaity/.local/lib/python3.6/site-packages/tensorflow_core/python/ops/array_grad.py:563: _EagerTensorBase.cpu (from tensorflow.python.framework.ops) is deprecated and will be removed in a future version.
Instructions for updating:
Use tf.identity instead.
2020-05-21 16:58:41.499172: W tensorflow/python/util/util.cc:319] Sets are not currently considered sequences, but this may change in the future, so consider avoiding using them.
WARNING:tensorflow:From /home/smaity/.local/lib/python3.6/site-packages/tensorflow_core/python/ops/resource_variable_ops.py:1786: calling BaseResourceVariable.__init__ (from tensorflow.python.ops.resource_variable_ops) with constraint is deprecated and will be removed in a future version.
Instructions for updating:
If using Keras pass *_constraint arguments to layers.
Test accuracy for step 250: 0.6187949180603027

Test GAP RMS for gender and step 250: 0.12766416370868683

Test GAP RMS for race and step 250: 0.01666763611137867

Test balanced accuracy for step 250: 0.4791582226753235


Test accuracy for step 500: 0.8239911794662476

Test GAP RMS for gender and step 500: 0.324180543422699

Test GAP RMS for race and step 500: 0.07977522909641266

Test balanced accuracy for step 500: 0.7908146381378174


Test accuracy for step 750: 0.8358209133148193

Test GAP RMS for gender and step 750: 0.21859727799892426

Test GAP RMS for race and step 750: 0.07940671592950821

Test balanced accuracy for step 750: 0.7992467880249023


Test accuracy for step 1000: 0.844997227191925

Test GAP RMS for gender and step 1000: 0.16575275361537933

Test GAP RMS for race and step 1000: 0.08396071940660477

Test balanced accuracy for step 1000: 0.7972829341888428


Test accuracy for step 1250: 0.8467661738395691

Test GAP RMS for gender and step 1250: 0.15030081570148468

Test GAP RMS for race and step 1250: 0.08074113726615906

Test balanced accuracy for step 1250: 0.7996862530708313


Test accuracy for step 1500: 0.8447760939598083

Test GAP RMS for gender and step 1500: 0.14474904537200928

Test GAP RMS for race and step 1500: 0.06949640810489655

Test balanced accuracy for step 1500: 0.8016127943992615


Test accuracy for step 1750: 0.8431177735328674

Test GAP RMS for gender and step 1750: 0.13845887780189514

Test GAP RMS for race and step 1750: 0.07107178121805191

Test balanced accuracy for step 1750: 0.7995911836624146


Test accuracy for step 2000: 0.8438916802406311

Test GAP RMS for gender and step 2000: 0.1302764117717743

Test GAP RMS for race and step 2000: 0.06752190738916397

Test balanced accuracy for step 2000: 0.8010284900665283


Test accuracy for step 2250: 0.8461028337478638

Test GAP RMS for gender and step 2250: 0.1181764081120491

Test GAP RMS for race and step 2250: 0.06767483800649643

Test balanced accuracy for step 2250: 0.7964699268341064


Test accuracy for step 2500: 0.8477612137794495

Test GAP RMS for gender and step 2500: 0.10708161443471909

Test GAP RMS for race and step 2500: 0.062231045216321945

Test balanced accuracy for step 2500: 0.7989544868469238


Test accuracy for step 2750: 0.8447760939598083

Test GAP RMS for gender and step 2750: 0.11382969468832016

Test GAP RMS for race and step 2750: 0.05688737332820892

Test balanced accuracy for step 2750: 0.8006867170333862


Test accuracy for step 3000: 0.845550000667572

Test GAP RMS for gender and step 3000: 0.10947928577661514

Test GAP RMS for race and step 3000: 0.05276641994714737

Test balanced accuracy for step 3000: 0.7978025078773499


Test accuracy for step 3250: 0.8484245538711548

Test GAP RMS for gender and step 3250: 0.09716685861349106

Test GAP RMS for race and step 3250: 0.05281165987253189

Test balanced accuracy for step 3250: 0.7942994832992554


Test accuracy for step 3500: 0.8485351204872131

Test GAP RMS for gender and step 3500: 0.09098763763904572

Test GAP RMS for race and step 3500: 0.057978708297014236

Test balanced accuracy for step 3500: 0.795452892780304


Test accuracy for step 3750: 0.8496406674385071

Test GAP RMS for gender and step 3750: 0.0862281396985054

Test GAP RMS for race and step 3750: 0.051383327692747116

Test balanced accuracy for step 3750: 0.797881007194519


Test accuracy for step 4000: 0.8504145741462708

Test GAP RMS for gender and step 4000: 0.07849357277154922

Test GAP RMS for race and step 4000: 0.048022616654634476

Test balanced accuracy for step 4000: 0.789131760597229


Test accuracy for step 4250: 0.8504145741462708

Test GAP RMS for gender and step 4250: 0.07854953408241272

Test GAP RMS for race and step 4250: 0.047683462500572205

Test balanced accuracy for step 4250: 0.7889775037765503


Test accuracy for step 4500: 0.8530679941177368

Test GAP RMS for gender and step 4500: 0.06575529277324677

Test GAP RMS for race and step 4500: 0.040021128952503204

Test balanced accuracy for step 4500: 0.7844023704528809


Test accuracy for step 4750: 0.8511884808540344

Test GAP RMS for gender and step 4750: 0.07187977433204651

Test GAP RMS for race and step 4750: 0.04093687981367111

Test balanced accuracy for step 4750: 0.7919581532478333


Test accuracy for step 5000: 0.8514096140861511

Test GAP RMS for gender and step 5000: 0.06662917137145996

Test GAP RMS for race and step 5000: 0.04353305697441101

Test balanced accuracy for step 5000: 0.7880914211273193


Test accuracy for step 5250: 0.8515201807022095

Test GAP RMS for gender and step 5250: 0.06189391016960144

Test GAP RMS for race and step 5250: 0.041663460433483124

Test balanced accuracy for step 5250: 0.7858493328094482


Test accuracy for step 5500: 0.8510779142379761

Test GAP RMS for gender and step 5500: 0.05796501785516739

Test GAP RMS for race and step 5500: 0.0417417548596859

Test balanced accuracy for step 5500: 0.7829333543777466


Test accuracy for step 5750: 0.8520729541778564

Test GAP RMS for gender and step 5750: 0.05797726288437843

Test GAP RMS for race and step 5750: 0.039269428700208664

Test balanced accuracy for step 5750: 0.7897642850875854


Test accuracy for step 6000: 0.8518518805503845

Test GAP RMS for gender and step 6000: 0.057268865406513214

Test GAP RMS for race and step 6000: 0.042518846690654755

Test balanced accuracy for step 6000: 0.790081262588501


Test accuracy for step 6250: 0.8515201807022095

Test GAP RMS for gender and step 6250: 0.05768422409892082

Test GAP RMS for race and step 6250: 0.03731177747249603

Test balanced accuracy for step 6250: 0.7858493328094482


Test accuracy for step 6500: 0.8526257872581482

Test GAP RMS for gender and step 6500: 0.057528723031282425

Test GAP RMS for race and step 6500: 0.03979700803756714

Test balanced accuracy for step 6500: 0.7873513698577881


Test accuracy for step 6750: 0.8520729541778564

Test GAP RMS for gender and step 6750: 0.050594255328178406

Test GAP RMS for race and step 6750: 0.03016183339059353

Test balanced accuracy for step 6750: 0.779114842414856


Test accuracy for step 7000: 0.8521835207939148

Test GAP RMS for gender and step 7000: 0.053424250334501266

Test GAP RMS for race and step 7000: 0.03280453756451607

Test balanced accuracy for step 7000: 0.7805768847465515


Test accuracy for step 7250: 0.8520729541778564

Test GAP RMS for gender and step 7250: 0.05160205066204071

Test GAP RMS for race and step 7250: 0.03243580833077431

Test balanced accuracy for step 7250: 0.779114842414856


Test accuracy for step 7500: 0.8511884808540344

Test GAP RMS for gender and step 7500: 0.04992695525288582

Test GAP RMS for race and step 7500: 0.033398181200027466

Test balanced accuracy for step 7500: 0.7742089629173279


Test accuracy for step 7750: 0.8519623875617981

Test GAP RMS for gender and step 7750: 0.05118624493479729

Test GAP RMS for race and step 7750: 0.030051225796341896

Test balanced accuracy for step 7750: 0.7785787582397461


{'epsilon': 0.01, 'lr': 0.0001, 'wlr': 5e-06, 'w_reg': 20.0}
Final test accuracy: 0.8511884808540344
Final test GAP RMS for gender: 0.05209722742438316
Final test GAP RMS for race: 0.03048025630414486
Final test balanced accuracy: 0.7768328189849854


